---------------------------------------------------------------
[ 2018-06-07T00:02:52+08:00 ] 0.0.0.0 POST /Inherit/getInheritDetail
[ info ] localhost:7037/Inherit/getInheritDetail [运行时间：0.668880s][吞吐率：1.50req/s] [内存消耗：3,153.91kb] [文件加载：54]
[ info ] [ LANG ] D:\workLP\20180502\judeng\wwwroot\thinkphp\lang\zh-cn.php
[ info ] [ BIND ] 'home'
[ info ] [ ROUTE ] array (
  'type' => 'module',
  'module' => 
  array (
    0 => 'home',
    1 => 'Inherit',
    2 => 'getInheritDetail',
  ),
)
[ info ] [ HEADER ] array (
  'content-type' => 'application/json',
  'content-length' => '262',
  'x-original-url' => '/Inherit/getInheritDetail',
  'user-agent' => 'YiSong/1.2.1 (iPhone; iOS 11.3.1; Scale/3.00)',
  'host' => 'localhost:7037',
  'cookie' => 'PHPSESSID=0b11340b43ea0321976d9b3c8cd8be59',
  'accept-language' => 'zh-Hans-CN;q=1',
  'accept-encoding' => 'gzip, deflate',
  'accept' => '*/*',
  'connection' => 'keep-alive, keep-alive',
)
[ info ] [ PARAM ] array (
  'inherit_id' => 31,
  'member_id' => 70,
  'sign' => '9d346f30c79eab0a2fd486011763da2d',
  '_time' => '1528300815',
  'only_token' => 'Authorization:Bearer YWMto6YeUmmhEeiTp82urFiMGAAAAAAAAAAAAAAAAAAAAAFb-H4gUBQR6Iijj4cnvWykAgMAAAFj1czNvgBPGgDoyyL5cb30onDy4es7IQi3ogg57s9Xv4i0bCXHfTSVfg',
)
[ info ] [ RUN ] app\home\controller\Inherit->getInheritDetail[ D:\workLP\20180502\judeng\wwwroot\application\home\controller\Inherit.php ]
[ info ] [ DB ] INIT mysql
[ info ] [ LOG ] INIT File
[ sql ] [ DB ] CONNECT:[ UseTime:0.096672s ] mysql:host=39.105.19.169;port=3306;dbname=judeng;charset=utf8
[ sql ] [ SQL ] SHOW COLUMNS FROM `jd_inherit` [ RunTime:0.064584s ]
[ sql ] [ SQL ] SELECT `i`.*,`d`.`title_id`,`d`.`member_name`,`d`.`true_name`,`d`.`mobile` FROM `jd_inherit` `i` INNER JOIN `jd_doctor` `d` ON `i`.`member_id`=`d`.`member_id` WHERE  i.`is_display` = 1  AND i.`inherit_id` = 31 LIMIT 1 [ RunTime:0.065699s ]
[ sql ] [ SQL ] SHOW COLUMNS FROM `jd_inherit_doctor` [ RunTime:0.064187s ]
[ sql ] [ SQL ] SELECT COUNT(*) AS tp_count FROM `jd_inherit_doctor` WHERE  (  (`member_id` = 70 OR `parent_id` = 70) AND `is_checked` = 1 AND `inherit_id` = 31 ) LIMIT 1 [ RunTime:0.063039s ]
[ sql ] [ SQL ] SHOW COLUMNS FROM `jd_special` [ RunTime:0.062384s ]
[ sql ] [ SQL ] SELECT COUNT(*) AS tp_count FROM `jd_special` WHERE  (  `is_display` = 1 AND `inherit_id` = 31 ) LIMIT 1 [ RunTime:0.061486s ]
[ sql ] [ SQL ] SHOW COLUMNS FROM `jd_title` [ RunTime:0.063167s ]
[ sql ] [ SQL ] SELECT `title_name` FROM `jd_title` WHERE  `title_id` IN (14) [ RunTime:0.062902s ]
[ error ] [8]未定义数组索引: only_token[D:\workLP\20180502\judeng\wwwroot\application\common.php:82]
---------------------------------------------------------------
[ 2018-06-07T00:05:04+08:00 ] 0.0.0.0 POST /Inherit/getInheritDetail
[ info ] localhost:7037/Inherit/getInheritDetail [运行时间：0.315238s][吞吐率：3.17req/s] [内存消耗：3,059.56kb] [文件加载：51]
[ info ] [ LANG ] D:\workLP\20180502\judeng\wwwroot\thinkphp\lang\zh-cn.php
[ info ] [ BIND ] 'home'
[ info ] [ ROUTE ] array (
  'type' => 'module',
  'module' => 
  array (
    0 => 'home',
    1 => 'Inherit',
    2 => 'getInheritDetail',
  ),
)
[ info ] [ HEADER ] array (
  'content-type' => 'application/json',
  'content-length' => '262',
  'x-original-url' => '/Inherit/getInheritDetail',
  'user-agent' => 'YiSong/1.2.1 (iPhone; iOS 11.3.1; Scale/3.00)',
  'host' => 'localhost:7037',
  'cookie' => 'PHPSESSID=0b11340b43ea0321976d9b3c8cd8be59',
  'accept-language' => 'zh-Hans-CN;q=1',
  'accept-encoding' => 'gzip, deflate',
  'accept' => '*/*',
  'connection' => 'keep-alive, keep-alive',
)
[ info ] [ PARAM ] array (
  'inherit_id' => 31,
  'member_id' => 70,
  'sign' => '9d346f30c79eab0a2fd486011763da2d',
  '_time' => '1528300815',
  'only_token' => 'Authorization:Bearer YWMto6YeUmmhEeiTp82urFiMGAAAAAAAAAAAAAAAAAAAAAFb-H4gUBQR6Iijj4cnvWykAgMAAAFj1czNvgBPGgDoyyL5cb30onDy4es7IQi3ogg57s9Xv4i0bCXHfTSVfg',
)
[ info ] [ RUN ] app\home\controller\Inherit->getInheritDetail[ D:\workLP\20180502\judeng\wwwroot\application\home\controller\Inherit.php ]
[ info ] [ DB ] INIT mysql
[ info ] [ LOG ] INIT File
[ sql ] [ DB ] CONNECT:[ UseTime:0.096679s ] mysql:host=39.105.19.169;port=3306;dbname=judeng;charset=utf8
[ sql ] [ SQL ] SHOW COLUMNS FROM `jd_inherit` [ RunTime:0.065396s ]
[ sql ] [ SQL ] SELECT `i`.*,`d`.`title_id`,`d`.`member_name`,`d`.`true_name`,`d`.`mobile` FROM `jd_inherit` `i` INNER JOIN `jd_doctor` `d` ON `i`.`member_id`=`d`.`member_id` WHERE  i.`is_display` = 1  AND i.`inherit_id` = 31 LIMIT 1 [ RunTime:0.064620s ]
---------------------------------------------------------------
[ 2018-06-07T00:05:39+08:00 ] 0.0.0.0 POST /Inherit/getInheritDetail
[ info ] localhost:7037/Inherit/getInheritDetail [运行时间：0.305581s][吞吐率：3.27req/s] [内存消耗：3,059.71kb] [文件加载：51]
[ info ] [ LANG ] D:\workLP\20180502\judeng\wwwroot\thinkphp\lang\zh-cn.php
[ info ] [ BIND ] 'home'
[ info ] [ ROUTE ] array (
  'type' => 'module',
  'module' => 
  array (
    0 => 'home',
    1 => 'Inherit',
    2 => 'getInheritDetail',
  ),
)
[ info ] [ HEADER ] array (
  'content-type' => 'application/json',
  'content-length' => '262',
  'x-original-url' => '/Inherit/getInheritDetail',
  'user-agent' => 'YiSong/1.2.1 (iPhone; iOS 11.3.1; Scale/3.00)',
  'host' => 'localhost:7037',
  'cookie' => 'PHPSESSID=0b11340b43ea0321976d9b3c8cd8be59',
  'accept-language' => 'zh-Hans-CN;q=1',
  'accept-encoding' => 'gzip, deflate',
  'accept' => '*/*',
  'connection' => 'keep-alive, keep-alive',
)
[ info ] [ PARAM ] array (
  'inherit_id' => 31,
  'member_id' => 70,
  'sign' => '9d346f30c79eab0a2fd486011763da2d',
  '_time' => '1528300815',
  'only_token' => 'Authorization:Bearer YWMto6YeUmmhEeiTp82urFiMGAAAAAAAAAAAAAAAAAAAAAFb-H4gUBQR6Iijj4cnvWykAgMAAAFj1czNvgBPGgDoyyL5cb30onDy4es7IQi3ogg57s9Xv4i0bCXHfTSVfg',
)
[ info ] [ RUN ] app\home\controller\Inherit->getInheritDetail[ D:\workLP\20180502\judeng\wwwroot\application\home\controller\Inherit.php ]
[ info ] [ DB ] INIT mysql
[ info ] [ LOG ] INIT File
[ sql ] [ DB ] CONNECT:[ UseTime:0.092157s ] mysql:host=39.105.19.169;port=3306;dbname=judeng;charset=utf8
[ sql ] [ SQL ] SHOW COLUMNS FROM `jd_inherit` [ RunTime:0.060899s ]
[ sql ] [ SQL ] SELECT `i`.*,`d`.`title_id`,`d`.`member_name`,`d`.`true_name`,`d`.`mobile` FROM `jd_inherit` `i` INNER JOIN `jd_doctor` `d` ON `i`.`member_id`=`d`.`member_id` WHERE  i.`is_display` = 1  AND i.`inherit_id` = 31 LIMIT 1 [ RunTime:0.063563s ]
---------------------------------------------------------------
[ 2018-06-07T02:29:17+08:00 ] 0.0.0.0 POST /order/addPrescriptionOrder
[ info ] localhost:7037/order/addPrescriptionOrder [运行时间：1.456022s][吞吐率：0.69req/s] [内存消耗：3,256.54kb] [文件加载：54]
[ info ] [ LANG ] D:\workLP\20180502\judeng\wwwroot\thinkphp\lang\zh-cn.php
[ info ] [ BIND ] 'home'
[ info ] [ ROUTE ] array (
  'type' => 'module',
  'module' => 
  array (
    0 => 'home',
    1 => 'order',
    2 => 'addPrescriptionOrder',
  ),
)
[ info ] [ HEADER ] array (
  'content-type' => 'multipart/form-data; boundary=----WebKitFormBoundaryQ1DnYKoBn5VEVMxK',
  'content-length' => '2835',
  'x-original-url' => '/order/addPrescriptionOrder',
  'postman-token' => '67a15d30-38bc-b190-4a18-1146eb39762c',
  'origin' => 'chrome-extension://fhbjgbiflinjbdggehcddcbncdddomop',
  'user-agent' => 'Mozilla/5.0 (Windows NT 10.0; Win64; x64) AppleWebKit/537.36 (KHTML, like Gecko) Chrome/66.0.3359.139 Safari/537.36',
  'host' => 'localhost:7037',
  'accept-language' => 'zh-CN,zh;q=0.9',
  'accept-encoding' => 'gzip, deflate, br',
  'accept' => '*/*',
  'connection' => 'keep-alive',
  'cache-control' => 'no-cache',
)
[ info ] [ PARAM ] array (
  'type' => '0',
  'patient_id' => '0',
  'mobile' => '15021039435',
  'age' => '25',
  'patient_name' => '张三',
  'sex' => '1',
  'doctor_id' => '2',
  'drug_str' => 'W1sxNywiXHU1MjM2XHU1ZGRkXHU0ZTRjIiw0LCJnIl0sWzMxNSwiXHU3MTlmXHU5NjQ0XHU3MjQ3IiwzMCwiZyJdLFs0ODUsIlx1NmNkNVx1NTM0YVx1NTkwZiIsOTQsImciXV0=',
  'see_price' => '8',
  'service_price' => '10',
  'dialectical' => '体质虚弱, 风寒',
  'prescription_status' => '0',
  'dose' => '11',
  'state_id' => '7',
  'relation_id' => '32',
  'make' => '*水丸需整体制作，请按照总量选#克数#，#1000g#起做',
  'weight' => '#0-0ｇ#，(制丸会减少药材总重10%-30%)',
  'taking' => '共#7#剂，每日#1#剂，1剂分#1#次使用  ',
  'instructions' => '煎服, 饭后服用',
  'prescription_src' => '',
  'to_temp' => '0',
  'temp_name' => '开方药方模板1',
  'prescription_id' => '1',
  'order_id' => '0',
  'special_id' => '3',
)
[ info ] [ RUN ] app\home\controller\Order->addPrescriptionOrder[ D:\workLP\20180502\judeng\wwwroot\application\home\controller\Order.php ]
[ info ] [ DB ] INIT mysql
[ info ] [ LOG ] INIT File
[ sql ] [ DB ] CONNECT:[ UseTime:0.227170s ] mysql:host=39.105.19.169;port=3306;dbname=judeng;charset=utf8
[ sql ] [ SQL ] SHOW COLUMNS FROM `jd_doctor` [ RunTime:0.099181s ]
[ sql ] [ SQL ] SELECT `member_name` FROM `jd_doctor` WHERE  `member_id` = 2 LIMIT 1 [ RunTime:0.098145s ]
[ sql ] [ SQL ] SHOW COLUMNS FROM `jd_member` [ RunTime:0.107858s ]
[ sql ] [ SQL ] SELECT * FROM `jd_member` WHERE  `mobile` = '15021039435' LIMIT 1 [ RunTime:0.098102s ]
[ sql ] [ SQL ] SHOW COLUMNS FROM `jd_drug` [ RunTime:0.086845s ]
[ sql ] [ SQL ] SELECT `drug_id`,`nick_name`,`Drug_unit`,`price`,`num`,`other_name` FROM `jd_drug` WHERE  `Is_user` = 1  AND `prescription_id` = 1  AND `nick_name` = '制川乌' LIMIT 1 [ RunTime:0.102503s ]
[ sql ] [ SQL ] UPDATE `jd_drug`  SET `num`=10712,`release_date`=1528309757  WHERE  `Is_user` = 1  AND `prescription_id` = 1  AND `nick_name` = '制川乌' [ RunTime:0.102495s ]
[ sql ] [ SQL ] SELECT `drug_id`,`nick_name`,`Drug_unit`,`price`,`num`,`other_name` FROM `jd_drug` WHERE  `Is_user` = 1  AND `prescription_id` = 1  AND `nick_name` = '熟附片' LIMIT 1 [ RunTime:0.096685s ]
[ sql ] [ SQL ] UPDATE `jd_drug`  SET `num`=5829.5,`release_date`=1528309757  WHERE  `Is_user` = 1  AND `prescription_id` = 1  AND `nick_name` = '熟附片' [ RunTime:0.100146s ]
[ sql ] [ SQL ] SELECT `drug_id`,`nick_name`,`Drug_unit`,`price`,`num`,`other_name` FROM `jd_drug` WHERE  `Is_user` = 1  AND `prescription_id` = 1  AND `nick_name` = '法半夏' LIMIT 1 [ RunTime:0.107875s ]
[ error ] [8]未定义数组索引: num[D:\workLP\20180502\judeng\wwwroot\application\home\controller\Order.php:255]
[ error ] [8]未定义数组索引: only_token[D:\workLP\20180502\judeng\wwwroot\application\common.php:82]
---------------------------------------------------------------
[ 2018-06-07T11:49:12+08:00 ] 0.0.0.0 POST /inherit/getInheritVideo
[ info ] localhost:7037/inherit/getInheritVideo [运行时间：0.477047s][吞吐率：2.10req/s] [内存消耗：3,120.89kb] [文件加载：54]
[ info ] [ LANG ] D:\workLP\20180502\judeng\wwwroot\thinkphp\lang\zh-cn.php
[ info ] [ BIND ] 'home'
[ info ] [ ROUTE ] array (
  'type' => 'module',
  'module' => 
  array (
    0 => 'home',
    1 => 'inherit',
    2 => 'getInheritVideo',
  ),
)
[ info ] [ HEADER ] array (
  'content-type' => 'multipart/form-data; boundary=----WebKitFormBoundaryywLJSe8Rc1PvFPzD',
  'content-length' => '429',
  'x-original-url' => '/inherit/getInheritVideo',
  'postman-token' => '325ef68e-a529-f5a1-6e73-c691ac5b9e54',
  'origin' => 'chrome-extension://fhbjgbiflinjbdggehcddcbncdddomop',
  'user-agent' => 'Mozilla/5.0 (Windows NT 10.0; Win64; x64) AppleWebKit/537.36 (KHTML, like Gecko) Chrome/66.0.3359.139 Safari/537.36',
  'host' => 'localhost:7037',
  'accept-language' => 'zh-CN,zh;q=0.9',
  'accept-encoding' => 'gzip, deflate, br',
  'accept' => '*/*',
  'connection' => 'keep-alive',
  'cache-control' => 'no-cache',
)
[ info ] [ PARAM ] array (
  'inherit_id' => '31',
  'page' => '1',
  'pageSize' => '4',
  'member_id' => '70',
)
[ info ] [ RUN ] app\home\controller\Inherit->getInheritVideo[ D:\workLP\20180502\judeng\wwwroot\application\home\controller\Inherit.php ]
[ info ] [ DB ] INIT mysql
[ info ] [ LOG ] INIT File
[ sql ] [ DB ] CONNECT:[ UseTime:0.095134s ] mysql:host=39.105.19.169;port=3306;dbname=judeng;charset=utf8
[ sql ] [ SQL ] SHOW COLUMNS FROM `jd_video` [ RunTime:0.062511s ]
[ sql ] [ SQL ] SELECT `video_id`,`title`,`list_pic`,`intro`,`release_date` FROM `jd_video` WHERE  `is_display` = 1  AND `inherit_id` = '31' ORDER BY `sort` DESC LIMIT 0,4 [ RunTime:0.061305s ]
[ sql ] [ SQL ] SELECT COUNT(*) AS tp_count FROM `jd_video` WHERE  `is_display` = 1  AND `inherit_id` = '31' ORDER BY `sort` DESC LIMIT 1 [ RunTime:0.061039s ]
[ sql ] [ SQL ] SHOW COLUMNS FROM `jd_inherit_doctor` [ RunTime:0.062625s ]
[ sql ] [ SQL ] SELECT COUNT(*) AS tp_count FROM `jd_inherit_doctor` WHERE  (  (`member_id` = 70 OR `parent_id` = 70) AND `is_checked` = 1 AND `inherit_id` = 31 ) LIMIT 1 [ RunTime:0.061883s ]
[ error ] [8]未定义数组索引: only_token[D:\workLP\20180502\judeng\wwwroot\application\common.php:82]
---------------------------------------------------------------
[ 2018-06-07T14:49:09+08:00 ] 0.0.0.0 GET /inherit/ad1
[ info ] localhost:7037/inherit/ad1 [运行时间：0.040405s][吞吐率：24.75req/s] [内存消耗：2,230.02kb] [文件加载：49]
[ info ] [ LANG ] D:\workLP\20180502\judeng\wwwroot\thinkphp\lang\zh-cn.php
[ info ] [ BIND ] 'home'
[ info ] [ ROUTE ] array (
  'type' => 'module',
  'module' => 
  array (
    0 => 'home',
    1 => 'inherit',
    2 => 'ad1',
  ),
)
[ info ] [ HEADER ] array (
  'content-type' => '',
  'content-length' => '0',
  'x-original-url' => '/inherit/ad1',
  'upgrade-insecure-requests' => '1',
  'user-agent' => 'Mozilla/5.0 (Windows NT 10.0; Win64; x64) AppleWebKit/537.36 (KHTML, like Gecko) Chrome/66.0.3359.139 Safari/537.36',
  'host' => 'localhost:7037',
  'cookie' => 'UM_distinctid=160b5c52e97c7-0a812a97ee4d36-e323462-1fa400-160b5c52e9a107; CNZZDATA1000308349=1622381418-1516928585-%7C1516934020; Hm_lvt_5dd55c6682e0c7d344e29e785f9de1bb=1515553694,1516772121,1516938586,1517206225; REMEMBERME=VG9weGlhXFNlcnZpY2VcVXNlclxDdXJyZW50VXNlcjpOalE1TlRjNE9UWTBRSEZ4TG1OdmJRPT06MTU0ODkyODk1MTozZTE3ZGIxYzRjYzUzYWE4MmU2MjVlYjI3OTQxNTI3ZTIyZjUyYzYwMzFmZjNkNzI3MTdkODI4MzIxZTk0NmVk; CNZZDATA1256922974=1723540018-1514876107-%7C1517463005; bdshare_firstime=1522317821515; Hm_lvt_ebb8ef3f6d57c4b17c15b95865c9c3fb=1522635670; Phpstorm-7d8938db=0dec72a5-7ab0-46de-a14b-0c25eddfbbac; lang=zh-cn; device=desktop; theme=default; keepLogin=on; za=admin; zp=0537c5bc8c477d690858dc3b13d03cbc9de46966; PHPSESSID=kt17a1ifmi5dpi2t78p4sgo883; loginTime=1528353310',
  'accept-language' => 'zh-CN,zh;q=0.9',
  'accept-encoding' => 'gzip, deflate, br',
  'accept' => 'text/html,application/xhtml+xml,application/xml;q=0.9,image/webp,image/apng,*/*;q=0.8',
  'connection' => 'keep-alive',
)
[ info ] [ PARAM ] array (
)
[ info ] [ LOG ] INIT File
---------------------------------------------------------------
[ 2018-06-07T14:49:10+08:00 ] 0.0.0.0 GET /favicon.ico
[ info ] localhost:7037/favicon.ico [运行时间：0.035492s][吞吐率：28.18req/s] [内存消耗：1,711.76kb] [文件加载：41]
[ info ] [ LANG ] D:\workLP\20180502\judeng\wwwroot\thinkphp\lang\zh-cn.php
[ info ] [ BIND ] 'home'
[ info ] [ ROUTE ] array (
  'type' => 'module',
  'module' => 
  array (
    0 => 'home',
    1 => 'favicon.ico',
    2 => NULL,
  ),
)
[ info ] [ HEADER ] array (
  'content-type' => '',
  'content-length' => '0',
  'x-original-url' => '/favicon.ico',
  'user-agent' => 'Mozilla/5.0 (Windows NT 10.0; Win64; x64) AppleWebKit/537.36 (KHTML, like Gecko) Chrome/66.0.3359.139 Safari/537.36',
  'referer' => 'http://localhost:7037/inherit/ad1',
  'host' => 'localhost:7037',
  'cookie' => 'UM_distinctid=160b5c52e97c7-0a812a97ee4d36-e323462-1fa400-160b5c52e9a107; CNZZDATA1000308349=1622381418-1516928585-%7C1516934020; Hm_lvt_5dd55c6682e0c7d344e29e785f9de1bb=1515553694,1516772121,1516938586,1517206225; REMEMBERME=VG9weGlhXFNlcnZpY2VcVXNlclxDdXJyZW50VXNlcjpOalE1TlRjNE9UWTBRSEZ4TG1OdmJRPT06MTU0ODkyODk1MTozZTE3ZGIxYzRjYzUzYWE4MmU2MjVlYjI3OTQxNTI3ZTIyZjUyYzYwMzFmZjNkNzI3MTdkODI4MzIxZTk0NmVk; CNZZDATA1256922974=1723540018-1514876107-%7C1517463005; bdshare_firstime=1522317821515; Hm_lvt_ebb8ef3f6d57c4b17c15b95865c9c3fb=1522635670; Phpstorm-7d8938db=0dec72a5-7ab0-46de-a14b-0c25eddfbbac; lang=zh-cn; device=desktop; theme=default; keepLogin=on; za=admin; zp=0537c5bc8c477d690858dc3b13d03cbc9de46966; PHPSESSID=kt17a1ifmi5dpi2t78p4sgo883; loginTime=1528353310',
  'accept-language' => 'zh-CN,zh;q=0.9',
  'accept-encoding' => 'gzip, deflate, br',
  'accept' => 'image/webp,image/apng,image/*,*/*;q=0.8',
  'connection' => 'keep-alive',
)
[ info ] [ PARAM ] array (
)
[ info ] [ LOG ] INIT File
---------------------------------------------------------------
[ 2018-06-07T14:49:24+08:00 ] 0.0.0.0 GET /inherit/ad?id=1
[ info ] localhost:7037/inherit/ad?id=1 [运行时间：0.047462s][吞吐率：21.07req/s] [内存消耗：2,087.14kb] [文件加载：44]
[ info ] [ LANG ] D:\workLP\20180502\judeng\wwwroot\thinkphp\lang\zh-cn.php
[ info ] [ BIND ] 'home'
[ info ] [ ROUTE ] array (
  'type' => 'module',
  'module' => 
  array (
    0 => 'home',
    1 => 'inherit',
    2 => 'ad',
  ),
)
[ info ] [ HEADER ] array (
  'content-type' => '',
  'content-length' => '0',
  'x-original-url' => '/inherit/ad?id=1',
  'upgrade-insecure-requests' => '1',
  'user-agent' => 'Mozilla/5.0 (Windows NT 10.0; Win64; x64) AppleWebKit/537.36 (KHTML, like Gecko) Chrome/66.0.3359.139 Safari/537.36',
  'host' => 'localhost:7037',
  'cookie' => 'UM_distinctid=160b5c52e97c7-0a812a97ee4d36-e323462-1fa400-160b5c52e9a107; CNZZDATA1000308349=1622381418-1516928585-%7C1516934020; Hm_lvt_5dd55c6682e0c7d344e29e785f9de1bb=1515553694,1516772121,1516938586,1517206225; REMEMBERME=VG9weGlhXFNlcnZpY2VcVXNlclxDdXJyZW50VXNlcjpOalE1TlRjNE9UWTBRSEZ4TG1OdmJRPT06MTU0ODkyODk1MTozZTE3ZGIxYzRjYzUzYWE4MmU2MjVlYjI3OTQxNTI3ZTIyZjUyYzYwMzFmZjNkNzI3MTdkODI4MzIxZTk0NmVk; CNZZDATA1256922974=1723540018-1514876107-%7C1517463005; bdshare_firstime=1522317821515; Hm_lvt_ebb8ef3f6d57c4b17c15b95865c9c3fb=1522635670; Phpstorm-7d8938db=0dec72a5-7ab0-46de-a14b-0c25eddfbbac; lang=zh-cn; device=desktop; theme=default; keepLogin=on; za=admin; zp=0537c5bc8c477d690858dc3b13d03cbc9de46966; PHPSESSID=kt17a1ifmi5dpi2t78p4sgo883; loginTime=1528353310',
  'accept-language' => 'zh-CN,zh;q=0.9',
  'accept-encoding' => 'gzip, deflate, br',
  'accept' => 'text/html,application/xhtml+xml,application/xml;q=0.9,image/webp,image/apng,*/*;q=0.8',
  'connection' => 'keep-alive',
)
[ info ] [ PARAM ] array (
  'id' => '1',
)
[ info ] [ RUN ] app\home\controller\Inherit->ad[ D:\workLP\20180502\judeng\wwwroot\application\home\controller\Inherit.php ]
[ info ] [ LOG ] INIT File
---------------------------------------------------------------
[ 2018-06-07T14:50:28+08:00 ] 0.0.0.0 GET /inherit/ad?id=1
[ info ] localhost:7037/inherit/ad?id=1 [运行时间：0.062410s][吞吐率：16.02req/s] [内存消耗：2,425.65kb] [文件加载：52]
[ info ] [ LANG ] D:\workLP\20180502\judeng\wwwroot\thinkphp\lang\zh-cn.php
[ info ] [ BIND ] 'home'
[ info ] [ ROUTE ] array (
  'type' => 'module',
  'module' => 
  array (
    0 => 'home',
    1 => 'inherit',
    2 => 'ad',
  ),
)
[ info ] [ HEADER ] array (
  'content-type' => '',
  'content-length' => '0',
  'x-original-url' => '/inherit/ad?id=1',
  'upgrade-insecure-requests' => '1',
  'user-agent' => 'Mozilla/5.0 (Windows NT 10.0; Win64; x64) AppleWebKit/537.36 (KHTML, like Gecko) Chrome/66.0.3359.139 Safari/537.36',
  'host' => 'localhost:7037',
  'cookie' => 'UM_distinctid=160b5c52e97c7-0a812a97ee4d36-e323462-1fa400-160b5c52e9a107; CNZZDATA1000308349=1622381418-1516928585-%7C1516934020; Hm_lvt_5dd55c6682e0c7d344e29e785f9de1bb=1515553694,1516772121,1516938586,1517206225; REMEMBERME=VG9weGlhXFNlcnZpY2VcVXNlclxDdXJyZW50VXNlcjpOalE1TlRjNE9UWTBRSEZ4TG1OdmJRPT06MTU0ODkyODk1MTozZTE3ZGIxYzRjYzUzYWE4MmU2MjVlYjI3OTQxNTI3ZTIyZjUyYzYwMzFmZjNkNzI3MTdkODI4MzIxZTk0NmVk; CNZZDATA1256922974=1723540018-1514876107-%7C1517463005; bdshare_firstime=1522317821515; Hm_lvt_ebb8ef3f6d57c4b17c15b95865c9c3fb=1522635670; Phpstorm-7d8938db=0dec72a5-7ab0-46de-a14b-0c25eddfbbac; lang=zh-cn; device=desktop; theme=default; keepLogin=on; za=admin; zp=0537c5bc8c477d690858dc3b13d03cbc9de46966; PHPSESSID=kt17a1ifmi5dpi2t78p4sgo883; loginTime=1528353310',
  'accept-language' => 'zh-CN,zh;q=0.9',
  'accept-encoding' => 'gzip, deflate, br',
  'accept' => 'text/html,application/xhtml+xml,application/xml;q=0.9,image/webp,image/apng,*/*;q=0.8',
  'connection' => 'keep-alive',
  'cache-control' => 'max-age=0',
)
[ info ] [ PARAM ] array (
  'id' => '1',
)
[ info ] [ RUN ] app\home\controller\Inherit->ad[ D:\workLP\20180502\judeng\wwwroot\application\home\controller\Inherit.php ]
[ info ] [ VIEW ] D:\workLP\20180502\judeng\wwwroot/application/home\view\inherit\ad1.html [ array (
  0 => 'setting',
) ]
[ info ] [ LOG ] INIT File
[ error ] [8]未定义变量: info[D:\workLP\20180502\judeng\wwwroot\runtime\temp\049f03d623bef0f5832b6c07e45b1a54.php:18]
[ error ] [8]未定义变量: info[D:\workLP\20180502\judeng\wwwroot\runtime\temp\049f03d623bef0f5832b6c07e45b1a54.php:19]
[ error ] [8]未定义变量: info[D:\workLP\20180502\judeng\wwwroot\runtime\temp\049f03d623bef0f5832b6c07e45b1a54.php:20]
---------------------------------------------------------------
[ 2018-06-07T14:52:46+08:00 ] 0.0.0.0 GET /inherit/ad?id=1
[ info ] localhost:7037/inherit/ad?id=1 [运行时间：0.071087s][吞吐率：14.07req/s] [内存消耗：2,368.55kb] [文件加载：49]
[ info ] [ LANG ] D:\workLP\20180502\judeng\wwwroot\thinkphp\lang\zh-cn.php
[ info ] [ BIND ] 'home'
[ info ] [ ROUTE ] array (
  'type' => 'module',
  'module' => 
  array (
    0 => 'home',
    1 => 'inherit',
    2 => 'ad',
  ),
)
[ info ] [ HEADER ] array (
  'content-type' => '',
  'content-length' => '0',
  'x-original-url' => '/inherit/ad?id=1',
  'upgrade-insecure-requests' => '1',
  'user-agent' => 'Mozilla/5.0 (Windows NT 10.0; Win64; x64) AppleWebKit/537.36 (KHTML, like Gecko) Chrome/66.0.3359.139 Safari/537.36',
  'host' => 'localhost:7037',
  'cookie' => 'UM_distinctid=160b5c52e97c7-0a812a97ee4d36-e323462-1fa400-160b5c52e9a107; CNZZDATA1000308349=1622381418-1516928585-%7C1516934020; Hm_lvt_5dd55c6682e0c7d344e29e785f9de1bb=1515553694,1516772121,1516938586,1517206225; REMEMBERME=VG9weGlhXFNlcnZpY2VcVXNlclxDdXJyZW50VXNlcjpOalE1TlRjNE9UWTBRSEZ4TG1OdmJRPT06MTU0ODkyODk1MTozZTE3ZGIxYzRjYzUzYWE4MmU2MjVlYjI3OTQxNTI3ZTIyZjUyYzYwMzFmZjNkNzI3MTdkODI4MzIxZTk0NmVk; CNZZDATA1256922974=1723540018-1514876107-%7C1517463005; bdshare_firstime=1522317821515; Hm_lvt_ebb8ef3f6d57c4b17c15b95865c9c3fb=1522635670; Phpstorm-7d8938db=0dec72a5-7ab0-46de-a14b-0c25eddfbbac; lang=zh-cn; device=desktop; theme=default; keepLogin=on; za=admin; zp=0537c5bc8c477d690858dc3b13d03cbc9de46966; PHPSESSID=kt17a1ifmi5dpi2t78p4sgo883; loginTime=1528353310',
  'accept-language' => 'zh-CN,zh;q=0.9',
  'accept-encoding' => 'gzip, deflate, br',
  'accept' => 'text/html,application/xhtml+xml,application/xml;q=0.9,image/webp,image/apng,*/*;q=0.8',
  'connection' => 'keep-alive',
  'cache-control' => 'max-age=0',
)
[ info ] [ PARAM ] array (
  'id' => '1',
)
[ info ] [ RUN ] app\home\controller\Inherit->ad[ D:\workLP\20180502\judeng\wwwroot\application\home\controller\Inherit.php ]
[ info ] [ VIEW ] D:\workLP\20180502\judeng\wwwroot/application/home\view\inherit\ad1.html [ array (
  0 => 'setting',
) ]
[ info ] [ LOG ] INIT File
---------------------------------------------------------------
[ 2018-06-07T14:53:31+08:00 ] 0.0.0.0 GET /inherit/ad?id=1
[ info ] localhost:7037/inherit/ad?id=1 [运行时间：0.061557s][吞吐率：16.25req/s] [内存消耗：2,368.83kb] [文件加载：49]
[ info ] [ LANG ] D:\workLP\20180502\judeng\wwwroot\thinkphp\lang\zh-cn.php
[ info ] [ BIND ] 'home'
[ info ] [ ROUTE ] array (
  'type' => 'module',
  'module' => 
  array (
    0 => 'home',
    1 => 'inherit',
    2 => 'ad',
  ),
)
[ info ] [ HEADER ] array (
  'content-type' => '',
  'content-length' => '0',
  'x-original-url' => '/inherit/ad?id=1',
  'upgrade-insecure-requests' => '1',
  'user-agent' => 'Mozilla/5.0 (Windows NT 10.0; Win64; x64) AppleWebKit/537.36 (KHTML, like Gecko) Chrome/66.0.3359.139 Safari/537.36',
  'host' => 'localhost:7037',
  'cookie' => 'UM_distinctid=160b5c52e97c7-0a812a97ee4d36-e323462-1fa400-160b5c52e9a107; CNZZDATA1000308349=1622381418-1516928585-%7C1516934020; Hm_lvt_5dd55c6682e0c7d344e29e785f9de1bb=1515553694,1516772121,1516938586,1517206225; REMEMBERME=VG9weGlhXFNlcnZpY2VcVXNlclxDdXJyZW50VXNlcjpOalE1TlRjNE9UWTBRSEZ4TG1OdmJRPT06MTU0ODkyODk1MTozZTE3ZGIxYzRjYzUzYWE4MmU2MjVlYjI3OTQxNTI3ZTIyZjUyYzYwMzFmZjNkNzI3MTdkODI4MzIxZTk0NmVk; CNZZDATA1256922974=1723540018-1514876107-%7C1517463005; bdshare_firstime=1522317821515; Hm_lvt_ebb8ef3f6d57c4b17c15b95865c9c3fb=1522635670; Phpstorm-7d8938db=0dec72a5-7ab0-46de-a14b-0c25eddfbbac; lang=zh-cn; device=desktop; theme=default; keepLogin=on; za=admin; zp=0537c5bc8c477d690858dc3b13d03cbc9de46966; PHPSESSID=kt17a1ifmi5dpi2t78p4sgo883; loginTime=1528353310',
  'accept-language' => 'zh-CN,zh;q=0.9',
  'accept-encoding' => 'gzip, deflate, br',
  'accept' => 'text/html,application/xhtml+xml,application/xml;q=0.9,image/webp,image/apng,*/*;q=0.8',
  'connection' => 'keep-alive',
  'cache-control' => 'max-age=0',
)
[ info ] [ PARAM ] array (
  'id' => '1',
)
[ info ] [ RUN ] app\home\controller\Inherit->ad[ D:\workLP\20180502\judeng\wwwroot\application\home\controller\Inherit.php ]
[ info ] [ VIEW ] D:\workLP\20180502\judeng\wwwroot/application/home\view\inherit\ad1.html [ array (
  0 => 'setting',
) ]
[ info ] [ LOG ] INIT File
---------------------------------------------------------------
[ 2018-06-07T14:57:06+08:00 ] 0.0.0.0 GET /inherit/ad?id=2
[ info ] localhost:7037/inherit/ad?id=2 [运行时间：0.054877s][吞吐率：18.22req/s] [内存消耗：2,362.59kb] [文件加载：49]
[ info ] [ LANG ] D:\workLP\20180502\judeng\wwwroot\thinkphp\lang\zh-cn.php
[ info ] [ BIND ] 'home'
[ info ] [ ROUTE ] array (
  'type' => 'module',
  'module' => 
  array (
    0 => 'home',
    1 => 'inherit',
    2 => 'ad',
  ),
)
[ info ] [ HEADER ] array (
  'content-type' => '',
  'content-length' => '0',
  'x-original-url' => '/inherit/ad?id=2',
  'upgrade-insecure-requests' => '1',
  'user-agent' => 'Mozilla/5.0 (Windows NT 10.0; Win64; x64) AppleWebKit/537.36 (KHTML, like Gecko) Chrome/66.0.3359.139 Safari/537.36',
  'host' => 'localhost:7037',
  'cookie' => 'UM_distinctid=160b5c52e97c7-0a812a97ee4d36-e323462-1fa400-160b5c52e9a107; CNZZDATA1000308349=1622381418-1516928585-%7C1516934020; Hm_lvt_5dd55c6682e0c7d344e29e785f9de1bb=1515553694,1516772121,1516938586,1517206225; REMEMBERME=VG9weGlhXFNlcnZpY2VcVXNlclxDdXJyZW50VXNlcjpOalE1TlRjNE9UWTBRSEZ4TG1OdmJRPT06MTU0ODkyODk1MTozZTE3ZGIxYzRjYzUzYWE4MmU2MjVlYjI3OTQxNTI3ZTIyZjUyYzYwMzFmZjNkNzI3MTdkODI4MzIxZTk0NmVk; CNZZDATA1256922974=1723540018-1514876107-%7C1517463005; bdshare_firstime=1522317821515; Hm_lvt_ebb8ef3f6d57c4b17c15b95865c9c3fb=1522635670; Phpstorm-7d8938db=0dec72a5-7ab0-46de-a14b-0c25eddfbbac; lang=zh-cn; device=desktop; theme=default; keepLogin=on; za=admin; zp=0537c5bc8c477d690858dc3b13d03cbc9de46966; PHPSESSID=kt17a1ifmi5dpi2t78p4sgo883; loginTime=1528354446',
  'accept-language' => 'zh-CN,zh;q=0.9',
  'accept-encoding' => 'gzip, deflate, br',
  'accept' => 'text/html,application/xhtml+xml,application/xml;q=0.9,image/webp,image/apng,*/*;q=0.8',
  'connection' => 'keep-alive',
)
[ info ] [ PARAM ] array (
  'id' => '2',
)
[ info ] [ RUN ] app\home\controller\Inherit->ad[ D:\workLP\20180502\judeng\wwwroot\application\home\controller\Inherit.php ]
[ info ] [ VIEW ] D:\workLP\20180502\judeng\wwwroot/application/home\view\inherit\ad2.html [ array (
  0 => 'setting',
) ]
[ info ] [ LOG ] INIT File
---------------------------------------------------------------
[ 2018-06-07T14:57:06+08:00 ] 0.0.0.0 GET /public/images/home/ad_img.jpg
[ info ] localhost:7037/public/images/home/ad_img.jpg [运行时间：0.062993s][吞吐率：15.87req/s] [内存消耗：1,712.48kb] [文件加载：41]
[ info ] [ LANG ] D:\workLP\20180502\judeng\wwwroot\thinkphp\lang\zh-cn.php
[ info ] [ BIND ] 'home'
[ info ] [ ROUTE ] array (
  'type' => 'module',
  'module' => 
  array (
    0 => 'home',
    1 => 'public',
    2 => 'images',
  ),
)
[ info ] [ HEADER ] array (
  'content-type' => '',
  'content-length' => '0',
  'x-original-url' => '/public/images/home/ad_img.jpg',
  'user-agent' => 'Mozilla/5.0 (Windows NT 10.0; Win64; x64) AppleWebKit/537.36 (KHTML, like Gecko) Chrome/66.0.3359.139 Safari/537.36',
  'referer' => 'http://localhost:7037/inherit/ad?id=2',
  'host' => 'localhost:7037',
  'cookie' => 'UM_distinctid=160b5c52e97c7-0a812a97ee4d36-e323462-1fa400-160b5c52e9a107; CNZZDATA1000308349=1622381418-1516928585-%7C1516934020; Hm_lvt_5dd55c6682e0c7d344e29e785f9de1bb=1515553694,1516772121,1516938586,1517206225; REMEMBERME=VG9weGlhXFNlcnZpY2VcVXNlclxDdXJyZW50VXNlcjpOalE1TlRjNE9UWTBRSEZ4TG1OdmJRPT06MTU0ODkyODk1MTozZTE3ZGIxYzRjYzUzYWE4MmU2MjVlYjI3OTQxNTI3ZTIyZjUyYzYwMzFmZjNkNzI3MTdkODI4MzIxZTk0NmVk; CNZZDATA1256922974=1723540018-1514876107-%7C1517463005; bdshare_firstime=1522317821515; Hm_lvt_ebb8ef3f6d57c4b17c15b95865c9c3fb=1522635670; Phpstorm-7d8938db=0dec72a5-7ab0-46de-a14b-0c25eddfbbac; lang=zh-cn; device=desktop; theme=default; keepLogin=on; za=admin; zp=0537c5bc8c477d690858dc3b13d03cbc9de46966; PHPSESSID=kt17a1ifmi5dpi2t78p4sgo883; loginTime=1528354446',
  'accept-language' => 'zh-CN,zh;q=0.9',
  'accept-encoding' => 'gzip, deflate, br',
  'accept' => 'image/webp,image/apng,image/*,*/*;q=0.8',
  'connection' => 'keep-alive',
)
[ info ] [ PARAM ] array (
  'home' => 'ad_img.jpg',
)
[ info ] [ LOG ] INIT File
---------------------------------------------------------------
[ 2018-06-07T14:57:50+08:00 ] 0.0.0.0 GET /inherit/ad?id=2
[ info ] localhost:7037/inherit/ad?id=2 [运行时间：0.053909s][吞吐率：18.55req/s] [内存消耗：2,363.14kb] [文件加载：49]
[ info ] [ LANG ] D:\workLP\20180502\judeng\wwwroot\thinkphp\lang\zh-cn.php
[ info ] [ BIND ] 'home'
[ info ] [ ROUTE ] array (
  'type' => 'module',
  'module' => 
  array (
    0 => 'home',
    1 => 'inherit',
    2 => 'ad',
  ),
)
[ info ] [ HEADER ] array (
  'content-type' => '',
  'content-length' => '0',
  'x-original-url' => '/inherit/ad?id=2',
  'upgrade-insecure-requests' => '1',
  'user-agent' => 'Mozilla/5.0 (iPhone; CPU iPhone OS 11_0 like Mac OS X) AppleWebKit/604.1.38 (KHTML, like Gecko) Version/11.0 Mobile/15A372 Safari/604.1',
  'host' => 'localhost:7037',
  'cookie' => 'UM_distinctid=160b5c52e97c7-0a812a97ee4d36-e323462-1fa400-160b5c52e9a107; CNZZDATA1000308349=1622381418-1516928585-%7C1516934020; Hm_lvt_5dd55c6682e0c7d344e29e785f9de1bb=1515553694,1516772121,1516938586,1517206225; REMEMBERME=VG9weGlhXFNlcnZpY2VcVXNlclxDdXJyZW50VXNlcjpOalE1TlRjNE9UWTBRSEZ4TG1OdmJRPT06MTU0ODkyODk1MTozZTE3ZGIxYzRjYzUzYWE4MmU2MjVlYjI3OTQxNTI3ZTIyZjUyYzYwMzFmZjNkNzI3MTdkODI4MzIxZTk0NmVk; CNZZDATA1256922974=1723540018-1514876107-%7C1517463005; bdshare_firstime=1522317821515; Hm_lvt_ebb8ef3f6d57c4b17c15b95865c9c3fb=1522635670; Phpstorm-7d8938db=0dec72a5-7ab0-46de-a14b-0c25eddfbbac; lang=zh-cn; device=desktop; theme=default; keepLogin=on; za=admin; zp=0537c5bc8c477d690858dc3b13d03cbc9de46966; PHPSESSID=kt17a1ifmi5dpi2t78p4sgo883; loginTime=1528354446',
  'accept-language' => 'zh-CN,zh;q=0.9',
  'accept-encoding' => 'gzip, deflate, br',
  'accept' => 'text/html,application/xhtml+xml,application/xml;q=0.9,image/webp,image/apng,*/*;q=0.8',
  'pragma' => 'no-cache',
  'connection' => 'keep-alive',
  'cache-control' => 'no-cache',
)
[ info ] [ PARAM ] array (
  'id' => '2',
)
[ info ] [ RUN ] app\home\controller\Inherit->ad[ D:\workLP\20180502\judeng\wwwroot\application\home\controller\Inherit.php ]
[ info ] [ VIEW ] D:\workLP\20180502\judeng\wwwroot/application/home\view\inherit\ad2.html [ array (
  0 => 'setting',
) ]
[ info ] [ LOG ] INIT File
---------------------------------------------------------------
[ 2018-06-07T15:52:50+08:00 ] 0.0.0.0 POST /blacklist/black
[ info ] localhost:7037/blacklist/black [运行时间：0.033602s][吞吐率：29.76req/s] [内存消耗：1,944.63kb] [文件加载：44]
[ info ] [ LANG ] D:\workLP\20180502\judeng\wwwroot\thinkphp\lang\zh-cn.php
[ info ] [ BIND ] 'home'
[ info ] [ ROUTE ] array (
  'type' => 'module',
  'module' => 
  array (
    0 => 'home',
    1 => 'blacklist',
    2 => 'black',
  ),
)
[ info ] [ HEADER ] array (
  'content-type' => '',
  'content-length' => '0',
  'x-original-url' => '/blacklist/black',
  'postman-token' => 'f4ecf3f2-1f93-05fb-ac91-6588457a6fbb',
  'origin' => 'chrome-extension://fhbjgbiflinjbdggehcddcbncdddomop',
  'user-agent' => 'Mozilla/5.0 (Windows NT 10.0; Win64; x64) AppleWebKit/537.36 (KHTML, like Gecko) Chrome/66.0.3359.139 Safari/537.36',
  'host' => 'localhost:7037',
  'accept-language' => 'zh-CN,zh;q=0.9',
  'accept-encoding' => 'gzip, deflate, br',
  'accept' => '*/*',
  'connection' => 'keep-alive',
  'cache-control' => 'no-cache',
)
[ info ] [ PARAM ] array (
)
[ info ] [ RUN ] app\home\controller\Blacklist->black[ D:\workLP\20180502\judeng\wwwroot\application\home\controller\Blacklist.php ]
[ info ] [ LOG ] INIT File
---------------------------------------------------------------
[ 2018-06-07T16:06:34+08:00 ] 0.0.0.0 POST /blacklist/black
[ info ] localhost:7037/blacklist/black [运行时间：0.040583s][吞吐率：24.64req/s] [内存消耗：2,024.95kb] [文件加载：47]
[ info ] [ LANG ] D:\workLP\20180502\judeng\wwwroot\thinkphp\lang\zh-cn.php
[ info ] [ BIND ] 'home'
[ info ] [ ROUTE ] array (
  'type' => 'module',
  'module' => 
  array (
    0 => 'home',
    1 => 'blacklist',
    2 => 'black',
  ),
)
[ info ] [ HEADER ] array (
  'content-type' => '',
  'content-length' => '0',
  'x-original-url' => '/blacklist/black',
  'postman-token' => '19504381-3aab-7a87-e1cf-aa14c5640535',
  'origin' => 'chrome-extension://fhbjgbiflinjbdggehcddcbncdddomop',
  'user-agent' => 'Mozilla/5.0 (Windows NT 10.0; Win64; x64) AppleWebKit/537.36 (KHTML, like Gecko) Chrome/66.0.3359.139 Safari/537.36',
  'host' => 'localhost:7037',
  'accept-language' => 'zh-CN,zh;q=0.9',
  'accept-encoding' => 'gzip, deflate, br',
  'accept' => '*/*',
  'connection' => 'keep-alive',
  'cache-control' => 'no-cache',
)
[ info ] [ PARAM ] array (
)
[ info ] [ RUN ] app\home\controller\Blacklist->black[ D:\workLP\20180502\judeng\wwwroot\application\home\controller\Blacklist.php ]
[ info ] [ LOG ] INIT File
[ error ] [8]未定义数组索引: doctor_id[D:\workLP\20180502\judeng\wwwroot\application\home\controller\Blacklist.php:21]
[ error ] [8]未定义数组索引: only_token[D:\workLP\20180502\judeng\wwwroot\application\common.php:82]
---------------------------------------------------------------
[ 2018-06-07T16:07:12+08:00 ] 0.0.0.0 POST /blacklist/black
[ info ] localhost:7037/blacklist/black [运行时间：0.055818s][吞吐率：17.92req/s] [内存消耗：2,026.18kb] [文件加载：47]
[ info ] [ LANG ] D:\workLP\20180502\judeng\wwwroot\thinkphp\lang\zh-cn.php
[ info ] [ BIND ] 'home'
[ info ] [ ROUTE ] array (
  'type' => 'module',
  'module' => 
  array (
    0 => 'home',
    1 => 'blacklist',
    2 => 'black',
  ),
)
[ info ] [ HEADER ] array (
  'content-type' => '',
  'content-length' => '0',
  'x-original-url' => '/blacklist/black',
  'postman-token' => '39cb47f3-f448-a935-e017-a998ddf4e80b',
  'origin' => 'chrome-extension://fhbjgbiflinjbdggehcddcbncdddomop',
  'user-agent' => 'Mozilla/5.0 (Windows NT 10.0; Win64; x64) AppleWebKit/537.36 (KHTML, like Gecko) Chrome/66.0.3359.139 Safari/537.36',
  'host' => 'localhost:7037',
  'accept-language' => 'zh-CN,zh;q=0.9',
  'accept-encoding' => 'gzip, deflate, br',
  'accept' => '*/*',
  'connection' => 'keep-alive',
  'cache-control' => 'no-cache',
)
[ info ] [ PARAM ] array (
)
[ info ] [ RUN ] app\home\controller\Blacklist->black[ D:\workLP\20180502\judeng\wwwroot\application\home\controller\Blacklist.php ]
[ info ] [ LOG ] INIT File
[ error ] [8]未定义数组索引: doctor_id[D:\workLP\20180502\judeng\wwwroot\application\home\controller\Blacklist.php:21]
[ error ] [8]未定义数组索引: only_token[D:\workLP\20180502\judeng\wwwroot\application\common.php:82]
---------------------------------------------------------------
[ 2018-06-07T16:07:18+08:00 ] 0.0.0.0 POST /blacklist/black
[ info ] localhost:7037/blacklist/black [运行时间：0.044132s][吞吐率：22.66req/s] [内存消耗：2,026.18kb] [文件加载：47]
[ info ] [ LANG ] D:\workLP\20180502\judeng\wwwroot\thinkphp\lang\zh-cn.php
[ info ] [ BIND ] 'home'
[ info ] [ ROUTE ] array (
  'type' => 'module',
  'module' => 
  array (
    0 => 'home',
    1 => 'blacklist',
    2 => 'black',
  ),
)
[ info ] [ HEADER ] array (
  'content-type' => '',
  'content-length' => '0',
  'x-original-url' => '/blacklist/black',
  'postman-token' => 'dbaec2c8-0118-a1d4-db86-81c4948b8f64',
  'origin' => 'chrome-extension://fhbjgbiflinjbdggehcddcbncdddomop',
  'user-agent' => 'Mozilla/5.0 (Windows NT 10.0; Win64; x64) AppleWebKit/537.36 (KHTML, like Gecko) Chrome/66.0.3359.139 Safari/537.36',
  'host' => 'localhost:7037',
  'accept-language' => 'zh-CN,zh;q=0.9',
  'accept-encoding' => 'gzip, deflate, br',
  'accept' => '*/*',
  'connection' => 'keep-alive',
  'cache-control' => 'no-cache',
)
[ info ] [ PARAM ] array (
)
[ info ] [ RUN ] app\home\controller\Blacklist->black[ D:\workLP\20180502\judeng\wwwroot\application\home\controller\Blacklist.php ]
[ info ] [ LOG ] INIT File
[ error ] [8]未定义数组索引: doctor_id[D:\workLP\20180502\judeng\wwwroot\application\home\controller\Blacklist.php:21]
[ error ] [8]未定义数组索引: only_token[D:\workLP\20180502\judeng\wwwroot\application\common.php:82]
---------------------------------------------------------------
[ 2018-06-07T16:07:59+08:00 ] 0.0.0.0 POST /blacklist/black
[ info ] localhost:7037/blacklist/black [运行时间：0.043516s][吞吐率：22.98req/s] [内存消耗：1,944.63kb] [文件加载：44]
[ info ] [ LANG ] D:\workLP\20180502\judeng\wwwroot\thinkphp\lang\zh-cn.php
[ info ] [ BIND ] 'home'
[ info ] [ ROUTE ] array (
  'type' => 'module',
  'module' => 
  array (
    0 => 'home',
    1 => 'blacklist',
    2 => 'black',
  ),
)
[ info ] [ HEADER ] array (
  'content-type' => '',
  'content-length' => '0',
  'x-original-url' => '/blacklist/black',
  'postman-token' => '2cec6e1a-5d09-c797-fad6-16459bc8958c',
  'origin' => 'chrome-extension://fhbjgbiflinjbdggehcddcbncdddomop',
  'user-agent' => 'Mozilla/5.0 (Windows NT 10.0; Win64; x64) AppleWebKit/537.36 (KHTML, like Gecko) Chrome/66.0.3359.139 Safari/537.36',
  'host' => 'localhost:7037',
  'accept-language' => 'zh-CN,zh;q=0.9',
  'accept-encoding' => 'gzip, deflate, br',
  'accept' => '*/*',
  'connection' => 'keep-alive',
  'cache-control' => 'no-cache',
)
[ info ] [ PARAM ] array (
)
[ info ] [ RUN ] app\home\controller\Blacklist->black[ D:\workLP\20180502\judeng\wwwroot\application\home\controller\Blacklist.php ]
[ info ] [ LOG ] INIT File
---------------------------------------------------------------
[ 2018-06-07T16:12:32+08:00 ] 0.0.0.0 POST /blacklist/black
[ info ] localhost:7037/blacklist/black [运行时间：0.910769s][吞吐率：1.10req/s] [内存消耗：3,404.05kb] [文件加载：53]
[ info ] [ LANG ] D:\workLP\20180502\judeng\wwwroot\thinkphp\lang\zh-cn.php
[ info ] [ BIND ] 'home'
[ info ] [ ROUTE ] array (
  'type' => 'module',
  'module' => 
  array (
    0 => 'home',
    1 => 'blacklist',
    2 => 'black',
  ),
)
[ info ] [ HEADER ] array (
  'content-type' => '',
  'content-length' => '0',
  'x-original-url' => '/blacklist/black',
  'postman-token' => 'e1218dbd-9825-bc6c-7f19-dfb9c339474d',
  'origin' => 'chrome-extension://fhbjgbiflinjbdggehcddcbncdddomop',
  'user-agent' => 'Mozilla/5.0 (Windows NT 10.0; Win64; x64) AppleWebKit/537.36 (KHTML, like Gecko) Chrome/66.0.3359.139 Safari/537.36',
  'host' => 'localhost:7037',
  'accept-language' => 'zh-CN,zh;q=0.9',
  'accept-encoding' => 'gzip, deflate, br',
  'accept' => '*/*',
  'connection' => 'keep-alive',
  'cache-control' => 'no-cache',
)
[ info ] [ PARAM ] array (
)
[ info ] [ RUN ] app\home\controller\Blacklist->black[ D:\workLP\20180502\judeng\wwwroot\application\home\controller\Blacklist.php ]
[ info ] [ DB ] INIT mysql
[ info ] [ LOG ] INIT File
---------------------------------------------------------------
[ 2018-06-07T16:18:37+08:00 ] 0.0.0.0 POST /blacklist/black
[ info ] localhost:7037/blacklist/black [运行时间：0.077051s][吞吐率：12.98req/s] [内存消耗：3,404.09kb] [文件加载：53]
[ info ] [ LANG ] D:\workLP\20180502\judeng\wwwroot\thinkphp\lang\zh-cn.php
[ info ] [ BIND ] 'home'
[ info ] [ ROUTE ] array (
  'type' => 'module',
  'module' => 
  array (
    0 => 'home',
    1 => 'blacklist',
    2 => 'black',
  ),
)
[ info ] [ HEADER ] array (
  'content-type' => '',
  'content-length' => '0',
  'x-original-url' => '/blacklist/black',
  'postman-token' => '61b9cdcf-a2fe-c773-66df-3bea4eb272d2',
  'origin' => 'chrome-extension://fhbjgbiflinjbdggehcddcbncdddomop',
  'user-agent' => 'Mozilla/5.0 (Windows NT 10.0; Win64; x64) AppleWebKit/537.36 (KHTML, like Gecko) Chrome/66.0.3359.139 Safari/537.36',
  'host' => 'localhost:7037',
  'accept-language' => 'zh-CN,zh;q=0.9',
  'accept-encoding' => 'gzip, deflate, br',
  'accept' => '*/*',
  'connection' => 'keep-alive',
  'cache-control' => 'no-cache',
)
[ info ] [ PARAM ] array (
)
[ info ] [ RUN ] app\home\controller\Blacklist->black[ D:\workLP\20180502\judeng\wwwroot\application\home\controller\Blacklist.php ]
[ info ] [ DB ] INIT mysql
[ info ] [ LOG ] INIT File
---------------------------------------------------------------
[ 2018-06-07T16:22:46+08:00 ] 0.0.0.0 POST /blacklist/black
[ info ] localhost:7037/blacklist/black [运行时间：0.071147s][吞吐率：14.06req/s] [内存消耗：3,378.73kb] [文件加载：57]
[ info ] [ LANG ] D:\workLP\20180502\judeng\wwwroot\thinkphp\lang\zh-cn.php
[ info ] [ BIND ] 'home'
[ info ] [ ROUTE ] array (
  'type' => 'module',
  'module' => 
  array (
    0 => 'home',
    1 => 'blacklist',
    2 => 'black',
  ),
)
[ info ] [ HEADER ] array (
  'content-type' => '',
  'content-length' => '0',
  'x-original-url' => '/blacklist/black',
  'postman-token' => '77e49ae6-2e67-27f3-59db-a890263062f2',
  'origin' => 'chrome-extension://fhbjgbiflinjbdggehcddcbncdddomop',
  'user-agent' => 'Mozilla/5.0 (Windows NT 10.0; Win64; x64) AppleWebKit/537.36 (KHTML, like Gecko) Chrome/66.0.3359.139 Safari/537.36',
  'host' => 'localhost:7037',
  'accept-language' => 'zh-CN,zh;q=0.9',
  'accept-encoding' => 'gzip, deflate, br',
  'accept' => '*/*',
  'connection' => 'keep-alive',
  'cache-control' => 'no-cache',
)
[ info ] [ PARAM ] array (
)
[ info ] [ RUN ] app\home\controller\Blacklist->black[ D:\workLP\20180502\judeng\wwwroot\application\home\controller\Blacklist.php ]
[ info ] [ DB ] INIT mysql
[ info ] [ LOG ] INIT File
[ error ] [0]method not exist:think\db\Query->getBlacklist[D:\workLP\20180502\judeng\wwwroot\thinkphp\library\think\db\Query.php:94]
---------------------------------------------------------------
[ 2018-06-07T16:24:22+08:00 ] 0.0.0.0 POST /blacklist/black
[ info ] localhost:7037/blacklist/black [运行时间：0.498405s][吞吐率：2.01req/s] [内存消耗：3,407.53kb] [文件加载：53]
[ info ] [ LANG ] D:\workLP\20180502\judeng\wwwroot\thinkphp\lang\zh-cn.php
[ info ] [ BIND ] 'home'
[ info ] [ ROUTE ] array (
  'type' => 'module',
  'module' => 
  array (
    0 => 'home',
    1 => 'blacklist',
    2 => 'black',
  ),
)
[ info ] [ HEADER ] array (
  'content-type' => '',
  'content-length' => '0',
  'x-original-url' => '/blacklist/black',
  'postman-token' => '04bcf755-d177-6211-131a-24a17b1073ac',
  'origin' => 'chrome-extension://fhbjgbiflinjbdggehcddcbncdddomop',
  'user-agent' => 'Mozilla/5.0 (Windows NT 10.0; Win64; x64) AppleWebKit/537.36 (KHTML, like Gecko) Chrome/66.0.3359.139 Safari/537.36',
  'host' => 'localhost:7037',
  'accept-language' => 'zh-CN,zh;q=0.9',
  'accept-encoding' => 'gzip, deflate, br',
  'accept' => '*/*',
  'connection' => 'keep-alive',
  'cache-control' => 'no-cache',
)
[ info ] [ PARAM ] array (
)
[ info ] [ RUN ] app\home\controller\Blacklist->black[ D:\workLP\20180502\judeng\wwwroot\application\home\controller\Blacklist.php ]
[ info ] [ DB ] INIT mysql
[ info ] [ LOG ] INIT File
---------------------------------------------------------------
[ 2018-06-07T17:06:43+08:00 ] 0.0.0.0 POST /blacklist/black
[ info ] localhost:7037/blacklist/black [运行时间：0.042408s][吞吐率：23.58req/s] [内存消耗：3,407.36kb] [文件加载：53]
[ info ] [ LANG ] D:\workLP\20180502\judeng\wwwroot\thinkphp\lang\zh-cn.php
[ info ] [ BIND ] 'home'
[ info ] [ ROUTE ] array (
  'type' => 'module',
  'module' => 
  array (
    0 => 'home',
    1 => 'blacklist',
    2 => 'black',
  ),
)
[ info ] [ HEADER ] array (
  'content-type' => '',
  'content-length' => '0',
  'x-original-url' => '/blacklist/black',
  'postman-token' => 'dc0abccb-139d-a283-5860-415c1efc503e',
  'origin' => 'chrome-extension://fhbjgbiflinjbdggehcddcbncdddomop',
  'user-agent' => 'Mozilla/5.0 (Windows NT 10.0; Win64; x64) AppleWebKit/537.36 (KHTML, like Gecko) Chrome/66.0.3359.139 Safari/537.36',
  'host' => 'localhost:7037',
  'accept-language' => 'zh-CN,zh;q=0.9',
  'accept-encoding' => 'gzip, deflate, br',
  'accept' => '*/*',
  'connection' => 'keep-alive',
  'cache-control' => 'no-cache',
)
[ info ] [ PARAM ] array (
)
[ info ] [ RUN ] app\home\controller\Blacklist->black[ D:\workLP\20180502\judeng\wwwroot\application\home\controller\Blacklist.php ]
[ info ] [ DB ] INIT mysql
[ info ] [ LOG ] INIT File
---------------------------------------------------------------
[ 2018-06-07T17:07:56+08:00 ] 0.0.0.0 POST /blacklist/black
[ info ] localhost:7037/blacklist/black [运行时间：0.056317s][吞吐率：17.76req/s] [内存消耗：3,407.46kb] [文件加载：53]
[ info ] [ LANG ] D:\workLP\20180502\judeng\wwwroot\thinkphp\lang\zh-cn.php
[ info ] [ BIND ] 'home'
[ info ] [ ROUTE ] array (
  'type' => 'module',
  'module' => 
  array (
    0 => 'home',
    1 => 'blacklist',
    2 => 'black',
  ),
)
[ info ] [ HEADER ] array (
  'content-type' => '',
  'content-length' => '0',
  'x-original-url' => '/blacklist/black',
  'postman-token' => '08c3ceb2-25bc-56e9-8913-cfc694e81ebc',
  'origin' => 'chrome-extension://fhbjgbiflinjbdggehcddcbncdddomop',
  'user-agent' => 'Mozilla/5.0 (Windows NT 10.0; Win64; x64) AppleWebKit/537.36 (KHTML, like Gecko) Chrome/66.0.3359.139 Safari/537.36',
  'host' => 'localhost:7037',
  'accept-language' => 'zh-CN,zh;q=0.9',
  'accept-encoding' => 'gzip, deflate, br',
  'accept' => '*/*',
  'connection' => 'keep-alive',
  'cache-control' => 'no-cache',
)
[ info ] [ PARAM ] array (
)
[ info ] [ RUN ] app\home\controller\Blacklist->black[ D:\workLP\20180502\judeng\wwwroot\application\home\controller\Blacklist.php ]
[ info ] [ DB ] INIT mysql
[ info ] [ LOG ] INIT File
---------------------------------------------------------------
[ 2018-06-07T17:08:45+08:00 ] 0.0.0.0 POST /blacklist/black
[ info ] localhost:7037/blacklist/black [运行时间：0.068769s][吞吐率：14.54req/s] [内存消耗：3,407.46kb] [文件加载：53]
[ info ] [ LANG ] D:\workLP\20180502\judeng\wwwroot\thinkphp\lang\zh-cn.php
[ info ] [ BIND ] 'home'
[ info ] [ ROUTE ] array (
  'type' => 'module',
  'module' => 
  array (
    0 => 'home',
    1 => 'blacklist',
    2 => 'black',
  ),
)
[ info ] [ HEADER ] array (
  'content-type' => '',
  'content-length' => '0',
  'x-original-url' => '/blacklist/black',
  'postman-token' => 'c155f2f9-5162-2dd4-84bf-307c99316913',
  'origin' => 'chrome-extension://fhbjgbiflinjbdggehcddcbncdddomop',
  'user-agent' => 'Mozilla/5.0 (Windows NT 10.0; Win64; x64) AppleWebKit/537.36 (KHTML, like Gecko) Chrome/66.0.3359.139 Safari/537.36',
  'host' => 'localhost:7037',
  'accept-language' => 'zh-CN,zh;q=0.9',
  'accept-encoding' => 'gzip, deflate, br',
  'accept' => '*/*',
  'connection' => 'keep-alive',
  'cache-control' => 'no-cache',
)
[ info ] [ PARAM ] array (
)
[ info ] [ RUN ] app\home\controller\Blacklist->black[ D:\workLP\20180502\judeng\wwwroot\application\home\controller\Blacklist.php ]
[ info ] [ DB ] INIT mysql
[ info ] [ LOG ] INIT File
---------------------------------------------------------------
[ 2018-06-07T17:09:24+08:00 ] 0.0.0.0 POST /blacklist/black
[ info ] localhost:7037/blacklist/black [运行时间：0.054503s][吞吐率：18.35req/s] [内存消耗：3,407.46kb] [文件加载：53]
[ info ] [ LANG ] D:\workLP\20180502\judeng\wwwroot\thinkphp\lang\zh-cn.php
[ info ] [ BIND ] 'home'
[ info ] [ ROUTE ] array (
  'type' => 'module',
  'module' => 
  array (
    0 => 'home',
    1 => 'blacklist',
    2 => 'black',
  ),
)
[ info ] [ HEADER ] array (
  'content-type' => '',
  'content-length' => '0',
  'x-original-url' => '/blacklist/black',
  'postman-token' => '58e4bb26-0fe2-ceff-4d4a-b239a0e03831',
  'origin' => 'chrome-extension://fhbjgbiflinjbdggehcddcbncdddomop',
  'user-agent' => 'Mozilla/5.0 (Windows NT 10.0; Win64; x64) AppleWebKit/537.36 (KHTML, like Gecko) Chrome/66.0.3359.139 Safari/537.36',
  'host' => 'localhost:7037',
  'accept-language' => 'zh-CN,zh;q=0.9',
  'accept-encoding' => 'gzip, deflate, br',
  'accept' => '*/*',
  'connection' => 'keep-alive',
  'cache-control' => 'no-cache',
)
[ info ] [ PARAM ] array (
)
[ info ] [ RUN ] app\home\controller\Blacklist->black[ D:\workLP\20180502\judeng\wwwroot\application\home\controller\Blacklist.php ]
[ info ] [ DB ] INIT mysql
[ info ] [ LOG ] INIT File
---------------------------------------------------------------
[ 2018-06-07T17:09:55+08:00 ] 0.0.0.0 POST /blacklist/black
[ info ] localhost:7037/blacklist/black [运行时间：0.916330s][吞吐率：1.09req/s] [内存消耗：3,407.23kb] [文件加载：53]
[ info ] [ LANG ] D:\workLP\20180502\judeng\wwwroot\thinkphp\lang\zh-cn.php
[ info ] [ BIND ] 'home'
[ info ] [ ROUTE ] array (
  'type' => 'module',
  'module' => 
  array (
    0 => 'home',
    1 => 'blacklist',
    2 => 'black',
  ),
)
[ info ] [ HEADER ] array (
  'content-type' => '',
  'content-length' => '0',
  'x-original-url' => '/blacklist/black',
  'postman-token' => '22e142ac-ad90-97d9-fb02-70ac52c84f31',
  'origin' => 'chrome-extension://fhbjgbiflinjbdggehcddcbncdddomop',
  'user-agent' => 'Mozilla/5.0 (Windows NT 10.0; Win64; x64) AppleWebKit/537.36 (KHTML, like Gecko) Chrome/66.0.3359.139 Safari/537.36',
  'host' => 'localhost:7037',
  'accept-language' => 'zh-CN,zh;q=0.9',
  'accept-encoding' => 'gzip, deflate, br',
  'accept' => '*/*',
  'connection' => 'keep-alive',
  'cache-control' => 'no-cache',
)
[ info ] [ PARAM ] array (
)
[ info ] [ RUN ] app\home\controller\Blacklist->black[ D:\workLP\20180502\judeng\wwwroot\application\home\controller\Blacklist.php ]
[ info ] [ DB ] INIT mysql
[ info ] [ LOG ] INIT File
---------------------------------------------------------------
[ 2018-06-07T17:18:58+08:00 ] 0.0.0.0 POST /blacklist/black
[ info ] localhost:7037/blacklist/black [运行时间：0.071062s][吞吐率：14.07req/s] [内存消耗：3,407.36kb] [文件加载：53]
[ info ] [ LANG ] D:\workLP\20180502\judeng\wwwroot\thinkphp\lang\zh-cn.php
[ info ] [ BIND ] 'home'
[ info ] [ ROUTE ] array (
  'type' => 'module',
  'module' => 
  array (
    0 => 'home',
    1 => 'blacklist',
    2 => 'black',
  ),
)
[ info ] [ HEADER ] array (
  'content-type' => '',
  'content-length' => '0',
  'x-original-url' => '/blacklist/black',
  'postman-token' => 'e246a121-fc1b-9f7c-f716-37cd0835f8db',
  'origin' => 'chrome-extension://fhbjgbiflinjbdggehcddcbncdddomop',
  'user-agent' => 'Mozilla/5.0 (Windows NT 10.0; Win64; x64) AppleWebKit/537.36 (KHTML, like Gecko) Chrome/66.0.3359.139 Safari/537.36',
  'host' => 'localhost:7037',
  'accept-language' => 'zh-CN,zh;q=0.9',
  'accept-encoding' => 'gzip, deflate, br',
  'accept' => '*/*',
  'connection' => 'keep-alive',
  'cache-control' => 'no-cache',
)
[ info ] [ PARAM ] array (
)
[ info ] [ RUN ] app\home\controller\Blacklist->black[ D:\workLP\20180502\judeng\wwwroot\application\home\controller\Blacklist.php ]
[ info ] [ DB ] INIT mysql
[ info ] [ LOG ] INIT File
---------------------------------------------------------------
[ 2018-06-07T17:19:44+08:00 ] 0.0.0.0 POST /blacklist/black
[ info ] localhost:7037/blacklist/black [运行时间：0.058800s][吞吐率：17.01req/s] [内存消耗：3,407.52kb] [文件加载：53]
[ info ] [ LANG ] D:\workLP\20180502\judeng\wwwroot\thinkphp\lang\zh-cn.php
[ info ] [ BIND ] 'home'
[ info ] [ ROUTE ] array (
  'type' => 'module',
  'module' => 
  array (
    0 => 'home',
    1 => 'blacklist',
    2 => 'black',
  ),
)
[ info ] [ HEADER ] array (
  'content-type' => '',
  'content-length' => '0',
  'x-original-url' => '/blacklist/black',
  'postman-token' => '93c09eee-ed3e-819d-f0d7-8b5dad6f7f32',
  'origin' => 'chrome-extension://fhbjgbiflinjbdggehcddcbncdddomop',
  'user-agent' => 'Mozilla/5.0 (Windows NT 10.0; Win64; x64) AppleWebKit/537.36 (KHTML, like Gecko) Chrome/66.0.3359.139 Safari/537.36',
  'host' => 'localhost:7037',
  'accept-language' => 'zh-CN,zh;q=0.9',
  'accept-encoding' => 'gzip, deflate, br',
  'accept' => '*/*',
  'connection' => 'keep-alive',
  'cache-control' => 'no-cache',
)
[ info ] [ PARAM ] array (
)
[ info ] [ RUN ] app\home\controller\Blacklist->black[ D:\workLP\20180502\judeng\wwwroot\application\home\controller\Blacklist.php ]
[ info ] [ DB ] INIT mysql
[ info ] [ LOG ] INIT File
---------------------------------------------------------------
[ 2018-06-07T17:19:51+08:00 ] 0.0.0.0 POST /blacklist/black
[ info ] localhost:7037/blacklist/black [运行时间：0.483780s][吞吐率：2.07req/s] [内存消耗：3,408.38kb] [文件加载：53]
[ info ] [ LANG ] D:\workLP\20180502\judeng\wwwroot\thinkphp\lang\zh-cn.php
[ info ] [ BIND ] 'home'
[ info ] [ ROUTE ] array (
  'type' => 'module',
  'module' => 
  array (
    0 => 'home',
    1 => 'blacklist',
    2 => 'black',
  ),
)
[ info ] [ HEADER ] array (
  'content-type' => '',
  'content-length' => '0',
  'x-original-url' => '/blacklist/black',
  'postman-token' => '29c9dd80-084f-3821-ac29-70186b32f3bd',
  'origin' => 'chrome-extension://fhbjgbiflinjbdggehcddcbncdddomop',
  'user-agent' => 'Mozilla/5.0 (Windows NT 10.0; Win64; x64) AppleWebKit/537.36 (KHTML, like Gecko) Chrome/66.0.3359.139 Safari/537.36',
  'host' => 'localhost:7037',
  'accept-language' => 'zh-CN,zh;q=0.9',
  'accept-encoding' => 'gzip, deflate, br',
  'accept' => '*/*',
  'connection' => 'keep-alive',
  'cache-control' => 'no-cache',
)
[ info ] [ PARAM ] array (
)
[ info ] [ RUN ] app\home\controller\Blacklist->black[ D:\workLP\20180502\judeng\wwwroot\application\home\controller\Blacklist.php ]
[ info ] [ DB ] INIT mysql
[ info ] [ LOG ] INIT File
---------------------------------------------------------------
[ 2018-06-07T17:45:11+08:00 ] 0.0.0.0 POST /certified/addCertifie
[ info ] localhost:8020/certified/addCertifie [运行时间：0.145008s][吞吐率：6.90req/s] [内存消耗：2,196.69kb] [文件加载：47]
[ info ] [ LANG ] E:\wook\201804\judeng\thinkphp\lang\zh-cn.php
[ info ] [ BIND ] 'home'
[ info ] [ ROUTE ] array (
  'type' => 'module',
  'module' => 
  array (
    0 => 'home',
    1 => 'certified',
    2 => 'addCertifie',
  ),
)
[ info ] [ HEADER ] array (
  'content-type' => 'multipart/form-data; boundary=Boundary+BFE30B25F26404F3',
  'content-length' => '698656',
  'x-original-url' => '/certified/addCertifie',
  'user-agent' => 'YiSong/1.2.2 (iPhone; iOS 11.1.2; Scale/2.00)',
  'host' => 'localhost:8020',
  'accept-language' => 'zh-Hans-CN;q=1',
  'accept-encoding' => 'gzip, deflate',
  'accept' => '*/*',
  'connection' => 'keep-alive, keep-alive',
)
[ info ] [ PARAM ] array (
  'bank_id' => '4',
  'birthday' => '请选择',
  'deposit_name' => '后来',
  'deposit_number' => '6564',
  'goodat_id' => '85,84,77,79,80,83',
  'hospital_id' => '1',
  'hospital_repart_str' => '331',
  'idcode' => '320324199503176239',
  'introduction' => '测试测试数据包计划中有很多人在关注着自己不可以私信哦……好了……好好了就行了……嗯……嗯哼测试测试数据包计划中有很多人在关注着自己不可以私信哦……好了……好好了就行了……嗯……嗯哼测试测试数据包计划中有很多人在关注着自己不可以私信哦……好了……好好了就行了……嗯……嗯哼测试测试数据包计划中有很多人在关注着自己不可以私信哦……好了……好好了就行了……嗯……嗯哼测试测试数据包计划中有很多人在关注着自己不可以私信哦……好了……好好了就行了……嗯……嗯哼测试测试数据包计划中有很多人在关注着自己不可以私信哦……好了……好好了就行了……嗯……嗯哼测试测试数据包计划中有很多人在关注着自己不可以私信哦……好了……好好了就行了……嗯……嗯哼测试测试数据包计划中有很多人在关注着自己不可以私信哦……好了……好好了就行了……嗯……嗯哼测试测试数据包计划中有很多人在关注着自己不可以私信哦……好了……好好了就行了……嗯……嗯哼测试测试数据包计划中有很多人在关注着自己不可以私信哦……好了……好好了就行了……嗯……嗯哼测试测试数据包计划中有很多人在关注着自己不可以私信哦……好了……好好了就行了……嗯……嗯哼测试测试数据包计划中有很多人在关注着自己不可以私信哦……好了……好好了就行了……嗯……嗯哼测试测试数据包计划中有很多人在关注着自己不可以私信哦……好了……好好了就行了……嗯……嗯哼测试测试数据包计划中有很多人在关注着自己不可以私信哦……好了……好好了就行了……嗯……嗯哼测试测试数据包计划中有很多人在关注着自己不可以私信哦……好了……好好了就行了……嗯……嗯哼测试测试数据包计划中有很多人在关注着自己不可以私信哦……好了……好好了就行了……嗯……嗯哼测试测试数据包计划中有很多人在关注着自己不可以私信哦……好了……好好了就行了……嗯……嗯哼测试测试数据包计划中有很多人在关注着自己不可以私信哦……好了……好好了就行了……嗯……嗯哼测试测试数据包计划中有很多人在关注着自己不可以私信哦……好了……好好了就行了……嗯……嗯哼测试测试数据包计划中有很多人在关注着自己不可以私信哦……好了……好好了就行了……嗯……嗯哼测试测试数据包计划中有很多人在关注着自己不可以私信哦……好了……好好了就行了……嗯……嗯哼测试测试数据包计划中有很多人在关注着自己不可以私信哦……好了……好好了就行了……嗯……嗯哼测试测试数据包计划中有很多人在关注着自己不可以私信哦……好了……好好了就行了……嗯……嗯哼测试测试数据包计划中有很多人在关注着自己不可以私信哦……好了……好好了就行了……嗯……嗯哼测试测试数据包计划中有很多人在关注着自己不可以私信哦……好了……好好了就行了……嗯……嗯哼测试测试数据包计划中有很多人在关注着自己不可以私信哦……好了……好好了就行了……嗯……嗯哼测试测试数据包计划中有很多人在关注着自己不可以私信哦……好了……好好了就行了……嗯……嗯哼测试测试数据包计划中有很多人在关注着自己不可以私信哦……好了……好好了就行了……嗯……嗯哼测试测试数据包计划中有很多人在关注着自己不可以私信哦……好了……好好了就行了……嗯……嗯哼测试测试数据包计划中有很多人在关注着自己不可以私信哦……好了……好好了就行了……嗯……嗯哼测试测试数据包计划中有很多人在关注着自己不可以私信哦……好了……好好了就行了……嗯……嗯哼测试测试数据包计划中有很多人在关注着自己不可以私信哦……好了……好好了就行了……嗯……嗯哼测试测试数据包计划中有很多人在关注着自己不可以私信哦……好了……好好了就行了……嗯……嗯哼测试测试数据包计划中有很多人在关注着自己不可以私信哦……好了……好好了就行了……嗯……嗯哼测试测试数据包计划中有很多人在关注着自己不可以私信哦……好了……好好了就行了……嗯……嗯哼测试测试数据包计划中有很多人在关注着自己不可以私信哦……好了……好好了就行了……嗯……嗯哼测试测试数据包计划中有很多人在关注着自己不可以私信哦……好了……好好了就行了……嗯……嗯哼测试测试数据包计划中有很多人在关注着自己不可以私信哦……好了……好好了就行了……嗯……嗯哼测试测试数据包计划中有很多人在关注着自己不可以私信哦……好了……好好了就行了……嗯……嗯哼测试测试数据包计划中有很多人在关注着自己不可以私信哦……好了……好好了就行了……嗯……嗯哼测试测试数据包计划中有很多人在关注着自己不可以私信哦……好了……好好了就行了……嗯……嗯哼测试测试数据包计划中有很多人在关注着自己不可以私信哦……好了……好好了就行了……嗯……嗯哼测试测试数据包计划中有很多人在关注着自己不可以私信哦……好了……好好了就行了……嗯……嗯哼测试测试数据包计划中有很多人在关注着自己不可以私信哦……好了……好好了就行了……嗯……嗯哼测试测试数据包计划中有很多人在关注着自己不可以私信哦……好了……好好了就行了……嗯……嗯哼',
  'member_id' => '89',
  'mobile' => '17316392477',
  'sex' => '1',
  'title_id' => '16',
  'title_str' => '主治医师',
  'true_name' => '测试',
)
[ info ] [ RUN ] app\home\controller\Certified->addCertifie[ E:\wook\201804\judeng\application\home\controller\Certified.php ]
[ info ] [ DB ] INIT mysql
[ info ] [ LOG ] INIT File
[ sql ] [ DB ] CONNECT:[ UseTime:0.079005s ] mysql:host=39.105.19.169;port=3306;dbname=judeng;charset=utf8
---------------------------------------------------------------
[ 2018-06-07T17:46:07+08:00 ] 0.0.0.0 POST /certified/addCertifie
[ info ] localhost:8020/certified/addCertifie [运行时间：0.140008s][吞吐率：7.14req/s] [内存消耗：2,196.69kb] [文件加载：47]
[ info ] [ LANG ] E:\wook\201804\judeng\thinkphp\lang\zh-cn.php
[ info ] [ BIND ] 'home'
[ info ] [ ROUTE ] array (
  'type' => 'module',
  'module' => 
  array (
    0 => 'home',
    1 => 'certified',
    2 => 'addCertifie',
  ),
)
[ info ] [ HEADER ] array (
  'content-type' => 'multipart/form-data; boundary=Boundary+BFE30B25F26404F3',
  'content-length' => '698656',
  'x-original-url' => '/certified/addCertifie',
  'user-agent' => 'YiSong/1.2.2 (iPhone; iOS 11.1.2; Scale/2.00)',
  'host' => 'localhost:8020',
  'accept-language' => 'zh-Hans-CN;q=1',
  'accept-encoding' => 'gzip, deflate',
  'accept' => '*/*',
  'connection' => 'keep-alive, keep-alive',
)
[ info ] [ PARAM ] array (
  'bank_id' => '4',
  'birthday' => '请选择',
  'deposit_name' => '后来',
  'deposit_number' => '6564',
  'goodat_id' => '85,84,77,79,80,83',
  'hospital_id' => '1',
  'hospital_repart_str' => '331',
  'idcode' => '320324199503176239',
  'introduction' => '测试测试数据包计划中有很多人在关注着自己不可以私信哦……好了……好好了就行了……嗯……嗯哼测试测试数据包计划中有很多人在关注着自己不可以私信哦……好了……好好了就行了……嗯……嗯哼测试测试数据包计划中有很多人在关注着自己不可以私信哦……好了……好好了就行了……嗯……嗯哼测试测试数据包计划中有很多人在关注着自己不可以私信哦……好了……好好了就行了……嗯……嗯哼测试测试数据包计划中有很多人在关注着自己不可以私信哦……好了……好好了就行了……嗯……嗯哼测试测试数据包计划中有很多人在关注着自己不可以私信哦……好了……好好了就行了……嗯……嗯哼测试测试数据包计划中有很多人在关注着自己不可以私信哦……好了……好好了就行了……嗯……嗯哼测试测试数据包计划中有很多人在关注着自己不可以私信哦……好了……好好了就行了……嗯……嗯哼测试测试数据包计划中有很多人在关注着自己不可以私信哦……好了……好好了就行了……嗯……嗯哼测试测试数据包计划中有很多人在关注着自己不可以私信哦……好了……好好了就行了……嗯……嗯哼测试测试数据包计划中有很多人在关注着自己不可以私信哦……好了……好好了就行了……嗯……嗯哼测试测试数据包计划中有很多人在关注着自己不可以私信哦……好了……好好了就行了……嗯……嗯哼测试测试数据包计划中有很多人在关注着自己不可以私信哦……好了……好好了就行了……嗯……嗯哼测试测试数据包计划中有很多人在关注着自己不可以私信哦……好了……好好了就行了……嗯……嗯哼测试测试数据包计划中有很多人在关注着自己不可以私信哦……好了……好好了就行了……嗯……嗯哼测试测试数据包计划中有很多人在关注着自己不可以私信哦……好了……好好了就行了……嗯……嗯哼测试测试数据包计划中有很多人在关注着自己不可以私信哦……好了……好好了就行了……嗯……嗯哼测试测试数据包计划中有很多人在关注着自己不可以私信哦……好了……好好了就行了……嗯……嗯哼测试测试数据包计划中有很多人在关注着自己不可以私信哦……好了……好好了就行了……嗯……嗯哼测试测试数据包计划中有很多人在关注着自己不可以私信哦……好了……好好了就行了……嗯……嗯哼测试测试数据包计划中有很多人在关注着自己不可以私信哦……好了……好好了就行了……嗯……嗯哼测试测试数据包计划中有很多人在关注着自己不可以私信哦……好了……好好了就行了……嗯……嗯哼测试测试数据包计划中有很多人在关注着自己不可以私信哦……好了……好好了就行了……嗯……嗯哼测试测试数据包计划中有很多人在关注着自己不可以私信哦……好了……好好了就行了……嗯……嗯哼测试测试数据包计划中有很多人在关注着自己不可以私信哦……好了……好好了就行了……嗯……嗯哼测试测试数据包计划中有很多人在关注着自己不可以私信哦……好了……好好了就行了……嗯……嗯哼测试测试数据包计划中有很多人在关注着自己不可以私信哦……好了……好好了就行了……嗯……嗯哼测试测试数据包计划中有很多人在关注着自己不可以私信哦……好了……好好了就行了……嗯……嗯哼测试测试数据包计划中有很多人在关注着自己不可以私信哦……好了……好好了就行了……嗯……嗯哼测试测试数据包计划中有很多人在关注着自己不可以私信哦……好了……好好了就行了……嗯……嗯哼测试测试数据包计划中有很多人在关注着自己不可以私信哦……好了……好好了就行了……嗯……嗯哼测试测试数据包计划中有很多人在关注着自己不可以私信哦……好了……好好了就行了……嗯……嗯哼测试测试数据包计划中有很多人在关注着自己不可以私信哦……好了……好好了就行了……嗯……嗯哼测试测试数据包计划中有很多人在关注着自己不可以私信哦……好了……好好了就行了……嗯……嗯哼测试测试数据包计划中有很多人在关注着自己不可以私信哦……好了……好好了就行了……嗯……嗯哼测试测试数据包计划中有很多人在关注着自己不可以私信哦……好了……好好了就行了……嗯……嗯哼测试测试数据包计划中有很多人在关注着自己不可以私信哦……好了……好好了就行了……嗯……嗯哼测试测试数据包计划中有很多人在关注着自己不可以私信哦……好了……好好了就行了……嗯……嗯哼测试测试数据包计划中有很多人在关注着自己不可以私信哦……好了……好好了就行了……嗯……嗯哼测试测试数据包计划中有很多人在关注着自己不可以私信哦……好了……好好了就行了……嗯……嗯哼测试测试数据包计划中有很多人在关注着自己不可以私信哦……好了……好好了就行了……嗯……嗯哼测试测试数据包计划中有很多人在关注着自己不可以私信哦……好了……好好了就行了……嗯……嗯哼测试测试数据包计划中有很多人在关注着自己不可以私信哦……好了……好好了就行了……嗯……嗯哼测试测试数据包计划中有很多人在关注着自己不可以私信哦……好了……好好了就行了……嗯……嗯哼测试测试数据包计划中有很多人在关注着自己不可以私信哦……好了……好好了就行了……嗯……嗯哼',
  'member_id' => '89',
  'mobile' => '17316392477',
  'sex' => '1',
  'title_id' => '16',
  'title_str' => '主治医师',
  'true_name' => '测试',
)
[ info ] [ RUN ] app\home\controller\Certified->addCertifie[ E:\wook\201804\judeng\application\home\controller\Certified.php ]
[ info ] [ DB ] INIT mysql
[ info ] [ LOG ] INIT File
[ sql ] [ DB ] CONNECT:[ UseTime:0.083005s ] mysql:host=39.105.19.169;port=3306;dbname=judeng;charset=utf8
---------------------------------------------------------------
[ 2018-06-07T18:09:53+08:00 ] 0.0.0.0 POST /doctor/findData
[ info ] localhost:8020/doctor/findData [运行时间：0.029001s][吞吐率：34.48req/s] [内存消耗：2,029.78kb] [文件加载：44]
[ info ] [ LANG ] E:\wook\201804\judeng\thinkphp\lang\zh-cn.php
[ info ] [ BIND ] 'home'
[ info ] [ ROUTE ] array (
  'type' => 'module',
  'module' => 
  array (
    0 => 'home',
    1 => 'doctor',
    2 => 'findData',
  ),
)
[ info ] [ HEADER ] array (
  'content-type' => 'application/json',
  'content-length' => '246',
  'x-original-url' => '/doctor/findData',
  'user-agent' => 'YiSong/1.2.2 (iPhone; iOS 11.1.2; Scale/2.00)',
  'host' => 'localhost:8020',
  'accept-language' => 'zh-Hans-CN;q=1',
  'accept-encoding' => 'gzip, deflate',
  'accept' => '*/*',
  'connection' => 'keep-alive, keep-alive',
)
[ info ] [ PARAM ] array (
  'sign' => '62fab337ee20567892e8f223bb90273d',
  'doctor_id' => 89,
  '_time' => '1528366069',
  'only_token' => 'Authorization:Bearer YWMtcr5qEmo1EeiPnGucWKPSJQAAAAAAAAAAAAAAAAAAAAFb-H4gUBQR6Iijj4cnvWykAgMAAAFj2ZV8CQBPGgBCIdumlRJcdFYj3g1_imVYH6sYbJFGjKfApE7kMEz_ZQ',
)
[ info ] [ RUN ] app\home\controller\Doctor->findData[ E:\wook\201804\judeng\application\home\controller\Doctor.php ]
[ info ] [ LOG ] INIT File
---------------------------------------------------------------
[ 2018-06-07T18:10:04+08:00 ] 0.0.0.0 POST /other/jianpin
[ info ] localhost:8020/other/jianpin [运行时间：0.257015s][吞吐率：3.89req/s] [内存消耗：3,029.88kb] [文件加载：54]
[ info ] [ LANG ] E:\wook\201804\judeng\thinkphp\lang\zh-cn.php
[ info ] [ BIND ] 'home'
[ info ] [ ROUTE ] array (
  'type' => 'module',
  'module' => 
  array (
    0 => 'home',
    1 => 'other',
    2 => 'jianpin',
  ),
)
[ info ] [ HEADER ] array (
  'content-type' => 'multipart/form-data; boundary=--------------------------305802465702521726774985',
  'content-length' => '0',
  'x-original-url' => '/other/jianpin',
  'postman-token' => 'ebac7114-3d28-472f-ae91-44189a7648e6',
  'user-agent' => 'PostmanRuntime/3.0.11-hotfix.2',
  'host' => 'localhost:8020',
  'cookie' => 'PXAPP=7dcc70a9d9ea2f56fa610b53284775dc',
  'accept-encoding' => 'gzip, deflate',
  'accept' => '*/*',
  'connection' => 'keep-alive',
  'cache-control' => 'no-cache',
)
[ info ] [ PARAM ] array (
)
[ info ] [ RUN ] app\home\controller\Other->jianpin[ E:\wook\201804\judeng\application\home\controller\Other.php ]
[ info ] [ DB ] INIT mysql
[ info ] [ LOG ] INIT File
[ sql ] [ DB ] CONNECT:[ UseTime:0.086005s ] mysql:host=39.105.19.169;port=3306;dbname=judeng;charset=utf8
[ sql ] [ SQL ] SHOW COLUMNS FROM `jd_drug` [ RunTime:0.057003s ]
[ sql ] [ SQL ] SELECT * FROM `jd_drug` WHERE  (  keywords = '' ) LIMIT 0,50 [ RunTime:0.060004s ]
[ error ] [8]未定义数组索引: only_token[E:\wook\201804\judeng\application\common.php:82]
---------------------------------------------------------------
[ 2018-06-07T18:10:08+08:00 ] 0.0.0.0 POST /doctor/findData
[ info ] localhost:8020/doctor/findData [运行时间：0.332019s][吞吐率：3.01req/s] [内存消耗：3,160.16kb] [文件加载：58]
[ info ] [ LANG ] E:\wook\201804\judeng\thinkphp\lang\zh-cn.php
[ info ] [ BIND ] 'home'
[ info ] [ ROUTE ] array (
  'type' => 'module',
  'module' => 
  array (
    0 => 'home',
    1 => 'doctor',
    2 => 'findData',
  ),
)
[ info ] [ HEADER ] array (
  'content-type' => 'application/json',
  'content-length' => '246',
  'x-original-url' => '/doctor/findData',
  'user-agent' => 'YiSong/1.2.2 (iPhone; iOS 11.1.2; Scale/2.00)',
  'host' => 'localhost:8020',
  'accept-language' => 'zh-Hans-CN;q=1',
  'accept-encoding' => 'gzip, deflate',
  'accept' => '*/*',
  'connection' => 'keep-alive, keep-alive',
)
[ info ] [ PARAM ] array (
  'sign' => '62fab337ee20567892e8f223bb90273d',
  'doctor_id' => 89,
  '_time' => '1528366069',
  'only_token' => 'Authorization:Bearer YWMtcr5qEmo1EeiPnGucWKPSJQAAAAAAAAAAAAAAAAAAAAFb-H4gUBQR6Iijj4cnvWykAgMAAAFj2ZV8CQBPGgBCIdumlRJcdFYj3g1_imVYH6sYbJFGjKfApE7kMEz_ZQ',
)
[ info ] [ RUN ] app\home\controller\Doctor->findData[ E:\wook\201804\judeng\application\home\controller\Doctor.php ]
[ info ] [ DB ] INIT mysql
[ info ] [ LOG ] INIT File
[ sql ] [ DB ] CONNECT:[ UseTime:0.086005s ] mysql:host=39.105.19.169;port=3306;dbname=judeng;charset=utf8
[ sql ] [ SQL ] SHOW COLUMNS FROM `jd_doctor` [ RunTime:0.059003s ]
[ sql ] [ SQL ] SELECT `member_id`,`true_name`,`title_str`,`inherit`,`school_str`,`face_photo`,`goodat_id`,`introduction`,`hospital_id` FROM `jd_doctor` WHERE  (  member_id = 89 ) LIMIT 1 [ RunTime:0.058003s ]
[ sql ] [ SQL ] SHOW COLUMNS FROM `jd_school` [ RunTime:0.058004s ]
[ error ] [10501]SQLSTATE[42000]: Syntax error or access violation: 1064 You have an error in your SQL syntax; check the manual that corresponds to your MySQL server version for the right syntax to use near ') AND is_display = 1 )' at line 1[E:\wook\201804\judeng\thinkphp\library\think\db\Connection.php:388]
---------------------------------------------------------------
[ 2018-06-07T18:10:18+08:00 ] 0.0.0.0 POST /doctor/findData
[ info ] localhost:8020/doctor/findData [运行时间：0.235014s][吞吐率：4.26req/s] [内存消耗：3,007.50kb] [文件加载：51]
[ info ] [ LANG ] E:\wook\201804\judeng\thinkphp\lang\zh-cn.php
[ info ] [ BIND ] 'home'
[ info ] [ ROUTE ] array (
  'type' => 'module',
  'module' => 
  array (
    0 => 'home',
    1 => 'doctor',
    2 => 'findData',
  ),
)
[ info ] [ HEADER ] array (
  'content-type' => 'application/json',
  'content-length' => '246',
  'x-original-url' => '/doctor/findData',
  'user-agent' => 'YiSong/1.2.2 (iPhone; iOS 11.1.2; Scale/2.00)',
  'host' => 'localhost:8020',
  'accept-language' => 'zh-Hans-CN;q=1',
  'accept-encoding' => 'gzip, deflate',
  'accept' => '*/*',
  'connection' => 'keep-alive, keep-alive',
)
[ info ] [ PARAM ] array (
  'sign' => '62fab337ee20567892e8f223bb90273d',
  'doctor_id' => 89,
  '_time' => '1528366069',
  'only_token' => 'Authorization:Bearer YWMtcr5qEmo1EeiPnGucWKPSJQAAAAAAAAAAAAAAAAAAAAFb-H4gUBQR6Iijj4cnvWykAgMAAAFj2ZV8CQBPGgBCIdumlRJcdFYj3g1_imVYH6sYbJFGjKfApE7kMEz_ZQ',
)
[ info ] [ RUN ] app\home\controller\Doctor->findData[ E:\wook\201804\judeng\application\home\controller\Doctor.php ]
[ info ] [ DB ] INIT mysql
[ info ] [ LOG ] INIT File
[ sql ] [ DB ] CONNECT:[ UseTime:0.081004s ] mysql:host=39.105.19.169;port=3306;dbname=judeng;charset=utf8
[ sql ] [ SQL ] SHOW COLUMNS FROM `jd_doctor` [ RunTime:0.056003s ]
[ sql ] [ SQL ] SELECT `member_id`,`true_name`,`title_str`,`inherit`,`school_str`,`face_photo`,`goodat_id`,`introduction`,`hospital_id` FROM `jd_doctor` WHERE  (  member_id = 89 ) LIMIT 1 [ RunTime:0.055004s ]
---------------------------------------------------------------
[ 2018-06-07T18:10:36+08:00 ] 0.0.0.0 POST /doctor/findData
[ info ] localhost:8020/doctor/findData [运行时间：0.343019s][吞吐率：2.92req/s] [内存消耗：3,160.42kb] [文件加载：58]
[ info ] [ LANG ] E:\wook\201804\judeng\thinkphp\lang\zh-cn.php
[ info ] [ BIND ] 'home'
[ info ] [ ROUTE ] array (
  'type' => 'module',
  'module' => 
  array (
    0 => 'home',
    1 => 'doctor',
    2 => 'findData',
  ),
)
[ info ] [ HEADER ] array (
  'content-type' => 'application/json',
  'content-length' => '246',
  'x-original-url' => '/doctor/findData',
  'user-agent' => 'YiSong/1.2.2 (iPhone; iOS 11.1.2; Scale/2.00)',
  'host' => 'localhost:8020',
  'accept-language' => 'zh-Hans-CN;q=1',
  'accept-encoding' => 'gzip, deflate',
  'accept' => '*/*',
  'connection' => 'keep-alive, keep-alive',
)
[ info ] [ PARAM ] array (
  'sign' => '62fab337ee20567892e8f223bb90273d',
  'doctor_id' => 89,
  '_time' => '1528366069',
  'only_token' => 'Authorization:Bearer YWMtcr5qEmo1EeiPnGucWKPSJQAAAAAAAAAAAAAAAAAAAAFb-H4gUBQR6Iijj4cnvWykAgMAAAFj2ZV8CQBPGgBCIdumlRJcdFYj3g1_imVYH6sYbJFGjKfApE7kMEz_ZQ',
)
[ info ] [ RUN ] app\home\controller\Doctor->findData[ E:\wook\201804\judeng\application\home\controller\Doctor.php ]
[ info ] [ DB ] INIT mysql
[ info ] [ LOG ] INIT File
[ sql ] [ DB ] CONNECT:[ UseTime:0.084005s ] mysql:host=39.105.19.169;port=3306;dbname=judeng;charset=utf8
[ sql ] [ SQL ] SHOW COLUMNS FROM `jd_doctor` [ RunTime:0.058003s ]
[ sql ] [ SQL ] SELECT `member_id`,`true_name`,`title_str`,`inherit`,`school_str`,`face_photo`,`goodat_id`,`introduction`,`hospital_id` FROM `jd_doctor` WHERE  (  member_id = 89 ) LIMIT 1 [ RunTime:0.056003s ]
[ sql ] [ SQL ] SHOW COLUMNS FROM `jd_school` [ RunTime:0.057004s ]
[ error ] [10501]SQLSTATE[42000]: Syntax error or access violation: 1064 You have an error in your SQL syntax; check the manual that corresponds to your MySQL server version for the right syntax to use near ') AND is_display = 1 )' at line 1[E:\wook\201804\judeng\thinkphp\library\think\db\Connection.php:388]
---------------------------------------------------------------
[ 2018-06-07T18:11:38+08:00 ] 0.0.0.0 POST /doctor/findData
[ info ] localhost:8020/doctor/findData [运行时间：0.264016s][吞吐率：3.79req/s] [内存消耗：3,007.75kb] [文件加载：51]
[ info ] [ LANG ] E:\wook\201804\judeng\thinkphp\lang\zh-cn.php
[ info ] [ BIND ] 'home'
[ info ] [ ROUTE ] array (
  'type' => 'module',
  'module' => 
  array (
    0 => 'home',
    1 => 'doctor',
    2 => 'findData',
  ),
)
[ info ] [ HEADER ] array (
  'content-type' => 'application/json',
  'content-length' => '246',
  'x-original-url' => '/doctor/findData',
  'user-agent' => 'YiSong/1.2.2 (iPhone; iOS 11.1.2; Scale/2.00)',
  'host' => 'localhost:8020',
  'accept-language' => 'zh-Hans-CN;q=1',
  'accept-encoding' => 'gzip, deflate',
  'accept' => '*/*',
  'connection' => 'keep-alive, keep-alive',
)
[ info ] [ PARAM ] array (
  'sign' => '62fab337ee20567892e8f223bb90273d',
  'doctor_id' => 89,
  '_time' => '1528366069',
  'only_token' => 'Authorization:Bearer YWMtcr5qEmo1EeiPnGucWKPSJQAAAAAAAAAAAAAAAAAAAAFb-H4gUBQR6Iijj4cnvWykAgMAAAFj2ZV8CQBPGgBCIdumlRJcdFYj3g1_imVYH6sYbJFGjKfApE7kMEz_ZQ',
)
[ info ] [ RUN ] app\home\controller\Doctor->findData[ E:\wook\201804\judeng\application\home\controller\Doctor.php ]
[ info ] [ DB ] INIT mysql
[ info ] [ LOG ] INIT File
[ sql ] [ DB ] CONNECT:[ UseTime:0.079004s ] mysql:host=39.105.19.169;port=3306;dbname=judeng;charset=utf8
[ sql ] [ SQL ] SHOW COLUMNS FROM `jd_doctor` [ RunTime:0.055003s ]
[ sql ] [ SQL ] SELECT `member_id`,`true_name`,`title_str`,`inherit`,`school_str`,`face_photo`,`goodat_id`,`introduction`,`hospital_id` FROM `jd_doctor` WHERE  (  member_id = 89 ) LIMIT 1 [ RunTime:0.054003s ]
---------------------------------------------------------------
[ 2018-06-07T18:11:47+08:00 ] 0.0.0.0 POST /doctor/findData
[ info ] localhost:8020/doctor/findData [运行时间：0.589034s][吞吐率：1.70req/s] [内存消耗：3,113.83kb] [文件加载：54]
[ info ] [ LANG ] E:\wook\201804\judeng\thinkphp\lang\zh-cn.php
[ info ] [ BIND ] 'home'
[ info ] [ ROUTE ] array (
  'type' => 'module',
  'module' => 
  array (
    0 => 'home',
    1 => 'doctor',
    2 => 'findData',
  ),
)
[ info ] [ HEADER ] array (
  'content-type' => 'application/json',
  'content-length' => '246',
  'x-original-url' => '/doctor/findData',
  'user-agent' => 'YiSong/1.2.2 (iPhone; iOS 11.1.2; Scale/2.00)',
  'host' => 'localhost:8020',
  'accept-language' => 'zh-Hans-CN;q=1',
  'accept-encoding' => 'gzip, deflate',
  'accept' => '*/*',
  'connection' => 'keep-alive, keep-alive',
)
[ info ] [ PARAM ] array (
  'sign' => '62fab337ee20567892e8f223bb90273d',
  'doctor_id' => 89,
  '_time' => '1528366069',
  'only_token' => 'Authorization:Bearer YWMtcr5qEmo1EeiPnGucWKPSJQAAAAAAAAAAAAAAAAAAAAFb-H4gUBQR6Iijj4cnvWykAgMAAAFj2ZV8CQBPGgBCIdumlRJcdFYj3g1_imVYH6sYbJFGjKfApE7kMEz_ZQ',
)
[ info ] [ RUN ] app\home\controller\Doctor->findData[ E:\wook\201804\judeng\application\home\controller\Doctor.php ]
[ info ] [ DB ] INIT mysql
[ info ] [ LOG ] INIT File
[ sql ] [ DB ] CONNECT:[ UseTime:0.084004s ] mysql:host=39.105.19.169;port=3306;dbname=judeng;charset=utf8
[ sql ] [ SQL ] SHOW COLUMNS FROM `jd_doctor` [ RunTime:0.058004s ]
[ sql ] [ SQL ] SELECT `member_id`,`true_name`,`title_str`,`inherit`,`school_str`,`face_photo`,`goodat_id`,`introduction`,`hospital_id` FROM `jd_doctor` WHERE  (  member_id = 89 ) LIMIT 1 [ RunTime:0.054003s ]
[ sql ] [ SQL ] SHOW COLUMNS FROM `jd_hospital` [ RunTime:0.054003s ]
[ sql ] [ SQL ] SELECT `hospital_name` FROM `jd_hospital` WHERE  (  hospital_id = 1 ) LIMIT 1 [ RunTime:0.055003s ]
[ sql ] [ SQL ] SHOW COLUMNS FROM `jd_goodat` [ RunTime:0.058004s ]
[ sql ] [ SQL ] SELECT * FROM `jd_goodat` WHERE  `goodat_id` IN (61,74,77,79,80,83,84,85)  AND (  is_show = 1 and level = 2 ) ORDER BY `sort`  DESC [ RunTime:0.055003s ]
[ sql ] [ SQL ] SHOW COLUMNS FROM `jd_notice` [ RunTime:0.058003s ]
[ sql ] [ SQL ] SELECT `notice_id`,`notice_name`,`add_date` FROM `jd_notice` WHERE  (  doctor_id = 89 ) [ RunTime:0.053003s ]
[ error ] [8]未定义数组索引: only_token[E:\wook\201804\judeng\application\common.php:82]
