---------------------------------------------------------------
[ 2018-06-15T01:12:08+08:00 ] 0.0.0.0 POST /member/dologin
[ info ] localhost:7037/member/dologin [运行时间：0.035490s][吞吐率：28.18req/s] [内存消耗：2,144.95kb] [文件加载：44]
[ info ] [ LANG ] D:\workLP\20180502\judeng\wwwroot\thinkphp\lang\zh-cn.php
[ info ] [ BIND ] 'home'
[ info ] [ ROUTE ] array (
  'type' => 'module',
  'module' => 
  array (
    0 => 'home',
    1 => 'member',
    2 => 'dologin',
  ),
)
[ info ] [ HEADER ] array (
  'content-type' => 'multipart/form-data; boundary=----WebKitFormBoundaryjkiGUxoLjnkDROuH',
  'content-length' => '543',
  'x-original-url' => '/member/dologin',
  'postman-token' => '555f5783-85e7-6fca-5081-cd34209e460d',
  'origin' => 'chrome-extension://fhbjgbiflinjbdggehcddcbncdddomop',
  'user-agent' => 'Mozilla/5.0 (Windows NT 10.0; Win64; x64) AppleWebKit/537.36 (KHTML, like Gecko) Chrome/66.0.3359.139 Safari/537.36',
  'host' => 'localhost:7037',
  'accept-language' => 'zh-CN,zh;q=0.9',
  'accept-encoding' => 'gzip, deflate, br',
  'accept' => '*/*',
  'connection' => 'keep-alive',
  'cache-control' => 'no-cache',
)
[ info ] [ PARAM ] array (
  'mobile' => '15021039435',
  'password' => '123456',
  'device_tokens' => '',
  'is_system' => '1',
  'only_token' => '',
)
[ info ] [ RUN ] app\home\controller\Member->dologin[ D:\workLP\20180502\judeng\wwwroot\application\home\controller\Member.php ]
[ info ] [ LOG ] INIT File
---------------------------------------------------------------
[ 2018-06-15T01:12:22+08:00 ] 0.0.0.0 POST /member/dologin
[ info ] localhost:7037/member/dologin [运行时间：1.006596s][吞吐率：0.99req/s] [内存消耗：3,738.02kb] [文件加载：54]
[ info ] [ LANG ] D:\workLP\20180502\judeng\wwwroot\thinkphp\lang\zh-cn.php
[ info ] [ BIND ] 'home'
[ info ] [ ROUTE ] array (
  'type' => 'module',
  'module' => 
  array (
    0 => 'home',
    1 => 'member',
    2 => 'dologin',
  ),
)
[ info ] [ HEADER ] array (
  'content-type' => 'multipart/form-data; boundary=----WebKitFormBoundary67MjhTFDzijTmGd8',
  'content-length' => '552',
  'x-original-url' => '/member/dologin',
  'postman-token' => '78876a36-9c2d-d1ac-0e80-23a7e759b560',
  'origin' => 'chrome-extension://fhbjgbiflinjbdggehcddcbncdddomop',
  'user-agent' => 'Mozilla/5.0 (Windows NT 10.0; Win64; x64) AppleWebKit/537.36 (KHTML, like Gecko) Chrome/66.0.3359.139 Safari/537.36',
  'host' => 'localhost:7037',
  'cookie' => 'PHPSESSID=ac0mf70c6pv7cqp4u0aqjlmdm1',
  'accept-language' => 'zh-CN,zh;q=0.9',
  'accept-encoding' => 'gzip, deflate, br',
  'accept' => '*/*',
  'connection' => 'keep-alive',
  'cache-control' => 'no-cache',
)
[ info ] [ PARAM ] array (
  'mobile' => '15021039435',
  'password' => '123456',
  'device_tokens' => '123123213',
  'is_system' => '1',
  'only_token' => '',
)
[ info ] [ RUN ] app\home\controller\Member->dologin[ D:\workLP\20180502\judeng\wwwroot\application\home\controller\Member.php ]
[ info ] [ DB ] INIT mysql
[ info ] [ LOG ] INIT File
[ sql ] [ DB ] CONNECT:[ UseTime:0.037341s ] mysql:host=118.25.179.178;port=3306;dbname=judeng;charset=utf8
[ sql ] [ SQL ] SHOW COLUMNS FROM `jd_doctor` [ RunTime:0.032959s ]
[ sql ] [ SQL ] SELECT `member_id`,`member_sn`,`member_name`,`mobile`,`password`,`guid`,`true_name`,`is_clinic`,`is_certified`,`login_state`,`device_tokens`,`is_status` FROM `jd_doctor` WHERE  `mobile` = '15021039435' LIMIT 1 [ RunTime:0.027685s ]
[ sql ] [ SQL ] UPDATE `jd_doctor`  SET `login_ip`='0.0.0.0',`login_time`=1528996342,`is_system`=1,`device_tokens`='123123213',`login_state`=1,`only_token`='1528996342MNUqH{'  WHERE  `mobile` = '15021039435' [ RunTime:0.033190s ]
[ sql ] [ SQL ] SHOW COLUMNS FROM `jd_sys_setting` [ RunTime:0.023143s ]
[ sql ] [ SQL ] SELECT * FROM `jd_sys_setting` [ RunTime:0.032970s ]
---------------------------------------------------------------
[ 2018-06-15T01:13:47+08:00 ] 0.0.0.0 POST /member/getDoctorInfo
[ info ] localhost:7037/member/getDoctorInfo [运行时间：0.477577s][吞吐率：2.09req/s] [内存消耗：3,644.42kb] [文件加载：53]
[ info ] [ LANG ] D:\workLP\20180502\judeng\wwwroot\thinkphp\lang\zh-cn.php
[ info ] [ BIND ] 'home'
[ info ] [ ROUTE ] array (
  'type' => 'module',
  'module' => 
  array (
    0 => 'home',
    1 => 'member',
    2 => 'getDoctorInfo',
  ),
)
[ info ] [ HEADER ] array (
  'content-type' => 'multipart/form-data; boundary=----WebKitFormBoundaryEm5XfBEqjDeurfzo',
  'content-length' => '256',
  'x-original-url' => '/member/getDoctorInfo',
  'postman-token' => '40a6f4b6-f39a-e9ec-36ae-92ef4db3be6d',
  'origin' => 'chrome-extension://fhbjgbiflinjbdggehcddcbncdddomop',
  'user-agent' => 'Mozilla/5.0 (Windows NT 10.0; Win64; x64) AppleWebKit/537.36 (KHTML, like Gecko) Chrome/66.0.3359.139 Safari/537.36',
  'host' => 'localhost:7037',
  'cookie' => 'PHPSESSID=ac0mf70c6pv7cqp4u0aqjlmdm1',
  'accept-language' => 'zh-CN,zh;q=0.9',
  'accept-encoding' => 'gzip, deflate, br',
  'accept' => '*/*',
  'connection' => 'keep-alive',
  'cache-control' => 'no-cache',
)
[ info ] [ PARAM ] array (
  'member_id' => '170',
  'only_token' => '1528978622LoFH87',
)
[ info ] [ RUN ] app\home\controller\Member->getDoctorInfo[ D:\workLP\20180502\judeng\wwwroot\application\home\controller\Member.php ]
[ info ] [ DB ] INIT mysql
[ info ] [ LOG ] INIT File
[ sql ] [ DB ] CONNECT:[ UseTime:0.031144s ] mysql:host=118.25.179.178;port=3306;dbname=judeng;charset=utf8
[ sql ] [ SQL ] SHOW COLUMNS FROM `jd_doctor` [ RunTime:0.024769s ]
[ sql ] [ SQL ] SELECT `d`.*,`t`.`title_name`,`a`.`name`,`h`.`hospital_name` FROM `jd_doctor` `d` LEFT JOIN `jd_title` `t` ON `d`.`title_id`=`t`.`title_id` LEFT JOIN `jd_area` `a` ON `d`.`area_id`=`a`.`area_id` LEFT JOIN `jd_hospital` `h` ON `d`.`hospital_id`=`h`.`hospital_id` WHERE  `member_id` = 170 LIMIT 1 [ RunTime:0.019680s ]
[ sql ] [ SQL ] SHOW COLUMNS FROM `jd_order` [ RunTime:0.019793s ]
[ sql ] [ SQL ] SELECT COUNT(*) AS tp_count FROM `jd_order` `o`,`jd_order_prescription` `op` WHERE  (  o.`order_id` = op.`order_id` and op.`prescription_type` = 0 and o.order_type = 3 and o.doctor_id = 170 ) LIMIT 1 [ RunTime:0.019742s ]
[ sql ] [ SQL ] SHOW COLUMNS FROM `jd_doctor_member` [ RunTime:0.020218s ]
[ sql ] [ SQL ] SELECT COUNT(*) AS tp_count FROM `jd_doctor_member` `s`,`jd_member` `m` WHERE  (  s.doctor_id = 170 and s.`member_id` = m.`member_id` ) LIMIT 1 [ RunTime:0.021122s ]
[ sql ] [ SQL ] SHOW COLUMNS FROM `jd_service_evaluation` [ RunTime:0.018644s ]
[ sql ] [ SQL ] SELECT COUNT(*) AS tp_count FROM `jd_service_evaluation` `s`,`jd_member` `m` WHERE  (  s.is_show = 1 and s.doctor_id = 170 and s.`member_id` = m.`member_id` ) LIMIT 1 [ RunTime:0.017327s ]
[ sql ] [ SQL ] SHOW COLUMNS FROM `jd_sys_setting` [ RunTime:0.020497s ]
[ sql ] [ SQL ] SELECT * FROM `jd_sys_setting` [ RunTime:0.034844s ]
[ sql ] [ SQL ] SHOW COLUMNS FROM `jd_ad` [ RunTime:0.019650s ]
[ sql ] [ SQL ] SELECT `ad_title`,`ad_img`,`ad_url`,`add_date` FROM `jd_ad` WHERE  (  type_id = 0 and is_display = 1 ) ORDER BY `ad_sort` ASC [ RunTime:0.020726s ]
[ sql ] [ SQL ] SHOW COLUMNS FROM `jd_self_goods` [ RunTime:0.023980s ]
[ sql ] [ SQL ] SELECT COUNT(*) AS tp_count FROM `jd_self_goods` WHERE  (  member_id = 170 AND content != '' AND is_checked = 2 AND end_date > 1528996427 ) LIMIT 1 [ RunTime:0.025109s ]
[ sql ] [ SQL ] SHOW COLUMNS FROM `jd_deposit` [ RunTime:0.018600s ]
[ sql ] [ SQL ] SELECT `d`.`bank_id`,`d`.`deposit_name`,`d`.`deposit_number`,`d`.`opening_bank`,`d`.`mobile`,`b`.`bank_name`,d.mobile as bank_mobile,`d`.`deposit_id` FROM `jd_deposit` `d` INNER JOIN `jd_bank` `b` ON `d`.`bank_id`=`b`.`bank_id` WHERE  (  d.member_id = 170 ) LIMIT 1 [ RunTime:0.017756s ]
[ sql ] [ SQL ] SELECT COUNT(*) AS tp_count FROM `jd_doctor` WHERE  `only_token` = '1528978622LoFH87'  AND `is_status` = 0 LIMIT 1 [ RunTime:0.026987s ]
---------------------------------------------------------------
[ 2018-06-15T01:24:32+08:00 ] 0.0.0.0 POST /member/getDoctorInfo
[ info ] localhost:7037/member/getDoctorInfo [运行时间：0.680546s][吞吐率：1.47req/s] [内存消耗：3,653.39kb] [文件加载：53]
[ info ] [ LANG ] D:\workLP\20180502\judeng\wwwroot\thinkphp\lang\zh-cn.php
[ info ] [ BIND ] 'home'
[ info ] [ ROUTE ] array (
  'type' => 'module',
  'module' => 
  array (
    0 => 'home',
    1 => 'member',
    2 => 'getDoctorInfo',
  ),
)
[ info ] [ HEADER ] array (
  'content-type' => 'multipart/form-data; boundary=----WebKitFormBoundarycRgSN6TntBoMLAXc',
  'content-length' => '255',
  'x-original-url' => '/member/getDoctorInfo',
  'postman-token' => '3f2dc8a8-9b95-e6af-b736-0ca389c6216b',
  'origin' => 'chrome-extension://fhbjgbiflinjbdggehcddcbncdddomop',
  'user-agent' => 'Mozilla/5.0 (Windows NT 10.0; Win64; x64) AppleWebKit/537.36 (KHTML, like Gecko) Chrome/66.0.3359.139 Safari/537.36',
  'host' => 'localhost:7037',
  'cookie' => 'PHPSESSID=ac0mf70c6pv7cqp4u0aqjlmdm1',
  'accept-language' => 'zh-CN,zh;q=0.9',
  'accept-encoding' => 'gzip, deflate, br',
  'accept' => '*/*',
  'connection' => 'keep-alive',
  'cache-control' => 'no-cache',
)
[ info ] [ PARAM ] array (
  'member_id' => '70',
  'only_token' => '1528996751(Gsat{',
)
[ info ] [ RUN ] app\home\controller\Member->getDoctorInfo[ D:\workLP\20180502\judeng\wwwroot\application\home\controller\Member.php ]
[ info ] [ DB ] INIT mysql
[ info ] [ LOG ] INIT File
[ sql ] [ DB ] CONNECT:[ UseTime:0.045667s ] mysql:host=118.25.179.178;port=3306;dbname=judeng;charset=utf8
[ sql ] [ SQL ] SHOW COLUMNS FROM `jd_doctor` [ RunTime:0.078859s ]
[ sql ] [ SQL ] SELECT `d`.*,`t`.`title_name`,`a`.`name`,`h`.`hospital_name` FROM `jd_doctor` `d` LEFT JOIN `jd_title` `t` ON `d`.`title_id`=`t`.`title_id` LEFT JOIN `jd_area` `a` ON `d`.`area_id`=`a`.`area_id` LEFT JOIN `jd_hospital` `h` ON `d`.`hospital_id`=`h`.`hospital_id` WHERE  `member_id` = 70 LIMIT 1 [ RunTime:0.063836s ]
[ sql ] [ SQL ] SHOW COLUMNS FROM `jd_order` [ RunTime:0.027707s ]
[ sql ] [ SQL ] SELECT COUNT(*) AS tp_count FROM `jd_order` `o`,`jd_order_prescription` `op` WHERE  (  o.`order_id` = op.`order_id` and op.`prescription_type` = 0 and o.order_type = 3 and o.doctor_id = 70 ) LIMIT 1 [ RunTime:0.020378s ]
[ sql ] [ SQL ] SHOW COLUMNS FROM `jd_doctor_member` [ RunTime:0.027682s ]
[ sql ] [ SQL ] SELECT COUNT(*) AS tp_count FROM `jd_doctor_member` `s`,`jd_member` `m` WHERE  (  s.doctor_id = 70 and s.`member_id` = m.`member_id` ) LIMIT 1 [ RunTime:0.026154s ]
[ sql ] [ SQL ] SHOW COLUMNS FROM `jd_service_evaluation` [ RunTime:0.025378s ]
[ sql ] [ SQL ] SELECT COUNT(*) AS tp_count FROM `jd_service_evaluation` `s`,`jd_member` `m` WHERE  (  s.is_show = 1 and s.doctor_id = 70 and s.`member_id` = m.`member_id` ) LIMIT 1 [ RunTime:0.020161s ]
[ sql ] [ SQL ] SHOW COLUMNS FROM `jd_sys_setting` [ RunTime:0.022499s ]
[ sql ] [ SQL ] SELECT * FROM `jd_sys_setting` [ RunTime:0.024379s ]
[ sql ] [ SQL ] SHOW COLUMNS FROM `jd_ad` [ RunTime:0.022817s ]
[ sql ] [ SQL ] SELECT `ad_title`,`ad_img`,`ad_url`,`add_date` FROM `jd_ad` WHERE  (  type_id = 0 and is_display = 1 ) ORDER BY `ad_sort` ASC [ RunTime:0.027311s ]
[ sql ] [ SQL ] SHOW COLUMNS FROM `jd_self_goods` [ RunTime:0.027315s ]
[ sql ] [ SQL ] SELECT COUNT(*) AS tp_count FROM `jd_self_goods` WHERE  (  member_id = 70 AND content != '' AND is_checked = 2 AND end_date > 1528997072 ) LIMIT 1 [ RunTime:0.023280s ]
[ sql ] [ SQL ] SHOW COLUMNS FROM `jd_hospital_repart` [ RunTime:0.021214s ]
[ sql ] [ SQL ] SELECT `d`.`department_name` FROM `jd_hospital_repart` `hr` INNER JOIN `jd_department` `d` ON `d`.`department_id`=`hr`.`department_id` WHERE  (  hr.hospital_repart_id IN(5,760,831) AND d.is_show = 1 ) [ RunTime:0.025135s ]
[ sql ] [ SQL ] SHOW COLUMNS FROM `jd_deposit` [ RunTime:0.022811s ]
[ sql ] [ SQL ] SELECT `d`.`bank_id`,`d`.`deposit_name`,`d`.`deposit_number`,`d`.`opening_bank`,`d`.`mobile`,`b`.`bank_name`,d.mobile as bank_mobile,`d`.`deposit_id` FROM `jd_deposit` `d` INNER JOIN `jd_bank` `b` ON `d`.`bank_id`=`b`.`bank_id` WHERE  (  d.member_id = 70 ) LIMIT 1 [ RunTime:0.019841s ]
[ sql ] [ SQL ] SELECT COUNT(*) AS tp_count FROM `jd_doctor` WHERE  `only_token` = '1528996751(Gsat{'  AND `is_status` = 0 LIMIT 1 [ RunTime:0.025625s ]
---------------------------------------------------------------
[ 2018-06-15T01:43:26+08:00 ] 0.0.0.0 POST /member/getDoctorInfo
[ info ] localhost:7037/member/getDoctorInfo [运行时间：0.681340s][吞吐率：1.47req/s] [内存消耗：3,732.31kb] [文件加载：56]
[ info ] [ LANG ] D:\workLP\20180502\judeng\wwwroot\thinkphp\lang\zh-cn.php
[ info ] [ BIND ] 'home'
[ info ] [ ROUTE ] array (
  'type' => 'module',
  'module' => 
  array (
    0 => 'home',
    1 => 'member',
    2 => 'getDoctorInfo',
  ),
)
[ info ] [ HEADER ] array (
  'content-type' => 'application/json',
  'content-length' => '103',
  'x-original-url' => '/member/getDoctorInfo',
  'user-agent' => 'YiSong/1.2.4 (iPhone; iOS 11.4; Scale/3.00)',
  'host' => 'localhost:7037',
  'cookie' => 'PHPSESSID=av4ve0nfs9r5jakrt1rdkm7e92',
  'accept-language' => 'zh-Hans-CN;q=1',
  'accept-encoding' => 'gzip, deflate',
  'accept' => '*/*',
  'connection' => 'keep-alive, keep-alive',
)
[ info ] [ PARAM ] array (
  'sign' => 'dc0d09b74321736f7b5a44664537696a',
  'member_id' => 70,
  '_time' => '1528998094',
  'only_token' => 'lZI7v4lg',
)
[ info ] [ RUN ] app\home\controller\Member->getDoctorInfo[ D:\workLP\20180502\judeng\wwwroot\application\home\controller\Member.php ]
[ info ] [ DB ] INIT mysql
[ info ] [ LOG ] INIT File
[ sql ] [ DB ] CONNECT:[ UseTime:0.053650s ] mysql:host=118.25.179.178;port=3306;dbname=judeng;charset=utf8
[ sql ] [ SQL ] SHOW COLUMNS FROM `jd_doctor` [ RunTime:0.025381s ]
[ sql ] [ SQL ] SELECT `d`.*,`t`.`title_name`,`a`.`name`,`h`.`hospital_name` FROM `jd_doctor` `d` LEFT JOIN `jd_title` `t` ON `d`.`title_id`=`t`.`title_id` LEFT JOIN `jd_area` `a` ON `d`.`area_id`=`a`.`area_id` LEFT JOIN `jd_hospital` `h` ON `d`.`hospital_id`=`h`.`hospital_id` WHERE  `member_id` = 70 LIMIT 1 [ RunTime:0.019664s ]
[ sql ] [ SQL ] SHOW COLUMNS FROM `jd_order` [ RunTime:0.024900s ]
[ sql ] [ SQL ] SELECT COUNT(*) AS tp_count FROM `jd_order` `o`,`jd_order_prescription` `op` WHERE  (  o.`order_id` = op.`order_id` and op.`prescription_type` = 0 and o.order_type = 3 and o.doctor_id = 70 ) LIMIT 1 [ RunTime:0.027737s ]
[ sql ] [ SQL ] SHOW COLUMNS FROM `jd_doctor_member` [ RunTime:0.021720s ]
[ sql ] [ SQL ] SELECT COUNT(*) AS tp_count FROM `jd_doctor_member` `s`,`jd_member` `m` WHERE  (  s.doctor_id = 70 and s.`member_id` = m.`member_id` ) LIMIT 1 [ RunTime:0.018072s ]
[ sql ] [ SQL ] SHOW COLUMNS FROM `jd_service_evaluation` [ RunTime:0.029347s ]
[ sql ] [ SQL ] SELECT COUNT(*) AS tp_count FROM `jd_service_evaluation` `s`,`jd_member` `m` WHERE  (  s.is_show = 1 and s.doctor_id = 70 and s.`member_id` = m.`member_id` ) LIMIT 1 [ RunTime:0.021544s ]
[ sql ] [ SQL ] SHOW COLUMNS FROM `jd_sys_setting` [ RunTime:0.019864s ]
[ sql ] [ SQL ] SELECT * FROM `jd_sys_setting` [ RunTime:0.016794s ]
[ sql ] [ SQL ] SHOW COLUMNS FROM `jd_ad` [ RunTime:0.024130s ]
[ sql ] [ SQL ] SELECT `ad_title`,`ad_img`,`ad_url`,`add_date` FROM `jd_ad` WHERE  (  type_id = 0 and is_display = 1 ) ORDER BY `ad_sort` ASC [ RunTime:0.022951s ]
[ sql ] [ SQL ] SHOW COLUMNS FROM `jd_self_goods` [ RunTime:0.027819s ]
[ sql ] [ SQL ] SELECT COUNT(*) AS tp_count FROM `jd_self_goods` WHERE  (  member_id = 70 AND content != '' AND is_checked = 2 AND end_date > 1528998206 ) LIMIT 1 [ RunTime:0.022800s ]
[ sql ] [ SQL ] SHOW COLUMNS FROM `jd_hospital_repart` [ RunTime:0.019198s ]
[ sql ] [ SQL ] SELECT `d`.`department_name` FROM `jd_hospital_repart` `hr` INNER JOIN `jd_department` `d` ON `d`.`department_id`=`hr`.`department_id` WHERE  (  hr.hospital_repart_id IN(5,760,831) AND d.is_show = 1 ) [ RunTime:0.030744s ]
[ sql ] [ SQL ] SHOW COLUMNS FROM `jd_deposit` [ RunTime:0.022324s ]
[ sql ] [ SQL ] SELECT `d`.`bank_id`,`d`.`deposit_name`,`d`.`deposit_number`,`d`.`opening_bank`,`d`.`mobile`,`b`.`bank_name`,d.mobile as bank_mobile,`d`.`deposit_id` FROM `jd_deposit` `d` INNER JOIN `jd_bank` `b` ON `d`.`bank_id`=`b`.`bank_id` WHERE  (  d.member_id = 70 ) LIMIT 1 [ RunTime:0.021329s ]
[ error ] [8]未定义数组索引: only_token[D:\workLP\20180502\judeng\wwwroot\application\common.php:108]
---------------------------------------------------------------
[ 2018-06-15T01:45:36+08:00 ] 0.0.0.0 POST /member/getDoctorInfo
[ info ] localhost:7037/member/getDoctorInfo [运行时间：0.621646s][吞吐率：1.61req/s] [内存消耗：3,654.84kb] [文件加载：53]
[ info ] [ LANG ] D:\workLP\20180502\judeng\wwwroot\thinkphp\lang\zh-cn.php
[ info ] [ BIND ] 'home'
[ info ] [ ROUTE ] array (
  'type' => 'module',
  'module' => 
  array (
    0 => 'home',
    1 => 'member',
    2 => 'getDoctorInfo',
  ),
)
[ info ] [ HEADER ] array (
  'content-type' => 'application/json',
  'content-length' => '103',
  'x-original-url' => '/member/getDoctorInfo',
  'user-agent' => 'YiSong/1.2.4 (iPhone; iOS 11.4; Scale/3.00)',
  'host' => 'localhost:7037',
  'cookie' => 'PHPSESSID=av4ve0nfs9r5jakrt1rdkm7e92',
  'accept-language' => 'zh-Hans-CN;q=1',
  'accept-encoding' => 'gzip, deflate',
  'accept' => '*/*',
  'connection' => 'keep-alive, keep-alive',
)
[ info ] [ PARAM ] array (
  'sign' => 'dc0d09b74321736f7b5a44664537696a',
  'member_id' => 70,
  '_time' => '1528998094',
  'only_token' => 'lZI7v4lg',
)
[ info ] [ RUN ] app\home\controller\Member->getDoctorInfo[ D:\workLP\20180502\judeng\wwwroot\application\home\controller\Member.php ]
[ info ] [ DB ] INIT mysql
[ info ] [ LOG ] INIT File
[ sql ] [ DB ] CONNECT:[ UseTime:0.037649s ] mysql:host=118.25.179.178;port=3306;dbname=judeng;charset=utf8
[ sql ] [ SQL ] SHOW COLUMNS FROM `jd_doctor` [ RunTime:0.021283s ]
[ sql ] [ SQL ] SELECT `d`.*,`t`.`title_name`,`a`.`name`,`h`.`hospital_name` FROM `jd_doctor` `d` LEFT JOIN `jd_title` `t` ON `d`.`title_id`=`t`.`title_id` LEFT JOIN `jd_area` `a` ON `d`.`area_id`=`a`.`area_id` LEFT JOIN `jd_hospital` `h` ON `d`.`hospital_id`=`h`.`hospital_id` WHERE  `member_id` = 70 LIMIT 1 [ RunTime:0.023969s ]
[ sql ] [ SQL ] SHOW COLUMNS FROM `jd_order` [ RunTime:0.029361s ]
[ sql ] [ SQL ] SELECT COUNT(*) AS tp_count FROM `jd_order` `o`,`jd_order_prescription` `op` WHERE  (  o.`order_id` = op.`order_id` and op.`prescription_type` = 0 and o.order_type = 3 and o.doctor_id = 70 ) LIMIT 1 [ RunTime:0.019604s ]
[ sql ] [ SQL ] SHOW COLUMNS FROM `jd_doctor_member` [ RunTime:0.021219s ]
[ sql ] [ SQL ] SELECT COUNT(*) AS tp_count FROM `jd_doctor_member` `s`,`jd_member` `m` WHERE  (  s.doctor_id = 70 and s.`member_id` = m.`member_id` ) LIMIT 1 [ RunTime:0.020027s ]
[ sql ] [ SQL ] SHOW COLUMNS FROM `jd_service_evaluation` [ RunTime:0.024404s ]
[ sql ] [ SQL ] SELECT COUNT(*) AS tp_count FROM `jd_service_evaluation` `s`,`jd_member` `m` WHERE  (  s.is_show = 1 and s.doctor_id = 70 and s.`member_id` = m.`member_id` ) LIMIT 1 [ RunTime:0.021620s ]
[ sql ] [ SQL ] SHOW COLUMNS FROM `jd_sys_setting` [ RunTime:0.023166s ]
[ sql ] [ SQL ] SELECT * FROM `jd_sys_setting` [ RunTime:0.021534s ]
[ sql ] [ SQL ] SHOW COLUMNS FROM `jd_ad` [ RunTime:0.022932s ]
[ sql ] [ SQL ] SELECT `ad_title`,`ad_img`,`ad_url`,`add_date` FROM `jd_ad` WHERE  (  type_id = 0 and is_display = 1 ) ORDER BY `ad_sort` ASC [ RunTime:0.020085s ]
[ sql ] [ SQL ] SHOW COLUMNS FROM `jd_self_goods` [ RunTime:0.022088s ]
[ sql ] [ SQL ] SELECT COUNT(*) AS tp_count FROM `jd_self_goods` WHERE  (  member_id = 70 AND content != '' AND is_checked = 2 AND end_date > 1528998336 ) LIMIT 1 [ RunTime:0.038914s ]
[ sql ] [ SQL ] SHOW COLUMNS FROM `jd_hospital_repart` [ RunTime:0.023638s ]
[ sql ] [ SQL ] SELECT `d`.`department_name` FROM `jd_hospital_repart` `hr` INNER JOIN `jd_department` `d` ON `d`.`department_id`=`hr`.`department_id` WHERE  (  hr.hospital_repart_id IN(5,760,831) AND d.is_show = 1 ) [ RunTime:0.020613s ]
[ sql ] [ SQL ] SHOW COLUMNS FROM `jd_deposit` [ RunTime:0.020750s ]
[ sql ] [ SQL ] SELECT `d`.`bank_id`,`d`.`deposit_name`,`d`.`deposit_number`,`d`.`opening_bank`,`d`.`mobile`,`b`.`bank_name`,d.mobile as bank_mobile,`d`.`deposit_id` FROM `jd_deposit` `d` INNER JOIN `jd_bank` `b` ON `d`.`bank_id`=`b`.`bank_id` WHERE  (  d.member_id = 70 ) LIMIT 1 [ RunTime:0.020586s ]
---------------------------------------------------------------
[ 2018-06-15T01:46:37+08:00 ] 0.0.0.0 POST /member/getDoctorInfo
[ info ] localhost:7037/member/getDoctorInfo [运行时间：0.686057s][吞吐率：1.46req/s] [内存消耗：3,731.69kb] [文件加载：56]
[ info ] [ LANG ] D:\workLP\20180502\judeng\wwwroot\thinkphp\lang\zh-cn.php
[ info ] [ BIND ] 'home'
[ info ] [ ROUTE ] array (
  'type' => 'module',
  'module' => 
  array (
    0 => 'home',
    1 => 'member',
    2 => 'getDoctorInfo',
  ),
)
[ info ] [ HEADER ] array (
  'content-type' => 'application/json',
  'content-length' => '103',
  'x-original-url' => '/member/getDoctorInfo',
  'user-agent' => 'YiSong/1.2.4 (iPhone; iOS 11.4; Scale/3.00)',
  'host' => 'localhost:7037',
  'cookie' => 'PHPSESSID=av4ve0nfs9r5jakrt1rdkm7e92',
  'accept-language' => 'zh-Hans-CN;q=1',
  'accept-encoding' => 'gzip, deflate',
  'accept' => '*/*',
  'connection' => 'keep-alive, keep-alive',
)
[ info ] [ PARAM ] array (
  'sign' => 'dc0d09b74321736f7b5a44664537696a',
  'member_id' => 70,
  '_time' => '1528998094',
  'only_token' => 'lZI7v4lg',
)
[ info ] [ RUN ] app\home\controller\Member->getDoctorInfo[ D:\workLP\20180502\judeng\wwwroot\application\home\controller\Member.php ]
[ info ] [ DB ] INIT mysql
[ info ] [ LOG ] INIT File
[ sql ] [ DB ] CONNECT:[ UseTime:0.040239s ] mysql:host=118.25.179.178;port=3306;dbname=judeng;charset=utf8
[ sql ] [ SQL ] SHOW COLUMNS FROM `jd_doctor` [ RunTime:0.028724s ]
[ sql ] [ SQL ] SELECT `d`.*,`t`.`title_name`,`a`.`name`,`h`.`hospital_name` FROM `jd_doctor` `d` LEFT JOIN `jd_title` `t` ON `d`.`title_id`=`t`.`title_id` LEFT JOIN `jd_area` `a` ON `d`.`area_id`=`a`.`area_id` LEFT JOIN `jd_hospital` `h` ON `d`.`hospital_id`=`h`.`hospital_id` WHERE  `member_id` = 70 LIMIT 1 [ RunTime:0.023188s ]
[ sql ] [ SQL ] SHOW COLUMNS FROM `jd_order` [ RunTime:0.027809s ]
[ sql ] [ SQL ] SELECT COUNT(*) AS tp_count FROM `jd_order` `o`,`jd_order_prescription` `op` WHERE  (  o.`order_id` = op.`order_id` and op.`prescription_type` = 0 and o.order_type = 3 and o.doctor_id = 70 ) LIMIT 1 [ RunTime:0.030336s ]
[ sql ] [ SQL ] SHOW COLUMNS FROM `jd_doctor_member` [ RunTime:0.061190s ]
[ sql ] [ SQL ] SELECT COUNT(*) AS tp_count FROM `jd_doctor_member` `s`,`jd_member` `m` WHERE  (  s.doctor_id = 70 and s.`member_id` = m.`member_id` ) LIMIT 1 [ RunTime:0.031356s ]
[ sql ] [ SQL ] SHOW COLUMNS FROM `jd_service_evaluation` [ RunTime:0.023688s ]
[ sql ] [ SQL ] SELECT COUNT(*) AS tp_count FROM `jd_service_evaluation` `s`,`jd_member` `m` WHERE  (  s.is_show = 1 and s.doctor_id = 70 and s.`member_id` = m.`member_id` ) LIMIT 1 [ RunTime:0.022018s ]
[ sql ] [ SQL ] SHOW COLUMNS FROM `jd_sys_setting` [ RunTime:0.025686s ]
[ sql ] [ SQL ] SELECT * FROM `jd_sys_setting` [ RunTime:0.031308s ]
[ sql ] [ SQL ] SHOW COLUMNS FROM `jd_ad` [ RunTime:0.026306s ]
[ sql ] [ SQL ] SELECT `ad_title`,`ad_img`,`ad_url`,`add_date` FROM `jd_ad` WHERE  (  type_id = 0 and is_display = 1 ) ORDER BY `ad_sort` ASC [ RunTime:0.022819s ]
[ sql ] [ SQL ] SHOW COLUMNS FROM `jd_self_goods` [ RunTime:0.030142s ]
[ sql ] [ SQL ] SELECT COUNT(*) AS tp_count FROM `jd_self_goods` WHERE  (  member_id = 70 AND content != '' AND is_checked = 2 AND end_date > 1528998396 ) LIMIT 1 [ RunTime:0.032994s ]
[ sql ] [ SQL ] SHOW COLUMNS FROM `jd_hospital_repart` [ RunTime:0.032878s ]
[ sql ] [ SQL ] SELECT `d`.`department_name` FROM `jd_hospital_repart` `hr` INNER JOIN `jd_department` `d` ON `d`.`department_id`=`hr`.`department_id` WHERE  (  hr.hospital_repart_id IN(5,760,831) AND d.is_show = 1 ) [ RunTime:0.032278s ]
[ sql ] [ SQL ] SHOW COLUMNS FROM `jd_deposit` [ RunTime:0.035399s ]
[ sql ] [ SQL ] SELECT `d`.`bank_id`,`d`.`deposit_name`,`d`.`deposit_number`,`d`.`opening_bank`,`d`.`mobile`,`b`.`bank_name`,d.mobile as bank_mobile,`d`.`deposit_id` FROM `jd_deposit` `d` INNER JOIN `jd_bank` `b` ON `d`.`bank_id`=`b`.`bank_id` WHERE  (  d.member_id = 70 ) LIMIT 1 [ RunTime:0.024482s ]
[ error ] [8]未定义数组索引: only_token[D:\workLP\20180502\judeng\wwwroot\application\common.php:108]
---------------------------------------------------------------
[ 2018-06-15T01:49:40+08:00 ] 0.0.0.0 POST /member/getDoctorInfo
[ info ] localhost:7037/member/getDoctorInfo [运行时间：0.897483s][吞吐率：1.11req/s] [内存消耗：3,732.35kb] [文件加载：56]
[ info ] [ LANG ] D:\workLP\20180502\judeng\wwwroot\thinkphp\lang\zh-cn.php
[ info ] [ BIND ] 'home'
[ info ] [ ROUTE ] array (
  'type' => 'module',
  'module' => 
  array (
    0 => 'home',
    1 => 'member',
    2 => 'getDoctorInfo',
  ),
)
[ info ] [ HEADER ] array (
  'content-type' => 'application/json',
  'content-length' => '103',
  'x-original-url' => '/member/getDoctorInfo',
  'user-agent' => 'YiSong/1.2.4 (iPhone; iOS 11.4; Scale/3.00)',
  'host' => 'localhost:7037',
  'cookie' => 'PHPSESSID=av4ve0nfs9r5jakrt1rdkm7e92',
  'accept-language' => 'zh-Hans-CN;q=1',
  'accept-encoding' => 'gzip, deflate',
  'accept' => '*/*',
  'connection' => 'keep-alive, keep-alive',
)
[ info ] [ PARAM ] array (
  'sign' => 'dc0d09b74321736f7b5a44664537696a',
  'member_id' => 70,
  '_time' => '1528998094',
  'only_token' => 'lZI7v4lg',
)
[ info ] [ RUN ] app\home\controller\Member->getDoctorInfo[ D:\workLP\20180502\judeng\wwwroot\application\home\controller\Member.php ]
[ info ] [ DB ] INIT mysql
[ info ] [ LOG ] INIT File
[ sql ] [ DB ] CONNECT:[ UseTime:0.035783s ] mysql:host=118.25.179.178;port=3306;dbname=judeng;charset=utf8
[ sql ] [ SQL ] SHOW COLUMNS FROM `jd_doctor` [ RunTime:0.025617s ]
[ sql ] [ SQL ] SELECT `d`.*,`t`.`title_name`,`a`.`name`,`h`.`hospital_name` FROM `jd_doctor` `d` LEFT JOIN `jd_title` `t` ON `d`.`title_id`=`t`.`title_id` LEFT JOIN `jd_area` `a` ON `d`.`area_id`=`a`.`area_id` LEFT JOIN `jd_hospital` `h` ON `d`.`hospital_id`=`h`.`hospital_id` WHERE  `member_id` = 70 LIMIT 1 [ RunTime:0.029173s ]
[ sql ] [ SQL ] SHOW COLUMNS FROM `jd_order` [ RunTime:0.046551s ]
[ sql ] [ SQL ] SELECT COUNT(*) AS tp_count FROM `jd_order` `o`,`jd_order_prescription` `op` WHERE  (  o.`order_id` = op.`order_id` and op.`prescription_type` = 0 and o.order_type = 3 and o.doctor_id = 70 ) LIMIT 1 [ RunTime:0.024398s ]
[ sql ] [ SQL ] SHOW COLUMNS FROM `jd_doctor_member` [ RunTime:0.075995s ]
[ sql ] [ SQL ] SELECT COUNT(*) AS tp_count FROM `jd_doctor_member` `s`,`jd_member` `m` WHERE  (  s.doctor_id = 70 and s.`member_id` = m.`member_id` ) LIMIT 1 [ RunTime:0.051360s ]
[ sql ] [ SQL ] SHOW COLUMNS FROM `jd_service_evaluation` [ RunTime:0.078501s ]
[ sql ] [ SQL ] SELECT COUNT(*) AS tp_count FROM `jd_service_evaluation` `s`,`jd_member` `m` WHERE  (  s.is_show = 1 and s.doctor_id = 70 and s.`member_id` = m.`member_id` ) LIMIT 1 [ RunTime:0.025802s ]
[ sql ] [ SQL ] SHOW COLUMNS FROM `jd_sys_setting` [ RunTime:0.031655s ]
[ sql ] [ SQL ] SELECT * FROM `jd_sys_setting` [ RunTime:0.022060s ]
[ sql ] [ SQL ] SHOW COLUMNS FROM `jd_ad` [ RunTime:0.037091s ]
[ sql ] [ SQL ] SELECT `ad_title`,`ad_img`,`ad_url`,`add_date` FROM `jd_ad` WHERE  (  type_id = 0 and is_display = 1 ) ORDER BY `ad_sort` ASC [ RunTime:0.023526s ]
[ sql ] [ SQL ] SHOW COLUMNS FROM `jd_self_goods` [ RunTime:0.029359s ]
[ sql ] [ SQL ] SELECT COUNT(*) AS tp_count FROM `jd_self_goods` WHERE  (  member_id = 70 AND content != '' AND is_checked = 2 AND end_date > 1528998579 ) LIMIT 1 [ RunTime:0.025453s ]
[ sql ] [ SQL ] SHOW COLUMNS FROM `jd_hospital_repart` [ RunTime:0.026897s ]
[ sql ] [ SQL ] SELECT `d`.`department_name` FROM `jd_hospital_repart` `hr` INNER JOIN `jd_department` `d` ON `d`.`department_id`=`hr`.`department_id` WHERE  (  hr.hospital_repart_id IN(5,760,831) AND d.is_show = 1 ) [ RunTime:0.023744s ]
[ sql ] [ SQL ] SHOW COLUMNS FROM `jd_deposit` [ RunTime:0.058854s ]
[ sql ] [ SQL ] SELECT `d`.`bank_id`,`d`.`deposit_name`,`d`.`deposit_number`,`d`.`opening_bank`,`d`.`mobile`,`b`.`bank_name`,d.mobile as bank_mobile,`d`.`deposit_id` FROM `jd_deposit` `d` INNER JOIN `jd_bank` `b` ON `d`.`bank_id`=`b`.`bank_id` WHERE  (  d.member_id = 70 ) LIMIT 1 [ RunTime:0.021416s ]
[ error ] [8]未定义数组索引: only_token[D:\workLP\20180502\judeng\wwwroot\application\common.php:108]
---------------------------------------------------------------
[ 2018-06-15T01:50:50+08:00 ] 0.0.0.0 POST /member/getDoctorInfo
[ info ] localhost:7037/member/getDoctorInfo [运行时间：0.035705s][吞吐率：28.01req/s] [内存消耗：2,143.69kb] [文件加载：44]
[ info ] [ LANG ] D:\workLP\20180502\judeng\wwwroot\thinkphp\lang\zh-cn.php
[ info ] [ BIND ] 'home'
[ info ] [ ROUTE ] array (
  'type' => 'module',
  'module' => 
  array (
    0 => 'home',
    1 => 'member',
    2 => 'getDoctorInfo',
  ),
)
[ info ] [ HEADER ] array (
  'content-type' => 'application/json',
  'content-length' => '103',
  'x-original-url' => '/member/getDoctorInfo',
  'user-agent' => 'YiSong/1.2.4 (iPhone; iOS 11.4; Scale/3.00)',
  'host' => 'localhost:7037',
  'cookie' => 'PHPSESSID=av4ve0nfs9r5jakrt1rdkm7e92',
  'accept-language' => 'zh-Hans-CN;q=1',
  'accept-encoding' => 'gzip, deflate',
  'accept' => '*/*',
  'connection' => 'keep-alive, keep-alive',
)
[ info ] [ PARAM ] array (
  'sign' => 'dc0d09b74321736f7b5a44664537696a',
  'member_id' => 70,
  '_time' => '1528998094',
  'only_token' => 'lZI7v4lg',
)
[ info ] [ RUN ] app\home\controller\Member->getDoctorInfo[ D:\workLP\20180502\judeng\wwwroot\application\home\controller\Member.php ]
[ info ] [ LOG ] INIT File
---------------------------------------------------------------
[ 2018-06-15T01:51:28+08:00 ] 0.0.0.0 POST /member/getDoctorInfo
[ info ] localhost:7037/member/getDoctorInfo [运行时间：0.768831s][吞吐率：1.30req/s] [内存消耗：3,655.58kb] [文件加载：53]
[ info ] [ LANG ] D:\workLP\20180502\judeng\wwwroot\thinkphp\lang\zh-cn.php
[ info ] [ BIND ] 'home'
[ info ] [ ROUTE ] array (
  'type' => 'module',
  'module' => 
  array (
    0 => 'home',
    1 => 'member',
    2 => 'getDoctorInfo',
  ),
)
[ info ] [ HEADER ] array (
  'content-type' => 'application/json',
  'content-length' => '103',
  'x-original-url' => '/member/getDoctorInfo',
  'user-agent' => 'YiSong/1.2.4 (iPhone; iOS 11.4; Scale/3.00)',
  'host' => 'localhost:7037',
  'cookie' => 'PHPSESSID=av4ve0nfs9r5jakrt1rdkm7e92',
  'accept-language' => 'zh-Hans-CN;q=1',
  'accept-encoding' => 'gzip, deflate',
  'accept' => '*/*',
  'connection' => 'keep-alive, keep-alive',
)
[ info ] [ PARAM ] array (
  'sign' => 'dc0d09b74321736f7b5a44664537696a',
  'member_id' => 70,
  '_time' => '1528998094',
  'only_token' => 'lZI7v4lg',
)
[ info ] [ RUN ] app\home\controller\Member->getDoctorInfo[ D:\workLP\20180502\judeng\wwwroot\application\home\controller\Member.php ]
[ info ] [ DB ] INIT mysql
[ info ] [ LOG ] INIT File
[ sql ] [ DB ] CONNECT:[ UseTime:0.042190s ] mysql:host=118.25.179.178;port=3306;dbname=judeng;charset=utf8
[ sql ] [ SQL ] SHOW COLUMNS FROM `jd_doctor` [ RunTime:0.031645s ]
[ sql ] [ SQL ] SELECT `d`.*,`t`.`title_name`,`a`.`name`,`h`.`hospital_name` FROM `jd_doctor` `d` LEFT JOIN `jd_title` `t` ON `d`.`title_id`=`t`.`title_id` LEFT JOIN `jd_area` `a` ON `d`.`area_id`=`a`.`area_id` LEFT JOIN `jd_hospital` `h` ON `d`.`hospital_id`=`h`.`hospital_id` WHERE  `member_id` = 70 LIMIT 1 [ RunTime:0.025840s ]
[ sql ] [ SQL ] SHOW COLUMNS FROM `jd_order` [ RunTime:0.029071s ]
[ sql ] [ SQL ] SELECT COUNT(*) AS tp_count FROM `jd_order` `o`,`jd_order_prescription` `op` WHERE  (  o.`order_id` = op.`order_id` and op.`prescription_type` = 0 and o.order_type = 3 and o.doctor_id = 70 ) LIMIT 1 [ RunTime:0.028021s ]
[ sql ] [ SQL ] SHOW COLUMNS FROM `jd_doctor_member` [ RunTime:0.023526s ]
[ sql ] [ SQL ] SELECT COUNT(*) AS tp_count FROM `jd_doctor_member` `s`,`jd_member` `m` WHERE  (  s.doctor_id = 70 and s.`member_id` = m.`member_id` ) LIMIT 1 [ RunTime:0.028086s ]
[ sql ] [ SQL ] SHOW COLUMNS FROM `jd_service_evaluation` [ RunTime:0.027134s ]
[ sql ] [ SQL ] SELECT COUNT(*) AS tp_count FROM `jd_service_evaluation` `s`,`jd_member` `m` WHERE  (  s.is_show = 1 and s.doctor_id = 70 and s.`member_id` = m.`member_id` ) LIMIT 1 [ RunTime:0.021646s ]
[ sql ] [ SQL ] SHOW COLUMNS FROM `jd_sys_setting` [ RunTime:0.078413s ]
[ sql ] [ SQL ] SELECT * FROM `jd_sys_setting` [ RunTime:0.027073s ]
[ sql ] [ SQL ] SHOW COLUMNS FROM `jd_ad` [ RunTime:0.023013s ]
[ sql ] [ SQL ] SELECT `ad_title`,`ad_img`,`ad_url`,`add_date` FROM `jd_ad` WHERE  (  type_id = 0 and is_display = 1 ) ORDER BY `ad_sort` ASC [ RunTime:0.025217s ]
[ sql ] [ SQL ] SHOW COLUMNS FROM `jd_self_goods` [ RunTime:0.029816s ]
[ sql ] [ SQL ] SELECT COUNT(*) AS tp_count FROM `jd_self_goods` WHERE  (  member_id = 70 AND content != '' AND is_checked = 2 AND end_date > 1528998688 ) LIMIT 1 [ RunTime:0.022687s ]
[ sql ] [ SQL ] SHOW COLUMNS FROM `jd_hospital_repart` [ RunTime:0.029217s ]
[ sql ] [ SQL ] SELECT `d`.`department_name` FROM `jd_hospital_repart` `hr` INNER JOIN `jd_department` `d` ON `d`.`department_id`=`hr`.`department_id` WHERE  (  hr.hospital_repart_id IN(5,760,831) AND d.is_show = 1 ) [ RunTime:0.046660s ]
[ sql ] [ SQL ] SHOW COLUMNS FROM `jd_deposit` [ RunTime:0.023550s ]
[ sql ] [ SQL ] SELECT `d`.`bank_id`,`d`.`deposit_name`,`d`.`deposit_number`,`d`.`opening_bank`,`d`.`mobile`,`b`.`bank_name`,d.mobile as bank_mobile,`d`.`deposit_id` FROM `jd_deposit` `d` INNER JOIN `jd_bank` `b` ON `d`.`bank_id`=`b`.`bank_id` WHERE  (  d.member_id = 70 ) LIMIT 1 [ RunTime:0.030017s ]
---------------------------------------------------------------
[ 2018-06-15T01:51:39+08:00 ] 0.0.0.0 POST /member/getDoctorInfo
[ info ] localhost:7037/member/getDoctorInfo [运行时间：0.716245s][吞吐率：1.40req/s] [内存消耗：3,654.48kb] [文件加载：53]
[ info ] [ LANG ] D:\workLP\20180502\judeng\wwwroot\thinkphp\lang\zh-cn.php
[ info ] [ BIND ] 'home'
[ info ] [ ROUTE ] array (
  'type' => 'module',
  'module' => 
  array (
    0 => 'home',
    1 => 'member',
    2 => 'getDoctorInfo',
  ),
)
[ info ] [ HEADER ] array (
  'content-type' => 'application/json',
  'content-length' => '103',
  'x-original-url' => '/member/getDoctorInfo',
  'user-agent' => 'YiSong/1.2.4 (iPhone; iOS 11.4; Scale/3.00)',
  'host' => 'localhost:7037',
  'cookie' => 'PHPSESSID=av4ve0nfs9r5jakrt1rdkm7e92',
  'accept-language' => 'zh-Hans-CN;q=1',
  'accept-encoding' => 'gzip, deflate',
  'accept' => '*/*',
  'connection' => 'keep-alive, keep-alive',
)
[ info ] [ PARAM ] array (
  'sign' => 'dc0d09b74321736f7b5a44664537696a',
  'member_id' => 70,
  '_time' => '1528998094',
  'only_token' => 'lZI7v4lg',
)
[ info ] [ RUN ] app\home\controller\Member->getDoctorInfo[ D:\workLP\20180502\judeng\wwwroot\application\home\controller\Member.php ]
[ info ] [ DB ] INIT mysql
[ info ] [ LOG ] INIT File
[ sql ] [ DB ] CONNECT:[ UseTime:0.036533s ] mysql:host=118.25.179.178;port=3306;dbname=judeng;charset=utf8
[ sql ] [ SQL ] SHOW COLUMNS FROM `jd_doctor` [ RunTime:0.025104s ]
[ sql ] [ SQL ] SELECT `d`.*,`t`.`title_name`,`a`.`name`,`h`.`hospital_name` FROM `jd_doctor` `d` LEFT JOIN `jd_title` `t` ON `d`.`title_id`=`t`.`title_id` LEFT JOIN `jd_area` `a` ON `d`.`area_id`=`a`.`area_id` LEFT JOIN `jd_hospital` `h` ON `d`.`hospital_id`=`h`.`hospital_id` WHERE  `member_id` = 70 LIMIT 1 [ RunTime:0.029778s ]
[ sql ] [ SQL ] SHOW COLUMNS FROM `jd_order` [ RunTime:0.027164s ]
[ sql ] [ SQL ] SELECT COUNT(*) AS tp_count FROM `jd_order` `o`,`jd_order_prescription` `op` WHERE  (  o.`order_id` = op.`order_id` and op.`prescription_type` = 0 and o.order_type = 3 and o.doctor_id = 70 ) LIMIT 1 [ RunTime:0.019395s ]
[ sql ] [ SQL ] SHOW COLUMNS FROM `jd_doctor_member` [ RunTime:0.025454s ]
[ sql ] [ SQL ] SELECT COUNT(*) AS tp_count FROM `jd_doctor_member` `s`,`jd_member` `m` WHERE  (  s.doctor_id = 70 and s.`member_id` = m.`member_id` ) LIMIT 1 [ RunTime:0.024695s ]
[ sql ] [ SQL ] SHOW COLUMNS FROM `jd_service_evaluation` [ RunTime:0.028460s ]
[ sql ] [ SQL ] SELECT COUNT(*) AS tp_count FROM `jd_service_evaluation` `s`,`jd_member` `m` WHERE  (  s.is_show = 1 and s.doctor_id = 70 and s.`member_id` = m.`member_id` ) LIMIT 1 [ RunTime:0.020322s ]
[ sql ] [ SQL ] SHOW COLUMNS FROM `jd_sys_setting` [ RunTime:0.025651s ]
[ sql ] [ SQL ] SELECT * FROM `jd_sys_setting` [ RunTime:0.027907s ]
[ sql ] [ SQL ] SHOW COLUMNS FROM `jd_ad` [ RunTime:0.025481s ]
[ sql ] [ SQL ] SELECT `ad_title`,`ad_img`,`ad_url`,`add_date` FROM `jd_ad` WHERE  (  type_id = 0 and is_display = 1 ) ORDER BY `ad_sort` ASC [ RunTime:0.026680s ]
[ sql ] [ SQL ] SHOW COLUMNS FROM `jd_self_goods` [ RunTime:0.030627s ]
[ sql ] [ SQL ] SELECT COUNT(*) AS tp_count FROM `jd_self_goods` WHERE  (  member_id = 70 AND content != '' AND is_checked = 2 AND end_date > 1528998699 ) LIMIT 1 [ RunTime:0.025158s ]
[ sql ] [ SQL ] SHOW COLUMNS FROM `jd_hospital_repart` [ RunTime:0.024403s ]
[ sql ] [ SQL ] SELECT `d`.`department_name` FROM `jd_hospital_repart` `hr` INNER JOIN `jd_department` `d` ON `d`.`department_id`=`hr`.`department_id` WHERE  (  hr.hospital_repart_id IN(5,760,831) AND d.is_show = 1 ) [ RunTime:0.019139s ]
[ sql ] [ SQL ] SHOW COLUMNS FROM `jd_deposit` [ RunTime:0.024750s ]
[ sql ] [ SQL ] SELECT `d`.`bank_id`,`d`.`deposit_name`,`d`.`deposit_number`,`d`.`opening_bank`,`d`.`mobile`,`b`.`bank_name`,d.mobile as bank_mobile,`d`.`deposit_id` FROM `jd_deposit` `d` INNER JOIN `jd_bank` `b` ON `d`.`bank_id`=`b`.`bank_id` WHERE  (  d.member_id = 70 ) LIMIT 1 [ RunTime:0.023558s ]
[ sql ] [ SQL ] SELECT COUNT(*) AS tp_count FROM `jd_doctor` WHERE  `only_token` = 'lZI7v4lg'  AND `is_status` = 0 LIMIT 1 [ RunTime:0.023210s ]
---------------------------------------------------------------
[ 2018-06-15T18:42:24+08:00 ] 0.0.0.0 POST /sheet/getSheetList
[ info ] localhost:7037/sheet/getSheetList [运行时间：0.219399s][吞吐率：4.56req/s] [内存消耗：3,081.65kb] [文件加载：54]
[ info ] [ LANG ] D:\workLP\20180502\judeng\wwwroot\thinkphp\lang\zh-cn.php
[ info ] [ BIND ] 'home'
[ info ] [ ROUTE ] array (
  'type' => 'module',
  'module' => 
  array (
    0 => 'home',
    1 => 'sheet',
    2 => 'getSheetList',
  ),
)
[ info ] [ HEADER ] array (
  'content-type' => 'application/json',
  'content-length' => '258',
  'x-original-url' => '/sheet/getSheetList',
  'user-agent' => 'YiSong/1.2.4 (iPhone; iOS 11.3.1; Scale/3.00)',
  'host' => 'localhost:7037',
  'accept-language' => 'zh-Hans-CN;q=1',
  'accept-encoding' => 'gzip, deflate',
  'accept' => '*/*',
  'connection' => 'keep-alive, keep-alive',
)
[ info ] [ PARAM ] array (
  'sign' => '39355aadc8611400588ee51b149bbc71',
  'member_id' => 70,
  '_time' => '1529059258',
  'type_id' => 1,
  'only_token' => 'Authorization:Bearer YWMtzOWQEnCHEeiPwUtI9dGNLwAAAAAAAAAAAAAAAAAAAAFb-H4gUBQR6Iijj4cnvWykAgMAAAFkAwOEaQBPGgC6Eav-7y9Gh07Q-klnbGW_zQ3Jef53KWEgsHtbjOLY0A',
)
[ info ] [ RUN ] app\home\controller\Sheet->getSheetList[ D:\workLP\20180502\judeng\wwwroot\application\home\controller\Sheet.php ]
[ info ] [ DB ] INIT mysql
[ info ] [ LOG ] INIT File
[ error ] [8]未定义数组索引: page[D:\workLP\20180502\judeng\wwwroot\application\home\controller\Sheet.php:49]
[ error ] [8]未定义数组索引: pageSize[D:\workLP\20180502\judeng\wwwroot\application\home\controller\Sheet.php:50]
[ sql ] [ DB ] CONNECT:[ UseTime:0.030716s ] mysql:host=118.25.179.178;port=3306;dbname=judeng;charset=utf8
[ sql ] [ SQL ] SHOW COLUMNS FROM `jd_sheet` [ RunTime:0.023056s ]
[ sql ] [ SQL ] SELECT `sheet_id`,`title`,`release_date`,`list`,`is_classic` FROM `jd_sheet` WHERE  (  is_display = 1 AND type_id = 1 AND (member_id = 70 OR is_classic = 1) ) ORDER BY is_classic DESC, sort DESC LIMIT 0,5 [ RunTime:0.031118s ]
[ sql ] [ SQL ] SELECT COUNT(*) AS tp_count FROM `jd_sheet` WHERE  (  is_display = 1 AND type_id = 1 AND member_id = 70 ) LIMIT 1 [ RunTime:0.019743s ]
[ sql ] [ SQL ] SHOW COLUMNS FROM `jd_doctor` [ RunTime:0.023199s ]
[ sql ] [ SQL ] SELECT COUNT(*) AS tp_count FROM `jd_doctor` WHERE  `only_token` = 'Authorization:Bearer YWMtzOWQEnCHEeiPwUtI9dGNLwAAAAAAAAAAAAAAAAAAAAFb-H4gUBQR6Iijj4cnvWykAgMAAAFkAwOEaQBPGgC6Eav-7y9Gh07Q-klnbGW_zQ3Jef53KWEgsHtbjOLY0A'  AND `is_status` = 0 LIMIT 1 [ RunTime:0.018873s ]
---------------------------------------------------------------
[ 2018-06-15T19:07:21+08:00 ] 0.0.0.0 GET /member/inviteDoctors?doctorId=170
[ info ] localhost:7037/member/inviteDoctors?doctorId=170 [运行时间：0.702777s][吞吐率：1.42req/s] [内存消耗：2,243.76kb] [文件加载：47]
[ info ] [ LANG ] D:\workLP\20180502\judeng\wwwroot\thinkphp\lang\zh-cn.php
[ info ] [ BIND ] 'home'
[ info ] [ ROUTE ] array (
  'type' => 'module',
  'module' => 
  array (
    0 => 'home',
    1 => 'member',
    2 => 'inviteDoctors',
  ),
)
[ info ] [ HEADER ] array (
  'content-type' => '',
  'content-length' => '0',
  'x-original-url' => '/member/inviteDoctors?doctorId=170',
  'upgrade-insecure-requests' => '1',
  'user-agent' => 'Mozilla/5.0 (iPhone; CPU iPhone OS 11_0 like Mac OS X) AppleWebKit/604.1.38 (KHTML, like Gecko) Version/11.0 Mobile/15A372 Safari/604.1',
  'host' => 'localhost:7037',
  'cookie' => 'UM_distinctid=160b5c52e97c7-0a812a97ee4d36-e323462-1fa400-160b5c52e9a107; CNZZDATA1000308349=1622381418-1516928585-%7C1516934020; Hm_lvt_5dd55c6682e0c7d344e29e785f9de1bb=1515553694,1516772121,1516938586,1517206225; REMEMBERME=VG9weGlhXFNlcnZpY2VcVXNlclxDdXJyZW50VXNlcjpOalE1TlRjNE9UWTBRSEZ4TG1OdmJRPT06MTU0ODkyODk1MTozZTE3ZGIxYzRjYzUzYWE4MmU2MjVlYjI3OTQxNTI3ZTIyZjUyYzYwMzFmZjNkNzI3MTdkODI4MzIxZTk0NmVk; CNZZDATA1256922974=1723540018-1514876107-%7C1517463005; bdshare_firstime=1522317821515; Hm_lvt_ebb8ef3f6d57c4b17c15b95865c9c3fb=1522635670; Phpstorm-7d8938db=0dec72a5-7ab0-46de-a14b-0c25eddfbbac; lang=zh-cn; device=desktop; theme=default; keepLogin=on; za=admin; zp=0537c5bc8c477d690858dc3b13d03cbc9de46966; PHPSESSID=m9uhrruoddt4tvl5n50ncf69g0; loginTime=1529059816',
  'accept-language' => 'zh-CN,zh;q=0.9',
  'accept-encoding' => 'gzip, deflate, br',
  'accept' => 'text/html,application/xhtml+xml,application/xml;q=0.9,image/webp,image/apng,*/*;q=0.8',
  'pragma' => 'no-cache',
  'connection' => 'keep-alive',
  'cache-control' => 'no-cache',
)
[ info ] [ PARAM ] array (
  'doctorId' => '170',
)
[ info ] [ RUN ] app\home\controller\Member->inviteDoctors[ D:\workLP\20180502\judeng\wwwroot\application\home\controller\Member.php ]
[ info ] [ VIEW ] D:\workLP\20180502\judeng\wwwroot/application/home\view\doctor\inviteDoctors.html [ array (
  0 => 'setting',
  1 => 'info',
) ]
[ info ] [ LOG ] INIT File
---------------------------------------------------------------
[ 2018-06-15T19:07:21+08:00 ] 0.0.0.0 GET /member/$info['to_doctor_url']
[ info ] localhost:7037/member/$info['to_doctor_url'] [运行时间：0.057572s][吞吐率：17.37req/s] [内存消耗：2,287.23kb] [文件加载：49]
[ info ] [ LANG ] D:\workLP\20180502\judeng\wwwroot\thinkphp\lang\zh-cn.php
[ info ] [ BIND ] 'home'
[ info ] [ ROUTE ] array (
  'type' => 'module',
  'module' => 
  array (
    0 => 'home',
    1 => 'member',
    2 => '$info[\'to_doctor_url\']',
  ),
)
[ info ] [ HEADER ] array (
  'content-type' => '',
  'content-length' => '0',
  'x-original-url' => '/member/$info[\'to_doctor_url\']',
  'user-agent' => 'Mozilla/5.0 (iPhone; CPU iPhone OS 11_0 like Mac OS X) AppleWebKit/604.1.38 (KHTML, like Gecko) Version/11.0 Mobile/15A372 Safari/604.1',
  'referer' => 'http://localhost:7037/member/inviteDoctors?doctorId=170',
  'host' => 'localhost:7037',
  'cookie' => 'UM_distinctid=160b5c52e97c7-0a812a97ee4d36-e323462-1fa400-160b5c52e9a107; CNZZDATA1000308349=1622381418-1516928585-%7C1516934020; Hm_lvt_5dd55c6682e0c7d344e29e785f9de1bb=1515553694,1516772121,1516938586,1517206225; REMEMBERME=VG9weGlhXFNlcnZpY2VcVXNlclxDdXJyZW50VXNlcjpOalE1TlRjNE9UWTBRSEZ4TG1OdmJRPT06MTU0ODkyODk1MTozZTE3ZGIxYzRjYzUzYWE4MmU2MjVlYjI3OTQxNTI3ZTIyZjUyYzYwMzFmZjNkNzI3MTdkODI4MzIxZTk0NmVk; CNZZDATA1256922974=1723540018-1514876107-%7C1517463005; bdshare_firstime=1522317821515; Hm_lvt_ebb8ef3f6d57c4b17c15b95865c9c3fb=1522635670; Phpstorm-7d8938db=0dec72a5-7ab0-46de-a14b-0c25eddfbbac; lang=zh-cn; device=desktop; theme=default; keepLogin=on; za=admin; zp=0537c5bc8c477d690858dc3b13d03cbc9de46966; PHPSESSID=m9uhrruoddt4tvl5n50ncf69g0; loginTime=1529059816',
  'accept-language' => 'zh-CN,zh;q=0.9',
  'accept-encoding' => 'gzip, deflate, br',
  'accept' => 'image/webp,image/apng,image/*,*/*;q=0.8',
  'pragma' => 'no-cache',
  'connection' => 'keep-alive',
  'cache-control' => 'no-cache',
)
[ info ] [ PARAM ] array (
)
[ info ] [ LOG ] INIT File
---------------------------------------------------------------
[ 2018-06-15T19:07:21+08:00 ] 0.0.0.0 GET /favicon.ico
[ info ] localhost:7037/favicon.ico [运行时间：0.037487s][吞吐率：26.68req/s] [内存消耗：1,717.36kb] [文件加载：41]
[ info ] [ LANG ] D:\workLP\20180502\judeng\wwwroot\thinkphp\lang\zh-cn.php
[ info ] [ BIND ] 'home'
[ info ] [ ROUTE ] array (
  'type' => 'module',
  'module' => 
  array (
    0 => 'home',
    1 => 'favicon.ico',
    2 => NULL,
  ),
)
[ info ] [ HEADER ] array (
  'content-type' => '',
  'content-length' => '0',
  'x-original-url' => '/favicon.ico',
  'user-agent' => 'Mozilla/5.0 (iPhone; CPU iPhone OS 11_0 like Mac OS X) AppleWebKit/604.1.38 (KHTML, like Gecko) Version/11.0 Mobile/15A372 Safari/604.1',
  'referer' => 'http://localhost:7037/member/inviteDoctors?doctorId=170',
  'host' => 'localhost:7037',
  'cookie' => 'UM_distinctid=160b5c52e97c7-0a812a97ee4d36-e323462-1fa400-160b5c52e9a107; CNZZDATA1000308349=1622381418-1516928585-%7C1516934020; Hm_lvt_5dd55c6682e0c7d344e29e785f9de1bb=1515553694,1516772121,1516938586,1517206225; REMEMBERME=VG9weGlhXFNlcnZpY2VcVXNlclxDdXJyZW50VXNlcjpOalE1TlRjNE9UWTBRSEZ4TG1OdmJRPT06MTU0ODkyODk1MTozZTE3ZGIxYzRjYzUzYWE4MmU2MjVlYjI3OTQxNTI3ZTIyZjUyYzYwMzFmZjNkNzI3MTdkODI4MzIxZTk0NmVk; CNZZDATA1256922974=1723540018-1514876107-%7C1517463005; bdshare_firstime=1522317821515; Hm_lvt_ebb8ef3f6d57c4b17c15b95865c9c3fb=1522635670; Phpstorm-7d8938db=0dec72a5-7ab0-46de-a14b-0c25eddfbbac; lang=zh-cn; device=desktop; theme=default; keepLogin=on; za=admin; zp=0537c5bc8c477d690858dc3b13d03cbc9de46966; PHPSESSID=m9uhrruoddt4tvl5n50ncf69g0; loginTime=1529059816',
  'accept-language' => 'zh-CN,zh;q=0.9',
  'accept-encoding' => 'gzip, deflate, br',
  'accept' => 'image/webp,image/apng,image/*,*/*;q=0.8',
  'pragma' => 'no-cache',
  'connection' => 'keep-alive',
  'cache-control' => 'no-cache',
)
[ info ] [ PARAM ] array (
)
[ info ] [ LOG ] INIT File
---------------------------------------------------------------
[ 2018-06-15T19:07:32+08:00 ] 0.0.0.0 GET /member/inviteDoctors?doctorId=170
[ info ] localhost:7037/member/inviteDoctors?doctorId=170 [运行时间：0.238741s][吞吐率：4.19req/s] [内存消耗：2,161.80kb] [文件加载：44]
[ info ] [ LANG ] D:\workLP\20180502\judeng\wwwroot\thinkphp\lang\zh-cn.php
[ info ] [ BIND ] 'home'
[ info ] [ ROUTE ] array (
  'type' => 'module',
  'module' => 
  array (
    0 => 'home',
    1 => 'member',
    2 => 'inviteDoctors',
  ),
)
[ info ] [ HEADER ] array (
  'content-type' => '',
  'content-length' => '0',
  'x-original-url' => '/member/inviteDoctors?doctorId=170',
  'upgrade-insecure-requests' => '1',
  'user-agent' => 'Mozilla/5.0 (iPhone; CPU iPhone OS 11_0 like Mac OS X) AppleWebKit/604.1.38 (KHTML, like Gecko) Version/11.0 Mobile/15A372 Safari/604.1',
  'host' => 'localhost:7037',
  'cookie' => 'UM_distinctid=160b5c52e97c7-0a812a97ee4d36-e323462-1fa400-160b5c52e9a107; CNZZDATA1000308349=1622381418-1516928585-%7C1516934020; Hm_lvt_5dd55c6682e0c7d344e29e785f9de1bb=1515553694,1516772121,1516938586,1517206225; REMEMBERME=VG9weGlhXFNlcnZpY2VcVXNlclxDdXJyZW50VXNlcjpOalE1TlRjNE9UWTBRSEZ4TG1OdmJRPT06MTU0ODkyODk1MTozZTE3ZGIxYzRjYzUzYWE4MmU2MjVlYjI3OTQxNTI3ZTIyZjUyYzYwMzFmZjNkNzI3MTdkODI4MzIxZTk0NmVk; CNZZDATA1256922974=1723540018-1514876107-%7C1517463005; bdshare_firstime=1522317821515; Hm_lvt_ebb8ef3f6d57c4b17c15b95865c9c3fb=1522635670; Phpstorm-7d8938db=0dec72a5-7ab0-46de-a14b-0c25eddfbbac; lang=zh-cn; device=desktop; theme=default; keepLogin=on; za=admin; zp=0537c5bc8c477d690858dc3b13d03cbc9de46966; PHPSESSID=m9uhrruoddt4tvl5n50ncf69g0; loginTime=1529059816',
  'accept-language' => 'zh-CN,zh;q=0.9',
  'accept-encoding' => 'gzip, deflate, br',
  'accept' => 'text/html,application/xhtml+xml,application/xml;q=0.9,image/webp,image/apng,*/*;q=0.8',
  'pragma' => 'no-cache',
  'connection' => 'keep-alive',
  'cache-control' => 'no-cache',
)
[ info ] [ PARAM ] array (
  'doctorId' => '170',
)
[ info ] [ RUN ] app\home\controller\Member->inviteDoctors[ D:\workLP\20180502\judeng\wwwroot\application\home\controller\Member.php ]
[ info ] [ LOG ] INIT File
---------------------------------------------------------------
[ 2018-06-15T19:09:33+08:00 ] 0.0.0.0 GET /member/inviteDoctors?doctorId=170
[ info ] localhost:7037/member/inviteDoctors?doctorId=170 [运行时间：0.293478s][吞吐率：3.41req/s] [内存消耗：2,426.05kb] [文件加载：49]
[ info ] [ LANG ] D:\workLP\20180502\judeng\wwwroot\thinkphp\lang\zh-cn.php
[ info ] [ BIND ] 'home'
[ info ] [ ROUTE ] array (
  'type' => 'module',
  'module' => 
  array (
    0 => 'home',
    1 => 'member',
    2 => 'inviteDoctors',
  ),
)
[ info ] [ HEADER ] array (
  'content-type' => '',
  'content-length' => '0',
  'x-original-url' => '/member/inviteDoctors?doctorId=170',
  'upgrade-insecure-requests' => '1',
  'user-agent' => 'Mozilla/5.0 (iPhone; CPU iPhone OS 11_0 like Mac OS X) AppleWebKit/604.1.38 (KHTML, like Gecko) Version/11.0 Mobile/15A372 Safari/604.1',
  'host' => 'localhost:7037',
  'cookie' => 'UM_distinctid=160b5c52e97c7-0a812a97ee4d36-e323462-1fa400-160b5c52e9a107; CNZZDATA1000308349=1622381418-1516928585-%7C1516934020; Hm_lvt_5dd55c6682e0c7d344e29e785f9de1bb=1515553694,1516772121,1516938586,1517206225; REMEMBERME=VG9weGlhXFNlcnZpY2VcVXNlclxDdXJyZW50VXNlcjpOalE1TlRjNE9UWTBRSEZ4TG1OdmJRPT06MTU0ODkyODk1MTozZTE3ZGIxYzRjYzUzYWE4MmU2MjVlYjI3OTQxNTI3ZTIyZjUyYzYwMzFmZjNkNzI3MTdkODI4MzIxZTk0NmVk; CNZZDATA1256922974=1723540018-1514876107-%7C1517463005; bdshare_firstime=1522317821515; Hm_lvt_ebb8ef3f6d57c4b17c15b95865c9c3fb=1522635670; Phpstorm-7d8938db=0dec72a5-7ab0-46de-a14b-0c25eddfbbac; lang=zh-cn; device=desktop; theme=default; keepLogin=on; za=admin; zp=0537c5bc8c477d690858dc3b13d03cbc9de46966; PHPSESSID=m9uhrruoddt4tvl5n50ncf69g0; loginTime=1529059816',
  'accept-language' => 'zh-CN,zh;q=0.9',
  'accept-encoding' => 'gzip, deflate, br',
  'accept' => 'text/html,application/xhtml+xml,application/xml;q=0.9,image/webp,image/apng,*/*;q=0.8',
  'pragma' => 'no-cache',
  'connection' => 'keep-alive',
  'cache-control' => 'no-cache',
)
[ info ] [ PARAM ] array (
  'doctorId' => '170',
)
[ info ] [ RUN ] app\home\controller\Member->inviteDoctors[ D:\workLP\20180502\judeng\wwwroot\application\home\controller\Member.php ]
[ info ] [ VIEW ] D:\workLP\20180502\judeng\wwwroot/application/home\view\doctor\inviteDoctors.html [ array (
  0 => 'setting',
  1 => 'info',
) ]
[ info ] [ LOG ] INIT File
---------------------------------------------------------------
[ 2018-06-15T19:09:33+08:00 ] 0.0.0.0 GET /member/$info['to_doctor_url']
[ info ] localhost:7037/member/$info['to_doctor_url'] [运行时间：0.060275s][吞吐率：16.59req/s] [内存消耗：2,287.23kb] [文件加载：49]
[ info ] [ LANG ] D:\workLP\20180502\judeng\wwwroot\thinkphp\lang\zh-cn.php
[ info ] [ BIND ] 'home'
[ info ] [ ROUTE ] array (
  'type' => 'module',
  'module' => 
  array (
    0 => 'home',
    1 => 'member',
    2 => '$info[\'to_doctor_url\']',
  ),
)
[ info ] [ HEADER ] array (
  'content-type' => '',
  'content-length' => '0',
  'x-original-url' => '/member/$info[\'to_doctor_url\']',
  'user-agent' => 'Mozilla/5.0 (iPhone; CPU iPhone OS 11_0 like Mac OS X) AppleWebKit/604.1.38 (KHTML, like Gecko) Version/11.0 Mobile/15A372 Safari/604.1',
  'referer' => 'http://localhost:7037/member/inviteDoctors?doctorId=170',
  'host' => 'localhost:7037',
  'cookie' => 'UM_distinctid=160b5c52e97c7-0a812a97ee4d36-e323462-1fa400-160b5c52e9a107; CNZZDATA1000308349=1622381418-1516928585-%7C1516934020; Hm_lvt_5dd55c6682e0c7d344e29e785f9de1bb=1515553694,1516772121,1516938586,1517206225; REMEMBERME=VG9weGlhXFNlcnZpY2VcVXNlclxDdXJyZW50VXNlcjpOalE1TlRjNE9UWTBRSEZ4TG1OdmJRPT06MTU0ODkyODk1MTozZTE3ZGIxYzRjYzUzYWE4MmU2MjVlYjI3OTQxNTI3ZTIyZjUyYzYwMzFmZjNkNzI3MTdkODI4MzIxZTk0NmVk; CNZZDATA1256922974=1723540018-1514876107-%7C1517463005; bdshare_firstime=1522317821515; Hm_lvt_ebb8ef3f6d57c4b17c15b95865c9c3fb=1522635670; Phpstorm-7d8938db=0dec72a5-7ab0-46de-a14b-0c25eddfbbac; lang=zh-cn; device=desktop; theme=default; keepLogin=on; za=admin; zp=0537c5bc8c477d690858dc3b13d03cbc9de46966; PHPSESSID=m9uhrruoddt4tvl5n50ncf69g0; loginTime=1529059816',
  'accept-language' => 'zh-CN,zh;q=0.9',
  'accept-encoding' => 'gzip, deflate, br',
  'accept' => 'image/webp,image/apng,image/*,*/*;q=0.8',
  'pragma' => 'no-cache',
  'connection' => 'keep-alive',
  'cache-control' => 'no-cache',
)
[ info ] [ PARAM ] array (
)
[ info ] [ LOG ] INIT File
---------------------------------------------------------------
[ 2018-06-15T19:10:16+08:00 ] 0.0.0.0 GET /member/inviteDoctors?doctorId=170
[ info ] localhost:7037/member/inviteDoctors?doctorId=170 [运行时间：0.265600s][吞吐率：3.77req/s] [内存消耗：2,426.06kb] [文件加载：49]
[ info ] [ LANG ] D:\workLP\20180502\judeng\wwwroot\thinkphp\lang\zh-cn.php
[ info ] [ BIND ] 'home'
[ info ] [ ROUTE ] array (
  'type' => 'module',
  'module' => 
  array (
    0 => 'home',
    1 => 'member',
    2 => 'inviteDoctors',
  ),
)
[ info ] [ HEADER ] array (
  'content-type' => '',
  'content-length' => '0',
  'x-original-url' => '/member/inviteDoctors?doctorId=170',
  'upgrade-insecure-requests' => '1',
  'user-agent' => 'Mozilla/5.0 (iPhone; CPU iPhone OS 11_0 like Mac OS X) AppleWebKit/604.1.38 (KHTML, like Gecko) Version/11.0 Mobile/15A372 Safari/604.1',
  'host' => 'localhost:7037',
  'cookie' => 'UM_distinctid=160b5c52e97c7-0a812a97ee4d36-e323462-1fa400-160b5c52e9a107; CNZZDATA1000308349=1622381418-1516928585-%7C1516934020; Hm_lvt_5dd55c6682e0c7d344e29e785f9de1bb=1515553694,1516772121,1516938586,1517206225; REMEMBERME=VG9weGlhXFNlcnZpY2VcVXNlclxDdXJyZW50VXNlcjpOalE1TlRjNE9UWTBRSEZ4TG1OdmJRPT06MTU0ODkyODk1MTozZTE3ZGIxYzRjYzUzYWE4MmU2MjVlYjI3OTQxNTI3ZTIyZjUyYzYwMzFmZjNkNzI3MTdkODI4MzIxZTk0NmVk; CNZZDATA1256922974=1723540018-1514876107-%7C1517463005; bdshare_firstime=1522317821515; Hm_lvt_ebb8ef3f6d57c4b17c15b95865c9c3fb=1522635670; Phpstorm-7d8938db=0dec72a5-7ab0-46de-a14b-0c25eddfbbac; lang=zh-cn; device=desktop; theme=default; keepLogin=on; za=admin; zp=0537c5bc8c477d690858dc3b13d03cbc9de46966; PHPSESSID=m9uhrruoddt4tvl5n50ncf69g0; loginTime=1529059816',
  'accept-language' => 'zh-CN,zh;q=0.9',
  'accept-encoding' => 'gzip, deflate, br',
  'accept' => 'text/html,application/xhtml+xml,application/xml;q=0.9,image/webp,image/apng,*/*;q=0.8',
  'pragma' => 'no-cache',
  'connection' => 'keep-alive',
  'cache-control' => 'no-cache',
)
[ info ] [ PARAM ] array (
  'doctorId' => '170',
)
[ info ] [ RUN ] app\home\controller\Member->inviteDoctors[ D:\workLP\20180502\judeng\wwwroot\application\home\controller\Member.php ]
[ info ] [ VIEW ] D:\workLP\20180502\judeng\wwwroot/application/home\view\doctor\inviteDoctors.html [ array (
  0 => 'setting',
  1 => 'info',
) ]
[ info ] [ LOG ] INIT File
---------------------------------------------------------------
[ 2018-06-15T19:10:21+08:00 ] 0.0.0.0 GET /member/inviteDoctors?doctorId=170
[ info ] localhost:7037/member/inviteDoctors?doctorId=170 [运行时间：0.258587s][吞吐率：3.87req/s] [内存消耗：2,243.70kb] [文件加载：47]
[ info ] [ LANG ] D:\workLP\20180502\judeng\wwwroot\thinkphp\lang\zh-cn.php
[ info ] [ BIND ] 'home'
[ info ] [ ROUTE ] array (
  'type' => 'module',
  'module' => 
  array (
    0 => 'home',
    1 => 'member',
    2 => 'inviteDoctors',
  ),
)
[ info ] [ HEADER ] array (
  'content-type' => '',
  'content-length' => '0',
  'x-original-url' => '/member/inviteDoctors?doctorId=170',
  'upgrade-insecure-requests' => '1',
  'user-agent' => 'Mozilla/5.0 (iPhone; CPU iPhone OS 11_0 like Mac OS X) AppleWebKit/604.1.38 (KHTML, like Gecko) Version/11.0 Mobile/15A372 Safari/604.1',
  'host' => 'localhost:7037',
  'cookie' => 'UM_distinctid=160b5c52e97c7-0a812a97ee4d36-e323462-1fa400-160b5c52e9a107; CNZZDATA1000308349=1622381418-1516928585-%7C1516934020; Hm_lvt_5dd55c6682e0c7d344e29e785f9de1bb=1515553694,1516772121,1516938586,1517206225; REMEMBERME=VG9weGlhXFNlcnZpY2VcVXNlclxDdXJyZW50VXNlcjpOalE1TlRjNE9UWTBRSEZ4TG1OdmJRPT06MTU0ODkyODk1MTozZTE3ZGIxYzRjYzUzYWE4MmU2MjVlYjI3OTQxNTI3ZTIyZjUyYzYwMzFmZjNkNzI3MTdkODI4MzIxZTk0NmVk; CNZZDATA1256922974=1723540018-1514876107-%7C1517463005; bdshare_firstime=1522317821515; Hm_lvt_ebb8ef3f6d57c4b17c15b95865c9c3fb=1522635670; Phpstorm-7d8938db=0dec72a5-7ab0-46de-a14b-0c25eddfbbac; lang=zh-cn; device=desktop; theme=default; keepLogin=on; za=admin; zp=0537c5bc8c477d690858dc3b13d03cbc9de46966; PHPSESSID=m9uhrruoddt4tvl5n50ncf69g0; loginTime=1529059816',
  'accept-language' => 'zh-CN,zh;q=0.9',
  'accept-encoding' => 'gzip, deflate, br',
  'accept' => 'text/html,application/xhtml+xml,application/xml;q=0.9,image/webp,image/apng,*/*;q=0.8',
  'pragma' => 'no-cache',
  'connection' => 'keep-alive',
  'cache-control' => 'no-cache',
)
[ info ] [ PARAM ] array (
  'doctorId' => '170',
)
[ info ] [ RUN ] app\home\controller\Member->inviteDoctors[ D:\workLP\20180502\judeng\wwwroot\application\home\controller\Member.php ]
[ info ] [ VIEW ] D:\workLP\20180502\judeng\wwwroot/application/home\view\doctor\inviteDoctors.html [ array (
  0 => 'setting',
  1 => 'info',
) ]
[ info ] [ LOG ] INIT File
---------------------------------------------------------------
[ 2018-06-15T19:11:36+08:00 ] 0.0.0.0 GET /member/inviteDoctors?doctorId=170
[ info ] localhost:7037/member/inviteDoctors?doctorId=170 [运行时间：0.272479s][吞吐率：3.67req/s] [内存消耗：2,426.15kb] [文件加载：49]
[ info ] [ LANG ] D:\workLP\20180502\judeng\wwwroot\thinkphp\lang\zh-cn.php
[ info ] [ BIND ] 'home'
[ info ] [ ROUTE ] array (
  'type' => 'module',
  'module' => 
  array (
    0 => 'home',
    1 => 'member',
    2 => 'inviteDoctors',
  ),
)
[ info ] [ HEADER ] array (
  'content-type' => '',
  'content-length' => '0',
  'x-original-url' => '/member/inviteDoctors?doctorId=170',
  'upgrade-insecure-requests' => '1',
  'user-agent' => 'Mozilla/5.0 (iPhone; CPU iPhone OS 11_0 like Mac OS X) AppleWebKit/604.1.38 (KHTML, like Gecko) Version/11.0 Mobile/15A372 Safari/604.1',
  'host' => 'localhost:7037',
  'cookie' => 'UM_distinctid=160b5c52e97c7-0a812a97ee4d36-e323462-1fa400-160b5c52e9a107; CNZZDATA1000308349=1622381418-1516928585-%7C1516934020; Hm_lvt_5dd55c6682e0c7d344e29e785f9de1bb=1515553694,1516772121,1516938586,1517206225; REMEMBERME=VG9weGlhXFNlcnZpY2VcVXNlclxDdXJyZW50VXNlcjpOalE1TlRjNE9UWTBRSEZ4TG1OdmJRPT06MTU0ODkyODk1MTozZTE3ZGIxYzRjYzUzYWE4MmU2MjVlYjI3OTQxNTI3ZTIyZjUyYzYwMzFmZjNkNzI3MTdkODI4MzIxZTk0NmVk; CNZZDATA1256922974=1723540018-1514876107-%7C1517463005; bdshare_firstime=1522317821515; Hm_lvt_ebb8ef3f6d57c4b17c15b95865c9c3fb=1522635670; Phpstorm-7d8938db=0dec72a5-7ab0-46de-a14b-0c25eddfbbac; lang=zh-cn; device=desktop; theme=default; keepLogin=on; za=admin; zp=0537c5bc8c477d690858dc3b13d03cbc9de46966; PHPSESSID=m9uhrruoddt4tvl5n50ncf69g0; loginTime=1529059816',
  'accept-language' => 'zh-CN,zh;q=0.9',
  'accept-encoding' => 'gzip, deflate, br',
  'accept' => 'text/html,application/xhtml+xml,application/xml;q=0.9,image/webp,image/apng,*/*;q=0.8',
  'pragma' => 'no-cache',
  'connection' => 'keep-alive',
  'cache-control' => 'no-cache',
)
[ info ] [ PARAM ] array (
  'doctorId' => '170',
)
[ info ] [ RUN ] app\home\controller\Member->inviteDoctors[ D:\workLP\20180502\judeng\wwwroot\application\home\controller\Member.php ]
[ info ] [ VIEW ] D:\workLP\20180502\judeng\wwwroot/application/home\view\doctor\inviteDoctors.html [ array (
  0 => 'setting',
  1 => 'info',
) ]
[ info ] [ LOG ] INIT File
---------------------------------------------------------------
[ 2018-06-15T19:11:51+08:00 ] 0.0.0.0 GET /member/inviteDoctors?doctorId=170
[ info ] localhost:7037/member/inviteDoctors?doctorId=170 [运行时间：0.253022s][吞吐率：3.95req/s] [内存消耗：2,426.20kb] [文件加载：49]
[ info ] [ LANG ] D:\workLP\20180502\judeng\wwwroot\thinkphp\lang\zh-cn.php
[ info ] [ BIND ] 'home'
[ info ] [ ROUTE ] array (
  'type' => 'module',
  'module' => 
  array (
    0 => 'home',
    1 => 'member',
    2 => 'inviteDoctors',
  ),
)
[ info ] [ HEADER ] array (
  'content-type' => '',
  'content-length' => '0',
  'x-original-url' => '/member/inviteDoctors?doctorId=170',
  'upgrade-insecure-requests' => '1',
  'user-agent' => 'Mozilla/5.0 (iPhone; CPU iPhone OS 11_0 like Mac OS X) AppleWebKit/604.1.38 (KHTML, like Gecko) Version/11.0 Mobile/15A372 Safari/604.1',
  'host' => 'localhost:7037',
  'cookie' => 'UM_distinctid=160b5c52e97c7-0a812a97ee4d36-e323462-1fa400-160b5c52e9a107; CNZZDATA1000308349=1622381418-1516928585-%7C1516934020; Hm_lvt_5dd55c6682e0c7d344e29e785f9de1bb=1515553694,1516772121,1516938586,1517206225; REMEMBERME=VG9weGlhXFNlcnZpY2VcVXNlclxDdXJyZW50VXNlcjpOalE1TlRjNE9UWTBRSEZ4TG1OdmJRPT06MTU0ODkyODk1MTozZTE3ZGIxYzRjYzUzYWE4MmU2MjVlYjI3OTQxNTI3ZTIyZjUyYzYwMzFmZjNkNzI3MTdkODI4MzIxZTk0NmVk; CNZZDATA1256922974=1723540018-1514876107-%7C1517463005; bdshare_firstime=1522317821515; Hm_lvt_ebb8ef3f6d57c4b17c15b95865c9c3fb=1522635670; Phpstorm-7d8938db=0dec72a5-7ab0-46de-a14b-0c25eddfbbac; lang=zh-cn; device=desktop; theme=default; keepLogin=on; za=admin; zp=0537c5bc8c477d690858dc3b13d03cbc9de46966; PHPSESSID=m9uhrruoddt4tvl5n50ncf69g0; loginTime=1529059816',
  'accept-language' => 'zh-CN,zh;q=0.9',
  'accept-encoding' => 'gzip, deflate, br',
  'accept' => 'text/html,application/xhtml+xml,application/xml;q=0.9,image/webp,image/apng,*/*;q=0.8',
  'pragma' => 'no-cache',
  'connection' => 'keep-alive',
  'cache-control' => 'no-cache',
)
[ info ] [ PARAM ] array (
  'doctorId' => '170',
)
[ info ] [ RUN ] app\home\controller\Member->inviteDoctors[ D:\workLP\20180502\judeng\wwwroot\application\home\controller\Member.php ]
[ info ] [ VIEW ] D:\workLP\20180502\judeng\wwwroot/application/home\view\doctor\inviteDoctors.html [ array (
  0 => 'setting',
  1 => 'info',
) ]
[ info ] [ LOG ] INIT File
---------------------------------------------------------------
[ 2018-06-15T19:11:54+08:00 ] 0.0.0.0 GET /member/inviteDoctors?doctorId=170
[ info ] localhost:7037/member/inviteDoctors?doctorId=170 [运行时间：0.272079s][吞吐率：3.68req/s] [内存消耗：2,243.70kb] [文件加载：47]
[ info ] [ LANG ] D:\workLP\20180502\judeng\wwwroot\thinkphp\lang\zh-cn.php
[ info ] [ BIND ] 'home'
[ info ] [ ROUTE ] array (
  'type' => 'module',
  'module' => 
  array (
    0 => 'home',
    1 => 'member',
    2 => 'inviteDoctors',
  ),
)
[ info ] [ HEADER ] array (
  'content-type' => '',
  'content-length' => '0',
  'x-original-url' => '/member/inviteDoctors?doctorId=170',
  'upgrade-insecure-requests' => '1',
  'user-agent' => 'Mozilla/5.0 (iPhone; CPU iPhone OS 11_0 like Mac OS X) AppleWebKit/604.1.38 (KHTML, like Gecko) Version/11.0 Mobile/15A372 Safari/604.1',
  'host' => 'localhost:7037',
  'cookie' => 'UM_distinctid=160b5c52e97c7-0a812a97ee4d36-e323462-1fa400-160b5c52e9a107; CNZZDATA1000308349=1622381418-1516928585-%7C1516934020; Hm_lvt_5dd55c6682e0c7d344e29e785f9de1bb=1515553694,1516772121,1516938586,1517206225; REMEMBERME=VG9weGlhXFNlcnZpY2VcVXNlclxDdXJyZW50VXNlcjpOalE1TlRjNE9UWTBRSEZ4TG1OdmJRPT06MTU0ODkyODk1MTozZTE3ZGIxYzRjYzUzYWE4MmU2MjVlYjI3OTQxNTI3ZTIyZjUyYzYwMzFmZjNkNzI3MTdkODI4MzIxZTk0NmVk; CNZZDATA1256922974=1723540018-1514876107-%7C1517463005; bdshare_firstime=1522317821515; Hm_lvt_ebb8ef3f6d57c4b17c15b95865c9c3fb=1522635670; Phpstorm-7d8938db=0dec72a5-7ab0-46de-a14b-0c25eddfbbac; lang=zh-cn; device=desktop; theme=default; keepLogin=on; za=admin; zp=0537c5bc8c477d690858dc3b13d03cbc9de46966; PHPSESSID=m9uhrruoddt4tvl5n50ncf69g0; loginTime=1529059816',
  'accept-language' => 'zh-CN,zh;q=0.9',
  'accept-encoding' => 'gzip, deflate, br',
  'accept' => 'text/html,application/xhtml+xml,application/xml;q=0.9,image/webp,image/apng,*/*;q=0.8',
  'pragma' => 'no-cache',
  'connection' => 'keep-alive',
  'cache-control' => 'no-cache',
)
[ info ] [ PARAM ] array (
  'doctorId' => '170',
)
[ info ] [ RUN ] app\home\controller\Member->inviteDoctors[ D:\workLP\20180502\judeng\wwwroot\application\home\controller\Member.php ]
[ info ] [ VIEW ] D:\workLP\20180502\judeng\wwwroot/application/home\view\doctor\inviteDoctors.html [ array (
  0 => 'setting',
  1 => 'info',
) ]
[ info ] [ LOG ] INIT File
---------------------------------------------------------------
[ 2018-06-15T19:12:18+08:00 ] 0.0.0.0 GET /member/inviteDoctors?doctorId=170
[ info ] localhost:7037/member/inviteDoctors?doctorId=170 [运行时间：0.251030s][吞吐率：3.98req/s] [内存消耗：2,426.27kb] [文件加载：49]
[ info ] [ LANG ] D:\workLP\20180502\judeng\wwwroot\thinkphp\lang\zh-cn.php
[ info ] [ BIND ] 'home'
[ info ] [ ROUTE ] array (
  'type' => 'module',
  'module' => 
  array (
    0 => 'home',
    1 => 'member',
    2 => 'inviteDoctors',
  ),
)
[ info ] [ HEADER ] array (
  'content-type' => '',
  'content-length' => '0',
  'x-original-url' => '/member/inviteDoctors?doctorId=170',
  'upgrade-insecure-requests' => '1',
  'user-agent' => 'Mozilla/5.0 (iPhone; CPU iPhone OS 11_0 like Mac OS X) AppleWebKit/604.1.38 (KHTML, like Gecko) Version/11.0 Mobile/15A372 Safari/604.1',
  'host' => 'localhost:7037',
  'cookie' => 'UM_distinctid=160b5c52e97c7-0a812a97ee4d36-e323462-1fa400-160b5c52e9a107; CNZZDATA1000308349=1622381418-1516928585-%7C1516934020; Hm_lvt_5dd55c6682e0c7d344e29e785f9de1bb=1515553694,1516772121,1516938586,1517206225; REMEMBERME=VG9weGlhXFNlcnZpY2VcVXNlclxDdXJyZW50VXNlcjpOalE1TlRjNE9UWTBRSEZ4TG1OdmJRPT06MTU0ODkyODk1MTozZTE3ZGIxYzRjYzUzYWE4MmU2MjVlYjI3OTQxNTI3ZTIyZjUyYzYwMzFmZjNkNzI3MTdkODI4MzIxZTk0NmVk; CNZZDATA1256922974=1723540018-1514876107-%7C1517463005; bdshare_firstime=1522317821515; Hm_lvt_ebb8ef3f6d57c4b17c15b95865c9c3fb=1522635670; Phpstorm-7d8938db=0dec72a5-7ab0-46de-a14b-0c25eddfbbac; lang=zh-cn; device=desktop; theme=default; keepLogin=on; za=admin; zp=0537c5bc8c477d690858dc3b13d03cbc9de46966; PHPSESSID=m9uhrruoddt4tvl5n50ncf69g0; loginTime=1529059816',
  'accept-language' => 'zh-CN,zh;q=0.9',
  'accept-encoding' => 'gzip, deflate, br',
  'accept' => 'text/html,application/xhtml+xml,application/xml;q=0.9,image/webp,image/apng,*/*;q=0.8',
  'pragma' => 'no-cache',
  'connection' => 'keep-alive',
  'cache-control' => 'no-cache',
)
[ info ] [ PARAM ] array (
  'doctorId' => '170',
)
[ info ] [ RUN ] app\home\controller\Member->inviteDoctors[ D:\workLP\20180502\judeng\wwwroot\application\home\controller\Member.php ]
[ info ] [ VIEW ] D:\workLP\20180502\judeng\wwwroot/application/home\view\doctor\inviteDoctors.html [ array (
  0 => 'setting',
  1 => 'info',
) ]
[ info ] [ LOG ] INIT File
---------------------------------------------------------------
[ 2018-06-15T19:12:38+08:00 ] 0.0.0.0 GET /member/inviteDoctors?doctorId=170
[ info ] localhost:7037/member/inviteDoctors?doctorId=170 [运行时间：0.230902s][吞吐率：4.33req/s] [内存消耗：2,243.81kb] [文件加载：47]
[ info ] [ LANG ] D:\workLP\20180502\judeng\wwwroot\thinkphp\lang\zh-cn.php
[ info ] [ BIND ] 'home'
[ info ] [ ROUTE ] array (
  'type' => 'module',
  'module' => 
  array (
    0 => 'home',
    1 => 'member',
    2 => 'inviteDoctors',
  ),
)
[ info ] [ HEADER ] array (
  'content-type' => '',
  'content-length' => '0',
  'x-original-url' => '/member/inviteDoctors?doctorId=170',
  'upgrade-insecure-requests' => '1',
  'user-agent' => 'Mozilla/5.0 (iPhone; CPU iPhone OS 11_0 like Mac OS X) AppleWebKit/604.1.38 (KHTML, like Gecko) Version/11.0 Mobile/15A372 Safari/604.1',
  'host' => 'localhost:7037',
  'cookie' => 'UM_distinctid=160b5c52e97c7-0a812a97ee4d36-e323462-1fa400-160b5c52e9a107; CNZZDATA1000308349=1622381418-1516928585-%7C1516934020; Hm_lvt_5dd55c6682e0c7d344e29e785f9de1bb=1515553694,1516772121,1516938586,1517206225; REMEMBERME=VG9weGlhXFNlcnZpY2VcVXNlclxDdXJyZW50VXNlcjpOalE1TlRjNE9UWTBRSEZ4TG1OdmJRPT06MTU0ODkyODk1MTozZTE3ZGIxYzRjYzUzYWE4MmU2MjVlYjI3OTQxNTI3ZTIyZjUyYzYwMzFmZjNkNzI3MTdkODI4MzIxZTk0NmVk; CNZZDATA1256922974=1723540018-1514876107-%7C1517463005; bdshare_firstime=1522317821515; Hm_lvt_ebb8ef3f6d57c4b17c15b95865c9c3fb=1522635670; Phpstorm-7d8938db=0dec72a5-7ab0-46de-a14b-0c25eddfbbac; lang=zh-cn; device=desktop; theme=default; keepLogin=on; za=admin; zp=0537c5bc8c477d690858dc3b13d03cbc9de46966; PHPSESSID=m9uhrruoddt4tvl5n50ncf69g0; loginTime=1529059816',
  'accept-language' => 'zh-CN,zh;q=0.9',
  'accept-encoding' => 'gzip, deflate, br',
  'accept' => 'text/html,application/xhtml+xml,application/xml;q=0.9,image/webp,image/apng,*/*;q=0.8',
  'pragma' => 'no-cache',
  'connection' => 'keep-alive',
  'cache-control' => 'no-cache',
)
[ info ] [ PARAM ] array (
  'doctorId' => '170',
)
[ info ] [ RUN ] app\home\controller\Member->inviteDoctors[ D:\workLP\20180502\judeng\wwwroot\application\home\controller\Member.php ]
[ info ] [ VIEW ] D:\workLP\20180502\judeng\wwwroot/application/home\view\doctor\inviteDoctors.html [ array (
  0 => 'setting',
  1 => 'info',
) ]
[ info ] [ LOG ] INIT File
---------------------------------------------------------------
[ 2018-06-15T19:13:06+08:00 ] 0.0.0.0 GET /member/inviteDoctors?doctorId=170
[ info ] localhost:7037/member/inviteDoctors?doctorId=170 [运行时间：0.242970s][吞吐率：4.12req/s] [内存消耗：2,243.81kb] [文件加载：47]
[ info ] [ LANG ] D:\workLP\20180502\judeng\wwwroot\thinkphp\lang\zh-cn.php
[ info ] [ BIND ] 'home'
[ info ] [ ROUTE ] array (
  'type' => 'module',
  'module' => 
  array (
    0 => 'home',
    1 => 'member',
    2 => 'inviteDoctors',
  ),
)
[ info ] [ HEADER ] array (
  'content-type' => '',
  'content-length' => '0',
  'x-original-url' => '/member/inviteDoctors?doctorId=170',
  'upgrade-insecure-requests' => '1',
  'user-agent' => 'Mozilla/5.0 (iPhone; CPU iPhone OS 11_0 like Mac OS X) AppleWebKit/604.1.38 (KHTML, like Gecko) Version/11.0 Mobile/15A372 Safari/604.1',
  'host' => 'localhost:7037',
  'cookie' => 'UM_distinctid=160b5c52e97c7-0a812a97ee4d36-e323462-1fa400-160b5c52e9a107; CNZZDATA1000308349=1622381418-1516928585-%7C1516934020; Hm_lvt_5dd55c6682e0c7d344e29e785f9de1bb=1515553694,1516772121,1516938586,1517206225; REMEMBERME=VG9weGlhXFNlcnZpY2VcVXNlclxDdXJyZW50VXNlcjpOalE1TlRjNE9UWTBRSEZ4TG1OdmJRPT06MTU0ODkyODk1MTozZTE3ZGIxYzRjYzUzYWE4MmU2MjVlYjI3OTQxNTI3ZTIyZjUyYzYwMzFmZjNkNzI3MTdkODI4MzIxZTk0NmVk; CNZZDATA1256922974=1723540018-1514876107-%7C1517463005; bdshare_firstime=1522317821515; Hm_lvt_ebb8ef3f6d57c4b17c15b95865c9c3fb=1522635670; Phpstorm-7d8938db=0dec72a5-7ab0-46de-a14b-0c25eddfbbac; lang=zh-cn; device=desktop; theme=default; keepLogin=on; za=admin; zp=0537c5bc8c477d690858dc3b13d03cbc9de46966; PHPSESSID=m9uhrruoddt4tvl5n50ncf69g0; loginTime=1529059816',
  'accept-language' => 'zh-CN,zh;q=0.9',
  'accept-encoding' => 'gzip, deflate, br',
  'accept' => 'text/html,application/xhtml+xml,application/xml;q=0.9,image/webp,image/apng,*/*;q=0.8',
  'pragma' => 'no-cache',
  'connection' => 'keep-alive',
  'cache-control' => 'no-cache',
)
[ info ] [ PARAM ] array (
  'doctorId' => '170',
)
[ info ] [ RUN ] app\home\controller\Member->inviteDoctors[ D:\workLP\20180502\judeng\wwwroot\application\home\controller\Member.php ]
[ info ] [ VIEW ] D:\workLP\20180502\judeng\wwwroot/application/home\view\doctor\inviteDoctors.html [ array (
  0 => 'setting',
  1 => 'info',
) ]
[ info ] [ LOG ] INIT File
---------------------------------------------------------------
[ 2018-06-15T19:13:12+08:00 ] 0.0.0.0 GET /member/inviteDoctors?doctorId=170
[ info ] localhost:7037/member/inviteDoctors?doctorId=170 [运行时间：0.216482s][吞吐率：4.62req/s] [内存消耗：2,243.81kb] [文件加载：47]
[ info ] [ LANG ] D:\workLP\20180502\judeng\wwwroot\thinkphp\lang\zh-cn.php
[ info ] [ BIND ] 'home'
[ info ] [ ROUTE ] array (
  'type' => 'module',
  'module' => 
  array (
    0 => 'home',
    1 => 'member',
    2 => 'inviteDoctors',
  ),
)
[ info ] [ HEADER ] array (
  'content-type' => '',
  'content-length' => '0',
  'x-original-url' => '/member/inviteDoctors?doctorId=170',
  'upgrade-insecure-requests' => '1',
  'user-agent' => 'Mozilla/5.0 (iPhone; CPU iPhone OS 11_0 like Mac OS X) AppleWebKit/604.1.38 (KHTML, like Gecko) Version/11.0 Mobile/15A372 Safari/604.1',
  'host' => 'localhost:7037',
  'cookie' => 'UM_distinctid=160b5c52e97c7-0a812a97ee4d36-e323462-1fa400-160b5c52e9a107; CNZZDATA1000308349=1622381418-1516928585-%7C1516934020; Hm_lvt_5dd55c6682e0c7d344e29e785f9de1bb=1515553694,1516772121,1516938586,1517206225; REMEMBERME=VG9weGlhXFNlcnZpY2VcVXNlclxDdXJyZW50VXNlcjpOalE1TlRjNE9UWTBRSEZ4TG1OdmJRPT06MTU0ODkyODk1MTozZTE3ZGIxYzRjYzUzYWE4MmU2MjVlYjI3OTQxNTI3ZTIyZjUyYzYwMzFmZjNkNzI3MTdkODI4MzIxZTk0NmVk; CNZZDATA1256922974=1723540018-1514876107-%7C1517463005; bdshare_firstime=1522317821515; Hm_lvt_ebb8ef3f6d57c4b17c15b95865c9c3fb=1522635670; Phpstorm-7d8938db=0dec72a5-7ab0-46de-a14b-0c25eddfbbac; lang=zh-cn; device=desktop; theme=default; keepLogin=on; za=admin; zp=0537c5bc8c477d690858dc3b13d03cbc9de46966; PHPSESSID=m9uhrruoddt4tvl5n50ncf69g0; loginTime=1529059816',
  'accept-language' => 'zh-CN,zh;q=0.9',
  'accept-encoding' => 'gzip, deflate, br',
  'accept' => 'text/html,application/xhtml+xml,application/xml;q=0.9,image/webp,image/apng,*/*;q=0.8',
  'pragma' => 'no-cache',
  'connection' => 'keep-alive',
  'cache-control' => 'no-cache',
)
[ info ] [ PARAM ] array (
  'doctorId' => '170',
)
[ info ] [ RUN ] app\home\controller\Member->inviteDoctors[ D:\workLP\20180502\judeng\wwwroot\application\home\controller\Member.php ]
[ info ] [ VIEW ] D:\workLP\20180502\judeng\wwwroot/application/home\view\doctor\inviteDoctors.html [ array (
  0 => 'setting',
  1 => 'info',
) ]
[ info ] [ LOG ] INIT File
---------------------------------------------------------------
[ 2018-06-15T19:13:23+08:00 ] 0.0.0.0 GET /member/inviteDoctors?doctorId=170
[ info ] localhost:7037/member/inviteDoctors?doctorId=170 [运行时间：0.244196s][吞吐率：4.10req/s] [内存消耗：2,243.81kb] [文件加载：47]
[ info ] [ LANG ] D:\workLP\20180502\judeng\wwwroot\thinkphp\lang\zh-cn.php
[ info ] [ BIND ] 'home'
[ info ] [ ROUTE ] array (
  'type' => 'module',
  'module' => 
  array (
    0 => 'home',
    1 => 'member',
    2 => 'inviteDoctors',
  ),
)
[ info ] [ HEADER ] array (
  'content-type' => '',
  'content-length' => '0',
  'x-original-url' => '/member/inviteDoctors?doctorId=170',
  'upgrade-insecure-requests' => '1',
  'user-agent' => 'Mozilla/5.0 (iPhone; CPU iPhone OS 11_0 like Mac OS X) AppleWebKit/604.1.38 (KHTML, like Gecko) Version/11.0 Mobile/15A372 Safari/604.1',
  'host' => 'localhost:7037',
  'cookie' => 'UM_distinctid=160b5c52e97c7-0a812a97ee4d36-e323462-1fa400-160b5c52e9a107; CNZZDATA1000308349=1622381418-1516928585-%7C1516934020; Hm_lvt_5dd55c6682e0c7d344e29e785f9de1bb=1515553694,1516772121,1516938586,1517206225; REMEMBERME=VG9weGlhXFNlcnZpY2VcVXNlclxDdXJyZW50VXNlcjpOalE1TlRjNE9UWTBRSEZ4TG1OdmJRPT06MTU0ODkyODk1MTozZTE3ZGIxYzRjYzUzYWE4MmU2MjVlYjI3OTQxNTI3ZTIyZjUyYzYwMzFmZjNkNzI3MTdkODI4MzIxZTk0NmVk; CNZZDATA1256922974=1723540018-1514876107-%7C1517463005; bdshare_firstime=1522317821515; Hm_lvt_ebb8ef3f6d57c4b17c15b95865c9c3fb=1522635670; Phpstorm-7d8938db=0dec72a5-7ab0-46de-a14b-0c25eddfbbac; lang=zh-cn; device=desktop; theme=default; keepLogin=on; za=admin; zp=0537c5bc8c477d690858dc3b13d03cbc9de46966; PHPSESSID=m9uhrruoddt4tvl5n50ncf69g0; loginTime=1529059816',
  'accept-language' => 'zh-CN,zh;q=0.9',
  'accept-encoding' => 'gzip, deflate, br',
  'accept' => 'text/html,application/xhtml+xml,application/xml;q=0.9,image/webp,image/apng,*/*;q=0.8',
  'pragma' => 'no-cache',
  'connection' => 'keep-alive',
  'cache-control' => 'no-cache',
)
[ info ] [ PARAM ] array (
  'doctorId' => '170',
)
[ info ] [ RUN ] app\home\controller\Member->inviteDoctors[ D:\workLP\20180502\judeng\wwwroot\application\home\controller\Member.php ]
[ info ] [ VIEW ] D:\workLP\20180502\judeng\wwwroot/application/home\view\doctor\inviteDoctors.html [ array (
  0 => 'setting',
  1 => 'info',
) ]
[ info ] [ LOG ] INIT File
---------------------------------------------------------------
[ 2018-06-15T19:22:57+08:00 ] 0.0.0.0 POST /wx/getQrcode
[ info ] localhost:7037/wx/getQrcode [运行时间：0.127334s][吞吐率：7.85req/s] [内存消耗：2,982.05kb] [文件加载：52]
[ info ] [ LANG ] D:\workLP\20180502\judeng\wwwroot\thinkphp\lang\zh-cn.php
[ info ] [ BIND ] 'home'
[ info ] [ ROUTE ] array (
  'type' => 'module',
  'module' => 
  array (
    0 => 'home',
    1 => 'wx',
    2 => 'getQrcode',
  ),
)
[ info ] [ HEADER ] array (
  'content-type' => 'application/json',
  'content-length' => '247',
  'x-original-url' => '/wx/getQrcode',
  'user-agent' => 'YiSong/1.2.4 (iPhone; iOS 11.4; Scale/3.00)',
  'host' => 'localhost:7037',
  'cookie' => 'PHPSESSID=23dnoknbd7knb7hl8i8l9e5o20',
  'accept-language' => 'zh-Hans-CN;q=1',
  'accept-encoding' => 'gzip, deflate',
  'accept' => '*/*',
  'connection' => 'keep-alive, keep-alive',
)
[ info ] [ PARAM ] array (
  'sign' => '9a031b55098acf95dd22513803116527',
  'doctor_id' => 170,
  '_time' => '1529061575',
  'only_token' => 'Authorization:Bearer YWMtm9jIsHCKEeirlS8rl7k41AAAAAAAAAAAAAAAAAAAAAFb-H4gUBQR6Iijj4cnvWykAgMAAAFkAxXsHwBPGgDiQvB8OgXljLuxgNKYGf5RIpEraYMmfkKV51tmMYZz3A',
)
[ info ] [ RUN ] app\home\controller\Wx->getQrcode[ D:\workLP\20180502\judeng\wwwroot\application\home\controller\Wx.php ]
[ info ] [ DB ] INIT mysql
[ info ] [ LOG ] INIT File
[ sql ] [ DB ] CONNECT:[ UseTime:0.032525s ] mysql:host=118.25.179.178;port=3306;dbname=judeng;charset=utf8
[ sql ] [ SQL ] SHOW COLUMNS FROM `jd_doctor` [ RunTime:0.022996s ]
[ sql ] [ SQL ] SELECT `to_user_img` FROM `jd_doctor` WHERE  (  member_id = 170 ) LIMIT 1 [ RunTime:0.020182s ]
[ error ] [8]未定义数组索引: only_token[D:\workLP\20180502\judeng\wwwroot\application\common.php:108]
