---------------------------------------------------------------
[ 2018-06-17T23:05:45+08:00 ] 0.0.0.0 POST /order/toOnlineorder
[ info ] localhost:7037/order/toOnlineorder [运行时间：0.327709s][吞吐率：3.05req/s] [内存消耗：3,146.62kb] [文件加载：51]
[ info ] [ LANG ] D:\workLP\20180502\judeng\wwwroot\thinkphp\lang\zh-cn.php
[ info ] [ BIND ] 'home'
[ info ] [ ROUTE ] array (
  'type' => 'module',
  'module' => 
  array (
    0 => 'home',
    1 => 'order',
    2 => 'toOnlineorder',
  ),
)
[ info ] [ HEADER ] array (
  'content-type' => 'application/json',
  'content-length' => '169',
  'x-original-url' => '/order/toOnlineorder',
  'user-agent' => 'YiSong/1.2.4 (iPhone; iOS 11.4; Scale/3.00)',
  'host' => 'localhost:7037',
  'cookie' => 'PHPSESSID=od22sc79pdkndk4eecigft2qn3',
  'accept-language' => 'zh-Hans-CN;q=1',
  'accept-encoding' => 'gzip, deflate',
  'accept' => '*/*',
  'connection' => 'keep-alive, keep-alive',
)
[ info ] [ PARAM ] array (
  'only_token' => '1529246721D[7Zko',
  'mobile' => '0',
  'order_id' => '0',
  'area_id' => 2,
  'doctor_id' => 170,
  '_time' => '1529247688',
  'patient_id' => '0',
  'sign' => 'ad44cc837105ab9602c76eed9c610c27',
)
[ info ] [ RUN ] app\home\controller\Order->toOnlineorder[ D:\workLP\20180502\judeng\wwwroot\application\home\controller\Order.php ]
[ info ] [ DB ] INIT mysql
[ info ] [ LOG ] INIT File
[ sql ] [ DB ] CONNECT:[ UseTime:0.038134s ] mysql:host=118.25.179.178;port=3306;dbname=judeng;charset=utf8
[ sql ] [ SQL ] SHOW COLUMNS FROM `jd_order_prescription` [ RunTime:0.024135s ]
[ sql ] [ SQL ] SELECT op.`relation_id`,op.`state_id` FROM `jd_order_prescription` `op` INNER JOIN `jd_order` `o` ON `o`.`order_id`=`op`.`order_id` WHERE  o.`doctor_id` = 170  AND o.`order_type` = 3 ORDER BY op.`add_date` DESC LIMIT 1 [ RunTime:0.021112s ]
[ sql ] [ SQL ] SHOW COLUMNS FROM `jd_drug_relation` [ RunTime:0.023279s ]
[ sql ] [ SQL ] SELECT COUNT(*) AS tp_count FROM `jd_drug_relation` `d` INNER JOIN `jd_prescription` `p` ON `d`.`prescription_id`=`p`.`prescription_id` WHERE  d.`is_display` = 1  AND p.`area_id` = 2  AND p.`is_display` = 1  AND d.`state_id` = 8 LIMIT 1 [ RunTime:0.022098s ]
[ sql ] [ SQL ] SELECT d.`relation_id`,d.`prescription_id`,d.`state_id`,d.`describe`,p.`prescription_name`,p.`prescription_id`,p.`area_name`,ds.`state_name`,ds.`make`,ds.`taking`,ds.`instructions`,ds.`weight`,ds.`pic` FROM `jd_drug_relation` `d` INNER JOIN `jd_prescription` `p` ON `d`.`prescription_id`=`p`.`prescription_id` INNER JOIN `jd_drug_state` `ds` ON `d`.`state_id`=`ds`.`state_id` WHERE  d.`is_display` = 1  AND p.`area_id` = 2  AND p.`is_display` = 1  AND d.`state_id` = 8  AND d.`relation_id` = 54 ORDER BY d.`relation_id` DESC LIMIT 1 [ RunTime:0.021335s ]
[ sql ] [ SQL ] SHOW COLUMNS FROM `jd_member` [ RunTime:0.024201s ]
[ sql ] [ SQL ] SELECT * FROM `jd_member` WHERE  (  mobile = 0 ) LIMIT 1 [ RunTime:0.045667s ]
[ sql ] [ SQL ] SHOW COLUMNS FROM `jd_doctor` [ RunTime:0.021852s ]
[ sql ] [ SQL ] SELECT COUNT(*) AS tp_count FROM `jd_doctor` WHERE  `only_token` = '1529246721D[7Zko'  AND `is_status` = 0 LIMIT 1 [ RunTime:0.020450s ]
---------------------------------------------------------------
[ 2018-06-17T23:13:30+08:00 ] 0.0.0.0 POST /order/toOnlineorder
[ info ] localhost:7037/order/toOnlineorder [运行时间：0.262092s][吞吐率：3.82req/s] [内存消耗：3,146.59kb] [文件加载：51]
[ info ] [ LANG ] D:\workLP\20180502\judeng\wwwroot\thinkphp\lang\zh-cn.php
[ info ] [ BIND ] 'home'
[ info ] [ ROUTE ] array (
  'type' => 'module',
  'module' => 
  array (
    0 => 'home',
    1 => 'order',
    2 => 'toOnlineorder',
  ),
)
[ info ] [ HEADER ] array (
  'content-type' => 'application/json',
  'content-length' => '169',
  'x-original-url' => '/order/toOnlineorder',
  'user-agent' => 'YiSong/1.2.4 (iPhone; iOS 11.4; Scale/3.00)',
  'host' => 'localhost:7037',
  'cookie' => 'PHPSESSID=od22sc79pdkndk4eecigft2qn3',
  'accept-language' => 'zh-Hans-CN;q=1',
  'accept-encoding' => 'gzip, deflate',
  'accept' => '*/*',
  'connection' => 'keep-alive, keep-alive',
)
[ info ] [ PARAM ] array (
  'only_token' => '1529246721D[7Zko',
  'mobile' => '0',
  'order_id' => '0',
  'area_id' => 2,
  'doctor_id' => 170,
  '_time' => '1529247688',
  'patient_id' => '0',
  'sign' => 'ad44cc837105ab9602c76eed9c610c27',
)
[ info ] [ RUN ] app\home\controller\Order->toOnlineorder[ D:\workLP\20180502\judeng\wwwroot\application\home\controller\Order.php ]
[ info ] [ DB ] INIT mysql
[ info ] [ LOG ] INIT File
[ sql ] [ DB ] CONNECT:[ UseTime:0.025848s ] mysql:host=118.25.179.178;port=3306;dbname=judeng;charset=utf8
[ sql ] [ SQL ] SHOW COLUMNS FROM `jd_order_prescription` [ RunTime:0.024429s ]
[ sql ] [ SQL ] SELECT op.`relation_id`,op.`state_id` FROM `jd_order_prescription` `op` INNER JOIN `jd_order` `o` ON `o`.`order_id`=`op`.`order_id` WHERE  o.`doctor_id` = 170  AND o.`order_type` = 3 ORDER BY op.`add_date` DESC LIMIT 1 [ RunTime:0.016305s ]
[ sql ] [ SQL ] SHOW COLUMNS FROM `jd_drug_relation` [ RunTime:0.021986s ]
[ sql ] [ SQL ] SELECT COUNT(*) AS tp_count FROM `jd_drug_relation` `d` INNER JOIN `jd_prescription` `p` ON `d`.`prescription_id`=`p`.`prescription_id` WHERE  d.`is_display` = 1  AND p.`area_id` = 2  AND p.`is_display` = 1  AND d.`state_id` = 8 LIMIT 1 [ RunTime:0.016689s ]
[ sql ] [ SQL ] SELECT d.`relation_id`,d.`prescription_id`,d.`state_id`,d.`describe`,p.`prescription_name`,p.`prescription_id`,p.`area_name`,ds.`state_name`,ds.`make`,ds.`taking`,ds.`instructions`,ds.`weight`,ds.`pic` FROM `jd_drug_relation` `d` INNER JOIN `jd_prescription` `p` ON `d`.`prescription_id`=`p`.`prescription_id` INNER JOIN `jd_drug_state` `ds` ON `d`.`state_id`=`ds`.`state_id` WHERE  d.`is_display` = 1  AND p.`area_id` = 2  AND p.`is_display` = 1  AND d.`state_id` = 8  AND d.`relation_id` = 54 ORDER BY d.`relation_id` DESC LIMIT 1 [ RunTime:0.018101s ]
[ sql ] [ SQL ] SHOW COLUMNS FROM `jd_member` [ RunTime:0.019104s ]
[ sql ] [ SQL ] SELECT * FROM `jd_member` WHERE  (  mobile = 0 ) LIMIT 1 [ RunTime:0.020784s ]
[ sql ] [ SQL ] SHOW COLUMNS FROM `jd_doctor` [ RunTime:0.027172s ]
[ sql ] [ SQL ] SELECT COUNT(*) AS tp_count FROM `jd_doctor` WHERE  `only_token` = '1529246721D[7Zko'  AND `is_status` = 0 LIMIT 1 [ RunTime:0.018589s ]
