---------------------------------------------------------------
[ 2018-06-18T11:06:51+08:00 ] 0.0.0.0 POST /prescription/getAllTempList
[ info ] localhost:7037/prescription/getAllTempList [运行时间：0.223515s][吞吐率：4.47req/s] [内存消耗：3,062.19kb] [文件加载：51]
[ info ] [ LANG ] D:\workLP\20180502\judeng\wwwroot\thinkphp\lang\zh-cn.php
[ info ] [ BIND ] 'home'
[ info ] [ ROUTE ] array (
  'type' => 'module',
  'module' => 
  array (
    0 => 'home',
    1 => 'prescription',
    2 => 'getAllTempList',
  ),
)
[ info ] [ HEADER ] array (
  'content-type' => 'application/json',
  'content-length' => '125',
  'x-original-url' => '/prescription/getAllTempList',
  'user-agent' => 'YiSong/1.2.4 (iPhone; iOS 11.4; Scale/3.00)',
  'host' => 'localhost:7037',
  'cookie' => 'PHPSESSID=0jnn6dmucg44b42omg8si236o5',
  'accept-language' => 'zh-Hans-CN;q=1',
  'accept-encoding' => 'gzip, deflate',
  'accept' => '*/*',
  'connection' => 'keep-alive, keep-alive',
)
[ info ] [ PARAM ] array (
  'only_token' => '1529288871Y4H)$4',
  'sign' => 'aa7cf39742d3d797bae43d817e99612d',
  'member_id' => 170,
  '_time' => '1529289738',
  'state_id' => 8,
)
[ info ] [ RUN ] app\home\controller\Prescription->getAllTempList[ D:\workLP\20180502\judeng\wwwroot\application\home\controller\Prescription.php ]
[ info ] [ DB ] INIT mysql
[ info ] [ LOG ] INIT File
[ sql ] [ DB ] CONNECT:[ UseTime:0.035823s ] mysql:host=118.25.179.178;port=3306;dbname=judeng;charset=utf8
[ sql ] [ SQL ] SHOW COLUMNS FROM `jd_temp` [ RunTime:0.023293s ]
[ sql ] [ SQL ] SELECT `temp_id`,`temp_name`,`type`,`relation_id`,`drug_str`,`state_id`,`release_date` FROM `jd_temp` WHERE  (  member_id = 170 AND type = 0 ) ORDER BY `release_date` DESC [ RunTime:0.049155s ]
---------------------------------------------------------------
[ 2018-06-18T11:07:36+08:00 ] 0.0.0.0 POST /prescription/getAllTempList
[ info ] localhost:7037/prescription/getAllTempList [运行时间：0.073543s][吞吐率：13.60req/s] [内存消耗：3,130.95kb] [文件加载：54]
[ info ] [ LANG ] D:\workLP\20180502\judeng\wwwroot\thinkphp\lang\zh-cn.php
[ info ] [ BIND ] 'home'
[ info ] [ ROUTE ] array (
  'type' => 'module',
  'module' => 
  array (
    0 => 'home',
    1 => 'prescription',
    2 => 'getAllTempList',
  ),
)
[ info ] [ HEADER ] array (
  'content-type' => 'application/json',
  'content-length' => '125',
  'x-original-url' => '/prescription/getAllTempList',
  'user-agent' => 'YiSong/1.2.4 (iPhone; iOS 11.4; Scale/3.00)',
  'host' => 'localhost:7037',
  'cookie' => 'PHPSESSID=0jnn6dmucg44b42omg8si236o5',
  'accept-language' => 'zh-Hans-CN;q=1',
  'accept-encoding' => 'gzip, deflate',
  'accept' => '*/*',
  'connection' => 'keep-alive, keep-alive',
)
[ info ] [ PARAM ] array (
  'only_token' => '1529288871Y4H)$4',
  'sign' => 'aa7cf39742d3d797bae43d817e99612d',
  'member_id' => 170,
  '_time' => '1529289738',
  'state_id' => 8,
)
[ info ] [ RUN ] app\home\controller\Prescription->getAllTempList[ D:\workLP\20180502\judeng\wwwroot\application\home\controller\Prescription.php ]
[ info ] [ DB ] INIT mysql
[ info ] [ LOG ] INIT File
[ error ] [1045]SQLSTATE[HY000] [1045] Access denied for user 'root'@'localhost' (using password: YES)[D:\workLP\20180502\judeng\wwwroot\thinkphp\library\think\db\Connection.php:293]
---------------------------------------------------------------
[ 2018-06-18T11:08:27+08:00 ] 0.0.0.0 POST /prescription/getAllTempList
[ info ] localhost:7037/prescription/getAllTempList [运行时间：0.395249s][吞吐率：2.53req/s] [内存消耗：3,064.66kb] [文件加载：51]
[ info ] [ LANG ] D:\workLP\20180502\judeng\wwwroot\thinkphp\lang\zh-cn.php
[ info ] [ BIND ] 'home'
[ info ] [ ROUTE ] array (
  'type' => 'module',
  'module' => 
  array (
    0 => 'home',
    1 => 'prescription',
    2 => 'getAllTempList',
  ),
)
[ info ] [ HEADER ] array (
  'content-type' => 'application/json',
  'content-length' => '125',
  'x-original-url' => '/prescription/getAllTempList',
  'user-agent' => 'YiSong/1.2.4 (iPhone; iOS 11.4; Scale/3.00)',
  'host' => 'localhost:7037',
  'cookie' => 'PHPSESSID=0jnn6dmucg44b42omg8si236o5',
  'accept-language' => 'zh-Hans-CN;q=1',
  'accept-encoding' => 'gzip, deflate',
  'accept' => '*/*',
  'connection' => 'keep-alive, keep-alive',
)
[ info ] [ PARAM ] array (
  'only_token' => '1529288871Y4H)$4',
  'sign' => 'aa7cf39742d3d797bae43d817e99612d',
  'member_id' => 170,
  '_time' => '1529289738',
  'state_id' => 8,
)
[ info ] [ RUN ] app\home\controller\Prescription->getAllTempList[ D:\workLP\20180502\judeng\wwwroot\application\home\controller\Prescription.php ]
[ info ] [ DB ] INIT mysql
[ info ] [ LOG ] INIT File
[ sql ] [ DB ] CONNECT:[ UseTime:0.168536s ] mysql:host=39.105.19.169;port=3306;dbname=judeng;charset=utf8
[ sql ] [ SQL ] SHOW COLUMNS FROM `jd_temp` [ RunTime:0.073855s ]
[ sql ] [ SQL ] SELECT `temp_id`,`temp_name`,`type`,`relation_id`,`drug_str`,`state_id`,`release_date` FROM `jd_temp` WHERE  (  member_id = 170 AND type = 0 ) ORDER BY `release_date` DESC [ RunTime:0.072824s ]
---------------------------------------------------------------
[ 2018-06-18T11:08:55+08:00 ] 0.0.0.0 POST /prescription/getAllTempList
[ info ] localhost:7037/prescription/getAllTempList [运行时间：0.418009s][吞吐率：2.39req/s] [内存消耗：3,069.27kb] [文件加载：51]
[ info ] [ LANG ] D:\workLP\20180502\judeng\wwwroot\thinkphp\lang\zh-cn.php
[ info ] [ BIND ] 'home'
[ info ] [ ROUTE ] array (
  'type' => 'module',
  'module' => 
  array (
    0 => 'home',
    1 => 'prescription',
    2 => 'getAllTempList',
  ),
)
[ info ] [ HEADER ] array (
  'content-type' => 'application/json',
  'content-length' => '125',
  'x-original-url' => '/prescription/getAllTempList',
  'user-agent' => 'YiSong/1.2.4 (iPhone; iOS 11.4; Scale/3.00)',
  'host' => 'localhost:7037',
  'cookie' => 'PHPSESSID=0jnn6dmucg44b42omg8si236o5',
  'accept-language' => 'zh-Hans-CN;q=1',
  'accept-encoding' => 'gzip, deflate',
  'accept' => '*/*',
  'connection' => 'keep-alive, keep-alive',
)
[ info ] [ PARAM ] array (
  'only_token' => '1529288871Y4H)$4',
  'sign' => 'aa7cf39742d3d797bae43d817e99612d',
  'member_id' => 170,
  '_time' => '1529289738',
  'state_id' => 8,
)
[ info ] [ RUN ] app\home\controller\Prescription->getAllTempList[ D:\workLP\20180502\judeng\wwwroot\application\home\controller\Prescription.php ]
[ info ] [ DB ] INIT mysql
[ info ] [ LOG ] INIT File
[ sql ] [ DB ] CONNECT:[ UseTime:0.182011s ] mysql:host=39.105.19.169;port=3306;dbname=judeng;charset=utf8
[ sql ] [ SQL ] SHOW COLUMNS FROM `jd_temp` [ RunTime:0.073424s ]
[ sql ] [ SQL ] SELECT `temp_id`,`temp_name`,`type`,`relation_id`,`drug_str`,`state_id`,`release_date` FROM `jd_temp` WHERE  `member_id` = 170  AND `state_id` = 8  AND `type` = 0 ORDER BY `release_date` DESC [ RunTime:0.073818s ]
---------------------------------------------------------------
[ 2018-06-18T11:09:00+08:00 ] 0.0.0.0 POST /prescription/getAllTempList
[ info ] localhost:7037/prescription/getAllTempList [运行时间：0.695550s][吞吐率：1.44req/s] [内存消耗：3,138.63kb] [文件加载：51]
[ info ] [ LANG ] D:\workLP\20180502\judeng\wwwroot\thinkphp\lang\zh-cn.php
[ info ] [ BIND ] 'home'
[ info ] [ ROUTE ] array (
  'type' => 'module',
  'module' => 
  array (
    0 => 'home',
    1 => 'prescription',
    2 => 'getAllTempList',
  ),
)
[ info ] [ HEADER ] array (
  'content-type' => 'application/json',
  'content-length' => '125',
  'x-original-url' => '/prescription/getAllTempList',
  'user-agent' => 'YiSong/1.2.4 (iPhone; iOS 11.4; Scale/3.00)',
  'host' => 'localhost:7037',
  'cookie' => 'PHPSESSID=0jnn6dmucg44b42omg8si236o5',
  'accept-language' => 'zh-Hans-CN;q=1',
  'accept-encoding' => 'gzip, deflate',
  'accept' => '*/*',
  'connection' => 'keep-alive, keep-alive',
)
[ info ] [ PARAM ] array (
  'only_token' => '1529288871Y4H)$4',
  'sign' => 'aa7cf39742d3d797bae43d817e99612d',
  'member_id' => 170,
  '_time' => '1529289738',
  'state_id' => 8,
)
[ info ] [ RUN ] app\home\controller\Prescription->getAllTempList[ D:\workLP\20180502\judeng\wwwroot\application\home\controller\Prescription.php ]
[ info ] [ DB ] INIT mysql
[ info ] [ LOG ] INIT File
[ sql ] [ DB ] CONNECT:[ UseTime:0.109970s ] mysql:host=39.105.19.169;port=3306;dbname=judeng;charset=utf8
[ sql ] [ SQL ] SHOW COLUMNS FROM `jd_temp` [ RunTime:0.069155s ]
[ sql ] [ SQL ] SELECT `temp_id`,`temp_name`,`type`,`relation_id`,`drug_str`,`state_id`,`release_date` FROM `jd_temp` WHERE  `member_id` = 170  AND `state_id` = 8  AND `type` = 0 ORDER BY `release_date` DESC [ RunTime:0.068996s ]
[ sql ] [ SQL ] SHOW COLUMNS FROM `jd_inherit_doctor` [ RunTime:0.068541s ]
[ sql ] [ SQL ] SELECT `s`.`special_id`,`s`.`inherit_id`,`s`.`special_name`,`s`.`content`,`s`.`release_date` FROM `jd_inherit_doctor` `id` INNER JOIN `jd_special` `s` ON `s`.`inherit_id`=`id`.`inherit_id` INNER JOIN `jd_inherit` `i` ON `i`.`inherit_id`=`id`.`inherit_id` WHERE  (  id.`member_id` = 170 AND i.is_display = 1 AND s.is_display = 1 ) ORDER BY s.sort DESC [ RunTime:0.069856s ]
[ sql ] [ SQL ] SELECT `temp_id`,`temp_name`,`type`,`relation_id`,`drug_str`,`state_id`,`release_date` FROM `jd_temp` WHERE  `state_id` = 8  AND `type` = 1 ORDER BY `release_date` DESC [ RunTime:0.075964s ]
[ sql ] [ SQL ] SHOW COLUMNS FROM `jd_doctor` [ RunTime:0.071263s ]
[ sql ] [ SQL ] SELECT COUNT(*) AS tp_count FROM `jd_doctor` WHERE  `only_token` = '1529288871Y4H)$4'  AND `is_status` = 0 LIMIT 1 [ RunTime:0.069160s ]
---------------------------------------------------------------
[ 2018-06-18T11:14:48+08:00 ] 0.0.0.0 POST /Inherit/getInheritDrugDetail
[ info ] localhost:7037/Inherit/getInheritDrugDetail [运行时间：0.960306s][吞吐率：1.04req/s] [内存消耗：3,125.09kb] [文件加载：51]
[ info ] [ LANG ] D:\workLP\20180502\judeng\wwwroot\thinkphp\lang\zh-cn.php
[ info ] [ BIND ] 'home'
[ info ] [ ROUTE ] array (
  'type' => 'module',
  'module' => 
  array (
    0 => 'home',
    1 => 'Inherit',
    2 => 'getInheritDrugDetail',
  ),
)
[ info ] [ HEADER ] array (
  'content-type' => 'application/json',
  'content-length' => '128',
  'x-original-url' => '/Inherit/getInheritDrugDetail',
  'user-agent' => 'YiSong/1.2.4 (iPhone; iOS 11.4; Scale/3.00)',
  'host' => 'localhost:7037',
  'cookie' => 'PHPSESSID=0jnn6dmucg44b42omg8si236o5',
  'accept-language' => 'zh-Hans-CN;q=1',
  'accept-encoding' => 'gzip, deflate',
  'accept' => '*/*',
  'connection' => 'keep-alive, keep-alive',
)
[ info ] [ PARAM ] array (
  'sign' => '62c5732a8831d763d38dd55e7518502d',
  'member_id' => 170,
  '_time' => '1529291659',
  'special_id' => 27,
  'only_token' => '1529288871Y4H)$4',
)
[ info ] [ RUN ] app\home\controller\Inherit->getInheritDrugDetail[ D:\workLP\20180502\judeng\wwwroot\application\home\controller\Inherit.php ]
[ info ] [ DB ] INIT mysql
[ info ] [ LOG ] INIT File
[ sql ] [ DB ] CONNECT:[ UseTime:0.167684s ] mysql:host=39.105.19.169;port=3306;dbname=judeng;charset=utf8
[ sql ] [ SQL ] SHOW COLUMNS FROM `jd_special` [ RunTime:0.071456s ]
[ sql ] [ SQL ] SELECT * FROM `jd_special` WHERE  `is_display` = 1  AND `special_id` = 27 LIMIT 1 [ RunTime:0.076187s ]
[ sql ] [ SQL ] SHOW COLUMNS FROM `jd_inherit_doctor` [ RunTime:0.073904s ]
[ sql ] [ SQL ] SELECT COUNT(*) AS tp_count FROM `jd_inherit_doctor` WHERE  (  (`member_id` = 170 OR `parent_id` = 170) AND `is_checked` = 1 AND `inherit_id` = 44 ) LIMIT 1 [ RunTime:0.071306s ]
[ sql ] [ SQL ] SHOW COLUMNS FROM `jd_inherit` [ RunTime:0.070053s ]
[ sql ] [ SQL ] SELECT `i`.`inherit_id`,`i`.`inherit_name`,`d`.`title_id`,`d`.`member_name` FROM `jd_inherit` `i` INNER JOIN `jd_doctor` `d` ON `i`.`member_id`=`d`.`member_id` WHERE  i.`is_display` = 1  AND i.`inherit_id` = '44' LIMIT 1 [ RunTime:0.070473s ]
[ sql ] [ SQL ] SHOW COLUMNS FROM `jd_title` [ RunTime:0.074144s ]
[ sql ] [ SQL ] SELECT `title_name` FROM `jd_title` WHERE  `title_id` IN (19) [ RunTime:0.076975s ]
[ sql ] [ SQL ] SHOW COLUMNS FROM `jd_doctor` [ RunTime:0.080081s ]
[ sql ] [ SQL ] SELECT COUNT(*) AS tp_count FROM `jd_doctor` WHERE  `only_token` = '1529288871Y4H)$4'  AND `is_status` = 0 LIMIT 1 [ RunTime:0.069634s ]
---------------------------------------------------------------
[ 2018-06-18T11:15:49+08:00 ] 0.0.0.0 POST /Inherit/getInheritDrugDetail
[ info ] localhost:7037/Inherit/getInheritDrugDetail [运行时间：0.076593s][吞吐率：13.06req/s] [内存消耗：1,811.11kb] [文件加载：41]
[ info ] [ LANG ] D:\workLP\20180502\judeng\wwwroot\thinkphp\lang\zh-cn.php
[ info ] [ BIND ] 'home'
[ info ] [ ROUTE ] array (
  'type' => 'module',
  'module' => 
  array (
    0 => 'home',
    1 => 'Inherit',
    2 => 'getInheritDrugDetail',
  ),
)
[ info ] [ HEADER ] array (
  'content-type' => 'application/json',
  'content-length' => '128',
  'x-original-url' => '/Inherit/getInheritDrugDetail',
  'user-agent' => 'YiSong/1.2.4 (iPhone; iOS 11.4; Scale/3.00)',
  'host' => 'localhost:7037',
  'cookie' => 'PHPSESSID=0jnn6dmucg44b42omg8si236o5',
  'accept-language' => 'zh-Hans-CN;q=1',
  'accept-encoding' => 'gzip, deflate',
  'accept' => '*/*',
  'connection' => 'keep-alive, keep-alive',
)
[ info ] [ PARAM ] array (
  'sign' => '62c5732a8831d763d38dd55e7518502d',
  'member_id' => 170,
  '_time' => '1529291659',
  'special_id' => 27,
  'only_token' => '1529288871Y4H)$4',
)
[ info ] [ LOG ] INIT File
[ error ] [4]语法错误: unexpected ')', expecting ']'[D:\workLP\20180502\judeng\wwwroot\application\home\controller\Inherit.php:290]
---------------------------------------------------------------
[ 2018-06-18T11:16:20+08:00 ] 0.0.0.0 POST /Inherit/getInheritDrugDetail
[ info ] localhost:7037/Inherit/getInheritDrugDetail [运行时间：0.970845s][吞吐率：1.03req/s] [内存消耗：3,125.27kb] [文件加载：51]
[ info ] [ LANG ] D:\workLP\20180502\judeng\wwwroot\thinkphp\lang\zh-cn.php
[ info ] [ BIND ] 'home'
[ info ] [ ROUTE ] array (
  'type' => 'module',
  'module' => 
  array (
    0 => 'home',
    1 => 'Inherit',
    2 => 'getInheritDrugDetail',
  ),
)
[ info ] [ HEADER ] array (
  'content-type' => 'application/json',
  'content-length' => '128',
  'x-original-url' => '/Inherit/getInheritDrugDetail',
  'user-agent' => 'YiSong/1.2.4 (iPhone; iOS 11.4; Scale/3.00)',
  'host' => 'localhost:7037',
  'cookie' => 'PHPSESSID=0jnn6dmucg44b42omg8si236o5',
  'accept-language' => 'zh-Hans-CN;q=1',
  'accept-encoding' => 'gzip, deflate',
  'accept' => '*/*',
  'connection' => 'keep-alive, keep-alive',
)
[ info ] [ PARAM ] array (
  'sign' => '62c5732a8831d763d38dd55e7518502d',
  'member_id' => 170,
  '_time' => '1529291659',
  'special_id' => 27,
  'only_token' => '1529288871Y4H)$4',
)
[ info ] [ RUN ] app\home\controller\Inherit->getInheritDrugDetail[ D:\workLP\20180502\judeng\wwwroot\application\home\controller\Inherit.php ]
[ info ] [ DB ] INIT mysql
[ info ] [ LOG ] INIT File
[ sql ] [ DB ] CONNECT:[ UseTime:0.171287s ] mysql:host=39.105.19.169;port=3306;dbname=judeng;charset=utf8
[ sql ] [ SQL ] SHOW COLUMNS FROM `jd_special` [ RunTime:0.074325s ]
[ sql ] [ SQL ] SELECT * FROM `jd_special` WHERE  `is_display` = 1  AND `special_id` = 27 LIMIT 1 [ RunTime:0.072493s ]
[ sql ] [ SQL ] SHOW COLUMNS FROM `jd_inherit_doctor` [ RunTime:0.071917s ]
[ sql ] [ SQL ] SELECT COUNT(*) AS tp_count FROM `jd_inherit_doctor` WHERE  (  (`member_id` = 170 OR `parent_id` = 170) AND `is_checked` = 1 AND `inherit_id` = 44 ) LIMIT 1 [ RunTime:0.070145s ]
[ sql ] [ SQL ] SHOW COLUMNS FROM `jd_inherit` [ RunTime:0.077051s ]
[ sql ] [ SQL ] SELECT `i`.`inherit_id`,`i`.`inherit_name`,`d`.`title_id`,`d`.`member_name` FROM `jd_inherit` `i` INNER JOIN `jd_doctor` `d` ON `i`.`member_id`=`d`.`member_id` WHERE  i.`is_display` = 1  AND i.`inherit_id` = '44' LIMIT 1 [ RunTime:0.082057s ]
[ sql ] [ SQL ] SHOW COLUMNS FROM `jd_title` [ RunTime:0.075240s ]
[ sql ] [ SQL ] SELECT `title_name` FROM `jd_title` WHERE  `title_id` IN (19) [ RunTime:0.073722s ]
[ sql ] [ SQL ] SHOW COLUMNS FROM `jd_doctor` [ RunTime:0.075455s ]
[ sql ] [ SQL ] SELECT COUNT(*) AS tp_count FROM `jd_doctor` WHERE  `only_token` = '1529288871Y4H)$4'  AND `is_status` = 0 LIMIT 1 [ RunTime:0.074378s ]
---------------------------------------------------------------
[ 2018-06-18T13:48:45+08:00 ] 0.0.0.0 POST /prescription/getAllTempList
[ info ] localhost:7037/prescription/getAllTempList [运行时间：1.162568s][吞吐率：0.86req/s] [内存消耗：3,138.24kb] [文件加载：51]
[ info ] [ LANG ] D:\workLP\20180502\judeng\wwwroot\thinkphp\lang\zh-cn.php
[ info ] [ BIND ] 'home'
[ info ] [ ROUTE ] array (
  'type' => 'module',
  'module' => 
  array (
    0 => 'home',
    1 => 'prescription',
    2 => 'getAllTempList',
  ),
)
[ info ] [ HEADER ] array (
  'content-type' => 'application/json',
  'content-length' => '125',
  'x-original-url' => '/prescription/getAllTempList',
  'user-agent' => 'YiSong/1.2.4 (iPhone; iOS 11.4; Scale/3.00)',
  'host' => 'localhost:7037',
  'accept-language' => 'zh-Hans-CN;q=1',
  'accept-encoding' => 'gzip, deflate',
  'accept' => '*/*',
  'connection' => 'keep-alive, keep-alive',
)
[ info ] [ PARAM ] array (
  'only_token' => '1529288871Y4H)$4',
  'sign' => '6aa8b7d53d37d28722b537b97e24d1b8',
  'member_id' => 170,
  '_time' => '1529300782',
  'state_id' => 8,
)
[ info ] [ RUN ] app\home\controller\Prescription->getAllTempList[ D:\workLP\20180502\judeng\wwwroot\application\home\controller\Prescription.php ]
[ info ] [ DB ] INIT mysql
[ info ] [ LOG ] INIT File
[ sql ] [ DB ] CONNECT:[ UseTime:0.193534s ] mysql:host=39.105.19.169;port=3306;dbname=judeng;charset=utf8
[ sql ] [ SQL ] SHOW COLUMNS FROM `jd_temp` [ RunTime:0.140675s ]
[ sql ] [ SQL ] SELECT `temp_id`,`temp_name`,`type`,`relation_id`,`drug_str`,`state_id`,`release_date` FROM `jd_temp` WHERE  `member_id` = 170  AND `state_id` = 8  AND `type` = 0 ORDER BY `release_date` DESC [ RunTime:0.136855s ]
[ sql ] [ SQL ] SHOW COLUMNS FROM `jd_inherit_doctor` [ RunTime:0.148128s ]
[ sql ] [ SQL ] SELECT `s`.`special_id`,`s`.`inherit_id`,`s`.`special_name`,`s`.`content`,`s`.`release_date` FROM `jd_inherit_doctor` `id` INNER JOIN `jd_special` `s` ON `s`.`inherit_id`=`id`.`inherit_id` INNER JOIN `jd_inherit` `i` ON `i`.`inherit_id`=`id`.`inherit_id` WHERE  (  id.`member_id` = 170 AND i.is_display = 1 AND s.is_display = 1 ) ORDER BY s.sort DESC [ RunTime:0.126957s ]
[ sql ] [ SQL ] SELECT `temp_id`,`temp_name`,`type`,`relation_id`,`drug_str`,`state_id`,`release_date` FROM `jd_temp` WHERE  `state_id` = 8  AND `type` = 1 ORDER BY `release_date` DESC [ RunTime:0.104278s ]
[ sql ] [ SQL ] SHOW COLUMNS FROM `jd_doctor` [ RunTime:0.117341s ]
[ sql ] [ SQL ] SELECT COUNT(*) AS tp_count FROM `jd_doctor` WHERE  `only_token` = '1529288871Y4H)$4'  AND `is_status` = 0 LIMIT 1 [ RunTime:0.093618s ]
---------------------------------------------------------------
[ 2018-06-18T13:50:01+08:00 ] 0.0.0.0 POST /prescription/getAllTempList
[ info ] localhost:7037/prescription/getAllTempList [运行时间：0.892736s][吞吐率：1.12req/s] [内存消耗：3,100.44kb] [文件加载：51]
[ info ] [ LANG ] D:\workLP\20180502\judeng\wwwroot\thinkphp\lang\zh-cn.php
[ info ] [ BIND ] 'home'
[ info ] [ ROUTE ] array (
  'type' => 'module',
  'module' => 
  array (
    0 => 'home',
    1 => 'prescription',
    2 => 'getAllTempList',
  ),
)
[ info ] [ HEADER ] array (
  'content-type' => 'application/json',
  'content-length' => '125',
  'x-original-url' => '/prescription/getAllTempList',
  'user-agent' => 'YiSong/1.2.4 (iPhone; iOS 11.4; Scale/3.00)',
  'host' => 'localhost:7037',
  'accept-language' => 'zh-Hans-CN;q=1',
  'accept-encoding' => 'gzip, deflate',
  'accept' => '*/*',
  'connection' => 'keep-alive, keep-alive',
)
[ info ] [ PARAM ] array (
  'only_token' => '1529288871Y4H)$4',
  'sign' => '6aa8b7d53d37d28722b537b97e24d1b8',
  'member_id' => 170,
  '_time' => '1529300782',
  'state_id' => 8,
)
[ info ] [ RUN ] app\home\controller\Prescription->getAllTempList[ D:\workLP\20180502\judeng\wwwroot\application\home\controller\Prescription.php ]
[ info ] [ DB ] INIT mysql
[ info ] [ LOG ] INIT File
[ sql ] [ DB ] CONNECT:[ UseTime:0.308088s ] mysql:host=39.105.19.169;port=3306;dbname=judeng;charset=utf8
[ sql ] [ SQL ] SHOW COLUMNS FROM `jd_temp` [ RunTime:0.108194s ]
[ sql ] [ SQL ] SELECT `temp_id`,`temp_name`,`type`,`relation_id`,`drug_str`,`state_id`,`release_date` FROM `jd_temp` WHERE  `member_id` = 170  AND `state_id` = 8  AND `type` = 0 ORDER BY `release_date` DESC [ RunTime:0.110075s ]
[ sql ] [ SQL ] SHOW COLUMNS FROM `jd_inherit_doctor` [ RunTime:0.110753s ]
[ sql ] [ SQL ] SELECT `s`.`special_id`,`s`.`inherit_id`,`s`.`special_name`,`s`.`content`,`s`.`release_date` FROM `jd_inherit_doctor` `id` INNER JOIN `jd_special` `s` ON `s`.`inherit_id`=`id`.`inherit_id` INNER JOIN `jd_inherit` `i` ON `i`.`inherit_id`=`id`.`inherit_id` WHERE  (  id.`member_id` = 170 AND i.is_display = 1 AND s.is_display = 1 ) ORDER BY s.sort DESC [ RunTime:0.109245s ]
[ sql ] [ SQL ] SELECT `temp_id`,`temp_name`,`type`,`relation_id`,`drug_str`,`state_id`,`release_date` FROM `jd_temp` WHERE  `state_id` = 8  AND `type` = 1 ORDER BY `release_date` DESC [ RunTime:0.094182s ]
---------------------------------------------------------------
[ 2018-06-18T13:50:50+08:00 ] 0.0.0.0 POST /prescription/getAllTempList
[ info ] localhost:7037/prescription/getAllTempList [运行时间：0.924853s][吞吐率：1.08req/s] [内存消耗：3,105.78kb] [文件加载：51]
[ info ] [ LANG ] D:\workLP\20180502\judeng\wwwroot\thinkphp\lang\zh-cn.php
[ info ] [ BIND ] 'home'
[ info ] [ ROUTE ] array (
  'type' => 'module',
  'module' => 
  array (
    0 => 'home',
    1 => 'prescription',
    2 => 'getAllTempList',
  ),
)
[ info ] [ HEADER ] array (
  'content-type' => 'application/json',
  'content-length' => '125',
  'x-original-url' => '/prescription/getAllTempList',
  'user-agent' => 'YiSong/1.2.4 (iPhone; iOS 11.4; Scale/3.00)',
  'host' => 'localhost:7037',
  'accept-language' => 'zh-Hans-CN;q=1',
  'accept-encoding' => 'gzip, deflate',
  'accept' => '*/*',
  'connection' => 'keep-alive, keep-alive',
)
[ info ] [ PARAM ] array (
  'only_token' => '1529288871Y4H)$4',
  'sign' => '6aa8b7d53d37d28722b537b97e24d1b8',
  'member_id' => 170,
  '_time' => '1529300782',
  'state_id' => 8,
)
[ info ] [ RUN ] app\home\controller\Prescription->getAllTempList[ D:\workLP\20180502\judeng\wwwroot\application\home\controller\Prescription.php ]
[ info ] [ DB ] INIT mysql
[ info ] [ LOG ] INIT File
[ sql ] [ DB ] CONNECT:[ UseTime:0.196102s ] mysql:host=39.105.19.169;port=3306;dbname=judeng;charset=utf8
[ sql ] [ SQL ] SHOW COLUMNS FROM `jd_temp` [ RunTime:0.125969s ]
[ sql ] [ SQL ] SELECT `temp_id`,`temp_name`,`type`,`relation_id`,`drug_str`,`state_id`,`release_date` FROM `jd_temp` WHERE  `member_id` = 170  AND `state_id` = 8  AND `type` = 0 ORDER BY `release_date` DESC [ RunTime:0.116874s ]
[ sql ] [ SQL ] SHOW COLUMNS FROM `jd_inherit_doctor` [ RunTime:0.118650s ]
[ sql ] [ SQL ] SELECT `s`.`special_id`,`s`.`inherit_id`,`s`.`special_name`,`s`.`content`,`s`.`release_date` FROM `jd_inherit_doctor` `id` INNER JOIN `jd_special` `s` ON `s`.`inherit_id`=`id`.`inherit_id` INNER JOIN `jd_inherit` `i` ON `i`.`inherit_id`=`id`.`inherit_id` WHERE  (  id.`member_id` = 170 AND i.is_display = 1 AND s.is_display = 1 ) ORDER BY s.sort DESC [ RunTime:0.116459s ]
[ sql ] [ SQL ] SELECT `temp_id`,`temp_name`,`type`,`relation_id`,`drug_str`,`state_id`,`release_date` FROM `jd_temp` WHERE  `state_id` = 8  AND `type` = 1 ORDER BY `release_date` DESC [ RunTime:0.111245s ]
