---------------------------------------------------------------
[ 2018-06-23T18:35:58+08:00 ] 0.0.0.0 POST /order/searchOrder
[ info ] localhost:7037/order/searchOrder [运行时间：0.717077s][吞吐率：1.39req/s] [内存消耗：3,146.09kb] [文件加载：54]
[ info ] [ LANG ] D:\workLP\20180502\judeng\wwwroot\thinkphp\lang\zh-cn.php
[ info ] [ BIND ] 'home'
[ info ] [ ROUTE ] array (
  'type' => 'module',
  'module' => 
  array (
    0 => 'home',
    1 => 'order',
    2 => 'searchOrder',
  ),
)
[ info ] [ HEADER ] array (
  'content-type' => 'multipart/form-data; boundary=----WebKitFormBoundaryeCHNdSOL9H24jWjE',
  'content-length' => '241',
  'x-original-url' => '/order/searchOrder',
  'postman-token' => '2afc3810-35f9-fecc-11b8-d52a1b80ea61',
  'origin' => 'chrome-extension://fhbjgbiflinjbdggehcddcbncdddomop',
  'user-agent' => 'Mozilla/5.0 (Windows NT 10.0; Win64; x64) AppleWebKit/537.36 (KHTML, like Gecko) Chrome/66.0.3359.139 Safari/537.36',
  'host' => 'localhost:7037',
  'accept-language' => 'zh-CN,zh;q=0.9',
  'accept-encoding' => 'gzip, deflate, br',
  'accept' => '*/*',
  'connection' => 'keep-alive',
  'cache-control' => 'no-cache',
)
[ info ] [ PARAM ] array (
  'doctor_id' => '70',
  'patient_id' => '54',
)
[ info ] [ RUN ] app\home\controller\Order->searchOrder[ D:\workLP\20180502\judeng\wwwroot\application\home\controller\Order.php ]
[ info ] [ DB ] INIT mysql
[ info ] [ LOG ] INIT File
[ sql ] [ DB ] CONNECT:[ UseTime:0.240038s ] mysql:host=39.105.19.169;port=3306;dbname=judeng;charset=utf8
[ sql ] [ SQL ] SHOW COLUMNS FROM `jd_wenzhen` [ RunTime:0.154834s ]
[ sql ] [ SQL ] SELECT * FROM `jd_wenzhen` WHERE  (  type IN(0,1,2) AND patient_id = 54 AND doctor_id = 70 AND start_time > 0 ) LIMIT 1 [ RunTime:0.155395s ]
[ error ] [8]未定义数组索引: only_token[D:\workLP\20180502\judeng\wwwroot\application\common.php:131]
---------------------------------------------------------------
[ 2018-06-23T18:38:21+08:00 ] 0.0.0.0 POST /order/searchOrder
[ info ] localhost:7037/order/searchOrder [运行时间：0.610734s][吞吐率：1.64req/s] [内存消耗：3,148.85kb] [文件加载：54]
[ info ] [ LANG ] D:\workLP\20180502\judeng\wwwroot\thinkphp\lang\zh-cn.php
[ info ] [ BIND ] 'home'
[ info ] [ ROUTE ] array (
  'type' => 'module',
  'module' => 
  array (
    0 => 'home',
    1 => 'order',
    2 => 'searchOrder',
  ),
)
[ info ] [ HEADER ] array (
  'content-type' => 'multipart/form-data; boundary=----WebKitFormBoundarykAsgshLNaJD9pF6T',
  'content-length' => '241',
  'x-original-url' => '/order/searchOrder',
  'postman-token' => 'e76a3848-3ab1-e08f-114e-05e3f0fb47f4',
  'origin' => 'chrome-extension://fhbjgbiflinjbdggehcddcbncdddomop',
  'user-agent' => 'Mozilla/5.0 (Windows NT 10.0; Win64; x64) AppleWebKit/537.36 (KHTML, like Gecko) Chrome/66.0.3359.139 Safari/537.36',
  'host' => 'localhost:7037',
  'accept-language' => 'zh-CN,zh;q=0.9',
  'accept-encoding' => 'gzip, deflate, br',
  'accept' => '*/*',
  'connection' => 'keep-alive',
  'cache-control' => 'no-cache',
)
[ info ] [ PARAM ] array (
  'doctor_id' => '70',
  'patient_id' => '54',
)
[ info ] [ RUN ] app\home\controller\Order->searchOrder[ D:\workLP\20180502\judeng\wwwroot\application\home\controller\Order.php ]
[ info ] [ DB ] INIT mysql
[ info ] [ LOG ] INIT File
[ sql ] [ DB ] CONNECT:[ UseTime:0.221178s ] mysql:host=39.105.19.169;port=3306;dbname=judeng;charset=utf8
[ sql ] [ SQL ] SHOW COLUMNS FROM `jd_wenzhen` [ RunTime:0.122792s ]
[ sql ] [ SQL ] SELECT * FROM `jd_wenzhen` WHERE  (  type IN(0,1,2) AND patient_id = 54 AND doctor_id = 70 ) LIMIT 1 [ RunTime:0.152968s ]
[ error ] [8]未定义数组索引: only_token[D:\workLP\20180502\judeng\wwwroot\application\common.php:131]
---------------------------------------------------------------
[ 2018-06-23T18:39:12+08:00 ] 0.0.0.0 POST /order/searchOrder
[ info ] localhost:7037/order/searchOrder [运行时间：0.643718s][吞吐率：1.55req/s] [内存消耗：3,149.48kb] [文件加载：54]
[ info ] [ LANG ] D:\workLP\20180502\judeng\wwwroot\thinkphp\lang\zh-cn.php
[ info ] [ BIND ] 'home'
[ info ] [ ROUTE ] array (
  'type' => 'module',
  'module' => 
  array (
    0 => 'home',
    1 => 'order',
    2 => 'searchOrder',
  ),
)
[ info ] [ HEADER ] array (
  'content-type' => 'multipart/form-data; boundary=----WebKitFormBoundaryj10U2MgxdKa7lhto',
  'content-length' => '241',
  'x-original-url' => '/order/searchOrder',
  'postman-token' => '0a30a583-2315-2283-86dd-b0dfc84d4e05',
  'origin' => 'chrome-extension://fhbjgbiflinjbdggehcddcbncdddomop',
  'user-agent' => 'Mozilla/5.0 (Windows NT 10.0; Win64; x64) AppleWebKit/537.36 (KHTML, like Gecko) Chrome/66.0.3359.139 Safari/537.36',
  'host' => 'localhost:7037',
  'accept-language' => 'zh-CN,zh;q=0.9',
  'accept-encoding' => 'gzip, deflate, br',
  'accept' => '*/*',
  'connection' => 'keep-alive',
  'cache-control' => 'no-cache',
)
[ info ] [ PARAM ] array (
  'doctor_id' => '70',
  'patient_id' => '54',
)
[ info ] [ RUN ] app\home\controller\Order->searchOrder[ D:\workLP\20180502\judeng\wwwroot\application\home\controller\Order.php ]
[ info ] [ DB ] INIT mysql
[ info ] [ LOG ] INIT File
[ sql ] [ DB ] CONNECT:[ UseTime:0.256683s ] mysql:host=39.105.19.169;port=3306;dbname=judeng;charset=utf8
[ sql ] [ SQL ] SHOW COLUMNS FROM `jd_wenzhen` [ RunTime:0.116056s ]
[ sql ] [ SQL ] SELECT * FROM `jd_wenzhen` WHERE  (  type IN(0,1,2) AND patient_id = 54 AND doctor_id = 70 ) ORDER BY log_id DESC LIMIT 1 [ RunTime:0.158257s ]
[ error ] [8]未定义数组索引: only_token[D:\workLP\20180502\judeng\wwwroot\application\common.php:131]
---------------------------------------------------------------
[ 2018-06-23T18:40:44+08:00 ] 0.0.0.0 POST /order/searchOrder
[ info ] localhost:7037/order/searchOrder [运行时间：0.720902s][吞吐率：1.39req/s] [内存消耗：3,147.53kb] [文件加载：54]
[ info ] [ LANG ] D:\workLP\20180502\judeng\wwwroot\thinkphp\lang\zh-cn.php
[ info ] [ BIND ] 'home'
[ info ] [ ROUTE ] array (
  'type' => 'module',
  'module' => 
  array (
    0 => 'home',
    1 => 'order',
    2 => 'searchOrder',
  ),
)
[ info ] [ HEADER ] array (
  'content-type' => 'multipart/form-data; boundary=----WebKitFormBoundaryC5imKBAzAJ0lLqV9',
  'content-length' => '241',
  'x-original-url' => '/order/searchOrder',
  'postman-token' => '656bdf42-f54c-d5d5-0197-404533bc15e8',
  'origin' => 'chrome-extension://fhbjgbiflinjbdggehcddcbncdddomop',
  'user-agent' => 'Mozilla/5.0 (Windows NT 10.0; Win64; x64) AppleWebKit/537.36 (KHTML, like Gecko) Chrome/66.0.3359.139 Safari/537.36',
  'host' => 'localhost:7037',
  'accept-language' => 'zh-CN,zh;q=0.9',
  'accept-encoding' => 'gzip, deflate, br',
  'accept' => '*/*',
  'connection' => 'keep-alive',
  'cache-control' => 'no-cache',
)
[ info ] [ PARAM ] array (
  'doctor_id' => '70',
  'patient_id' => '54',
)
[ info ] [ RUN ] app\home\controller\Order->searchOrder[ D:\workLP\20180502\judeng\wwwroot\application\home\controller\Order.php ]
[ info ] [ DB ] INIT mysql
[ info ] [ LOG ] INIT File
[ sql ] [ DB ] CONNECT:[ UseTime:0.228388s ] mysql:host=39.105.19.169;port=3306;dbname=judeng;charset=utf8
[ sql ] [ SQL ] SHOW COLUMNS FROM `jd_wenzhen` [ RunTime:0.146262s ]
[ sql ] [ SQL ] SELECT * FROM `jd_wenzhen` WHERE  (  type IN(0,1,2) AND patient_id = 54 AND doctor_id = 70 ) ORDER BY log_id DESC LIMIT 1 [ RunTime:0.137300s ]
[ error ] [8]未定义数组索引: only_token[D:\workLP\20180502\judeng\wwwroot\application\common.php:131]
---------------------------------------------------------------
[ 2018-06-23T18:42:19+08:00 ] 0.0.0.0 POST /order/getVersion
[ info ] localhost:7037/order/getVersion [运行时间：0.048115s][吞吐率：20.78req/s] [内存消耗：2,261.80kb] [文件加载：49]
[ info ] [ LANG ] D:\workLP\20180502\judeng\wwwroot\thinkphp\lang\zh-cn.php
[ info ] [ BIND ] 'home'
[ info ] [ ROUTE ] array (
  'type' => 'module',
  'module' => 
  array (
    0 => 'home',
    1 => 'order',
    2 => 'getVersion',
  ),
)
[ info ] [ HEADER ] array (
  'content-type' => 'multipart/form-data; boundary=----WebKitFormBoundary4lT9Hu74A3doZiNR',
  'content-length' => '241',
  'x-original-url' => '/order/getVersion',
  'postman-token' => '3eb1805b-3110-8848-7d40-3884977a7edf',
  'origin' => 'chrome-extension://fhbjgbiflinjbdggehcddcbncdddomop',
  'user-agent' => 'Mozilla/5.0 (Windows NT 10.0; Win64; x64) AppleWebKit/537.36 (KHTML, like Gecko) Chrome/66.0.3359.139 Safari/537.36',
  'host' => 'localhost:7037',
  'accept-language' => 'zh-CN,zh;q=0.9',
  'accept-encoding' => 'gzip, deflate, br',
  'accept' => '*/*',
  'connection' => 'keep-alive',
  'cache-control' => 'no-cache',
)
[ info ] [ PARAM ] array (
  'doctor_id' => '70',
  'patient_id' => '54',
)
[ info ] [ LOG ] INIT File
---------------------------------------------------------------
[ 2018-06-23T18:42:36+08:00 ] 0.0.0.0 POST /other/getVersion
[ info ] localhost:7037/other/getVersion [运行时间：0.554592s][吞吐率：1.80req/s] [内存消耗：3,465.43kb] [文件加载：56]
[ info ] [ LANG ] D:\workLP\20180502\judeng\wwwroot\thinkphp\lang\zh-cn.php
[ info ] [ BIND ] 'home'
[ info ] [ ROUTE ] array (
  'type' => 'module',
  'module' => 
  array (
    0 => 'home',
    1 => 'other',
    2 => 'getVersion',
  ),
)
[ info ] [ HEADER ] array (
  'content-type' => 'multipart/form-data; boundary=----WebKitFormBoundary29fjzNla7uE3oXDR',
  'content-length' => '241',
  'x-original-url' => '/other/getVersion',
  'postman-token' => '2534b9d2-cee5-fc6e-724b-49ad56684dd8',
  'origin' => 'chrome-extension://fhbjgbiflinjbdggehcddcbncdddomop',
  'user-agent' => 'Mozilla/5.0 (Windows NT 10.0; Win64; x64) AppleWebKit/537.36 (KHTML, like Gecko) Chrome/66.0.3359.139 Safari/537.36',
  'host' => 'localhost:7037',
  'accept-language' => 'zh-CN,zh;q=0.9',
  'accept-encoding' => 'gzip, deflate, br',
  'accept' => '*/*',
  'connection' => 'keep-alive',
  'cache-control' => 'no-cache',
)
[ info ] [ PARAM ] array (
  'doctor_id' => '70',
  'patient_id' => '54',
)
[ info ] [ RUN ] app\home\controller\Other->getVersion[ D:\workLP\20180502\judeng\wwwroot\application\home\controller\Other.php ]
[ info ] [ DB ] INIT mysql
[ info ] [ LOG ] INIT File
[ error ] [8]未定义数组索引: only_token[D:\workLP\20180502\judeng\wwwroot\application\common.php:131]
[ sql ] [ DB ] CONNECT:[ UseTime:0.211580s ] mysql:host=39.105.19.169;port=3306;dbname=judeng;charset=utf8
[ sql ] [ SQL ] SHOW COLUMNS FROM `jd_sys_setting` [ RunTime:0.130515s ]
[ sql ] [ SQL ] SELECT * FROM `jd_sys_setting` [ RunTime:0.147938s ]
---------------------------------------------------------------
[ 2018-06-23T19:06:40+08:00 ] 0.0.0.0 POST /order/getBuyedGoods
[ info ] localhost:7037/order/getBuyedGoods [运行时间：0.676244s][吞吐率：1.48req/s] [内存消耗：3,254.11kb] [文件加载：59]
[ info ] [ LANG ] D:\workLP\20180502\judeng\wwwroot\thinkphp\lang\zh-cn.php
[ info ] [ BIND ] 'home'
[ info ] [ ROUTE ] array (
  'type' => 'module',
  'module' => 
  array (
    0 => 'home',
    1 => 'order',
    2 => 'getBuyedGoods',
  ),
)
[ info ] [ HEADER ] array (
  'content-type' => 'multipart/form-data; boundary=----WebKitFormBoundaryRMfMzOMv8DnOukim',
  'content-length' => '241',
  'x-original-url' => '/order/getBuyedGoods',
  'postman-token' => 'b4181142-2d1b-0b71-98de-05610c08da79',
  'origin' => 'chrome-extension://fhbjgbiflinjbdggehcddcbncdddomop',
  'user-agent' => 'Mozilla/5.0 (Windows NT 10.0; Win64; x64) AppleWebKit/537.36 (KHTML, like Gecko) Chrome/66.0.3359.139 Safari/537.36',
  'host' => 'localhost:7037',
  'accept-language' => 'zh-CN,zh;q=0.9',
  'accept-encoding' => 'gzip, deflate, br',
  'accept' => '*/*',
  'connection' => 'keep-alive',
  'cache-control' => 'no-cache',
)
[ info ] [ PARAM ] array (
  'doctor_id' => '70',
  'patient_id' => '54',
)
[ info ] [ RUN ] app\home\controller\Order->getBuyedGoods[ D:\workLP\20180502\judeng\wwwroot\application\home\controller\Order.php ]
[ info ] [ DB ] INIT mysql
[ info ] [ LOG ] INIT File
[ sql ] [ DB ] CONNECT:[ UseTime:0.209965s ] mysql:host=39.105.19.169;port=3306;dbname=judeng;charset=utf8
[ sql ] [ SQL ] SHOW COLUMNS FROM `jd_order` [ RunTime:0.133206s ]
[ error ] [8]未定义数组索引: only_token[D:\workLP\20180502\judeng\wwwroot\application\common.php:131]
[ error ] [0]variable type error： boolean[D:\workLP\20180502\judeng\wwwroot\thinkphp\library\think\Response.php:318]
---------------------------------------------------------------
[ 2018-06-23T19:07:21+08:00 ] 0.0.0.0 POST /order/getBuyedGoods
[ info ] localhost:7037/order/getBuyedGoods [运行时间：0.299921s][吞吐率：3.33req/s] [内存消耗：2,436.57kb] [文件加载：50]
[ info ] [ LANG ] D:\workLP\20180502\judeng\wwwroot\thinkphp\lang\zh-cn.php
[ info ] [ BIND ] 'home'
[ info ] [ ROUTE ] array (
  'type' => 'module',
  'module' => 
  array (
    0 => 'home',
    1 => 'order',
    2 => 'getBuyedGoods',
  ),
)
[ info ] [ HEADER ] array (
  'content-type' => 'multipart/form-data; boundary=----WebKitFormBoundarygVUmI8H0txhM4y0F',
  'content-length' => '241',
  'x-original-url' => '/order/getBuyedGoods',
  'postman-token' => '4ca9b795-b25f-5ab5-9d64-6a0f925f258e',
  'origin' => 'chrome-extension://fhbjgbiflinjbdggehcddcbncdddomop',
  'user-agent' => 'Mozilla/5.0 (Windows NT 10.0; Win64; x64) AppleWebKit/537.36 (KHTML, like Gecko) Chrome/66.0.3359.139 Safari/537.36',
  'host' => 'localhost:7037',
  'accept-language' => 'zh-CN,zh;q=0.9',
  'accept-encoding' => 'gzip, deflate, br',
  'accept' => '*/*',
  'connection' => 'keep-alive',
  'cache-control' => 'no-cache',
)
[ info ] [ PARAM ] array (
  'doctor_id' => '70',
  'patient_id' => '54',
)
[ info ] [ RUN ] app\home\controller\Order->getBuyedGoods[ D:\workLP\20180502\judeng\wwwroot\application\home\controller\Order.php ]
[ info ] [ DB ] INIT mysql
[ info ] [ LOG ] INIT File
[ sql ] [ DB ] CONNECT:[ UseTime:0.203283s ] mysql:host=39.105.19.169;port=3306;dbname=judeng;charset=utf8
[ error ] [8]未定义数组索引: only_token[D:\workLP\20180502\judeng\wwwroot\application\common.php:131]
---------------------------------------------------------------
[ 2018-06-23T19:07:59+08:00 ] 0.0.0.0 POST /order/getBuyedGoods
[ info ] localhost:7037/order/getBuyedGoods [运行时间：0.593898s][吞吐率：1.68req/s] [内存消耗：3,254.11kb] [文件加载：59]
[ info ] [ LANG ] D:\workLP\20180502\judeng\wwwroot\thinkphp\lang\zh-cn.php
[ info ] [ BIND ] 'home'
[ info ] [ ROUTE ] array (
  'type' => 'module',
  'module' => 
  array (
    0 => 'home',
    1 => 'order',
    2 => 'getBuyedGoods',
  ),
)
[ info ] [ HEADER ] array (
  'content-type' => 'multipart/form-data; boundary=----WebKitFormBoundarypojS8Spimorgv2NU',
  'content-length' => '241',
  'x-original-url' => '/order/getBuyedGoods',
  'postman-token' => '2cbc21c6-a87a-d16b-e08a-7b493a4dbdde',
  'origin' => 'chrome-extension://fhbjgbiflinjbdggehcddcbncdddomop',
  'user-agent' => 'Mozilla/5.0 (Windows NT 10.0; Win64; x64) AppleWebKit/537.36 (KHTML, like Gecko) Chrome/66.0.3359.139 Safari/537.36',
  'host' => 'localhost:7037',
  'accept-language' => 'zh-CN,zh;q=0.9',
  'accept-encoding' => 'gzip, deflate, br',
  'accept' => '*/*',
  'connection' => 'keep-alive',
  'cache-control' => 'no-cache',
)
[ info ] [ PARAM ] array (
  'doctor_id' => '70',
  'patient_id' => '54',
)
[ info ] [ RUN ] app\home\controller\Order->getBuyedGoods[ D:\workLP\20180502\judeng\wwwroot\application\home\controller\Order.php ]
[ info ] [ DB ] INIT mysql
[ info ] [ LOG ] INIT File
[ sql ] [ DB ] CONNECT:[ UseTime:0.181179s ] mysql:host=39.105.19.169;port=3306;dbname=judeng;charset=utf8
[ sql ] [ SQL ] SHOW COLUMNS FROM `jd_order` [ RunTime:0.135201s ]
[ error ] [8]未定义数组索引: only_token[D:\workLP\20180502\judeng\wwwroot\application\common.php:131]
[ error ] [0]variable type error： boolean[D:\workLP\20180502\judeng\wwwroot\thinkphp\library\think\Response.php:318]
---------------------------------------------------------------
[ 2018-06-23T19:08:51+08:00 ] 0.0.0.0 POST /order/getBuyedGoods
[ info ] localhost:7037/order/getBuyedGoods [运行时间：0.350776s][吞吐率：2.85req/s] [内存消耗：2,437.05kb] [文件加载：50]
[ info ] [ LANG ] D:\workLP\20180502\judeng\wwwroot\thinkphp\lang\zh-cn.php
[ info ] [ BIND ] 'home'
[ info ] [ ROUTE ] array (
  'type' => 'module',
  'module' => 
  array (
    0 => 'home',
    1 => 'order',
    2 => 'getBuyedGoods',
  ),
)
[ info ] [ HEADER ] array (
  'content-type' => 'multipart/form-data; boundary=----WebKitFormBoundaryvvS0PxrPpIkOkBWd',
  'content-length' => '241',
  'x-original-url' => '/order/getBuyedGoods',
  'postman-token' => '593d3f46-84de-1075-da2f-132a103e407a',
  'origin' => 'chrome-extension://fhbjgbiflinjbdggehcddcbncdddomop',
  'user-agent' => 'Mozilla/5.0 (Windows NT 10.0; Win64; x64) AppleWebKit/537.36 (KHTML, like Gecko) Chrome/66.0.3359.139 Safari/537.36',
  'host' => 'localhost:7037',
  'accept-language' => 'zh-CN,zh;q=0.9',
  'accept-encoding' => 'gzip, deflate, br',
  'accept' => '*/*',
  'connection' => 'keep-alive',
  'cache-control' => 'no-cache',
)
[ info ] [ PARAM ] array (
  'doctor_id' => '70',
  'patient_id' => '54',
)
[ info ] [ RUN ] app\home\controller\Order->getBuyedGoods[ D:\workLP\20180502\judeng\wwwroot\application\home\controller\Order.php ]
[ info ] [ DB ] INIT mysql
[ info ] [ LOG ] INIT File
[ sql ] [ DB ] CONNECT:[ UseTime:0.223904s ] mysql:host=39.105.19.169;port=3306;dbname=judeng;charset=utf8
[ error ] [8]未定义数组索引: only_token[D:\workLP\20180502\judeng\wwwroot\application\common.php:131]
---------------------------------------------------------------
[ 2018-06-23T19:09:08+08:00 ] 0.0.0.0 POST /order/getBuyedGoods
[ info ] localhost:7037/order/getBuyedGoods [运行时间：0.305938s][吞吐率：3.27req/s] [内存消耗：2,437.05kb] [文件加载：50]
[ info ] [ LANG ] D:\workLP\20180502\judeng\wwwroot\thinkphp\lang\zh-cn.php
[ info ] [ BIND ] 'home'
[ info ] [ ROUTE ] array (
  'type' => 'module',
  'module' => 
  array (
    0 => 'home',
    1 => 'order',
    2 => 'getBuyedGoods',
  ),
)
[ info ] [ HEADER ] array (
  'content-type' => 'multipart/form-data; boundary=----WebKitFormBoundaryjQSKoBaw34wnBQw7',
  'content-length' => '241',
  'x-original-url' => '/order/getBuyedGoods',
  'postman-token' => 'd51cc4cc-cbce-e099-b96e-5b7395826eb5',
  'origin' => 'chrome-extension://fhbjgbiflinjbdggehcddcbncdddomop',
  'user-agent' => 'Mozilla/5.0 (Windows NT 10.0; Win64; x64) AppleWebKit/537.36 (KHTML, like Gecko) Chrome/66.0.3359.139 Safari/537.36',
  'host' => 'localhost:7037',
  'accept-language' => 'zh-CN,zh;q=0.9',
  'accept-encoding' => 'gzip, deflate, br',
  'accept' => '*/*',
  'connection' => 'keep-alive',
  'cache-control' => 'no-cache',
)
[ info ] [ PARAM ] array (
  'doctor_id' => '70',
  'patient_id' => '54',
)
[ info ] [ RUN ] app\home\controller\Order->getBuyedGoods[ D:\workLP\20180502\judeng\wwwroot\application\home\controller\Order.php ]
[ info ] [ DB ] INIT mysql
[ info ] [ LOG ] INIT File
[ sql ] [ DB ] CONNECT:[ UseTime:0.203246s ] mysql:host=39.105.19.169;port=3306;dbname=judeng;charset=utf8
[ error ] [8]未定义数组索引: only_token[D:\workLP\20180502\judeng\wwwroot\application\common.php:131]
---------------------------------------------------------------
[ 2018-06-23T19:09:47+08:00 ] 0.0.0.0 POST /order/getBuyedGoods
[ info ] localhost:7037/order/getBuyedGoods [运行时间：0.645615s][吞吐率：1.55req/s] [内存消耗：3,254.11kb] [文件加载：59]
[ info ] [ LANG ] D:\workLP\20180502\judeng\wwwroot\thinkphp\lang\zh-cn.php
[ info ] [ BIND ] 'home'
[ info ] [ ROUTE ] array (
  'type' => 'module',
  'module' => 
  array (
    0 => 'home',
    1 => 'order',
    2 => 'getBuyedGoods',
  ),
)
[ info ] [ HEADER ] array (
  'content-type' => 'multipart/form-data; boundary=----WebKitFormBoundaryuS1g797aj9lqLTsY',
  'content-length' => '241',
  'x-original-url' => '/order/getBuyedGoods',
  'postman-token' => '10ccc00a-7833-2556-7f67-798faaf855d5',
  'origin' => 'chrome-extension://fhbjgbiflinjbdggehcddcbncdddomop',
  'user-agent' => 'Mozilla/5.0 (Windows NT 10.0; Win64; x64) AppleWebKit/537.36 (KHTML, like Gecko) Chrome/66.0.3359.139 Safari/537.36',
  'host' => 'localhost:7037',
  'accept-language' => 'zh-CN,zh;q=0.9',
  'accept-encoding' => 'gzip, deflate, br',
  'accept' => '*/*',
  'connection' => 'keep-alive',
  'cache-control' => 'no-cache',
)
[ info ] [ PARAM ] array (
  'doctor_id' => '70',
  'patient_id' => '54',
)
[ info ] [ RUN ] app\home\controller\Order->getBuyedGoods[ D:\workLP\20180502\judeng\wwwroot\application\home\controller\Order.php ]
[ info ] [ DB ] INIT mysql
[ info ] [ LOG ] INIT File
[ sql ] [ DB ] CONNECT:[ UseTime:0.213683s ] mysql:host=39.105.19.169;port=3306;dbname=judeng;charset=utf8
[ sql ] [ SQL ] SHOW COLUMNS FROM `jd_order` [ RunTime:0.165020s ]
[ error ] [8]未定义数组索引: only_token[D:\workLP\20180502\judeng\wwwroot\application\common.php:131]
[ error ] [0]variable type error： boolean[D:\workLP\20180502\judeng\wwwroot\thinkphp\library\think\Response.php:318]
---------------------------------------------------------------
[ 2018-06-23T19:10:26+08:00 ] 0.0.0.0 POST /order/getBuyedGoods
[ info ] localhost:7037/order/getBuyedGoods [运行时间：0.730412s][吞吐率：1.37req/s] [内存消耗：3,254.59kb] [文件加载：59]
[ info ] [ LANG ] D:\workLP\20180502\judeng\wwwroot\thinkphp\lang\zh-cn.php
[ info ] [ BIND ] 'home'
[ info ] [ ROUTE ] array (
  'type' => 'module',
  'module' => 
  array (
    0 => 'home',
    1 => 'order',
    2 => 'getBuyedGoods',
  ),
)
[ info ] [ HEADER ] array (
  'content-type' => 'multipart/form-data; boundary=----WebKitFormBoundaryogceSmIEhbdyA8KU',
  'content-length' => '241',
  'x-original-url' => '/order/getBuyedGoods',
  'postman-token' => '6cb872a4-aee0-9155-0158-d26da3023006',
  'origin' => 'chrome-extension://fhbjgbiflinjbdggehcddcbncdddomop',
  'user-agent' => 'Mozilla/5.0 (Windows NT 10.0; Win64; x64) AppleWebKit/537.36 (KHTML, like Gecko) Chrome/66.0.3359.139 Safari/537.36',
  'host' => 'localhost:7037',
  'accept-language' => 'zh-CN,zh;q=0.9',
  'accept-encoding' => 'gzip, deflate, br',
  'accept' => '*/*',
  'connection' => 'keep-alive',
  'cache-control' => 'no-cache',
)
[ info ] [ PARAM ] array (
  'doctor_id' => '70',
  'patient_id' => '54',
)
[ info ] [ RUN ] app\home\controller\Order->getBuyedGoods[ D:\workLP\20180502\judeng\wwwroot\application\home\controller\Order.php ]
[ info ] [ DB ] INIT mysql
[ info ] [ LOG ] INIT File
[ sql ] [ DB ] CONNECT:[ UseTime:0.233738s ] mysql:host=39.105.19.169;port=3306;dbname=judeng;charset=utf8
[ sql ] [ SQL ] SHOW COLUMNS FROM `jd_order` [ RunTime:0.146208s ]
[ error ] [8]未定义数组索引: only_token[D:\workLP\20180502\judeng\wwwroot\application\common.php:131]
[ error ] [0]variable type error： boolean[D:\workLP\20180502\judeng\wwwroot\thinkphp\library\think\Response.php:318]
---------------------------------------------------------------
[ 2018-06-23T19:11:07+08:00 ] 0.0.0.0 POST /order/getBuyedGoods
[ info ] localhost:7037/order/getBuyedGoods [运行时间：0.604448s][吞吐率：1.65req/s] [内存消耗：3,204.69kb] [文件加载：54]
[ info ] [ LANG ] D:\workLP\20180502\judeng\wwwroot\thinkphp\lang\zh-cn.php
[ info ] [ BIND ] 'home'
[ info ] [ ROUTE ] array (
  'type' => 'module',
  'module' => 
  array (
    0 => 'home',
    1 => 'order',
    2 => 'getBuyedGoods',
  ),
)
[ info ] [ HEADER ] array (
  'content-type' => 'multipart/form-data; boundary=----WebKitFormBoundarygyn1iE1qxwyiHayO',
  'content-length' => '241',
  'x-original-url' => '/order/getBuyedGoods',
  'postman-token' => '1f98499c-fa1a-8d50-1e52-05909d6d358a',
  'origin' => 'chrome-extension://fhbjgbiflinjbdggehcddcbncdddomop',
  'user-agent' => 'Mozilla/5.0 (Windows NT 10.0; Win64; x64) AppleWebKit/537.36 (KHTML, like Gecko) Chrome/66.0.3359.139 Safari/537.36',
  'host' => 'localhost:7037',
  'accept-language' => 'zh-CN,zh;q=0.9',
  'accept-encoding' => 'gzip, deflate, br',
  'accept' => '*/*',
  'connection' => 'keep-alive',
  'cache-control' => 'no-cache',
)
[ info ] [ PARAM ] array (
  'doctor_id' => '70',
  'patient_id' => '54',
)
[ info ] [ RUN ] app\home\controller\Order->getBuyedGoods[ D:\workLP\20180502\judeng\wwwroot\application\home\controller\Order.php ]
[ info ] [ DB ] INIT mysql
[ info ] [ LOG ] INIT File
[ sql ] [ DB ] CONNECT:[ UseTime:0.191817s ] mysql:host=39.105.19.169;port=3306;dbname=judeng;charset=utf8
[ sql ] [ SQL ] SHOW COLUMNS FROM `jd_order` [ RunTime:0.115371s ]
[ sql ] [ SQL ] SELECT `o`.`order_id` FROM `jd_order` `o` INNER JOIN `jd_order_product` `op` ON `op`.`order_id`=`o`.`order_id` ORDER BY order_id DESC [ RunTime:0.159658s ]
[ error ] [8]未定义数组索引: only_token[D:\workLP\20180502\judeng\wwwroot\application\common.php:131]
---------------------------------------------------------------
[ 2018-06-23T19:11:20+08:00 ] 0.0.0.0 POST /order/getBuyedGoods
[ info ] localhost:7037/order/getBuyedGoods [运行时间：0.575551s][吞吐率：1.74req/s] [内存消耗：3,203.55kb] [文件加载：54]
[ info ] [ LANG ] D:\workLP\20180502\judeng\wwwroot\thinkphp\lang\zh-cn.php
[ info ] [ BIND ] 'home'
[ info ] [ ROUTE ] array (
  'type' => 'module',
  'module' => 
  array (
    0 => 'home',
    1 => 'order',
    2 => 'getBuyedGoods',
  ),
)
[ info ] [ HEADER ] array (
  'content-type' => 'multipart/form-data; boundary=----WebKitFormBoundaryFsrAXY2KkUyPZdHd',
  'content-length' => '241',
  'x-original-url' => '/order/getBuyedGoods',
  'postman-token' => '8d88b752-4ffb-65cf-a193-5e08fa6fb2d2',
  'origin' => 'chrome-extension://fhbjgbiflinjbdggehcddcbncdddomop',
  'user-agent' => 'Mozilla/5.0 (Windows NT 10.0; Win64; x64) AppleWebKit/537.36 (KHTML, like Gecko) Chrome/66.0.3359.139 Safari/537.36',
  'host' => 'localhost:7037',
  'accept-language' => 'zh-CN,zh;q=0.9',
  'accept-encoding' => 'gzip, deflate, br',
  'accept' => '*/*',
  'connection' => 'keep-alive',
  'cache-control' => 'no-cache',
)
[ info ] [ PARAM ] array (
  'doctor_id' => '70',
  'patient_id' => '54',
)
[ info ] [ RUN ] app\home\controller\Order->getBuyedGoods[ D:\workLP\20180502\judeng\wwwroot\application\home\controller\Order.php ]
[ info ] [ DB ] INIT mysql
[ info ] [ LOG ] INIT File
[ sql ] [ DB ] CONNECT:[ UseTime:0.215454s ] mysql:host=39.105.19.169;port=3306;dbname=judeng;charset=utf8
[ sql ] [ SQL ] SHOW COLUMNS FROM `jd_order` [ RunTime:0.116581s ]
[ sql ] [ SQL ] SELECT `o`.`order_id` FROM `jd_order` `o` INNER JOIN `jd_order_product` `op` ON `op`.`order_id`=`o`.`order_id` ORDER BY order_id DESC [ RunTime:0.124758s ]
[ error ] [8]未定义数组索引: only_token[D:\workLP\20180502\judeng\wwwroot\application\common.php:131]
---------------------------------------------------------------
[ 2018-06-23T19:11:35+08:00 ] 0.0.0.0 POST /order/getBuyedGoods
[ info ] localhost:7037/order/getBuyedGoods [运行时间：0.684083s][吞吐率：1.46req/s] [内存消耗：3,254.07kb] [文件加载：59]
[ info ] [ LANG ] D:\workLP\20180502\judeng\wwwroot\thinkphp\lang\zh-cn.php
[ info ] [ BIND ] 'home'
[ info ] [ ROUTE ] array (
  'type' => 'module',
  'module' => 
  array (
    0 => 'home',
    1 => 'order',
    2 => 'getBuyedGoods',
  ),
)
[ info ] [ HEADER ] array (
  'content-type' => 'multipart/form-data; boundary=----WebKitFormBoundaryDRAT9rJPYnItIB6d',
  'content-length' => '241',
  'x-original-url' => '/order/getBuyedGoods',
  'postman-token' => '92ac056b-d630-e9de-c00d-b895ad187195',
  'origin' => 'chrome-extension://fhbjgbiflinjbdggehcddcbncdddomop',
  'user-agent' => 'Mozilla/5.0 (Windows NT 10.0; Win64; x64) AppleWebKit/537.36 (KHTML, like Gecko) Chrome/66.0.3359.139 Safari/537.36',
  'host' => 'localhost:7037',
  'accept-language' => 'zh-CN,zh;q=0.9',
  'accept-encoding' => 'gzip, deflate, br',
  'accept' => '*/*',
  'connection' => 'keep-alive',
  'cache-control' => 'no-cache',
)
[ info ] [ PARAM ] array (
  'doctor_id' => '70',
  'patient_id' => '54',
)
[ info ] [ RUN ] app\home\controller\Order->getBuyedGoods[ D:\workLP\20180502\judeng\wwwroot\application\home\controller\Order.php ]
[ info ] [ DB ] INIT mysql
[ info ] [ LOG ] INIT File
[ sql ] [ DB ] CONNECT:[ UseTime:0.203774s ] mysql:host=39.105.19.169;port=3306;dbname=judeng;charset=utf8
[ sql ] [ SQL ] SHOW COLUMNS FROM `jd_order` [ RunTime:0.170755s ]
[ error ] [8]未定义数组索引: only_token[D:\workLP\20180502\judeng\wwwroot\application\common.php:131]
[ error ] [0]variable type error： boolean[D:\workLP\20180502\judeng\wwwroot\thinkphp\library\think\Response.php:318]
---------------------------------------------------------------
[ 2018-06-23T19:11:55+08:00 ] 0.0.0.0 POST /order/getBuyedGoods
[ info ] localhost:7037/order/getBuyedGoods [运行时间：0.724433s][吞吐率：1.38req/s] [内存消耗：3,251.95kb] [文件加载：59]
[ info ] [ LANG ] D:\workLP\20180502\judeng\wwwroot\thinkphp\lang\zh-cn.php
[ info ] [ BIND ] 'home'
[ info ] [ ROUTE ] array (
  'type' => 'module',
  'module' => 
  array (
    0 => 'home',
    1 => 'order',
    2 => 'getBuyedGoods',
  ),
)
[ info ] [ HEADER ] array (
  'content-type' => 'multipart/form-data; boundary=----WebKitFormBoundarynFzT6TSBdvNiJ6z1',
  'content-length' => '241',
  'x-original-url' => '/order/getBuyedGoods',
  'postman-token' => '32ff7017-114f-9c81-a0bc-089a5a79da0b',
  'origin' => 'chrome-extension://fhbjgbiflinjbdggehcddcbncdddomop',
  'user-agent' => 'Mozilla/5.0 (Windows NT 10.0; Win64; x64) AppleWebKit/537.36 (KHTML, like Gecko) Chrome/66.0.3359.139 Safari/537.36',
  'host' => 'localhost:7037',
  'accept-language' => 'zh-CN,zh;q=0.9',
  'accept-encoding' => 'gzip, deflate, br',
  'accept' => '*/*',
  'connection' => 'keep-alive',
  'cache-control' => 'no-cache',
)
[ info ] [ PARAM ] array (
  'doctor_id' => '70',
  'patient_id' => '54',
)
[ info ] [ RUN ] app\home\controller\Order->getBuyedGoods[ D:\workLP\20180502\judeng\wwwroot\application\home\controller\Order.php ]
[ info ] [ DB ] INIT mysql
[ info ] [ LOG ] INIT File
[ sql ] [ DB ] CONNECT:[ UseTime:0.276568s ] mysql:host=39.105.19.169;port=3306;dbname=judeng;charset=utf8
[ sql ] [ SQL ] SHOW COLUMNS FROM `jd_order` [ RunTime:0.154969s ]
[ error ] [8]未定义数组索引: only_token[D:\workLP\20180502\judeng\wwwroot\application\common.php:131]
[ error ] [0]variable type error： boolean[D:\workLP\20180502\judeng\wwwroot\thinkphp\library\think\Response.php:318]
---------------------------------------------------------------
[ 2018-06-23T19:12:08+08:00 ] 0.0.0.0 POST /order/getBuyedGoods
[ info ] localhost:7037/order/getBuyedGoods [运行时间：0.641537s][吞吐率：1.56req/s] [内存消耗：3,168.99kb] [文件加载：54]
[ info ] [ LANG ] D:\workLP\20180502\judeng\wwwroot\thinkphp\lang\zh-cn.php
[ info ] [ BIND ] 'home'
[ info ] [ ROUTE ] array (
  'type' => 'module',
  'module' => 
  array (
    0 => 'home',
    1 => 'order',
    2 => 'getBuyedGoods',
  ),
)
[ info ] [ HEADER ] array (
  'content-type' => 'multipart/form-data; boundary=----WebKitFormBoundaryicI6PdhNXAwvAc6p',
  'content-length' => '241',
  'x-original-url' => '/order/getBuyedGoods',
  'postman-token' => '7c1995c7-359e-bdb8-8378-7d705b96bd8f',
  'origin' => 'chrome-extension://fhbjgbiflinjbdggehcddcbncdddomop',
  'user-agent' => 'Mozilla/5.0 (Windows NT 10.0; Win64; x64) AppleWebKit/537.36 (KHTML, like Gecko) Chrome/66.0.3359.139 Safari/537.36',
  'host' => 'localhost:7037',
  'accept-language' => 'zh-CN,zh;q=0.9',
  'accept-encoding' => 'gzip, deflate, br',
  'accept' => '*/*',
  'connection' => 'keep-alive',
  'cache-control' => 'no-cache',
)
[ info ] [ PARAM ] array (
  'doctor_id' => '70',
  'patient_id' => '54',
)
[ info ] [ RUN ] app\home\controller\Order->getBuyedGoods[ D:\workLP\20180502\judeng\wwwroot\application\home\controller\Order.php ]
[ info ] [ DB ] INIT mysql
[ info ] [ LOG ] INIT File
[ sql ] [ DB ] CONNECT:[ UseTime:0.243960s ] mysql:host=39.105.19.169;port=3306;dbname=judeng;charset=utf8
[ sql ] [ SQL ] SHOW COLUMNS FROM `jd_order` [ RunTime:0.130394s ]
[ sql ] [ SQL ] SELECT `o`.`order_id`,`op`.`product_name` FROM `jd_order` `o` INNER JOIN `jd_order_product` `op` ON `op`.`order_id`=`o`.`order_id` WHERE  (  o.pay_status = 1 AND o.order_type = 4  AND o.order_status = 1 AND o.patient_id = 54 AND o.doctor_id = 70 ) ORDER BY order_id DESC [ RunTime:0.131999s ]
[ error ] [8]未定义数组索引: only_token[D:\workLP\20180502\judeng\wwwroot\application\common.php:131]
---------------------------------------------------------------
[ 2018-06-23T21:04:33+08:00 ] 0.0.0.0 POST /order/searchOrder
[ info ] localhost:7037/order/searchOrder [运行时间：0.791584s][吞吐率：1.26req/s] [内存消耗：3,155.17kb] [文件加载：54]
[ info ] [ LANG ] D:\workLP\20180502\judeng\wwwroot\thinkphp\lang\zh-cn.php
[ info ] [ BIND ] 'home'
[ info ] [ ROUTE ] array (
  'type' => 'module',
  'module' => 
  array (
    0 => 'home',
    1 => 'order',
    2 => 'searchOrder',
  ),
)
[ info ] [ HEADER ] array (
  'content-type' => 'multipart/form-data; boundary=----WebKitFormBoundaryVScvfdtBUANGJrUj',
  'content-length' => '241',
  'x-original-url' => '/order/searchOrder',
  'postman-token' => '254d66a1-09b3-f705-ca25-0adce7a3db9c',
  'origin' => 'chrome-extension://fhbjgbiflinjbdggehcddcbncdddomop',
  'user-agent' => 'Mozilla/5.0 (Windows NT 10.0; Win64; x64) AppleWebKit/537.36 (KHTML, like Gecko) Chrome/66.0.3359.139 Safari/537.36',
  'host' => 'localhost:7037',
  'accept-language' => 'zh-CN,zh;q=0.9',
  'accept-encoding' => 'gzip, deflate, br',
  'accept' => '*/*',
  'connection' => 'keep-alive',
  'cache-control' => 'no-cache',
)
[ info ] [ PARAM ] array (
  'doctor_id' => '70',
  'patient_id' => '54',
)
[ info ] [ RUN ] app\home\controller\Order->searchOrder[ D:\workLP\20180502\judeng\wwwroot\application\home\controller\Order.php ]
[ info ] [ DB ] INIT mysql
[ info ] [ LOG ] INIT File
[ sql ] [ DB ] CONNECT:[ UseTime:0.219334s ] mysql:host=39.105.19.169;port=3306;dbname=judeng;charset=utf8
[ sql ] [ SQL ] SHOW COLUMNS FROM `jd_wenzhen` [ RunTime:0.171100s ]
[ sql ] [ SQL ] SELECT * FROM `jd_wenzhen` WHERE  (  type IN(0,1,2) AND patient_id = 54 AND doctor_id = 70 ) ORDER BY log_id DESC LIMIT 1 [ RunTime:0.187617s ]
[ error ] [8]未定义数组索引: only_token[D:\workLP\20180502\judeng\wwwroot\application\common.php:131]
---------------------------------------------------------------
[ 2018-06-23T21:05:26+08:00 ] 0.0.0.0 POST /other/getAreaList
[ info ] localhost:7037/other/getAreaList [运行时间：0.599019s][吞吐率：1.67req/s] [内存消耗：3,034.44kb] [文件加载：54]
[ info ] [ LANG ] D:\workLP\20180502\judeng\wwwroot\thinkphp\lang\zh-cn.php
[ info ] [ BIND ] 'home'
[ info ] [ ROUTE ] array (
  'type' => 'module',
  'module' => 
  array (
    0 => 'home',
    1 => 'other',
    2 => 'getAreaList',
  ),
)
[ info ] [ HEADER ] array (
  'content-type' => 'multipart/form-data; boundary=----WebKitFormBoundaryB7Tl5BW5zTZaoYxs',
  'content-length' => '364',
  'x-original-url' => '/other/getAreaList',
  'postman-token' => '4f6e8b1e-2283-1f2d-e4f3-30001dc69764',
  'origin' => 'chrome-extension://fhbjgbiflinjbdggehcddcbncdddomop',
  'user-agent' => 'Mozilla/5.0 (Windows NT 10.0; Win64; x64) AppleWebKit/537.36 (KHTML, like Gecko) Chrome/66.0.3359.139 Safari/537.36',
  'host' => 'localhost:7037',
  'accept-language' => 'zh-CN,zh;q=0.9',
  'accept-encoding' => 'gzip, deflate, br',
  'accept' => '*/*',
  'connection' => 'keep-alive',
  'cache-control' => 'no-cache',
)
[ info ] [ PARAM ] array (
  'area_id' => '3',
  '_time' => '1525919821',
  'sign' => '5df9bfda23d0553048b3252692a17a5d',
)
[ info ] [ RUN ] app\home\controller\Other->getAreaList[ D:\workLP\20180502\judeng\wwwroot\application\home\controller\Other.php ]
[ info ] [ DB ] INIT mysql
[ info ] [ LOG ] INIT File
[ error ] [8]未定义数组索引: only_token[D:\workLP\20180502\judeng\wwwroot\application\common.php:131]
[ sql ] [ DB ] CONNECT:[ UseTime:0.231556s ] mysql:host=39.105.19.169;port=3306;dbname=judeng;charset=utf8
[ sql ] [ SQL ] SHOW COLUMNS FROM `jd_area` [ RunTime:0.173430s ]
[ sql ] [ SQL ] SELECT `area_id`,`name` FROM `jd_area` WHERE  `is_display` = 1 ORDER BY `sort` DESC [ RunTime:0.140908s ]
