---------------------------------------------------------------
[ 2018-06-25T00:03:40+08:00 ] 0.0.0.0 POST /umeng/sendDoctor
[ info ] localhost:8020/umeng/sendDoctor [运行时间：0.358644s][吞吐率：2.79req/s] [内存消耗：3,509.72kb] [文件加载：56]
[ info ] [ LANG ] D:\works\201805\judeng\thinkphp\lang\zh-cn.php
[ info ] [ BIND ] 'home'
[ info ] [ ROUTE ] array (
  'type' => 'module',
  'module' => 
  array (
    0 => 'home',
    1 => 'umeng',
    2 => 'sendDoctor',
  ),
)
[ info ] [ HEADER ] array (
  'content-type' => 'multipart/form-data; boundary=--------------------------817156420618385272080594',
  'content-length' => '712',
  'x-original-url' => '/umeng/sendDoctor',
  'postman-token' => '626d43e4-b624-4467-8d5b-a0c60294e206',
  'user-agent' => 'PostmanRuntime/3.0.11-hotfix.2',
  'host' => 'localhost:8020',
  'accept-encoding' => 'gzip, deflate',
  'accept' => '*/*',
  'connection' => 'keep-alive',
  'cache-control' => 'no-cache',
)
[ info ] [ PARAM ] array (
  'doctor_id' => '70',
  'member_id' => '2',
  'comment' => 'aa',
  'type' => '1',
  'inherit_id' => '44',
  'self_goods_id' => '36',
)
[ info ] [ RUN ] app\home\controller\Umeng->sendDoctor[ D:\works\201805\judeng\application\home\controller\Umeng.php ]
[ info ] [ DB ] INIT mysql
[ info ] [ LOG ] INIT File
[ sql ] [ DB ] CONNECT:[ UseTime:0.102572s ] mysql:host=39.105.19.169;port=3306;dbname=judeng;charset=utf8
[ sql ] [ SQL ] SHOW COLUMNS FROM `jd_doctor` [ RunTime:0.070976s ]
[ sql ] [ SQL ] SELECT * FROM `jd_doctor` WHERE  (  member_id=70 ) LIMIT 1 [ RunTime:0.078080s ]
[ error ] [8]未定义数组索引: only_token[D:\works\201805\judeng\application\common.php:108]
---------------------------------------------------------------
[ 2018-06-25T00:03:54+08:00 ] 0.0.0.0 POST /umeng/sendDoctor
[ info ] localhost:8020/umeng/sendDoctor [运行时间：0.314740s][吞吐率：3.18req/s] [内存消耗：3,509.58kb] [文件加载：56]
[ info ] [ LANG ] D:\works\201805\judeng\thinkphp\lang\zh-cn.php
[ info ] [ BIND ] 'home'
[ info ] [ ROUTE ] array (
  'type' => 'module',
  'module' => 
  array (
    0 => 'home',
    1 => 'umeng',
    2 => 'sendDoctor',
  ),
)
[ info ] [ HEADER ] array (
  'content-type' => 'multipart/form-data; boundary=--------------------------992606331329190017302509',
  'content-length' => '712',
  'x-original-url' => '/umeng/sendDoctor',
  'postman-token' => '86431dc2-9702-4834-8ed3-7a4ad068fed3',
  'user-agent' => 'PostmanRuntime/3.0.11-hotfix.2',
  'host' => 'localhost:8020',
  'accept-encoding' => 'gzip, deflate',
  'accept' => '*/*',
  'connection' => 'keep-alive',
  'cache-control' => 'no-cache',
)
[ info ] [ PARAM ] array (
  'doctor_id' => '70',
  'member_id' => '2',
  'comment' => 'aa',
  'type' => '1',
  'inherit_id' => '44',
  'self_goods_id' => '36',
)
[ info ] [ RUN ] app\home\controller\Umeng->sendDoctor[ D:\works\201805\judeng\application\home\controller\Umeng.php ]
[ info ] [ DB ] INIT mysql
[ info ] [ LOG ] INIT File
[ sql ] [ DB ] CONNECT:[ UseTime:0.102618s ] mysql:host=39.105.19.169;port=3306;dbname=judeng;charset=utf8
[ sql ] [ SQL ] SHOW COLUMNS FROM `jd_doctor` [ RunTime:0.067370s ]
[ sql ] [ SQL ] SELECT * FROM `jd_doctor` WHERE  (  member_id=70 ) LIMIT 1 [ RunTime:0.071438s ]
[ error ] [8]未定义数组索引: only_token[D:\works\201805\judeng\application\common.php:108]
---------------------------------------------------------------
[ 2018-06-25T00:04:20+08:00 ] 0.0.0.0 POST /umeng/sendDoctor
[ info ] localhost:8020/umeng/sendDoctor [运行时间：0.331239s][吞吐率：3.02req/s] [内存消耗：3,509.58kb] [文件加载：56]
[ info ] [ LANG ] D:\works\201805\judeng\thinkphp\lang\zh-cn.php
[ info ] [ BIND ] 'home'
[ info ] [ ROUTE ] array (
  'type' => 'module',
  'module' => 
  array (
    0 => 'home',
    1 => 'umeng',
    2 => 'sendDoctor',
  ),
)
[ info ] [ HEADER ] array (
  'content-type' => 'multipart/form-data; boundary=--------------------------875704209486203488380759',
  'content-length' => '712',
  'x-original-url' => '/umeng/sendDoctor',
  'postman-token' => '50263e46-2d1f-4bc8-88e9-1afd4fc4d855',
  'user-agent' => 'PostmanRuntime/3.0.11-hotfix.2',
  'host' => 'localhost:8020',
  'accept-encoding' => 'gzip, deflate',
  'accept' => '*/*',
  'connection' => 'keep-alive',
  'cache-control' => 'no-cache',
)
[ info ] [ PARAM ] array (
  'doctor_id' => '70',
  'member_id' => '2',
  'comment' => 'aa',
  'type' => '1',
  'inherit_id' => '44',
  'self_goods_id' => '36',
)
[ info ] [ RUN ] app\home\controller\Umeng->sendDoctor[ D:\works\201805\judeng\application\home\controller\Umeng.php ]
[ info ] [ DB ] INIT mysql
[ info ] [ LOG ] INIT File
[ sql ] [ DB ] CONNECT:[ UseTime:0.118928s ] mysql:host=39.105.19.169;port=3306;dbname=judeng;charset=utf8
[ sql ] [ SQL ] SHOW COLUMNS FROM `jd_doctor` [ RunTime:0.069737s ]
[ sql ] [ SQL ] SELECT * FROM `jd_doctor` WHERE  (  member_id=70 ) LIMIT 1 [ RunTime:0.068956s ]
[ error ] [8]未定义数组索引: only_token[D:\works\201805\judeng\application\common.php:108]
---------------------------------------------------------------
[ 2018-06-25T00:07:46+08:00 ] 0.0.0.0 POST /umeng/sendDoctor
[ info ] localhost:8020/umeng/sendDoctor [运行时间：1.099222s][吞吐率：0.91req/s] [内存消耗：3,509.58kb] [文件加载：56]
[ info ] [ LANG ] D:\works\201805\judeng\thinkphp\lang\zh-cn.php
[ info ] [ BIND ] 'home'
[ info ] [ ROUTE ] array (
  'type' => 'module',
  'module' => 
  array (
    0 => 'home',
    1 => 'umeng',
    2 => 'sendDoctor',
  ),
)
[ info ] [ HEADER ] array (
  'content-type' => 'multipart/form-data; boundary=--------------------------349323190792980989482173',
  'content-length' => '712',
  'x-original-url' => '/umeng/sendDoctor',
  'postman-token' => '4619400b-5ec5-4e4f-9a97-97b5be44a8fb',
  'user-agent' => 'PostmanRuntime/3.0.11-hotfix.2',
  'host' => 'localhost:8020',
  'accept-encoding' => 'gzip, deflate',
  'accept' => '*/*',
  'connection' => 'keep-alive',
  'cache-control' => 'no-cache',
)
[ info ] [ PARAM ] array (
  'doctor_id' => '70',
  'member_id' => '2',
  'comment' => 'aa',
  'type' => '1',
  'inherit_id' => '44',
  'self_goods_id' => '36',
)
[ info ] [ RUN ] app\home\controller\Umeng->sendDoctor[ D:\works\201805\judeng\application\home\controller\Umeng.php ]
[ info ] [ DB ] INIT mysql
[ info ] [ LOG ] INIT File
[ sql ] [ DB ] CONNECT:[ UseTime:0.396772s ] mysql:host=39.105.19.169;port=3306;dbname=judeng;charset=utf8
[ sql ] [ SQL ] SHOW COLUMNS FROM `jd_doctor` [ RunTime:0.456166s ]
[ sql ] [ SQL ] SELECT * FROM `jd_doctor` WHERE  (  member_id=70 ) LIMIT 1 [ RunTime:0.149276s ]
[ error ] [8]未定义数组索引: only_token[D:\works\201805\judeng\application\common.php:108]
---------------------------------------------------------------
[ 2018-06-25T00:09:08+08:00 ] 0.0.0.0 POST /umeng/sendDoctor
[ info ] localhost:8020/umeng/sendDoctor [运行时间：2.687840s][吞吐率：0.37req/s] [内存消耗：3,509.64kb] [文件加载：56]
[ info ] [ LANG ] D:\works\201805\judeng\thinkphp\lang\zh-cn.php
[ info ] [ BIND ] 'home'
[ info ] [ ROUTE ] array (
  'type' => 'module',
  'module' => 
  array (
    0 => 'home',
    1 => 'umeng',
    2 => 'sendDoctor',
  ),
)
[ info ] [ HEADER ] array (
  'content-type' => 'multipart/form-data; boundary=--------------------------512749478422428188405104',
  'content-length' => '712',
  'x-original-url' => '/umeng/sendDoctor',
  'postman-token' => '52d6b676-b03f-4953-a2e3-5a918987299a',
  'user-agent' => 'PostmanRuntime/3.0.11-hotfix.2',
  'host' => 'localhost:8020',
  'accept-encoding' => 'gzip, deflate',
  'accept' => '*/*',
  'connection' => 'keep-alive',
  'cache-control' => 'no-cache',
)
[ info ] [ PARAM ] array (
  'doctor_id' => '70',
  'member_id' => '2',
  'comment' => 'aa',
  'type' => '0',
  'inherit_id' => '44',
  'self_goods_id' => '36',
)
[ info ] [ RUN ] app\home\controller\Umeng->sendDoctor[ D:\works\201805\judeng\application\home\controller\Umeng.php ]
[ info ] [ DB ] INIT mysql
[ info ] [ LOG ] INIT File
[ sql ] [ DB ] CONNECT:[ UseTime:0.479021s ] mysql:host=39.105.19.169;port=3306;dbname=judeng;charset=utf8
[ sql ] [ SQL ] SHOW COLUMNS FROM `jd_doctor` [ RunTime:1.095114s ]
[ sql ] [ SQL ] SELECT * FROM `jd_doctor` WHERE  (  member_id=70 ) LIMIT 1 [ RunTime:1.017365s ]
[ error ] [8]未定义数组索引: only_token[D:\works\201805\judeng\application\common.php:108]
---------------------------------------------------------------
[ 2018-06-25T00:11:12+08:00 ] 0.0.0.0 POST /umeng/sendDoctor
[ info ] localhost:8020/umeng/sendDoctor [运行时间：0.348156s][吞吐率：2.87req/s] [内存消耗：3,509.69kb] [文件加载：56]
[ info ] [ LANG ] D:\works\201805\judeng\thinkphp\lang\zh-cn.php
[ info ] [ BIND ] 'home'
[ info ] [ ROUTE ] array (
  'type' => 'module',
  'module' => 
  array (
    0 => 'home',
    1 => 'umeng',
    2 => 'sendDoctor',
  ),
)
[ info ] [ HEADER ] array (
  'content-type' => 'multipart/form-data; boundary=--------------------------627962654288002891569167',
  'content-length' => '712',
  'x-original-url' => '/umeng/sendDoctor',
  'postman-token' => 'b40dafb1-e7c4-4ac4-8292-d3e06bd87404',
  'user-agent' => 'PostmanRuntime/3.0.11-hotfix.2',
  'host' => 'localhost:8020',
  'accept-encoding' => 'gzip, deflate',
  'accept' => '*/*',
  'connection' => 'keep-alive',
  'cache-control' => 'no-cache',
)
[ info ] [ PARAM ] array (
  'doctor_id' => '70',
  'member_id' => '2',
  'comment' => 'aa',
  'type' => '2',
  'inherit_id' => '44',
  'self_goods_id' => '36',
)
[ info ] [ RUN ] app\home\controller\Umeng->sendDoctor[ D:\works\201805\judeng\application\home\controller\Umeng.php ]
[ info ] [ DB ] INIT mysql
[ info ] [ LOG ] INIT File
[ sql ] [ DB ] CONNECT:[ UseTime:0.109882s ] mysql:host=39.105.19.169;port=3306;dbname=judeng;charset=utf8
[ sql ] [ SQL ] SHOW COLUMNS FROM `jd_doctor` [ RunTime:0.072394s ]
[ sql ] [ SQL ] SELECT * FROM `jd_doctor` WHERE  (  member_id=70 ) LIMIT 1 [ RunTime:0.077901s ]
[ error ] [8]未定义数组索引: only_token[D:\works\201805\judeng\application\common.php:108]
---------------------------------------------------------------
[ 2018-06-25T00:12:17+08:00 ] 0.0.0.0 POST /umeng/sendDoctor
[ info ] localhost:8020/umeng/sendDoctor [运行时间：0.317621s][吞吐率：3.15req/s] [内存消耗：3,509.69kb] [文件加载：56]
[ info ] [ LANG ] D:\works\201805\judeng\thinkphp\lang\zh-cn.php
[ info ] [ BIND ] 'home'
[ info ] [ ROUTE ] array (
  'type' => 'module',
  'module' => 
  array (
    0 => 'home',
    1 => 'umeng',
    2 => 'sendDoctor',
  ),
)
[ info ] [ HEADER ] array (
  'content-type' => 'multipart/form-data; boundary=--------------------------707132194689176096943328',
  'content-length' => '712',
  'x-original-url' => '/umeng/sendDoctor',
  'postman-token' => '9231343f-153b-4b8c-91a6-b6da4136c0ce',
  'user-agent' => 'PostmanRuntime/3.0.11-hotfix.2',
  'host' => 'localhost:8020',
  'accept-encoding' => 'gzip, deflate',
  'accept' => '*/*',
  'connection' => 'keep-alive',
  'cache-control' => 'no-cache',
)
[ info ] [ PARAM ] array (
  'doctor_id' => '70',
  'member_id' => '2',
  'comment' => 'aa',
  'type' => '2',
  'inherit_id' => '44',
  'self_goods_id' => '36',
)
[ info ] [ RUN ] app\home\controller\Umeng->sendDoctor[ D:\works\201805\judeng\application\home\controller\Umeng.php ]
[ info ] [ DB ] INIT mysql
[ info ] [ LOG ] INIT File
[ sql ] [ DB ] CONNECT:[ UseTime:0.098631s ] mysql:host=39.105.19.169;port=3306;dbname=judeng;charset=utf8
[ sql ] [ SQL ] SHOW COLUMNS FROM `jd_doctor` [ RunTime:0.069281s ]
[ sql ] [ SQL ] SELECT * FROM `jd_doctor` WHERE  (  member_id=70 ) LIMIT 1 [ RunTime:0.070071s ]
[ error ] [8]未定义数组索引: only_token[D:\works\201805\judeng\application\common.php:108]
---------------------------------------------------------------
[ 2018-06-25T00:13:56+08:00 ] 0.0.0.0 POST /umeng/sendDoctor
[ info ] localhost:8020/umeng/sendDoctor [运行时间：0.320770s][吞吐率：3.12req/s] [内存消耗：3,509.69kb] [文件加载：56]
[ info ] [ LANG ] D:\works\201805\judeng\thinkphp\lang\zh-cn.php
[ info ] [ BIND ] 'home'
[ info ] [ ROUTE ] array (
  'type' => 'module',
  'module' => 
  array (
    0 => 'home',
    1 => 'umeng',
    2 => 'sendDoctor',
  ),
)
[ info ] [ HEADER ] array (
  'content-type' => 'multipart/form-data; boundary=--------------------------912873959846451575509383',
  'content-length' => '712',
  'x-original-url' => '/umeng/sendDoctor',
  'postman-token' => '91eb124a-201f-48f0-a1d1-a0f2be485188',
  'user-agent' => 'PostmanRuntime/3.0.11-hotfix.2',
  'host' => 'localhost:8020',
  'accept-encoding' => 'gzip, deflate',
  'accept' => '*/*',
  'connection' => 'keep-alive',
  'cache-control' => 'no-cache',
)
[ info ] [ PARAM ] array (
  'doctor_id' => '70',
  'member_id' => '2',
  'comment' => 'aa',
  'type' => '2',
  'inherit_id' => '44',
  'self_goods_id' => '36',
)
[ info ] [ RUN ] app\home\controller\Umeng->sendDoctor[ D:\works\201805\judeng\application\home\controller\Umeng.php ]
[ info ] [ DB ] INIT mysql
[ info ] [ LOG ] INIT File
[ sql ] [ DB ] CONNECT:[ UseTime:0.099318s ] mysql:host=39.105.19.169;port=3306;dbname=judeng;charset=utf8
[ sql ] [ SQL ] SHOW COLUMNS FROM `jd_doctor` [ RunTime:0.066290s ]
[ sql ] [ SQL ] SELECT * FROM `jd_doctor` WHERE  (  member_id=70 ) LIMIT 1 [ RunTime:0.067923s ]
[ error ] [8]未定义数组索引: only_token[D:\works\201805\judeng\application\common.php:108]
