---------------------------------------------------------------
[ 2018-06-26T11:17:18+08:00 ] 0.0.0.0 POST /order/toOnlineorder
[ info ] localhost:7037/order/toOnlineorder [运行时间：0.288641s][吞吐率：3.46req/s] [内存消耗：3,092.69kb] [文件加载：51]
[ info ] [ LANG ] D:\workLP\20180502\judeng\wwwroot\thinkphp\lang\zh-cn.php
[ info ] [ BIND ] 'home'
[ info ] [ ROUTE ] array (
  'type' => 'module',
  'module' => 
  array (
    0 => 'home',
    1 => 'order',
    2 => 'toOnlineorder',
  ),
)
[ info ] [ HEADER ] array (
  'content-type' => 'application/json',
  'content-length' => '170',
  'x-original-url' => '/order/toOnlineorder',
  'user-agent' => 'YiSong/1.3.0 (iPhone; iOS 11.4; Scale/3.00)',
  'host' => 'localhost:7037',
  'cookie' => 'PHPSESSID=3c9a66d4a3662b1f40a7f44039b6ce17',
  'accept-language' => 'zh-Hans-CN;q=1',
  'accept-encoding' => 'gzip, deflate',
  'accept' => '*/*',
  'connection' => 'keep-alive, keep-alive',
)
[ info ] [ PARAM ] array (
  'only_token' => '152997957974y^Sx',
  'mobile' => '0',
  'order_id' => '0',
  'area_id' => 2,
  'doctor_id' => 170,
  '_time' => '1529982928',
  'patient_id' => '97',
  'sign' => 'f1c2a9763bc7452531e82a622583f192',
)
[ info ] [ RUN ] app\home\controller\Order->toOnlineorder[ D:\workLP\20180502\judeng\wwwroot\application\home\controller\Order.php ]
[ info ] [ DB ] INIT mysql
[ info ] [ LOG ] INIT File
[ sql ] [ DB ] CONNECT:[ UseTime:0.097576s ] mysql:host=39.105.19.169;port=3306;dbname=judeng;charset=utf8
[ sql ] [ SQL ] SHOW COLUMNS FROM `jd_order_prescription` [ RunTime:0.063928s ]
[ sql ] [ SQL ] SELECT op.`relation_id`,op.`state_id`,op.`order_id` FROM `jd_order_prescription` `op` INNER JOIN `jd_order` `o` ON `o`.`order_id`=`op`.`order_id` WHERE  o.`doctor_id` = 170  AND o.`order_type` = 3 ORDER BY op.`add_date` DESC LIMIT 1 [ RunTime:0.063212s ]
---------------------------------------------------------------
[ 2018-06-26T11:45:55+08:00 ] 0.0.0.0 POST /doctor/dataPreview
[ info ] localhost:7037/doctor/dataPreview [运行时间：0.476730s][吞吐率：2.10req/s] [内存消耗：3,214.99kb] [文件加载：58]
[ info ] [ LANG ] D:\workLP\20180502\judeng\wwwroot\thinkphp\lang\zh-cn.php
[ info ] [ BIND ] 'home'
[ info ] [ ROUTE ] array (
  'type' => 'module',
  'module' => 
  array (
    0 => 'home',
    1 => 'doctor',
    2 => 'dataPreview',
  ),
)
[ info ] [ HEADER ] array (
  'content-type' => 'application/x-www-form-urlencoded;charset=UTF-8',
  'content-length' => '99',
  'x-original-url' => '/doctor/dataPreview',
  'user-agent' => 'okhttp/3.8.0',
  'host' => 'localhost:7037',
  'accept-language' => 'zh',
  'accept-encoding' => 'gzip',
  'accept' => 'application/json',
  'connection' => 'Keep-Alive',
)
[ info ] [ PARAM ] array (
  'doctor_id' => '78',
  '_time' => '1529984704',
  'sign' => '5197fc49aae7fed2a756f12a353ef920',
  'only_token' => '1529984645E2@]um',
)
[ info ] [ RUN ] app\home\controller\Doctor->dataPreview[ D:\workLP\20180502\judeng\wwwroot\application\home\controller\Doctor.php ]
[ info ] [ DB ] INIT mysql
[ info ] [ LOG ] INIT File
[ sql ] [ DB ] CONNECT:[ UseTime:0.085212s ] mysql:host=39.105.19.169;port=3306;dbname=judeng;charset=utf8
[ sql ] [ SQL ] SHOW COLUMNS FROM `jd_doctor` [ RunTime:0.061091s ]
[ sql ] [ SQL ] SELECT `member_id`,`true_name`,`face_photo`,`goodat_id`,`introduction`,`recom`,`is_clinic`,`hospital_id`,`hospital_repart_str`,`school_str`,`inherit`,`title_str`,`graphic_speech`,`love_inquiry`,`concealment_number`,`online_inquiry`,`first_price`,`consultation_price` FROM `jd_doctor` WHERE  (  member_id = 78 ) LIMIT 1 [ RunTime:0.060799s ]
[ sql ] [ SQL ] SHOW COLUMNS FROM `jd_diagnosis_set` [ RunTime:0.058768s ]
[ sql ] [ SQL ] SELECT * FROM `jd_diagnosis_set` WHERE  (  member_id = 78 ) LIMIT 1 [ RunTime:0.058837s ]
[ sql ] [ SQL ] SHOW COLUMNS FROM `jd_school` [ RunTime:0.057250s ]
[ error ] [10501]SQLSTATE[42000]: Syntax error or access violation: 1064 You have an error in your SQL syntax; check the manual that corresponds to your MySQL server version for the right syntax to use near ') AND is_display = 1 )' at line 1[D:\workLP\20180502\judeng\wwwroot\thinkphp\library\think\db\Connection.php:388]
---------------------------------------------------------------
[ 2018-06-26T16:33:07+08:00 ] 0.0.0.0 POST /order/toOnlineorder
[ info ] localhost:7037/order/toOnlineorder [运行时间：0.650386s][吞吐率：1.54req/s] [内存消耗：3,175.80kb] [文件加载：51]
[ info ] [ LANG ] D:\workLP\20180502\judeng\wwwroot\thinkphp\lang\zh-cn.php
[ info ] [ BIND ] 'home'
[ info ] [ ROUTE ] array (
  'type' => 'module',
  'module' => 
  array (
    0 => 'home',
    1 => 'order',
    2 => 'toOnlineorder',
  ),
)
[ info ] [ HEADER ] array (
  'content-type' => 'application/x-www-form-urlencoded;charset=UTF-8',
  'content-length' => '141',
  'x-original-url' => '/order/toOnlineorder',
  'user-agent' => 'okhttp/3.8.0',
  'host' => 'localhost:7037',
  'accept-language' => 'zh',
  'accept-encoding' => 'gzip',
  'accept' => 'application/json',
  'connection' => 'Keep-Alive',
)
[ info ] [ PARAM ] array (
  'order_id' => '0',
  'area_id' => '2',
  'doctor_id' => '78',
  'patient_id' => '84',
  'mobile' => '0',
  '_time' => '1530001567',
  'sign' => '42136be387150caab699eb437dc37066',
  'only_token' => '1529998692MsUR(O',
)
[ info ] [ RUN ] app\home\controller\Order->toOnlineorder[ D:\workLP\20180502\judeng\wwwroot\application\home\controller\Order.php ]
[ info ] [ DB ] INIT mysql
[ info ] [ LOG ] INIT File
[ sql ] [ DB ] CONNECT:[ UseTime:0.084952s ] mysql:host=39.105.19.169;port=3306;dbname=judeng;charset=utf8
[ sql ] [ SQL ] SHOW COLUMNS FROM `jd_order_prescription` [ RunTime:0.059388s ]
[ sql ] [ SQL ] SELECT op.`relation_id`,op.`state_id`,op.`order_id` FROM `jd_order_prescription` `op` INNER JOIN `jd_order` `o` ON `o`.`order_id`=`op`.`order_id` WHERE  o.`doctor_id` = '78'  AND o.`order_type` = 3 ORDER BY op.`add_date` DESC LIMIT 1 [ RunTime:0.057931s ]
[ sql ] [ SQL ] SHOW COLUMNS FROM `jd_drug_relation` [ RunTime:0.057845s ]
[ sql ] [ SQL ] SELECT COUNT(*) AS tp_count FROM `jd_drug_relation` `d` INNER JOIN `jd_prescription` `p` ON `d`.`prescription_id`=`p`.`prescription_id` WHERE  d.`is_display` = 1  AND p.`area_id` = '2'  AND p.`is_display` = 1  AND d.`state_id` = 8 LIMIT 1 [ RunTime:0.055246s ]
[ sql ] [ SQL ] SELECT d.`relation_id`,d.`prescription_id`,d.`state_id`,d.`describe`,p.`prescription_name`,p.`prescription_id`,p.`area_name`,ds.`state_name`,ds.`make`,ds.`taking`,ds.`instructions`,ds.`weight`,ds.`pic` FROM `jd_drug_relation` `d` INNER JOIN `jd_prescription` `p` ON `d`.`prescription_id`=`p`.`prescription_id` INNER JOIN `jd_drug_state` `ds` ON `d`.`state_id`=`ds`.`state_id` WHERE  d.`is_display` = 1  AND p.`area_id` = '2'  AND p.`is_display` = 1  AND d.`state_id` = 8  AND d.`relation_id` = 54 ORDER BY d.`relation_id` DESC LIMIT 1 [ RunTime:0.055543s ]
[ sql ] [ SQL ] SHOW COLUMNS FROM `jd_member` [ RunTime:0.055630s ]
[ sql ] [ SQL ] SELECT * FROM `jd_member` WHERE  `member_id` = 84 LIMIT 1 [ RunTime:0.057040s ]
[ sql ] [ SQL ] SHOW COLUMNS FROM `jd_doctor` [ RunTime:0.056299s ]
[ sql ] [ SQL ] SELECT COUNT(*) AS tp_count FROM `jd_doctor` WHERE  `only_token` = '1529998692MsUR(O'  AND `is_status` = 0 LIMIT 1 [ RunTime:0.054613s ]
---------------------------------------------------------------
[ 2018-06-26T16:35:54+08:00 ] 0.0.0.0 POST /order/toOnlineorder
[ info ] localhost:7037/order/toOnlineorder [运行时间：0.707588s][吞吐率：1.41req/s] [内存消耗：3,176.27kb] [文件加载：51]
[ info ] [ LANG ] D:\workLP\20180502\judeng\wwwroot\thinkphp\lang\zh-cn.php
[ info ] [ BIND ] 'home'
[ info ] [ ROUTE ] array (
  'type' => 'module',
  'module' => 
  array (
    0 => 'home',
    1 => 'order',
    2 => 'toOnlineorder',
  ),
)
[ info ] [ HEADER ] array (
  'content-type' => 'application/x-www-form-urlencoded;charset=UTF-8',
  'content-length' => '141',
  'x-original-url' => '/order/toOnlineorder',
  'user-agent' => 'okhttp/3.8.0',
  'host' => 'localhost:7037',
  'accept-language' => 'zh',
  'accept-encoding' => 'gzip',
  'accept' => 'application/json',
  'connection' => 'Keep-Alive',
)
[ info ] [ PARAM ] array (
  'order_id' => '0',
  'area_id' => '2',
  'doctor_id' => '78',
  'patient_id' => '84',
  'mobile' => '0',
  '_time' => '1530001567',
  'sign' => '42136be387150caab699eb437dc37066',
  'only_token' => '1529998692MsUR(O',
)
[ info ] [ RUN ] app\home\controller\Order->toOnlineorder[ D:\workLP\20180502\judeng\wwwroot\application\home\controller\Order.php ]
[ info ] [ DB ] INIT mysql
[ info ] [ LOG ] INIT File
[ sql ] [ DB ] CONNECT:[ UseTime:0.088161s ] mysql:host=39.105.19.169;port=3306;dbname=judeng;charset=utf8
[ sql ] [ SQL ] SHOW COLUMNS FROM `jd_order_prescription` [ RunTime:0.058256s ]
[ sql ] [ SQL ] SELECT op.`relation_id`,op.`state_id`,op.`order_id` FROM `jd_order_prescription` `op` INNER JOIN `jd_order` `o` ON `o`.`order_id`=`op`.`order_id` WHERE  o.`doctor_id` = '78'  AND o.`order_type` = 3 ORDER BY op.`add_date` DESC LIMIT 1 [ RunTime:0.058044s ]
[ sql ] [ SQL ] SHOW COLUMNS FROM `jd_drug_relation` [ RunTime:0.060411s ]
[ sql ] [ SQL ] SELECT COUNT(*) AS tp_count FROM `jd_drug_relation` `d` INNER JOIN `jd_prescription` `p` ON `d`.`prescription_id`=`p`.`prescription_id` WHERE  d.`is_display` = 1  AND p.`area_id` = '2'  AND p.`is_display` = 1  AND d.`state_id` = 8 LIMIT 1 [ RunTime:0.062396s ]
[ sql ] [ SQL ] SELECT d.`relation_id`,d.`prescription_id`,d.`state_id`,d.`describe`,p.`prescription_name`,p.`prescription_id`,p.`area_name`,ds.`state_name`,ds.`make`,ds.`taking`,ds.`instructions`,ds.`weight`,ds.`pic` FROM `jd_drug_relation` `d` INNER JOIN `jd_prescription` `p` ON `d`.`prescription_id`=`p`.`prescription_id` INNER JOIN `jd_drug_state` `ds` ON `d`.`state_id`=`ds`.`state_id` WHERE  d.`is_display` = 1  AND p.`area_id` = '2'  AND p.`is_display` = 1  AND d.`state_id` = 8  AND d.`relation_id` = 54 ORDER BY d.`relation_id` DESC LIMIT 1 [ RunTime:0.057859s ]
[ sql ] [ SQL ] SHOW COLUMNS FROM `jd_member` [ RunTime:0.057650s ]
[ sql ] [ SQL ] SELECT * FROM `jd_member` WHERE  `member_id` = 84 LIMIT 1 [ RunTime:0.069946s ]
[ sql ] [ SQL ] SHOW COLUMNS FROM `jd_doctor` [ RunTime:0.072266s ]
[ sql ] [ SQL ] SELECT COUNT(*) AS tp_count FROM `jd_doctor` WHERE  `only_token` = '1529998692MsUR(O'  AND `is_status` = 0 LIMIT 1 [ RunTime:0.068544s ]
---------------------------------------------------------------
[ 2018-06-26T16:36:09+08:00 ] 0.0.0.0 POST /order/toOnlineorder
[ info ] localhost:7037/order/toOnlineorder [运行时间：0.487103s][吞吐率：2.05req/s] [内存消耗：3,113.93kb] [文件加载：51]
[ info ] [ LANG ] D:\workLP\20180502\judeng\wwwroot\thinkphp\lang\zh-cn.php
[ info ] [ BIND ] 'home'
[ info ] [ ROUTE ] array (
  'type' => 'module',
  'module' => 
  array (
    0 => 'home',
    1 => 'order',
    2 => 'toOnlineorder',
  ),
)
[ info ] [ HEADER ] array (
  'content-type' => 'application/x-www-form-urlencoded;charset=UTF-8',
  'content-length' => '141',
  'x-original-url' => '/order/toOnlineorder',
  'user-agent' => 'okhttp/3.8.0',
  'host' => 'localhost:7037',
  'accept-language' => 'zh',
  'accept-encoding' => 'gzip',
  'accept' => 'application/json',
  'connection' => 'Keep-Alive',
)
[ info ] [ PARAM ] array (
  'order_id' => '0',
  'area_id' => '2',
  'doctor_id' => '78',
  'patient_id' => '84',
  'mobile' => '0',
  '_time' => '1530001567',
  'sign' => '42136be387150caab699eb437dc37066',
  'only_token' => '1529998692MsUR(O',
)
[ info ] [ RUN ] app\home\controller\Order->toOnlineorder[ D:\workLP\20180502\judeng\wwwroot\application\home\controller\Order.php ]
[ info ] [ DB ] INIT mysql
[ info ] [ LOG ] INIT File
[ sql ] [ DB ] CONNECT:[ UseTime:0.102263s ] mysql:host=39.105.19.169;port=3306;dbname=judeng;charset=utf8
[ sql ] [ SQL ] SHOW COLUMNS FROM `jd_order_prescription` [ RunTime:0.063435s ]
[ sql ] [ SQL ] SELECT op.`relation_id`,op.`state_id`,op.`order_id` FROM `jd_order_prescription` `op` INNER JOIN `jd_order` `o` ON `o`.`order_id`=`op`.`order_id` WHERE  o.`doctor_id` = '78'  AND o.`order_type` = 3 ORDER BY op.`add_date` DESC LIMIT 1 [ RunTime:0.069978s ]
[ sql ] [ SQL ] SHOW COLUMNS FROM `jd_drug_relation` [ RunTime:0.079133s ]
[ sql ] [ SQL ] SELECT COUNT(*) AS tp_count FROM `jd_drug_relation` `d` INNER JOIN `jd_prescription` `p` ON `d`.`prescription_id`=`p`.`prescription_id` WHERE  d.`is_display` = 1  AND p.`area_id` = '2'  AND p.`is_display` = 1  AND d.`state_id` = 8 LIMIT 1 [ RunTime:0.065104s ]
[ sql ] [ SQL ] SELECT d.`relation_id`,d.`prescription_id`,d.`state_id`,d.`describe`,p.`prescription_name`,p.`prescription_id`,p.`area_name`,ds.`state_name`,ds.`make`,ds.`taking`,ds.`instructions`,ds.`weight`,ds.`pic` FROM `jd_drug_relation` `d` INNER JOIN `jd_prescription` `p` ON `d`.`prescription_id`=`p`.`prescription_id` INNER JOIN `jd_drug_state` `ds` ON `d`.`state_id`=`ds`.`state_id` WHERE  d.`is_display` = 1  AND p.`area_id` = '2'  AND p.`is_display` = 1  AND d.`state_id` = 8  AND d.`relation_id` = 54 ORDER BY d.`relation_id` DESC LIMIT 1 [ RunTime:0.060068s ]
---------------------------------------------------------------
[ 2018-06-26T16:38:17+08:00 ] 0.0.0.0 POST /order/toOnlineorder
[ info ] localhost:7037/order/toOnlineorder [运行时间：0.427612s][吞吐率：2.34req/s] [内存消耗：3,113.93kb] [文件加载：51]
[ info ] [ LANG ] D:\workLP\20180502\judeng\wwwroot\thinkphp\lang\zh-cn.php
[ info ] [ BIND ] 'home'
[ info ] [ ROUTE ] array (
  'type' => 'module',
  'module' => 
  array (
    0 => 'home',
    1 => 'order',
    2 => 'toOnlineorder',
  ),
)
[ info ] [ HEADER ] array (
  'content-type' => 'application/x-www-form-urlencoded;charset=UTF-8',
  'content-length' => '141',
  'x-original-url' => '/order/toOnlineorder',
  'user-agent' => 'okhttp/3.8.0',
  'host' => 'localhost:7037',
  'accept-language' => 'zh',
  'accept-encoding' => 'gzip',
  'accept' => 'application/json',
  'connection' => 'Keep-Alive',
)
[ info ] [ PARAM ] array (
  'order_id' => '0',
  'area_id' => '2',
  'doctor_id' => '78',
  'patient_id' => '84',
  'mobile' => '0',
  '_time' => '1530001567',
  'sign' => '42136be387150caab699eb437dc37066',
  'only_token' => '1529998692MsUR(O',
)
[ info ] [ RUN ] app\home\controller\Order->toOnlineorder[ D:\workLP\20180502\judeng\wwwroot\application\home\controller\Order.php ]
[ info ] [ DB ] INIT mysql
[ info ] [ LOG ] INIT File
[ sql ] [ DB ] CONNECT:[ UseTime:0.086507s ] mysql:host=39.105.19.169;port=3306;dbname=judeng;charset=utf8
[ sql ] [ SQL ] SHOW COLUMNS FROM `jd_order_prescription` [ RunTime:0.059245s ]
[ sql ] [ SQL ] SELECT op.`relation_id`,op.`state_id`,op.`order_id` FROM `jd_order_prescription` `op` INNER JOIN `jd_order` `o` ON `o`.`order_id`=`op`.`order_id` WHERE  o.`doctor_id` = '78'  AND o.`order_type` = 3 ORDER BY op.`add_date` DESC LIMIT 1 [ RunTime:0.057854s ]
[ sql ] [ SQL ] SHOW COLUMNS FROM `jd_drug_relation` [ RunTime:0.060615s ]
[ sql ] [ SQL ] SELECT COUNT(*) AS tp_count FROM `jd_drug_relation` `d` INNER JOIN `jd_prescription` `p` ON `d`.`prescription_id`=`p`.`prescription_id` WHERE  d.`is_display` = 1  AND p.`area_id` = '2'  AND p.`is_display` = 1  AND d.`state_id` = 8 LIMIT 1 [ RunTime:0.058148s ]
[ sql ] [ SQL ] SELECT d.`relation_id`,d.`prescription_id`,d.`state_id`,d.`describe`,p.`prescription_name`,p.`prescription_id`,p.`area_name`,ds.`state_name`,ds.`make`,ds.`taking`,ds.`instructions`,ds.`weight`,ds.`pic` FROM `jd_drug_relation` `d` INNER JOIN `jd_prescription` `p` ON `d`.`prescription_id`=`p`.`prescription_id` INNER JOIN `jd_drug_state` `ds` ON `d`.`state_id`=`ds`.`state_id` WHERE  d.`is_display` = 1  AND p.`area_id` = '2'  AND p.`is_display` = 1  AND d.`state_id` = 8  AND d.`relation_id` = 54 ORDER BY d.`relation_id` DESC LIMIT 1 [ RunTime:0.059424s ]
---------------------------------------------------------------
[ 2018-06-26T16:38:26+08:00 ] 0.0.0.0 POST /order/toOnlineorder
[ info ] localhost:7037/order/toOnlineorder [运行时间：0.647419s][吞吐率：1.54req/s] [内存消耗：3,175.72kb] [文件加载：51]
[ info ] [ LANG ] D:\workLP\20180502\judeng\wwwroot\thinkphp\lang\zh-cn.php
[ info ] [ BIND ] 'home'
[ info ] [ ROUTE ] array (
  'type' => 'module',
  'module' => 
  array (
    0 => 'home',
    1 => 'order',
    2 => 'toOnlineorder',
  ),
)
[ info ] [ HEADER ] array (
  'content-type' => 'application/x-www-form-urlencoded;charset=UTF-8',
  'content-length' => '141',
  'x-original-url' => '/order/toOnlineorder',
  'user-agent' => 'okhttp/3.8.0',
  'host' => 'localhost:7037',
  'accept-language' => 'zh',
  'accept-encoding' => 'gzip',
  'accept' => 'application/json',
  'connection' => 'Keep-Alive',
)
[ info ] [ PARAM ] array (
  'order_id' => '0',
  'area_id' => '2',
  'doctor_id' => '78',
  'patient_id' => '84',
  'mobile' => '0',
  '_time' => '1530001567',
  'sign' => '42136be387150caab699eb437dc37066',
  'only_token' => '1529998692MsUR(O',
)
[ info ] [ RUN ] app\home\controller\Order->toOnlineorder[ D:\workLP\20180502\judeng\wwwroot\application\home\controller\Order.php ]
[ info ] [ DB ] INIT mysql
[ info ] [ LOG ] INIT File
[ sql ] [ DB ] CONNECT:[ UseTime:0.085119s ] mysql:host=39.105.19.169;port=3306;dbname=judeng;charset=utf8
[ sql ] [ SQL ] SHOW COLUMNS FROM `jd_order_prescription` [ RunTime:0.057682s ]
[ sql ] [ SQL ] SELECT op.`relation_id`,op.`state_id`,op.`order_id` FROM `jd_order_prescription` `op` INNER JOIN `jd_order` `o` ON `o`.`order_id`=`op`.`order_id` WHERE  o.`doctor_id` = '78'  AND o.`order_type` = 3 ORDER BY op.`add_date` DESC LIMIT 1 [ RunTime:0.057184s ]
[ sql ] [ SQL ] SHOW COLUMNS FROM `jd_drug_relation` [ RunTime:0.056769s ]
[ sql ] [ SQL ] SELECT COUNT(*) AS tp_count FROM `jd_drug_relation` `d` INNER JOIN `jd_prescription` `p` ON `d`.`prescription_id`=`p`.`prescription_id` WHERE  d.`is_display` = 1  AND p.`area_id` = '2'  AND p.`is_display` = 1  AND d.`state_id` = 8 LIMIT 1 [ RunTime:0.057781s ]
[ sql ] [ SQL ] SELECT d.`relation_id`,d.`prescription_id`,d.`state_id`,d.`describe`,p.`prescription_name`,p.`prescription_id`,p.`area_name`,ds.`state_name`,ds.`make`,ds.`taking`,ds.`instructions`,ds.`weight`,ds.`pic` FROM `jd_drug_relation` `d` INNER JOIN `jd_prescription` `p` ON `d`.`prescription_id`=`p`.`prescription_id` INNER JOIN `jd_drug_state` `ds` ON `d`.`state_id`=`ds`.`state_id` WHERE  d.`is_display` = 1  AND p.`area_id` = '2'  AND p.`is_display` = 1  AND d.`state_id` = 8  AND d.`relation_id` = 54 ORDER BY d.`relation_id` DESC LIMIT 1 [ RunTime:0.057195s ]
[ sql ] [ SQL ] SHOW COLUMNS FROM `jd_member` [ RunTime:0.056096s ]
[ sql ] [ SQL ] SELECT * FROM `jd_member` WHERE  `member_id` = 84 LIMIT 1 [ RunTime:0.057493s ]
[ sql ] [ SQL ] SHOW COLUMNS FROM `jd_doctor` [ RunTime:0.056419s ]
[ sql ] [ SQL ] SELECT COUNT(*) AS tp_count FROM `jd_doctor` WHERE  `only_token` = '1529998692MsUR(O'  AND `is_status` = 0 LIMIT 1 [ RunTime:0.056299s ]
---------------------------------------------------------------
[ 2018-06-26T16:42:05+08:00 ] 0.0.0.0 POST /order/toOnlineorder
[ info ] localhost:7037/order/toOnlineorder [运行时间：0.565569s][吞吐率：1.77req/s] [内存消耗：3,154.91kb] [文件加载：51]
[ info ] [ LANG ] D:\workLP\20180502\judeng\wwwroot\thinkphp\lang\zh-cn.php
[ info ] [ BIND ] 'home'
[ info ] [ ROUTE ] array (
  'type' => 'module',
  'module' => 
  array (
    0 => 'home',
    1 => 'order',
    2 => 'toOnlineorder',
  ),
)
[ info ] [ HEADER ] array (
  'content-type' => 'application/x-www-form-urlencoded;charset=UTF-8',
  'content-length' => '141',
  'x-original-url' => '/order/toOnlineorder',
  'user-agent' => 'okhttp/3.8.0',
  'host' => 'localhost:7037',
  'accept-language' => 'zh',
  'accept-encoding' => 'gzip',
  'accept' => 'application/json',
  'connection' => 'Keep-Alive',
)
[ info ] [ PARAM ] array (
  'order_id' => '0',
  'area_id' => '2',
  'doctor_id' => '78',
  'patient_id' => '84',
  'mobile' => '0',
  '_time' => '1530001567',
  'sign' => '42136be387150caab699eb437dc37066',
  'only_token' => '1529998692MsUR(O',
)
[ info ] [ RUN ] app\home\controller\Order->toOnlineorder[ D:\workLP\20180502\judeng\wwwroot\application\home\controller\Order.php ]
[ info ] [ DB ] INIT mysql
[ info ] [ LOG ] INIT File
[ sql ] [ DB ] CONNECT:[ UseTime:0.088706s ] mysql:host=39.105.19.169;port=3306;dbname=judeng;charset=utf8
[ sql ] [ SQL ] SHOW COLUMNS FROM `jd_order_prescription` [ RunTime:0.061289s ]
[ sql ] [ SQL ] SELECT op.`relation_id`,op.`state_id`,op.`order_id` FROM `jd_order_prescription` `op` INNER JOIN `jd_order` `o` ON `o`.`order_id`=`op`.`order_id` WHERE  o.`doctor_id` = '78'  AND o.`order_type` = 3 ORDER BY op.`add_date` DESC LIMIT 1 [ RunTime:0.062839s ]
[ sql ] [ SQL ] SHOW COLUMNS FROM `jd_drug_relation` [ RunTime:0.060892s ]
[ sql ] [ SQL ] SELECT COUNT(*) AS tp_count FROM `jd_drug_relation` `d` INNER JOIN `jd_prescription` `p` ON `d`.`prescription_id`=`p`.`prescription_id` WHERE  d.`is_display` = 1  AND p.`area_id` = '2'  AND p.`is_display` = 1  AND d.`state_id` = 8 LIMIT 1 [ RunTime:0.058861s ]
[ sql ] [ SQL ] SELECT d.`relation_id`,d.`prescription_id`,d.`state_id`,d.`describe`,p.`prescription_name`,p.`prescription_id`,p.`area_name`,ds.`state_name`,ds.`make`,ds.`taking`,ds.`instructions`,ds.`weight`,ds.`pic` FROM `jd_drug_relation` `d` INNER JOIN `jd_prescription` `p` ON `d`.`prescription_id`=`p`.`prescription_id` INNER JOIN `jd_drug_state` `ds` ON `d`.`state_id`=`ds`.`state_id` WHERE  d.`is_display` = 1  AND p.`area_id` = '2'  AND p.`is_display` = 1  AND d.`state_id` = 8  AND d.`relation_id` = 54 ORDER BY d.`relation_id` DESC LIMIT 1 [ RunTime:0.059898s ]
[ sql ] [ SQL ] SHOW COLUMNS FROM `jd_member` [ RunTime:0.059618s ]
[ sql ] [ SQL ] SELECT * FROM `jd_member` WHERE  `member_id` = 84 LIMIT 1 [ RunTime:0.059598s ]
---------------------------------------------------------------
[ 2018-06-26T16:42:29+08:00 ] 0.0.0.0 POST /order/toOnlineorder
[ info ] localhost:7037/order/toOnlineorder [运行时间：0.529615s][吞吐率：1.89req/s] [内存消耗：3,154.99kb] [文件加载：51]
[ info ] [ LANG ] D:\workLP\20180502\judeng\wwwroot\thinkphp\lang\zh-cn.php
[ info ] [ BIND ] 'home'
[ info ] [ ROUTE ] array (
  'type' => 'module',
  'module' => 
  array (
    0 => 'home',
    1 => 'order',
    2 => 'toOnlineorder',
  ),
)
[ info ] [ HEADER ] array (
  'content-type' => 'application/x-www-form-urlencoded;charset=UTF-8',
  'content-length' => '141',
  'x-original-url' => '/order/toOnlineorder',
  'user-agent' => 'okhttp/3.8.0',
  'host' => 'localhost:7037',
  'accept-language' => 'zh',
  'accept-encoding' => 'gzip',
  'accept' => 'application/json',
  'connection' => 'Keep-Alive',
)
[ info ] [ PARAM ] array (
  'order_id' => '0',
  'area_id' => '2',
  'doctor_id' => '78',
  'patient_id' => '84',
  'mobile' => '0',
  '_time' => '1530001567',
  'sign' => '42136be387150caab699eb437dc37066',
  'only_token' => '1529998692MsUR(O',
)
[ info ] [ RUN ] app\home\controller\Order->toOnlineorder[ D:\workLP\20180502\judeng\wwwroot\application\home\controller\Order.php ]
[ info ] [ DB ] INIT mysql
[ info ] [ LOG ] INIT File
[ sql ] [ DB ] CONNECT:[ UseTime:0.084419s ] mysql:host=39.105.19.169;port=3306;dbname=judeng;charset=utf8
[ sql ] [ SQL ] SHOW COLUMNS FROM `jd_order_prescription` [ RunTime:0.057397s ]
[ sql ] [ SQL ] SELECT op.`relation_id`,op.`state_id`,op.`order_id` FROM `jd_order_prescription` `op` INNER JOIN `jd_order` `o` ON `o`.`order_id`=`op`.`order_id` WHERE  o.`doctor_id` = '78'  AND o.`order_type` = 3 ORDER BY op.`add_date` DESC LIMIT 1 [ RunTime:0.056045s ]
[ sql ] [ SQL ] SHOW COLUMNS FROM `jd_drug_relation` [ RunTime:0.055884s ]
[ sql ] [ SQL ] SELECT COUNT(*) AS tp_count FROM `jd_drug_relation` `d` INNER JOIN `jd_prescription` `p` ON `d`.`prescription_id`=`p`.`prescription_id` WHERE  d.`is_display` = 1  AND p.`area_id` = '2'  AND p.`is_display` = 1  AND d.`state_id` = 8 LIMIT 1 [ RunTime:0.057341s ]
[ sql ] [ SQL ] SELECT d.`relation_id`,d.`prescription_id`,d.`state_id`,d.`describe`,p.`prescription_name`,p.`prescription_id`,p.`area_name`,ds.`state_name`,ds.`make`,ds.`taking`,ds.`instructions`,ds.`weight`,ds.`pic` FROM `jd_drug_relation` `d` INNER JOIN `jd_prescription` `p` ON `d`.`prescription_id`=`p`.`prescription_id` INNER JOIN `jd_drug_state` `ds` ON `d`.`state_id`=`ds`.`state_id` WHERE  d.`is_display` = 1  AND p.`area_id` = '2'  AND p.`is_display` = 1  AND d.`state_id` = 8  AND d.`relation_id` = 54 ORDER BY d.`relation_id` DESC LIMIT 1 [ RunTime:0.057171s ]
[ sql ] [ SQL ] SHOW COLUMNS FROM `jd_member` [ RunTime:0.056052s ]
[ sql ] [ SQL ] SELECT * FROM `jd_member` WHERE  `member_id` = 84 LIMIT 1 [ RunTime:0.056233s ]
---------------------------------------------------------------
[ 2018-06-26T16:42:49+08:00 ] 0.0.0.0 POST /order/toOnlineorder
[ info ] localhost:7037/order/toOnlineorder [运行时间：0.661551s][吞吐率：1.51req/s] [内存消耗：3,175.72kb] [文件加载：51]
[ info ] [ LANG ] D:\workLP\20180502\judeng\wwwroot\thinkphp\lang\zh-cn.php
[ info ] [ BIND ] 'home'
[ info ] [ ROUTE ] array (
  'type' => 'module',
  'module' => 
  array (
    0 => 'home',
    1 => 'order',
    2 => 'toOnlineorder',
  ),
)
[ info ] [ HEADER ] array (
  'content-type' => 'application/x-www-form-urlencoded;charset=UTF-8',
  'content-length' => '141',
  'x-original-url' => '/order/toOnlineorder',
  'user-agent' => 'okhttp/3.8.0',
  'host' => 'localhost:7037',
  'accept-language' => 'zh',
  'accept-encoding' => 'gzip',
  'accept' => 'application/json',
  'connection' => 'Keep-Alive',
)
[ info ] [ PARAM ] array (
  'order_id' => '0',
  'area_id' => '2',
  'doctor_id' => '78',
  'patient_id' => '84',
  'mobile' => '0',
  '_time' => '1530001567',
  'sign' => '42136be387150caab699eb437dc37066',
  'only_token' => '1529998692MsUR(O',
)
[ info ] [ RUN ] app\home\controller\Order->toOnlineorder[ D:\workLP\20180502\judeng\wwwroot\application\home\controller\Order.php ]
[ info ] [ DB ] INIT mysql
[ info ] [ LOG ] INIT File
[ sql ] [ DB ] CONNECT:[ UseTime:0.087164s ] mysql:host=39.105.19.169;port=3306;dbname=judeng;charset=utf8
[ sql ] [ SQL ] SHOW COLUMNS FROM `jd_order_prescription` [ RunTime:0.061432s ]
[ sql ] [ SQL ] SELECT op.`relation_id`,op.`state_id`,op.`order_id` FROM `jd_order_prescription` `op` INNER JOIN `jd_order` `o` ON `o`.`order_id`=`op`.`order_id` WHERE  o.`doctor_id` = '78'  AND o.`order_type` = 3 ORDER BY op.`add_date` DESC LIMIT 1 [ RunTime:0.059151s ]
[ sql ] [ SQL ] SHOW COLUMNS FROM `jd_drug_relation` [ RunTime:0.058846s ]
[ sql ] [ SQL ] SELECT COUNT(*) AS tp_count FROM `jd_drug_relation` `d` INNER JOIN `jd_prescription` `p` ON `d`.`prescription_id`=`p`.`prescription_id` WHERE  d.`is_display` = 1  AND p.`area_id` = '2'  AND p.`is_display` = 1  AND d.`state_id` = 8 LIMIT 1 [ RunTime:0.057564s ]
[ sql ] [ SQL ] SELECT d.`relation_id`,d.`prescription_id`,d.`state_id`,d.`describe`,p.`prescription_name`,p.`prescription_id`,p.`area_name`,ds.`state_name`,ds.`make`,ds.`taking`,ds.`instructions`,ds.`weight`,ds.`pic` FROM `jd_drug_relation` `d` INNER JOIN `jd_prescription` `p` ON `d`.`prescription_id`=`p`.`prescription_id` INNER JOIN `jd_drug_state` `ds` ON `d`.`state_id`=`ds`.`state_id` WHERE  d.`is_display` = 1  AND p.`area_id` = '2'  AND p.`is_display` = 1  AND d.`state_id` = 8  AND d.`relation_id` = 54 ORDER BY d.`relation_id` DESC LIMIT 1 [ RunTime:0.057023s ]
[ sql ] [ SQL ] SHOW COLUMNS FROM `jd_member` [ RunTime:0.058103s ]
[ sql ] [ SQL ] SELECT * FROM `jd_member` WHERE  `member_id` = 84 LIMIT 1 [ RunTime:0.058294s ]
[ sql ] [ SQL ] SHOW COLUMNS FROM `jd_doctor` [ RunTime:0.058304s ]
[ sql ] [ SQL ] SELECT COUNT(*) AS tp_count FROM `jd_doctor` WHERE  `only_token` = '1529998692MsUR(O'  AND `is_status` = 0 LIMIT 1 [ RunTime:0.057510s ]
