---------------------------------------------------------------
[ 2018-06-27T00:09:22+08:00 ] 0.0.0.0 POST /order/getOrderDetail
[ info ] localhost:7037/order/getOrderDetail [运行时间：0.294240s][吞吐率：3.40req/s] [内存消耗：2,440.70kb] [文件加载：50]
[ info ] [ LANG ] D:\workLP\20180502\judeng\wwwroot\thinkphp\lang\zh-cn.php
[ info ] [ BIND ] 'home'
[ info ] [ ROUTE ] array (
  'type' => 'module',
  'module' => 
  array (
    0 => 'home',
    1 => 'order',
    2 => 'getOrderDetail',
  ),
)
[ info ] [ HEADER ] array (
  'content-type' => 'multipart/form-data; boundary=----WebKitFormBoundaryVzESXl3QPkchmhZ9',
  'content-length' => '339',
  'x-original-url' => '/order/getOrderDetail',
  'postman-token' => '3326e208-acad-0c33-649e-ec77fdf96628',
  'origin' => 'chrome-extension://fhbjgbiflinjbdggehcddcbncdddomop',
  'user-agent' => 'Mozilla/5.0 (Windows NT 10.0; Win64; x64) AppleWebKit/537.36 (KHTML, like Gecko) Chrome/66.0.3359.139 Safari/537.36',
  'host' => 'localhost:7037',
  'accept-language' => 'zh-CN,zh;q=0.9',
  'accept-encoding' => 'gzip, deflate, br',
  'accept' => '*/*',
  'connection' => 'keep-alive',
  'cache-control' => 'no-cache',
)
[ info ] [ PARAM ] array (
  'order_id' => '355',
  'doctor_id' => '70',
  'patient_id' => '34',
)
[ info ] [ RUN ] app\home\controller\Order->getOrderDetail[ D:\workLP\20180502\judeng\wwwroot\application\home\controller\Order.php ]
[ info ] [ DB ] INIT mysql
[ info ] [ LOG ] INIT File
[ sql ] [ DB ] CONNECT:[ UseTime:0.112571s ] mysql:host=39.105.19.169;port=3306;dbname=judeng;charset=utf8
[ error ] [8]未定义数组索引: only_token[D:\workLP\20180502\judeng\wwwroot\application\common.php:131]
---------------------------------------------------------------
[ 2018-06-27T21:26:12+08:00 ] 0.0.0.0 POST /umeng/sendDoctor
[ info ] localhost:8020/umeng/sendDoctor [运行时间：2.590921s][吞吐率：0.39req/s] [内存消耗：3,510.63kb] [文件加载：56]
[ info ] [ LANG ] D:\works\201805\judeng\thinkphp\lang\zh-cn.php
[ info ] [ BIND ] 'home'
[ info ] [ ROUTE ] array (
  'type' => 'module',
  'module' => 
  array (
    0 => 'home',
    1 => 'umeng',
    2 => 'sendDoctor',
  ),
)
[ info ] [ HEADER ] array (
  'content-type' => 'multipart/form-data; boundary=--------------------------050412601413460621830422',
  'content-length' => '712',
  'x-original-url' => '/umeng/sendDoctor',
  'postman-token' => '810fc847-89aa-47ac-831a-07ccc718b2db',
  'user-agent' => 'PostmanRuntime/3.0.11-hotfix.2',
  'host' => 'localhost:8020',
  'accept-encoding' => 'gzip, deflate',
  'accept' => '*/*',
  'connection' => 'keep-alive',
  'cache-control' => 'no-cache',
)
[ info ] [ PARAM ] array (
  'doctor_id' => '70',
  'member_id' => '2',
  'comment' => 'aa',
  'type' => '3',
  'inherit_id' => '44',
  'self_goods_id' => '36',
)
[ info ] [ RUN ] app\home\controller\Umeng->sendDoctor[ D:\works\201805\judeng\application\home\controller\Umeng.php ]
[ info ] [ DB ] INIT mysql
[ info ] [ LOG ] INIT File
[ sql ] [ DB ] CONNECT:[ UseTime:0.214602s ] mysql:host=39.105.19.169;port=3306;dbname=judeng;charset=utf8
[ sql ] [ SQL ] SHOW COLUMNS FROM `jd_doctor` [ RunTime:0.642305s ]
[ sql ] [ SQL ] SELECT * FROM `jd_doctor` WHERE  (  member_id=70 ) LIMIT 1 [ RunTime:0.199689s ]
[ sql ] [ SQL ] SHOW COLUMNS FROM `jd_member` [ RunTime:0.112183s ]
[ sql ] [ SQL ] SELECT * FROM `jd_member` WHERE  (  member_id=2 ) LIMIT 1 [ RunTime:0.156126s ]
[ error ] [8]未定义数组索引: only_token[D:\works\201805\judeng\application\common.php:108]
