---------------------------------------------------------------
[ 2018-06-28T00:59:23+08:00 ] 0.0.0.0 POST /sheet/getSheetDetial
[ info ] localhost:7037/sheet/getSheetDetial [运行时间：0.429932s][吞吐率：2.33req/s] [内存消耗：3,000.84kb] [文件加载：54]
[ info ] [ LANG ] D:\workLP\20180502\judeng\wwwroot\thinkphp\lang\zh-cn.php
[ info ] [ BIND ] 'home'
[ info ] [ ROUTE ] array (
  'type' => 'module',
  'module' => 
  array (
    0 => 'home',
    1 => 'sheet',
    2 => 'getSheetDetial',
  ),
)
[ info ] [ HEADER ] array (
  'content-type' => 'multipart/form-data; boundary=----WebKitFormBoundary9ppq5r9zhBomxnfj',
  'content-length' => '331',
  'x-original-url' => '/sheet/getSheetDetial',
  'postman-token' => '2d59d1e7-d5fa-abeb-c588-6a0efbeaf8f9',
  'origin' => 'chrome-extension://fhbjgbiflinjbdggehcddcbncdddomop',
  'user-agent' => 'Mozilla/5.0 (Windows NT 10.0; Win64; x64) AppleWebKit/537.36 (KHTML, like Gecko) Chrome/66.0.3359.139 Safari/537.36',
  'host' => 'localhost:7037',
  'accept-language' => 'zh-CN,zh;q=0.9',
  'accept-encoding' => 'gzip, deflate, br',
  'accept' => '*/*',
  'connection' => 'keep-alive',
  'cache-control' => 'no-cache',
)
[ info ] [ PARAM ] array (
  'id' => '4',
  'doctor_id' => '70',
  'patient_id' => '36',
)
[ info ] [ RUN ] app\home\controller\Sheet->getSheetDetial[ D:\workLP\20180502\judeng\wwwroot\application\home\controller\Sheet.php ]
[ info ] [ DB ] INIT mysql
[ info ] [ LOG ] INIT File
[ error ] [8]未定义数组索引: only_token[D:\workLP\20180502\judeng\wwwroot\application\common.php:131]
[ sql ] [ DB ] CONNECT:[ UseTime:0.146847s ] mysql:host=39.105.19.169;port=3306;dbname=judeng;charset=utf8
[ sql ] [ SQL ] SHOW COLUMNS FROM `jd_sheet` [ RunTime:0.096665s ]
[ sql ] [ SQL ] SELECT `miq`.*,`s`.`title`,`st`.`type_name` FROM `jd_sheet` `s` INNER JOIN `jd_member_inquisition_question` `miq` ON `miq`.`sheet_id`=`s`.`sheet_id` INNER JOIN `jd_sheet_type` `st` ON `st`.`type_id`=`s`.`type_id` WHERE  (  miq.`member_id` = 36 AND miq.`doctor_id` = 70 AND miq.`id` = 4 ) LIMIT 1 [ RunTime:0.100553s ]
---------------------------------------------------------------
[ 2018-06-28T00:59:47+08:00 ] 0.0.0.0 POST /sheet/getSheetDetial
[ info ] localhost:7037/sheet/getSheetDetial [运行时间：0.405830s][吞吐率：2.46req/s] [内存消耗：3,001.83kb] [文件加载：54]
[ info ] [ LANG ] D:\workLP\20180502\judeng\wwwroot\thinkphp\lang\zh-cn.php
[ info ] [ BIND ] 'home'
[ info ] [ ROUTE ] array (
  'type' => 'module',
  'module' => 
  array (
    0 => 'home',
    1 => 'sheet',
    2 => 'getSheetDetial',
  ),
)
[ info ] [ HEADER ] array (
  'content-type' => 'multipart/form-data; boundary=----WebKitFormBoundary0KkljzfdqDTzl9sm',
  'content-length' => '331',
  'x-original-url' => '/sheet/getSheetDetial',
  'postman-token' => '1c566849-b6ff-bbf3-bede-ee9147906ac6',
  'origin' => 'chrome-extension://fhbjgbiflinjbdggehcddcbncdddomop',
  'user-agent' => 'Mozilla/5.0 (Windows NT 10.0; Win64; x64) AppleWebKit/537.36 (KHTML, like Gecko) Chrome/66.0.3359.139 Safari/537.36',
  'host' => 'localhost:7037',
  'accept-language' => 'zh-CN,zh;q=0.9',
  'accept-encoding' => 'gzip, deflate, br',
  'accept' => '*/*',
  'connection' => 'keep-alive',
  'cache-control' => 'no-cache',
)
[ info ] [ PARAM ] array (
  'id' => '4',
  'doctor_id' => '70',
  'patient_id' => '36',
)
[ info ] [ RUN ] app\home\controller\Sheet->getSheetDetial[ D:\workLP\20180502\judeng\wwwroot\application\home\controller\Sheet.php ]
[ info ] [ DB ] INIT mysql
[ info ] [ LOG ] INIT File
[ error ] [8]未定义数组索引: only_token[D:\workLP\20180502\judeng\wwwroot\application\common.php:131]
[ sql ] [ DB ] CONNECT:[ UseTime:0.158726s ] mysql:host=39.105.19.169;port=3306;dbname=judeng;charset=utf8
[ sql ] [ SQL ] SHOW COLUMNS FROM `jd_sheet` [ RunTime:0.104464s ]
[ sql ] [ SQL ] SELECT `miq`.*,`s`.`title`,`st`.`type_name` FROM `jd_sheet` `s` INNER JOIN `jd_member_inquisition_question` `miq` ON `miq`.`sheet_id`=`s`.`sheet_id` INNER JOIN `jd_sheet_type` `st` ON `st`.`type_id`=`s`.`type_id` WHERE  (  miq.`member_id` = 36 AND miq.`doctor_id` = 70 AND miq.`id` = 4 ) LIMIT 1 [ RunTime:0.093694s ]
---------------------------------------------------------------
[ 2018-06-28T01:09:30+08:00 ] 0.0.0.0 POST /sheet/getSheetDetial
[ info ] localhost:7037/sheet/getSheetDetial [运行时间：0.408252s][吞吐率：2.45req/s] [内存消耗：3,001.90kb] [文件加载：54]
[ info ] [ LANG ] D:\workLP\20180502\judeng\wwwroot\thinkphp\lang\zh-cn.php
[ info ] [ BIND ] 'home'
[ info ] [ ROUTE ] array (
  'type' => 'module',
  'module' => 
  array (
    0 => 'home',
    1 => 'sheet',
    2 => 'getSheetDetial',
  ),
)
[ info ] [ HEADER ] array (
  'content-type' => 'multipart/form-data; boundary=----WebKitFormBoundaryvCWPDK8r4gRlkYp3',
  'content-length' => '331',
  'x-original-url' => '/sheet/getSheetDetial',
  'postman-token' => 'ba763f98-792b-0c3c-88bf-d452bce89a1c',
  'origin' => 'chrome-extension://fhbjgbiflinjbdggehcddcbncdddomop',
  'user-agent' => 'Mozilla/5.0 (Windows NT 10.0; Win64; x64) AppleWebKit/537.36 (KHTML, like Gecko) Chrome/66.0.3359.139 Safari/537.36',
  'host' => 'localhost:7037',
  'accept-language' => 'zh-CN,zh;q=0.9',
  'accept-encoding' => 'gzip, deflate, br',
  'accept' => '*/*',
  'connection' => 'keep-alive',
  'cache-control' => 'no-cache',
)
[ info ] [ PARAM ] array (
  'id' => '4',
  'doctor_id' => '70',
  'patient_id' => '36',
)
[ info ] [ RUN ] app\home\controller\Sheet->getSheetDetial[ D:\workLP\20180502\judeng\wwwroot\application\home\controller\Sheet.php ]
[ info ] [ DB ] INIT mysql
[ info ] [ LOG ] INIT File
[ error ] [8]未定义数组索引: only_token[D:\workLP\20180502\judeng\wwwroot\application\common.php:131]
[ sql ] [ DB ] CONNECT:[ UseTime:0.144739s ] mysql:host=39.105.19.169;port=3306;dbname=judeng;charset=utf8
[ sql ] [ SQL ] SHOW COLUMNS FROM `jd_sheet` [ RunTime:0.097200s ]
[ sql ] [ SQL ] SELECT `miq`.*,s.title as sheet_title,`st`.`type_name` FROM `jd_sheet` `s` INNER JOIN `jd_member_inquisition_question` `miq` ON `miq`.`sheet_id`=`s`.`sheet_id` INNER JOIN `jd_sheet_type` `st` ON `st`.`type_id`=`s`.`type_id` WHERE  (  miq.`member_id` = 36 AND miq.`doctor_id` = 70 AND miq.`id` = 4 ) LIMIT 1 [ RunTime:0.110376s ]
---------------------------------------------------------------
[ 2018-06-28T01:10:49+08:00 ] 0.0.0.0 POST /sheet/getSheetDetial
[ info ] localhost:7037/sheet/getSheetDetial [运行时间：0.398797s][吞吐率：2.51req/s] [内存消耗：3,001.90kb] [文件加载：54]
[ info ] [ LANG ] D:\workLP\20180502\judeng\wwwroot\thinkphp\lang\zh-cn.php
[ info ] [ BIND ] 'home'
[ info ] [ ROUTE ] array (
  'type' => 'module',
  'module' => 
  array (
    0 => 'home',
    1 => 'sheet',
    2 => 'getSheetDetial',
  ),
)
[ info ] [ HEADER ] array (
  'content-type' => 'multipart/form-data; boundary=----WebKitFormBoundarySHb5bvZF22eMiRp5',
  'content-length' => '331',
  'x-original-url' => '/sheet/getSheetDetial',
  'postman-token' => '28535e2b-4815-ae6b-bbcc-f16e53b56418',
  'origin' => 'chrome-extension://fhbjgbiflinjbdggehcddcbncdddomop',
  'user-agent' => 'Mozilla/5.0 (Windows NT 10.0; Win64; x64) AppleWebKit/537.36 (KHTML, like Gecko) Chrome/66.0.3359.139 Safari/537.36',
  'host' => 'localhost:7037',
  'accept-language' => 'zh-CN,zh;q=0.9',
  'accept-encoding' => 'gzip, deflate, br',
  'accept' => '*/*',
  'connection' => 'keep-alive',
  'cache-control' => 'no-cache',
)
[ info ] [ PARAM ] array (
  'id' => '2',
  'doctor_id' => '70',
  'patient_id' => '36',
)
[ info ] [ RUN ] app\home\controller\Sheet->getSheetDetial[ D:\workLP\20180502\judeng\wwwroot\application\home\controller\Sheet.php ]
[ info ] [ DB ] INIT mysql
[ info ] [ LOG ] INIT File
[ error ] [8]未定义数组索引: only_token[D:\workLP\20180502\judeng\wwwroot\application\common.php:131]
[ sql ] [ DB ] CONNECT:[ UseTime:0.143060s ] mysql:host=39.105.19.169;port=3306;dbname=judeng;charset=utf8
[ sql ] [ SQL ] SHOW COLUMNS FROM `jd_sheet` [ RunTime:0.101002s ]
[ sql ] [ SQL ] SELECT `miq`.*,s.title as sheet_title,`st`.`type_name` FROM `jd_sheet` `s` INNER JOIN `jd_member_inquisition_question` `miq` ON `miq`.`sheet_id`=`s`.`sheet_id` INNER JOIN `jd_sheet_type` `st` ON `st`.`type_id`=`s`.`type_id` WHERE  (  miq.`member_id` = 36 AND miq.`doctor_id` = 70 AND miq.`id` = 2 ) LIMIT 1 [ RunTime:0.098937s ]
---------------------------------------------------------------
[ 2018-06-28T01:21:14+08:00 ] 0.0.0.0 POST /sheet/getSheetDetial
[ info ] localhost:7037/sheet/getSheetDetial [运行时间：0.408941s][吞吐率：2.45req/s] [内存消耗：3,002.20kb] [文件加载：54]
[ info ] [ LANG ] D:\workLP\20180502\judeng\wwwroot\thinkphp\lang\zh-cn.php
[ info ] [ BIND ] 'home'
[ info ] [ ROUTE ] array (
  'type' => 'module',
  'module' => 
  array (
    0 => 'home',
    1 => 'sheet',
    2 => 'getSheetDetial',
  ),
)
[ info ] [ HEADER ] array (
  'content-type' => 'multipart/form-data; boundary=----WebKitFormBoundaryJWA6ishOlpcBCXOH',
  'content-length' => '332',
  'x-original-url' => '/sheet/getSheetDetial',
  'postman-token' => '7335058d-b642-7900-e282-82754545325e',
  'origin' => 'chrome-extension://fhbjgbiflinjbdggehcddcbncdddomop',
  'user-agent' => 'Mozilla/5.0 (Windows NT 10.0; Win64; x64) AppleWebKit/537.36 (KHTML, like Gecko) Chrome/66.0.3359.139 Safari/537.36',
  'host' => 'localhost:7037',
  'accept-language' => 'zh-CN,zh;q=0.9',
  'accept-encoding' => 'gzip, deflate, br',
  'accept' => '*/*',
  'connection' => 'keep-alive',
  'cache-control' => 'no-cache',
)
[ info ] [ PARAM ] array (
  'id' => '5',
  'doctor_id' => '247',
  'patient_id' => '54',
)
[ info ] [ RUN ] app\home\controller\Sheet->getSheetDetial[ D:\workLP\20180502\judeng\wwwroot\application\home\controller\Sheet.php ]
[ info ] [ DB ] INIT mysql
[ info ] [ LOG ] INIT File
[ error ] [8]未定义数组索引: only_token[D:\workLP\20180502\judeng\wwwroot\application\common.php:131]
[ sql ] [ DB ] CONNECT:[ UseTime:0.155069s ] mysql:host=39.105.19.169;port=3306;dbname=judeng;charset=utf8
[ sql ] [ SQL ] SHOW COLUMNS FROM `jd_sheet` [ RunTime:0.101461s ]
[ sql ] [ SQL ] SELECT `miq`.*,s.title as sheet_title,`st`.`type_name` FROM `jd_sheet` `s` INNER JOIN `jd_member_inquisition_question` `miq` ON `miq`.`sheet_id`=`s`.`sheet_id` INNER JOIN `jd_sheet_type` `st` ON `st`.`type_id`=`s`.`type_id` WHERE  (  miq.`member_id` = 54 AND miq.`doctor_id` = 247 AND miq.`id` = 5 ) LIMIT 1 [ RunTime:0.095294s ]
---------------------------------------------------------------
[ 2018-06-28T01:21:20+08:00 ] 0.0.0.0 POST /sheet/getSheetDetial
[ info ] localhost:7037/sheet/getSheetDetial [运行时间：0.410441s][吞吐率：2.44req/s] [内存消耗：3,002.20kb] [文件加载：54]
[ info ] [ LANG ] D:\workLP\20180502\judeng\wwwroot\thinkphp\lang\zh-cn.php
[ info ] [ BIND ] 'home'
[ info ] [ ROUTE ] array (
  'type' => 'module',
  'module' => 
  array (
    0 => 'home',
    1 => 'sheet',
    2 => 'getSheetDetial',
  ),
)
[ info ] [ HEADER ] array (
  'content-type' => 'multipart/form-data; boundary=----WebKitFormBoundaryajiiXozl6JzAhWgk',
  'content-length' => '332',
  'x-original-url' => '/sheet/getSheetDetial',
  'postman-token' => '7784af1c-edbe-f925-d1c5-4c4f5d93207d',
  'origin' => 'chrome-extension://fhbjgbiflinjbdggehcddcbncdddomop',
  'user-agent' => 'Mozilla/5.0 (Windows NT 10.0; Win64; x64) AppleWebKit/537.36 (KHTML, like Gecko) Chrome/66.0.3359.139 Safari/537.36',
  'host' => 'localhost:7037',
  'accept-language' => 'zh-CN,zh;q=0.9',
  'accept-encoding' => 'gzip, deflate, br',
  'accept' => '*/*',
  'connection' => 'keep-alive',
  'cache-control' => 'no-cache',
)
[ info ] [ PARAM ] array (
  'id' => '5',
  'doctor_id' => '247',
  'patient_id' => '54',
)
[ info ] [ RUN ] app\home\controller\Sheet->getSheetDetial[ D:\workLP\20180502\judeng\wwwroot\application\home\controller\Sheet.php ]
[ info ] [ DB ] INIT mysql
[ info ] [ LOG ] INIT File
[ error ] [8]未定义数组索引: only_token[D:\workLP\20180502\judeng\wwwroot\application\common.php:131]
[ sql ] [ DB ] CONNECT:[ UseTime:0.166153s ] mysql:host=39.105.19.169;port=3306;dbname=judeng;charset=utf8
[ sql ] [ SQL ] SHOW COLUMNS FROM `jd_sheet` [ RunTime:0.095076s ]
[ sql ] [ SQL ] SELECT `miq`.*,s.title as sheet_title,`st`.`type_name` FROM `jd_sheet` `s` INNER JOIN `jd_member_inquisition_question` `miq` ON `miq`.`sheet_id`=`s`.`sheet_id` INNER JOIN `jd_sheet_type` `st` ON `st`.`type_id`=`s`.`type_id` WHERE  (  miq.`member_id` = 54 AND miq.`doctor_id` = 247 AND miq.`id` = 5 ) LIMIT 1 [ RunTime:0.095876s ]
---------------------------------------------------------------
[ 2018-06-28T01:23:48+08:00 ] 0.0.0.0 POST /sheet/getSheetDetial
[ info ] localhost:7037/sheet/getSheetDetial [运行时间：0.449792s][吞吐率：2.22req/s] [内存消耗：3,066.94kb] [文件加载：54]
[ info ] [ LANG ] D:\workLP\20180502\judeng\wwwroot\thinkphp\lang\zh-cn.php
[ info ] [ BIND ] 'home'
[ info ] [ ROUTE ] array (
  'type' => 'module',
  'module' => 
  array (
    0 => 'home',
    1 => 'sheet',
    2 => 'getSheetDetial',
  ),
)
[ info ] [ HEADER ] array (
  'content-type' => 'multipart/form-data; boundary=----WebKitFormBoundary8M34dISiBJp4PFit',
  'content-length' => '332',
  'x-original-url' => '/sheet/getSheetDetial',
  'postman-token' => 'efaad57e-4227-8e65-941d-633d44c816b8',
  'origin' => 'chrome-extension://fhbjgbiflinjbdggehcddcbncdddomop',
  'user-agent' => 'Mozilla/5.0 (Windows NT 10.0; Win64; x64) AppleWebKit/537.36 (KHTML, like Gecko) Chrome/66.0.3359.139 Safari/537.36',
  'host' => 'localhost:7037',
  'accept-language' => 'zh-CN,zh;q=0.9',
  'accept-encoding' => 'gzip, deflate, br',
  'accept' => '*/*',
  'connection' => 'keep-alive',
  'cache-control' => 'no-cache',
)
[ info ] [ PARAM ] array (
  'id' => '9',
  'doctor_id' => '247',
  'patient_id' => '54',
)
[ info ] [ RUN ] app\home\controller\Sheet->getSheetDetial[ D:\workLP\20180502\judeng\wwwroot\application\home\controller\Sheet.php ]
[ info ] [ DB ] INIT mysql
[ info ] [ LOG ] INIT File
[ error ] [8]未定义数组索引: only_token[D:\workLP\20180502\judeng\wwwroot\application\common.php:131]
[ sql ] [ DB ] CONNECT:[ UseTime:0.144503s ] mysql:host=39.105.19.169;port=3306;dbname=judeng;charset=utf8
[ sql ] [ SQL ] SHOW COLUMNS FROM `jd_sheet` [ RunTime:0.098642s ]
[ sql ] [ SQL ] SELECT `miq`.*,s.title as sheet_title,`st`.`type_name` FROM `jd_sheet` `s` INNER JOIN `jd_member_inquisition_question` `miq` ON `miq`.`sheet_id`=`s`.`sheet_id` INNER JOIN `jd_sheet_type` `st` ON `st`.`type_id`=`s`.`type_id` WHERE  (  miq.`member_id` = 54 AND miq.`doctor_id` = 247 AND miq.`id` = 9 ) LIMIT 1 [ RunTime:0.148065s ]
---------------------------------------------------------------
[ 2018-06-28T01:28:13+08:00 ] 0.0.0.0 POST /sheet/getSheetDetial
[ info ] localhost:7037/sheet/getSheetDetial [运行时间：0.444037s][吞吐率：2.25req/s] [内存消耗：3,066.94kb] [文件加载：54]
[ info ] [ LANG ] D:\workLP\20180502\judeng\wwwroot\thinkphp\lang\zh-cn.php
[ info ] [ BIND ] 'home'
[ info ] [ ROUTE ] array (
  'type' => 'module',
  'module' => 
  array (
    0 => 'home',
    1 => 'sheet',
    2 => 'getSheetDetial',
  ),
)
[ info ] [ HEADER ] array (
  'content-type' => 'multipart/form-data; boundary=----WebKitFormBoundaryuDvi88ELYIJ6pWws',
  'content-length' => '332',
  'x-original-url' => '/sheet/getSheetDetial',
  'postman-token' => '7aaa436b-aca9-8e1e-4628-10da879142e7',
  'origin' => 'chrome-extension://fhbjgbiflinjbdggehcddcbncdddomop',
  'user-agent' => 'Mozilla/5.0 (Windows NT 10.0; Win64; x64) AppleWebKit/537.36 (KHTML, like Gecko) Chrome/66.0.3359.139 Safari/537.36',
  'host' => 'localhost:7037',
  'accept-language' => 'zh-CN,zh;q=0.9',
  'accept-encoding' => 'gzip, deflate, br',
  'accept' => '*/*',
  'connection' => 'keep-alive',
  'cache-control' => 'no-cache',
)
[ info ] [ PARAM ] array (
  'id' => '9',
  'doctor_id' => '247',
  'patient_id' => '54',
)
[ info ] [ RUN ] app\home\controller\Sheet->getSheetDetial[ D:\workLP\20180502\judeng\wwwroot\application\home\controller\Sheet.php ]
[ info ] [ DB ] INIT mysql
[ info ] [ LOG ] INIT File
[ error ] [8]未定义数组索引: only_token[D:\workLP\20180502\judeng\wwwroot\application\common.php:131]
[ sql ] [ DB ] CONNECT:[ UseTime:0.146485s ] mysql:host=39.105.19.169;port=3306;dbname=judeng;charset=utf8
[ sql ] [ SQL ] SHOW COLUMNS FROM `jd_sheet` [ RunTime:0.094735s ]
[ sql ] [ SQL ] SELECT `miq`.*,s.title as sheet_title,`st`.`type_name` FROM `jd_sheet` `s` INNER JOIN `jd_member_inquisition_question` `miq` ON `miq`.`sheet_id`=`s`.`sheet_id` INNER JOIN `jd_sheet_type` `st` ON `st`.`type_id`=`s`.`type_id` WHERE  (  miq.`member_id` = 54 AND miq.`doctor_id` = 247 AND miq.`id` = 9 ) LIMIT 1 [ RunTime:0.142488s ]
---------------------------------------------------------------
[ 2018-06-28T11:52:50+08:00 ] 0.0.0.0 POST /certified/addCertifie
[ info ] localhost:7037/certified/addCertifie [运行时间：0.333252s][吞吐率：3.00req/s] [内存消耗：3,425.51kb] [文件加载：56]
[ info ] [ LANG ] D:\workLP\20180502\judeng\wwwroot\thinkphp\lang\zh-cn.php
[ info ] [ BIND ] 'home'
[ info ] [ ROUTE ] array (
  'type' => 'module',
  'module' => 
  array (
    0 => 'home',
    1 => 'certified',
    2 => 'addCertifie',
  ),
)
[ info ] [ HEADER ] array (
  'content-type' => 'multipart/form-data; boundary=----WebKitFormBoundaryBMjKT7E72xNoTaVa',
  'content-length' => '1972',
  'x-original-url' => '/certified/addCertifie',
  'postman-token' => '4ff3979c-1767-b0b8-14a8-76dddcd6fb59',
  'origin' => 'chrome-extension://fhbjgbiflinjbdggehcddcbncdddomop',
  'user-agent' => 'Mozilla/5.0 (Windows NT 10.0; Win64; x64) AppleWebKit/537.36 (KHTML, like Gecko) Chrome/66.0.3359.139 Safari/537.36',
  'host' => 'localhost:7037',
  'accept-language' => 'zh-CN,zh;q=0.9',
  'accept-encoding' => 'gzip, deflate, br',
  'accept' => '*/*',
  'connection' => 'keep-alive',
  'cache-control' => 'no-cache',
)
[ info ] [ PARAM ] array (
  'member_id' => '258',
  'face_photo' => '',
  'job_pic1' => '',
  'job_pic2' => '',
  'tech_pic1' => '',
  'tech_pic2' => '',
  'true_name' => '涂革',
  'sex' => '1',
  'birthday' => '1112225553',
  'idcode' => '421124199209286019',
  'hospital_id' => '6',
  'title_id' => '15',
  'hospital_repart_str' => '12',
  'goodat_id' => '25,26,27',
  'introduction' => '你好, 我叫涂革',
  'bank_id' => '4',
  'deposit_name' => '涂革',
  'deposit_number' => '777888999',
  'mobile' => '15021039435',
)
[ info ] [ RUN ] app\home\controller\Certified->addCertifie[ D:\workLP\20180502\judeng\wwwroot\application\home\controller\Certified.php ]
[ info ] [ DB ] INIT mysql
[ info ] [ LOG ] INIT File
[ sql ] [ DB ] CONNECT:[ UseTime:0.093195s ] mysql:host=39.105.19.169;port=3306;dbname=judeng;charset=utf8
[ sql ] [ SQL ] SHOW COLUMNS FROM `jd_sys_setting` [ RunTime:0.061310s ]
[ sql ] [ SQL ] SELECT * FROM `jd_sys_setting` [ RunTime:0.060739s ]
[ error ] [8]未定义数组索引: only_token[D:\workLP\20180502\judeng\wwwroot\application\common.php:131]
---------------------------------------------------------------
[ 2018-06-28T11:54:45+08:00 ] 0.0.0.0 POST /certified/addCertifie
[ info ] localhost:7037/certified/addCertifie [运行时间：0.296425s][吞吐率：3.37req/s] [内存消耗：3,425.99kb] [文件加载：56]
[ info ] [ LANG ] D:\workLP\20180502\judeng\wwwroot\thinkphp\lang\zh-cn.php
[ info ] [ BIND ] 'home'
[ info ] [ ROUTE ] array (
  'type' => 'module',
  'module' => 
  array (
    0 => 'home',
    1 => 'certified',
    2 => 'addCertifie',
  ),
)
[ info ] [ HEADER ] array (
  'content-type' => 'multipart/form-data; boundary=----WebKitFormBoundarykRM7LCEkmRcksS1S',
  'content-length' => '1972',
  'x-original-url' => '/certified/addCertifie',
  'postman-token' => 'b2cf1729-d34f-db7e-ca9c-62d6eedcb0f2',
  'origin' => 'chrome-extension://fhbjgbiflinjbdggehcddcbncdddomop',
  'user-agent' => 'Mozilla/5.0 (Windows NT 10.0; Win64; x64) AppleWebKit/537.36 (KHTML, like Gecko) Chrome/66.0.3359.139 Safari/537.36',
  'host' => 'localhost:7037',
  'accept-language' => 'zh-CN,zh;q=0.9',
  'accept-encoding' => 'gzip, deflate, br',
  'accept' => '*/*',
  'connection' => 'keep-alive',
  'cache-control' => 'no-cache',
)
[ info ] [ PARAM ] array (
  'member_id' => '258',
  'face_photo' => '',
  'job_pic1' => '',
  'job_pic2' => '',
  'tech_pic1' => '',
  'tech_pic2' => '',
  'true_name' => '涂革',
  'sex' => '1',
  'birthday' => '1112225553',
  'idcode' => '421124199209286019',
  'hospital_id' => '6',
  'title_id' => '15',
  'hospital_repart_str' => '12',
  'goodat_id' => '25,26,27',
  'introduction' => '你好, 我叫涂革',
  'bank_id' => '4',
  'deposit_name' => '涂革',
  'deposit_number' => '777888999',
  'mobile' => '15021039435',
)
[ info ] [ RUN ] app\home\controller\Certified->addCertifie[ D:\workLP\20180502\judeng\wwwroot\application\home\controller\Certified.php ]
[ info ] [ DB ] INIT mysql
[ info ] [ LOG ] INIT File
[ sql ] [ DB ] CONNECT:[ UseTime:0.090851s ] mysql:host=39.105.19.169;port=3306;dbname=judeng;charset=utf8
[ sql ] [ SQL ] SHOW COLUMNS FROM `jd_sys_setting` [ RunTime:0.061503s ]
[ sql ] [ SQL ] SELECT * FROM `jd_sys_setting` [ RunTime:0.060767s ]
[ error ] [8]未定义数组索引: only_token[D:\workLP\20180502\judeng\wwwroot\application\common.php:131]
---------------------------------------------------------------
[ 2018-06-28T11:58:56+08:00 ] 0.0.0.0 POST /certified/addCertifie
[ info ] localhost:7037/certified/addCertifie [运行时间：0.499289s][吞吐率：2.00req/s] [内存消耗：3,527.31kb] [文件加载：56]
[ info ] [ LANG ] D:\workLP\20180502\judeng\wwwroot\thinkphp\lang\zh-cn.php
[ info ] [ BIND ] 'home'
[ info ] [ ROUTE ] array (
  'type' => 'module',
  'module' => 
  array (
    0 => 'home',
    1 => 'certified',
    2 => 'addCertifie',
  ),
)
[ info ] [ HEADER ] array (
  'content-type' => 'multipart/form-data; boundary=----WebKitFormBoundaryvAHUbYhlabFsHyEl',
  'content-length' => '1972',
  'x-original-url' => '/certified/addCertifie',
  'postman-token' => '361df036-1096-f644-4955-f4f1bddd62f8',
  'origin' => 'chrome-extension://fhbjgbiflinjbdggehcddcbncdddomop',
  'user-agent' => 'Mozilla/5.0 (Windows NT 10.0; Win64; x64) AppleWebKit/537.36 (KHTML, like Gecko) Chrome/66.0.3359.139 Safari/537.36',
  'host' => 'localhost:7037',
  'accept-language' => 'zh-CN,zh;q=0.9',
  'accept-encoding' => 'gzip, deflate, br',
  'accept' => '*/*',
  'connection' => 'keep-alive',
  'cache-control' => 'no-cache',
)
[ info ] [ PARAM ] array (
  'member_id' => '258',
  'face_photo' => '',
  'job_pic1' => '',
  'job_pic2' => '',
  'tech_pic1' => '',
  'tech_pic2' => '',
  'true_name' => '涂革',
  'sex' => '1',
  'birthday' => '1112225553',
  'idcode' => '421124199209286019',
  'hospital_id' => '6',
  'title_id' => '15',
  'hospital_repart_str' => '12',
  'goodat_id' => '25,26,27',
  'introduction' => '你好, 我叫涂革',
  'bank_id' => '4',
  'deposit_name' => '涂革',
  'deposit_number' => '777888999',
  'mobile' => '15021039435',
)
[ info ] [ RUN ] app\home\controller\Certified->addCertifie[ D:\workLP\20180502\judeng\wwwroot\application\home\controller\Certified.php ]
[ info ] [ DB ] INIT mysql
[ info ] [ LOG ] INIT File
[ sql ] [ DB ] CONNECT:[ UseTime:0.081746s ] mysql:host=39.105.19.169;port=3306;dbname=judeng;charset=utf8
[ sql ] [ SQL ] SHOW COLUMNS FROM `jd_sys_setting` [ RunTime:0.056072s ]
[ sql ] [ SQL ] SELECT * FROM `jd_sys_setting` [ RunTime:0.054979s ]
[ sql ] [ SQL ] SHOW COLUMNS FROM `jd_diagnosis_set` [ RunTime:0.054927s ]
[ sql ] [ SQL ] UPDATE `jd_diagnosis_set`  SET `image_price`=5,`reimage_price`=5,`release_date`=1530158335  WHERE  `member_id` = 258 [ RunTime:0.055809s ]
[ sql ] [ SQL ] SHOW COLUMNS FROM `jd_doctor` [ RunTime:0.054449s ]
[ sql ] [ SQL ] SELECT * FROM `jd_doctor` WHERE  `member_id` = 258 LIMIT 1 [ RunTime:0.055826s ]
[ error ] [8]未定义数组索引: only_token[D:\workLP\20180502\judeng\wwwroot\application\common.php:131]
---------------------------------------------------------------
[ 2018-06-28T11:59:31+08:00 ] 0.0.0.0 POST /certified/addCertifie
[ info ] localhost:7037/certified/addCertifie [运行时间：0.407430s][吞吐率：2.45req/s] [内存消耗：3,429.65kb] [文件加载：56]
[ info ] [ LANG ] D:\workLP\20180502\judeng\wwwroot\thinkphp\lang\zh-cn.php
[ info ] [ BIND ] 'home'
[ info ] [ ROUTE ] array (
  'type' => 'module',
  'module' => 
  array (
    0 => 'home',
    1 => 'certified',
    2 => 'addCertifie',
  ),
)
[ info ] [ HEADER ] array (
  'content-type' => 'multipart/form-data; boundary=----WebKitFormBoundaryGWTTRC0XKUFW4ppl',
  'content-length' => '1972',
  'x-original-url' => '/certified/addCertifie',
  'postman-token' => '91957230-04d2-2722-c24b-9de903e509d8',
  'origin' => 'chrome-extension://fhbjgbiflinjbdggehcddcbncdddomop',
  'user-agent' => 'Mozilla/5.0 (Windows NT 10.0; Win64; x64) AppleWebKit/537.36 (KHTML, like Gecko) Chrome/66.0.3359.139 Safari/537.36',
  'host' => 'localhost:7037',
  'accept-language' => 'zh-CN,zh;q=0.9',
  'accept-encoding' => 'gzip, deflate, br',
  'accept' => '*/*',
  'connection' => 'keep-alive',
  'cache-control' => 'no-cache',
)
[ info ] [ PARAM ] array (
  'member_id' => '258',
  'face_photo' => '',
  'job_pic1' => '',
  'job_pic2' => '',
  'tech_pic1' => '',
  'tech_pic2' => '',
  'true_name' => '涂革',
  'sex' => '1',
  'birthday' => '1112225553',
  'idcode' => '421124199209286019',
  'hospital_id' => '6',
  'title_id' => '15',
  'hospital_repart_str' => '12',
  'goodat_id' => '25,26,27',
  'introduction' => '你好, 我叫涂革',
  'bank_id' => '4',
  'deposit_name' => '涂革',
  'deposit_number' => '777888999',
  'mobile' => '15021039435',
)
[ info ] [ RUN ] app\home\controller\Certified->addCertifie[ D:\workLP\20180502\judeng\wwwroot\application\home\controller\Certified.php ]
[ info ] [ DB ] INIT mysql
[ info ] [ LOG ] INIT File
[ sql ] [ DB ] CONNECT:[ UseTime:0.087495s ] mysql:host=39.105.19.169;port=3306;dbname=judeng;charset=utf8
[ sql ] [ SQL ] SHOW COLUMNS FROM `jd_sys_setting` [ RunTime:0.058395s ]
[ sql ] [ SQL ] SELECT * FROM `jd_sys_setting` [ RunTime:0.058821s ]
[ sql ] [ SQL ] SHOW COLUMNS FROM `jd_diagnosis_set` [ RunTime:0.062429s ]
[ sql ] [ SQL ] UPDATE `jd_diagnosis_set`  SET `image_price`=5,`reimage_price`=5,`release_date`=1530158371  WHERE  `member_id` = 258 [ RunTime:0.057995s ]
[ error ] [8]未定义数组索引: only_token[D:\workLP\20180502\judeng\wwwroot\application\common.php:131]
---------------------------------------------------------------
[ 2018-06-28T12:00:39+08:00 ] 0.0.0.0 POST /certified/addCertifie
[ info ] localhost:7037/certified/addCertifie [运行时间：0.404249s][吞吐率：2.47req/s] [内存消耗：3,430.50kb] [文件加载：56]
[ info ] [ LANG ] D:\workLP\20180502\judeng\wwwroot\thinkphp\lang\zh-cn.php
[ info ] [ BIND ] 'home'
[ info ] [ ROUTE ] array (
  'type' => 'module',
  'module' => 
  array (
    0 => 'home',
    1 => 'certified',
    2 => 'addCertifie',
  ),
)
[ info ] [ HEADER ] array (
  'content-type' => 'multipart/form-data; boundary=----WebKitFormBoundarysxugcwdZ6dgNgqEY',
  'content-length' => '1972',
  'x-original-url' => '/certified/addCertifie',
  'postman-token' => 'f2a5c5b9-857e-8422-fc0a-910ecb238126',
  'origin' => 'chrome-extension://fhbjgbiflinjbdggehcddcbncdddomop',
  'user-agent' => 'Mozilla/5.0 (Windows NT 10.0; Win64; x64) AppleWebKit/537.36 (KHTML, like Gecko) Chrome/66.0.3359.139 Safari/537.36',
  'host' => 'localhost:7037',
  'accept-language' => 'zh-CN,zh;q=0.9',
  'accept-encoding' => 'gzip, deflate, br',
  'accept' => '*/*',
  'connection' => 'keep-alive',
  'cache-control' => 'no-cache',
)
[ info ] [ PARAM ] array (
  'member_id' => '258',
  'face_photo' => '',
  'job_pic1' => '',
  'job_pic2' => '',
  'tech_pic1' => '',
  'tech_pic2' => '',
  'true_name' => '涂革',
  'sex' => '1',
  'birthday' => '1112225553',
  'idcode' => '421124199209286019',
  'hospital_id' => '6',
  'title_id' => '15',
  'hospital_repart_str' => '12',
  'goodat_id' => '25,26,27',
  'introduction' => '你好, 我叫涂革',
  'bank_id' => '4',
  'deposit_name' => '涂革',
  'deposit_number' => '777888999',
  'mobile' => '15021039435',
)
[ info ] [ RUN ] app\home\controller\Certified->addCertifie[ D:\workLP\20180502\judeng\wwwroot\application\home\controller\Certified.php ]
[ info ] [ DB ] INIT mysql
[ info ] [ LOG ] INIT File
[ sql ] [ DB ] CONNECT:[ UseTime:0.083842s ] mysql:host=39.105.19.169;port=3306;dbname=judeng;charset=utf8
[ sql ] [ SQL ] SHOW COLUMNS FROM `jd_sys_setting` [ RunTime:0.055912s ]
[ sql ] [ SQL ] SELECT * FROM `jd_sys_setting` [ RunTime:0.057851s ]
[ sql ] [ SQL ] SHOW COLUMNS FROM `jd_diagnosis_set` [ RunTime:0.057769s ]
[ sql ] [ SQL ] UPDATE `jd_diagnosis_set`  SET `image_price`=5,`reimage_price`=5,`release_date`=1530158439  WHERE  `member_id` = 258 [ RunTime:0.057412s ]
[ error ] [8]未定义数组索引: only_token[D:\workLP\20180502\judeng\wwwroot\application\common.php:131]
---------------------------------------------------------------
[ 2018-06-28T12:06:00+08:00 ] 0.0.0.0 GET /member/plan?id=437
[ info ] localhost:7037/member/plan?id=437 [运行时间：1.028397s][吞吐率：0.97req/s] [内存消耗：3,214.80kb] [文件加载：53]
[ info ] [ LANG ] D:\workLP\20180502\judeng\wwwroot\thinkphp\lang\zh-cn.php
[ info ] [ BIND ] 'home'
[ info ] [ ROUTE ] array (
  'type' => 'module',
  'module' => 
  array (
    0 => 'home',
    1 => 'member',
    2 => 'plan',
  ),
)
[ info ] [ HEADER ] array (
  'content-type' => '',
  'content-length' => '0',
  'x-original-url' => '/member/plan?id=437',
  'upgrade-insecure-requests' => '1',
  'user-agent' => 'Mozilla/5.0 (Windows NT 10.0; Win64; x64) AppleWebKit/537.36 (KHTML, like Gecko) Chrome/66.0.3359.139 Safari/537.36',
  'host' => 'localhost:7037',
  'cookie' => 'UM_distinctid=160b5c52e97c7-0a812a97ee4d36-e323462-1fa400-160b5c52e9a107; CNZZDATA1000308349=1622381418-1516928585-%7C1516934020; Hm_lvt_5dd55c6682e0c7d344e29e785f9de1bb=1515553694,1516772121,1516938586,1517206225; REMEMBERME=VG9weGlhXFNlcnZpY2VcVXNlclxDdXJyZW50VXNlcjpOalE1TlRjNE9UWTBRSEZ4TG1OdmJRPT06MTU0ODkyODk1MTozZTE3ZGIxYzRjYzUzYWE4MmU2MjVlYjI3OTQxNTI3ZTIyZjUyYzYwMzFmZjNkNzI3MTdkODI4MzIxZTk0NmVk; CNZZDATA1256922974=1723540018-1514876107-%7C1517463005; bdshare_firstime=1522317821515; Hm_lvt_ebb8ef3f6d57c4b17c15b95865c9c3fb=1522635670; Phpstorm-7d8938db=0dec72a5-7ab0-46de-a14b-0c25eddfbbac; _ga=GA1.1.775339406.1529995696',
  'accept-language' => 'zh-CN,zh;q=0.9',
  'accept-encoding' => 'gzip, deflate, br',
  'accept' => 'text/html,application/xhtml+xml,application/xml;q=0.9,image/webp,image/apng,*/*;q=0.8',
  'connection' => 'keep-alive',
)
[ info ] [ PARAM ] array (
  'id' => '437',
)
[ info ] [ RUN ] app\home\controller\Member->plan[ D:\workLP\20180502\judeng\wwwroot\application\home\controller\Member.php ]
[ info ] [ DB ] INIT mysql
[ info ] [ LOG ] INIT File
[ sql ] [ DB ] CONNECT:[ UseTime:0.085084s ] mysql:host=39.105.19.169;port=3306;dbname=judeng;charset=utf8
[ sql ] [ SQL ] SHOW COLUMNS FROM `jd_order` [ RunTime:0.056839s ]
[ sql ] [ SQL ] SELECT `order_id`,`doctor_id` FROM `jd_order` WHERE  (  order_id = 437 AND pay_status = 0 AND order_status = 0 ) LIMIT 1 [ RunTime:0.055956s ]
---------------------------------------------------------------
[ 2018-06-28T12:06:01+08:00 ] 0.0.0.0 GET /favicon.ico
[ info ] localhost:7037/favicon.ico [运行时间：0.044378s][吞吐率：22.53req/s] [内存消耗：1,716.23kb] [文件加载：41]
[ info ] [ LANG ] D:\workLP\20180502\judeng\wwwroot\thinkphp\lang\zh-cn.php
[ info ] [ BIND ] 'home'
[ info ] [ ROUTE ] array (
  'type' => 'module',
  'module' => 
  array (
    0 => 'home',
    1 => 'favicon.ico',
    2 => NULL,
  ),
)
[ info ] [ HEADER ] array (
  'content-type' => '',
  'content-length' => '0',
  'x-original-url' => '/favicon.ico',
  'user-agent' => 'Mozilla/5.0 (Windows NT 10.0; Win64; x64) AppleWebKit/537.36 (KHTML, like Gecko) Chrome/66.0.3359.139 Safari/537.36',
  'referer' => 'http://localhost:7037/member/plan?id=437',
  'host' => 'localhost:7037',
  'cookie' => 'UM_distinctid=160b5c52e97c7-0a812a97ee4d36-e323462-1fa400-160b5c52e9a107; CNZZDATA1000308349=1622381418-1516928585-%7C1516934020; Hm_lvt_5dd55c6682e0c7d344e29e785f9de1bb=1515553694,1516772121,1516938586,1517206225; REMEMBERME=VG9weGlhXFNlcnZpY2VcVXNlclxDdXJyZW50VXNlcjpOalE1TlRjNE9UWTBRSEZ4TG1OdmJRPT06MTU0ODkyODk1MTozZTE3ZGIxYzRjYzUzYWE4MmU2MjVlYjI3OTQxNTI3ZTIyZjUyYzYwMzFmZjNkNzI3MTdkODI4MzIxZTk0NmVk; CNZZDATA1256922974=1723540018-1514876107-%7C1517463005; bdshare_firstime=1522317821515; Hm_lvt_ebb8ef3f6d57c4b17c15b95865c9c3fb=1522635670; Phpstorm-7d8938db=0dec72a5-7ab0-46de-a14b-0c25eddfbbac; _ga=GA1.1.775339406.1529995696',
  'accept-language' => 'zh-CN,zh;q=0.9',
  'accept-encoding' => 'gzip, deflate, br',
  'accept' => 'image/webp,image/apng,image/*,*/*;q=0.8',
  'connection' => 'keep-alive',
)
[ info ] [ PARAM ] array (
)
[ info ] [ LOG ] INIT File
---------------------------------------------------------------
[ 2018-06-28T12:12:07+08:00 ] 0.0.0.0 GET /member/plan?id=437
[ info ] localhost:7037/member/plan?id=437 [运行时间：0.252553s][吞吐率：3.96req/s] [内存消耗：3,121.34kb] [文件加载：51]
[ info ] [ LANG ] D:\workLP\20180502\judeng\wwwroot\thinkphp\lang\zh-cn.php
[ info ] [ BIND ] 'home'
[ info ] [ ROUTE ] array (
  'type' => 'module',
  'module' => 
  array (
    0 => 'home',
    1 => 'member',
    2 => 'plan',
  ),
)
[ info ] [ HEADER ] array (
  'content-type' => '',
  'content-length' => '0',
  'x-original-url' => '/member/plan?id=437',
  'upgrade-insecure-requests' => '1',
  'user-agent' => 'Mozilla/5.0 (Windows NT 10.0; Win64; x64) AppleWebKit/537.36 (KHTML, like Gecko) Chrome/66.0.3359.139 Safari/537.36',
  'host' => 'localhost:7037',
  'cookie' => 'UM_distinctid=160b5c52e97c7-0a812a97ee4d36-e323462-1fa400-160b5c52e9a107; CNZZDATA1000308349=1622381418-1516928585-%7C1516934020; Hm_lvt_5dd55c6682e0c7d344e29e785f9de1bb=1515553694,1516772121,1516938586,1517206225; REMEMBERME=VG9weGlhXFNlcnZpY2VcVXNlclxDdXJyZW50VXNlcjpOalE1TlRjNE9UWTBRSEZ4TG1OdmJRPT06MTU0ODkyODk1MTozZTE3ZGIxYzRjYzUzYWE4MmU2MjVlYjI3OTQxNTI3ZTIyZjUyYzYwMzFmZjNkNzI3MTdkODI4MzIxZTk0NmVk; CNZZDATA1256922974=1723540018-1514876107-%7C1517463005; bdshare_firstime=1522317821515; Hm_lvt_ebb8ef3f6d57c4b17c15b95865c9c3fb=1522635670; Phpstorm-7d8938db=0dec72a5-7ab0-46de-a14b-0c25eddfbbac; _ga=GA1.1.775339406.1529995696',
  'accept-language' => 'zh-CN,zh;q=0.9',
  'accept-encoding' => 'gzip, deflate, br',
  'accept' => 'text/html,application/xhtml+xml,application/xml;q=0.9,image/webp,image/apng,*/*;q=0.8',
  'connection' => 'keep-alive',
  'cache-control' => 'max-age=0',
)
[ info ] [ PARAM ] array (
  'id' => '437',
)
[ info ] [ RUN ] app\home\controller\Member->plan[ D:\workLP\20180502\judeng\wwwroot\application\home\controller\Member.php ]
[ info ] [ DB ] INIT mysql
[ info ] [ LOG ] INIT File
[ sql ] [ DB ] CONNECT:[ UseTime:0.082893s ] mysql:host=39.105.19.169;port=3306;dbname=judeng;charset=utf8
[ sql ] [ SQL ] SHOW COLUMNS FROM `jd_order` [ RunTime:0.056679s ]
[ sql ] [ SQL ] SELECT `order_id`,`doctor_id` FROM `jd_order` WHERE  (  order_id = 437 AND pay_status = 0 AND order_status = 0 ) LIMIT 1 [ RunTime:0.054769s ]
---------------------------------------------------------------
[ 2018-06-28T12:12:54+08:00 ] 0.0.0.0 GET /member/plan?id=437
[ info ] localhost:7037/member/plan?id=437 [运行时间：0.729367s][吞吐率：1.37req/s] [内存消耗：3,122.46kb] [文件加载：51]
[ info ] [ LANG ] D:\workLP\20180502\judeng\wwwroot\thinkphp\lang\zh-cn.php
[ info ] [ BIND ] 'home'
[ info ] [ ROUTE ] array (
  'type' => 'module',
  'module' => 
  array (
    0 => 'home',
    1 => 'member',
    2 => 'plan',
  ),
)
[ info ] [ HEADER ] array (
  'content-type' => '',
  'content-length' => '0',
  'x-original-url' => '/member/plan?id=437',
  'upgrade-insecure-requests' => '1',
  'user-agent' => 'Mozilla/5.0 (Windows NT 10.0; Win64; x64) AppleWebKit/537.36 (KHTML, like Gecko) Chrome/66.0.3359.139 Safari/537.36',
  'host' => 'localhost:7037',
  'cookie' => 'UM_distinctid=160b5c52e97c7-0a812a97ee4d36-e323462-1fa400-160b5c52e9a107; CNZZDATA1000308349=1622381418-1516928585-%7C1516934020; Hm_lvt_5dd55c6682e0c7d344e29e785f9de1bb=1515553694,1516772121,1516938586,1517206225; REMEMBERME=VG9weGlhXFNlcnZpY2VcVXNlclxDdXJyZW50VXNlcjpOalE1TlRjNE9UWTBRSEZ4TG1OdmJRPT06MTU0ODkyODk1MTozZTE3ZGIxYzRjYzUzYWE4MmU2MjVlYjI3OTQxNTI3ZTIyZjUyYzYwMzFmZjNkNzI3MTdkODI4MzIxZTk0NmVk; CNZZDATA1256922974=1723540018-1514876107-%7C1517463005; bdshare_firstime=1522317821515; Hm_lvt_ebb8ef3f6d57c4b17c15b95865c9c3fb=1522635670; Phpstorm-7d8938db=0dec72a5-7ab0-46de-a14b-0c25eddfbbac; _ga=GA1.1.775339406.1529995696',
  'accept-language' => 'zh-CN,zh;q=0.9',
  'accept-encoding' => 'gzip, deflate, br',
  'accept' => 'text/html,application/xhtml+xml,application/xml;q=0.9,image/webp,image/apng,*/*;q=0.8',
  'connection' => 'keep-alive',
  'cache-control' => 'max-age=0',
)
[ info ] [ PARAM ] array (
  'id' => '437',
)
[ info ] [ RUN ] app\home\controller\Member->plan[ D:\workLP\20180502\judeng\wwwroot\application\home\controller\Member.php ]
[ info ] [ DB ] INIT mysql
[ info ] [ LOG ] INIT File
[ sql ] [ DB ] CONNECT:[ UseTime:0.084557s ] mysql:host=39.105.19.169;port=3306;dbname=judeng;charset=utf8
[ sql ] [ SQL ] SHOW COLUMNS FROM `jd_order` [ RunTime:0.055913s ]
[ sql ] [ SQL ] SELECT `order_id`,`doctor_id` FROM `jd_order` WHERE  (  order_id = 437 AND pay_status = 0 AND order_status = 0 ) LIMIT 1 [ RunTime:0.054216s ]
---------------------------------------------------------------
[ 2018-06-28T12:14:39+08:00 ] 0.0.0.0 GET /member/plan?id=437
[ info ] localhost:7037/member/plan?id=437 [运行时间：1.258316s][吞吐率：0.79req/s] [内存消耗：3,440.66kb] [文件加载：56]
[ info ] [ LANG ] D:\workLP\20180502\judeng\wwwroot\thinkphp\lang\zh-cn.php
[ info ] [ BIND ] 'home'
[ info ] [ ROUTE ] array (
  'type' => 'module',
  'module' => 
  array (
    0 => 'home',
    1 => 'member',
    2 => 'plan',
  ),
)
[ info ] [ HEADER ] array (
  'content-type' => '',
  'content-length' => '0',
  'x-original-url' => '/member/plan?id=437',
  'upgrade-insecure-requests' => '1',
  'user-agent' => 'Mozilla/5.0 (Windows NT 10.0; Win64; x64) AppleWebKit/537.36 (KHTML, like Gecko) Chrome/66.0.3359.139 Safari/537.36',
  'host' => 'localhost:7037',
  'cookie' => 'UM_distinctid=160b5c52e97c7-0a812a97ee4d36-e323462-1fa400-160b5c52e9a107; CNZZDATA1000308349=1622381418-1516928585-%7C1516934020; Hm_lvt_5dd55c6682e0c7d344e29e785f9de1bb=1515553694,1516772121,1516938586,1517206225; REMEMBERME=VG9weGlhXFNlcnZpY2VcVXNlclxDdXJyZW50VXNlcjpOalE1TlRjNE9UWTBRSEZ4TG1OdmJRPT06MTU0ODkyODk1MTozZTE3ZGIxYzRjYzUzYWE4MmU2MjVlYjI3OTQxNTI3ZTIyZjUyYzYwMzFmZjNkNzI3MTdkODI4MzIxZTk0NmVk; CNZZDATA1256922974=1723540018-1514876107-%7C1517463005; bdshare_firstime=1522317821515; Hm_lvt_ebb8ef3f6d57c4b17c15b95865c9c3fb=1522635670; Phpstorm-7d8938db=0dec72a5-7ab0-46de-a14b-0c25eddfbbac; _ga=GA1.1.775339406.1529995696',
  'accept-language' => 'zh-CN,zh;q=0.9',
  'accept-encoding' => 'gzip, deflate, br',
  'accept' => 'text/html,application/xhtml+xml,application/xml;q=0.9,image/webp,image/apng,*/*;q=0.8',
  'connection' => 'keep-alive',
  'cache-control' => 'max-age=0',
)
[ info ] [ PARAM ] array (
  'id' => '437',
)
[ info ] [ RUN ] app\home\controller\Member->plan[ D:\workLP\20180502\judeng\wwwroot\application\home\controller\Member.php ]
[ info ] [ DB ] INIT mysql
[ info ] [ VIEW ] D:\workLP\20180502\judeng\wwwroot/application/home\view\doctor\plan.html [ array (
  0 => 'setting',
  1 => 'imgUrl',
  2 => 'doctorName',
) ]
[ info ] [ LOG ] INIT File
[ sql ] [ DB ] CONNECT:[ UseTime:0.085399s ] mysql:host=39.105.19.169;port=3306;dbname=judeng;charset=utf8
[ sql ] [ SQL ] SHOW COLUMNS FROM `jd_order` [ RunTime:0.057971s ]
[ sql ] [ SQL ] SELECT `order_id`,`doctor_id` FROM `jd_order` WHERE  (  order_id = 437 AND pay_status = 0 AND order_status = 0 ) LIMIT 1 [ RunTime:0.057307s ]
[ sql ] [ SQL ] SHOW COLUMNS FROM `jd_doctor` [ RunTime:0.059646s ]
[ sql ] [ SQL ] SELECT `member_name` FROM `jd_doctor` WHERE  (  member_id = 255 ) LIMIT 1 [ RunTime:0.058444s ]
---------------------------------------------------------------
[ 2018-06-28T12:14:39+08:00 ] 0.0.0.0 GET /public/home/image/bg01.jpg
[ info ] localhost:7037/public/home/image/bg01.jpg [运行时间：0.061544s][吞吐率：16.25req/s] [内存消耗：1,716.94kb] [文件加载：41]
[ info ] [ LANG ] D:\workLP\20180502\judeng\wwwroot\thinkphp\lang\zh-cn.php
[ info ] [ BIND ] 'home'
[ info ] [ ROUTE ] array (
  'type' => 'module',
  'module' => 
  array (
    0 => 'home',
    1 => 'public',
    2 => 'home',
  ),
)
[ info ] [ HEADER ] array (
  'content-type' => '',
  'content-length' => '0',
  'x-original-url' => '/public/home/image/bg01.jpg',
  'user-agent' => 'Mozilla/5.0 (Windows NT 10.0; Win64; x64) AppleWebKit/537.36 (KHTML, like Gecko) Chrome/66.0.3359.139 Safari/537.36',
  'referer' => 'http://localhost:7037/member/plan?id=437',
  'host' => 'localhost:7037',
  'cookie' => 'UM_distinctid=160b5c52e97c7-0a812a97ee4d36-e323462-1fa400-160b5c52e9a107; CNZZDATA1000308349=1622381418-1516928585-%7C1516934020; Hm_lvt_5dd55c6682e0c7d344e29e785f9de1bb=1515553694,1516772121,1516938586,1517206225; REMEMBERME=VG9weGlhXFNlcnZpY2VcVXNlclxDdXJyZW50VXNlcjpOalE1TlRjNE9UWTBRSEZ4TG1OdmJRPT06MTU0ODkyODk1MTozZTE3ZGIxYzRjYzUzYWE4MmU2MjVlYjI3OTQxNTI3ZTIyZjUyYzYwMzFmZjNkNzI3MTdkODI4MzIxZTk0NmVk; CNZZDATA1256922974=1723540018-1514876107-%7C1517463005; bdshare_firstime=1522317821515; Hm_lvt_ebb8ef3f6d57c4b17c15b95865c9c3fb=1522635670; Phpstorm-7d8938db=0dec72a5-7ab0-46de-a14b-0c25eddfbbac; _ga=GA1.1.775339406.1529995696',
  'accept-language' => 'zh-CN,zh;q=0.9',
  'accept-encoding' => 'gzip, deflate, br',
  'accept' => 'image/webp,image/apng,image/*,*/*;q=0.8',
  'connection' => 'keep-alive',
)
[ info ] [ PARAM ] array (
  'image' => 'bg01.jpg',
)
[ info ] [ LOG ] INIT File
---------------------------------------------------------------
[ 2018-06-28T12:14:40+08:00 ] 0.0.0.0 GET /public/home/image/bg02.jpg
[ info ] localhost:7037/public/home/image/bg02.jpg [运行时间：0.040518s][吞吐率：24.68req/s] [内存消耗：1,716.94kb] [文件加载：41]
[ info ] [ LANG ] D:\workLP\20180502\judeng\wwwroot\thinkphp\lang\zh-cn.php
[ info ] [ BIND ] 'home'
[ info ] [ ROUTE ] array (
  'type' => 'module',
  'module' => 
  array (
    0 => 'home',
    1 => 'public',
    2 => 'home',
  ),
)
[ info ] [ HEADER ] array (
  'content-type' => '',
  'content-length' => '0',
  'x-original-url' => '/public/home/image/bg02.jpg',
  'user-agent' => 'Mozilla/5.0 (Windows NT 10.0; Win64; x64) AppleWebKit/537.36 (KHTML, like Gecko) Chrome/66.0.3359.139 Safari/537.36',
  'referer' => 'http://localhost:7037/member/plan?id=437',
  'host' => 'localhost:7037',
  'cookie' => 'UM_distinctid=160b5c52e97c7-0a812a97ee4d36-e323462-1fa400-160b5c52e9a107; CNZZDATA1000308349=1622381418-1516928585-%7C1516934020; Hm_lvt_5dd55c6682e0c7d344e29e785f9de1bb=1515553694,1516772121,1516938586,1517206225; REMEMBERME=VG9weGlhXFNlcnZpY2VcVXNlclxDdXJyZW50VXNlcjpOalE1TlRjNE9UWTBRSEZ4TG1OdmJRPT06MTU0ODkyODk1MTozZTE3ZGIxYzRjYzUzYWE4MmU2MjVlYjI3OTQxNTI3ZTIyZjUyYzYwMzFmZjNkNzI3MTdkODI4MzIxZTk0NmVk; CNZZDATA1256922974=1723540018-1514876107-%7C1517463005; bdshare_firstime=1522317821515; Hm_lvt_ebb8ef3f6d57c4b17c15b95865c9c3fb=1522635670; Phpstorm-7d8938db=0dec72a5-7ab0-46de-a14b-0c25eddfbbac; _ga=GA1.1.775339406.1529995696',
  'accept-language' => 'zh-CN,zh;q=0.9',
  'accept-encoding' => 'gzip, deflate, br',
  'accept' => 'image/webp,image/apng,image/*,*/*;q=0.8',
  'connection' => 'keep-alive',
)
[ info ] [ PARAM ] array (
  'image' => 'bg02.jpg',
)
[ info ] [ LOG ] INIT File
