---------------------------------------------------------------
[ 2018-06-30T16:33:14+08:00 ] 0.0.0.0 POST /order/getOrderDetail
[ info ] localhost:7037/order/getOrderDetail [运行时间：1.005286s][吞吐率：0.99req/s] [内存消耗：3,213.49kb] [文件加载：54]
[ info ] [ LANG ] D:\workLP\20180502\judeng\wwwroot\thinkphp\lang\zh-cn.php
[ info ] [ BIND ] 'home'
[ info ] [ ROUTE ] array (
  'type' => 'module',
  'module' => 
  array (
    0 => 'home',
    1 => 'order',
    2 => 'getOrderDetail',
  ),
)
[ info ] [ HEADER ] array (
  'content-type' => 'multipart/form-data; boundary=----WebKitFormBoundaryzDLAaE7Hss9Lpmu4',
  'content-length' => '339',
  'x-original-url' => '/order/getOrderDetail',
  'postman-token' => 'b03ec7e1-0e5a-ef74-04d4-808939009647',
  'origin' => 'chrome-extension://fhbjgbiflinjbdggehcddcbncdddomop',
  'user-agent' => 'Mozilla/5.0 (Windows NT 10.0; Win64; x64) AppleWebKit/537.36 (KHTML, like Gecko) Chrome/66.0.3359.139 Safari/537.36',
  'host' => 'localhost:7037',
  'accept-language' => 'zh-CN,zh;q=0.9',
  'accept-encoding' => 'gzip, deflate, br',
  'accept' => '*/*',
  'connection' => 'keep-alive',
  'cache-control' => 'no-cache',
)
[ info ] [ PARAM ] array (
  'doctor_id' => '70',
  'patient_id' => '34',
  'order_id' => '438',
)
[ info ] [ RUN ] app\home\controller\Order->getOrderDetail[ D:\workLP\20180502\judeng\wwwroot\application\home\controller\Order.php ]
[ info ] [ DB ] INIT mysql
[ info ] [ LOG ] INIT File
[ sql ] [ DB ] CONNECT:[ UseTime:0.339582s ] mysql:host=39.105.19.169;port=3306;dbname=judeng;charset=utf8
[ sql ] [ SQL ] SHOW COLUMNS FROM `jd_order` [ RunTime:0.186242s ]
[ sql ] [ SQL ] SELECT * FROM `jd_order` WHERE  (  order_id = 438 AND patient_id = 34 AND doctor_id = 70 ) LIMIT 1 [ RunTime:0.223123s ]
[ error ] [8]未定义数组索引: only_token[D:\workLP\20180502\judeng\wwwroot\application\common.php:131]
