---------------------------------------------------------------
[ 2018-05-04T19:07:02+08:00 ] 0.0.0.0 GET /
[ info ] localhost:7037/ [运行时间：0.040267s][吞吐率：24.83req/s] [内存消耗：1,627.14kb] [文件加载：38]
[ info ] [ LANG ] D:\workLP\20180502\judeng\wwwroot\thinkphp\lang\zh-cn.php
[ info ] [ BIND ] 'home'
[ info ] [ ROUTE ] array (
  'type' => 'module',
  'module' => 
  array (
    0 => 'home',
    1 => NULL,
    2 => NULL,
  ),
)
[ info ] [ HEADER ] array (
  'content-type' => '',
  'content-length' => '0',
  'upgrade-insecure-requests' => '1',
  'user-agent' => 'Mozilla/5.0 (Windows NT 10.0; Win64; x64) AppleWebKit/537.36 (KHTML, like Gecko) Chrome/66.0.3359.139 Safari/537.36',
  'host' => 'localhost:7037',
  'cookie' => 'UM_distinctid=160b5c52e97c7-0a812a97ee4d36-e323462-1fa400-160b5c52e9a107; CNZZDATA1000308349=1622381418-1516928585-%7C1516934020; Hm_lvt_5dd55c6682e0c7d344e29e785f9de1bb=1515553694,1516772121,1516938586,1517206225; REMEMBERME=VG9weGlhXFNlcnZpY2VcVXNlclxDdXJyZW50VXNlcjpOalE1TlRjNE9UWTBRSEZ4TG1OdmJRPT06MTU0ODkyODk1MTozZTE3ZGIxYzRjYzUzYWE4MmU2MjVlYjI3OTQxNTI3ZTIyZjUyYzYwMzFmZjNkNzI3MTdkODI4MzIxZTk0NmVk; CNZZDATA1256922974=1723540018-1514876107-%7C1517463005; isRememberedpwd=1; bdshare_firstime=1522317821515; Hm_lvt_ebb8ef3f6d57c4b17c15b95865c9c3fb=1522635670; account=96ddc5701568751f74ee783cd6a3c93d; userLog=96ddc5701568751f74ee783cd6a3c93d%2C21633303514a1d59cd6ce7ff120411b1; PHPSESSID=8tldtaner7581spk4t9cl9hcm0; thinkphp_show_page_trace=0|0; loginTime=1525424895',
  'accept-language' => 'zh-CN,zh;q=0.9',
  'accept-encoding' => 'gzip, deflate, br',
  'accept' => 'text/html,application/xhtml+xml,application/xml;q=0.9,image/webp,image/apng,*/*;q=0.8',
  'connection' => 'keep-alive',
)
[ info ] [ PARAM ] array (
)
[ info ] [ RUN ] app\home\controller\Index->index[ D:\workLP\20180502\judeng\wwwroot\application\home\controller\Index.php ]
[ info ] [ LOG ] INIT File
---------------------------------------------------------------
[ 2018-05-04T19:07:03+08:00 ] 0.0.0.0 GET /favicon.ico
[ info ] localhost:7037/favicon.ico [运行时间：0.040300s][吞吐率：24.81req/s] [内存消耗：1,673.18kb] [文件加载：41]
[ info ] [ LANG ] D:\workLP\20180502\judeng\wwwroot\thinkphp\lang\zh-cn.php
[ info ] [ BIND ] 'home'
[ info ] [ ROUTE ] array (
  'type' => 'module',
  'module' => 
  array (
    0 => 'home',
    1 => 'favicon.ico',
    2 => NULL,
  ),
)
[ info ] [ HEADER ] array (
  'content-type' => '',
  'content-length' => '0',
  'x-original-url' => '/favicon.ico',
  'user-agent' => 'Mozilla/5.0 (Windows NT 10.0; Win64; x64) AppleWebKit/537.36 (KHTML, like Gecko) Chrome/66.0.3359.139 Safari/537.36',
  'referer' => 'http://localhost:7037/',
  'host' => 'localhost:7037',
  'cookie' => 'UM_distinctid=160b5c52e97c7-0a812a97ee4d36-e323462-1fa400-160b5c52e9a107; CNZZDATA1000308349=1622381418-1516928585-%7C1516934020; Hm_lvt_5dd55c6682e0c7d344e29e785f9de1bb=1515553694,1516772121,1516938586,1517206225; REMEMBERME=VG9weGlhXFNlcnZpY2VcVXNlclxDdXJyZW50VXNlcjpOalE1TlRjNE9UWTBRSEZ4TG1OdmJRPT06MTU0ODkyODk1MTozZTE3ZGIxYzRjYzUzYWE4MmU2MjVlYjI3OTQxNTI3ZTIyZjUyYzYwMzFmZjNkNzI3MTdkODI4MzIxZTk0NmVk; CNZZDATA1256922974=1723540018-1514876107-%7C1517463005; isRememberedpwd=1; bdshare_firstime=1522317821515; Hm_lvt_ebb8ef3f6d57c4b17c15b95865c9c3fb=1522635670; account=96ddc5701568751f74ee783cd6a3c93d; userLog=96ddc5701568751f74ee783cd6a3c93d%2C21633303514a1d59cd6ce7ff120411b1; PHPSESSID=8tldtaner7581spk4t9cl9hcm0; thinkphp_show_page_trace=0|0; loginTime=1525424895',
  'accept-language' => 'zh-CN,zh;q=0.9',
  'accept-encoding' => 'gzip, deflate, br',
  'accept' => 'image/webp,image/apng,image/*,*/*;q=0.8',
  'connection' => 'keep-alive',
)
[ info ] [ PARAM ] array (
)
[ info ] [ LOG ] INIT File
---------------------------------------------------------------
[ 2018-05-04T19:08:41+08:00 ] 0.0.0.0 GET /admin
[ info ] localhost:7037/admin [运行时间：0.049304s][吞吐率：20.28req/s] [内存消耗：1,672.98kb] [文件加载：41]
[ info ] [ LANG ] D:\workLP\20180502\judeng\wwwroot\thinkphp\lang\zh-cn.php
[ info ] [ BIND ] 'home'
[ info ] [ ROUTE ] array (
  'type' => 'module',
  'module' => 
  array (
    0 => 'home',
    1 => 'admin',
    2 => NULL,
  ),
)
[ info ] [ HEADER ] array (
  'content-type' => '',
  'content-length' => '0',
  'x-original-url' => '/admin',
  'upgrade-insecure-requests' => '1',
  'user-agent' => 'Mozilla/5.0 (Windows NT 10.0; Win64; x64) AppleWebKit/537.36 (KHTML, like Gecko) Chrome/66.0.3359.139 Safari/537.36',
  'host' => 'localhost:7037',
  'cookie' => 'UM_distinctid=160b5c52e97c7-0a812a97ee4d36-e323462-1fa400-160b5c52e9a107; CNZZDATA1000308349=1622381418-1516928585-%7C1516934020; Hm_lvt_5dd55c6682e0c7d344e29e785f9de1bb=1515553694,1516772121,1516938586,1517206225; REMEMBERME=VG9weGlhXFNlcnZpY2VcVXNlclxDdXJyZW50VXNlcjpOalE1TlRjNE9UWTBRSEZ4TG1OdmJRPT06MTU0ODkyODk1MTozZTE3ZGIxYzRjYzUzYWE4MmU2MjVlYjI3OTQxNTI3ZTIyZjUyYzYwMzFmZjNkNzI3MTdkODI4MzIxZTk0NmVk; CNZZDATA1256922974=1723540018-1514876107-%7C1517463005; isRememberedpwd=1; bdshare_firstime=1522317821515; Hm_lvt_ebb8ef3f6d57c4b17c15b95865c9c3fb=1522635670; account=96ddc5701568751f74ee783cd6a3c93d; userLog=96ddc5701568751f74ee783cd6a3c93d%2C21633303514a1d59cd6ce7ff120411b1; PHPSESSID=8tldtaner7581spk4t9cl9hcm0; thinkphp_show_page_trace=0|0; loginTime=1525424895',
  'accept-language' => 'zh-CN,zh;q=0.9',
  'accept-encoding' => 'gzip, deflate, br',
  'accept' => 'text/html,application/xhtml+xml,application/xml;q=0.9,image/webp,image/apng,*/*;q=0.8',
  'connection' => 'keep-alive',
)
[ info ] [ PARAM ] array (
)
[ info ] [ LOG ] INIT File
---------------------------------------------------------------
[ 2018-05-04T19:08:48+08:00 ] 0.0.0.0 GET /
[ info ] localhost:7037/ [运行时间：0.039117s][吞吐率：25.56req/s] [内存消耗：1,627.13kb] [文件加载：38]
[ info ] [ LANG ] D:\workLP\20180502\judeng\wwwroot\thinkphp\lang\zh-cn.php
[ info ] [ BIND ] 'home'
[ info ] [ ROUTE ] array (
  'type' => 'module',
  'module' => 
  array (
    0 => 'home',
    1 => NULL,
    2 => NULL,
  ),
)
[ info ] [ HEADER ] array (
  'content-type' => '',
  'content-length' => '0',
  'upgrade-insecure-requests' => '1',
  'user-agent' => 'Mozilla/5.0 (Windows NT 10.0; Win64; x64) AppleWebKit/537.36 (KHTML, like Gecko) Chrome/66.0.3359.139 Safari/537.36',
  'host' => 'localhost:7037',
  'cookie' => 'UM_distinctid=160b5c52e97c7-0a812a97ee4d36-e323462-1fa400-160b5c52e9a107; CNZZDATA1000308349=1622381418-1516928585-%7C1516934020; Hm_lvt_5dd55c6682e0c7d344e29e785f9de1bb=1515553694,1516772121,1516938586,1517206225; REMEMBERME=VG9weGlhXFNlcnZpY2VcVXNlclxDdXJyZW50VXNlcjpOalE1TlRjNE9UWTBRSEZ4TG1OdmJRPT06MTU0ODkyODk1MTozZTE3ZGIxYzRjYzUzYWE4MmU2MjVlYjI3OTQxNTI3ZTIyZjUyYzYwMzFmZjNkNzI3MTdkODI4MzIxZTk0NmVk; CNZZDATA1256922974=1723540018-1514876107-%7C1517463005; isRememberedpwd=1; bdshare_firstime=1522317821515; Hm_lvt_ebb8ef3f6d57c4b17c15b95865c9c3fb=1522635670; account=96ddc5701568751f74ee783cd6a3c93d; userLog=96ddc5701568751f74ee783cd6a3c93d%2C21633303514a1d59cd6ce7ff120411b1; PHPSESSID=8tldtaner7581spk4t9cl9hcm0; thinkphp_show_page_trace=0|0; loginTime=1525424895',
  'accept-language' => 'zh-CN,zh;q=0.9',
  'accept-encoding' => 'gzip, deflate, br',
  'accept' => 'text/html,application/xhtml+xml,application/xml;q=0.9,image/webp,image/apng,*/*;q=0.8',
  'connection' => 'keep-alive',
)
[ info ] [ PARAM ] array (
)
[ info ] [ RUN ] app\home\controller\Index->index[ D:\workLP\20180502\judeng\wwwroot\application\home\controller\Index.php ]
[ info ] [ LOG ] INIT File
