---------------------------------------------------------------
[ 2018-05-19T14:00:53+08:00 ] 0.0.0.0 POST /certified/addCertifie
[ info ] localhost:7037/certified/addCertifie [运行时间：0.555362s][吞吐率：1.80req/s] [内存消耗：3,034.64kb] [文件加载：54]
[ info ] [ LANG ] D:\workLP\20180502\judeng\wwwroot\thinkphp\lang\zh-cn.php
[ info ] [ BIND ] 'home'
[ info ] [ ROUTE ] array (
  'type' => 'module',
  'module' => 
  array (
    0 => 'home',
    1 => 'certified',
    2 => 'addCertifie',
  ),
)
[ info ] [ HEADER ] array (
  'content-type' => 'multipart/form-data; boundary=----WebKitFormBoundary2nvh9uUQo9BaesJV',
  'content-length' => '1970',
  'x-original-url' => '/certified/addCertifie',
  'postman-token' => '2319e997-e0d6-bf05-6989-b02cb31e4fca',
  'origin' => 'chrome-extension://fhbjgbiflinjbdggehcddcbncdddomop',
  'user-agent' => 'Mozilla/5.0 (Windows NT 10.0; Win64; x64) AppleWebKit/537.36 (KHTML, like Gecko) Chrome/66.0.3359.139 Safari/537.36',
  'host' => 'localhost:7037',
  'accept-language' => 'zh-CN,zh;q=0.9',
  'accept-encoding' => 'gzip, deflate, br',
  'accept' => '*/*',
  'connection' => 'keep-alive',
  'cache-control' => 'no-cache',
)
[ info ] [ PARAM ] array (
  'member_id' => '2',
  'face_photo' => '',
  'job_pic1' => '',
  'job_pic2' => '',
  'tech_pic1' => '',
  'tech_pic2' => '',
  'true_name' => '涂革',
  'sex' => '1',
  'birthday' => '1112225553',
  'idcode' => '421124199209286019',
  'hospital_id' => '6',
  'title_id' => '15',
  'hospital_repart_str' => '12',
  'goodat_id' => '25,26,27',
  'introduction' => '你好, 我叫涂革',
  'bank_id' => '4',
  'deposit_name' => '涂革',
  'deposit_number' => '777888999',
  'mobile' => '15021039435',
)
[ info ] [ RUN ] app\home\controller\Certified->addCertifie[ D:\workLP\20180502\judeng\wwwroot\application\home\controller\Certified.php ]
[ info ] [ DB ] INIT mysql
[ info ] [ LOG ] INIT File
[ sql ] [ DB ] CONNECT:[ UseTime:0.165629s ] mysql:host=39.105.19.169;port=3306;dbname=judeng;charset=utf8
[ sql ] [ SQL ] SHOW COLUMNS FROM `jd_doctor` [ RunTime:0.109104s ]
[ sql ] [ SQL ] SELECT * FROM `jd_doctor` WHERE  `member_id` = 2 LIMIT 1 [ RunTime:0.116584s ]
[ error ] [8]未定义数组索引: only_token[D:\workLP\20180502\judeng\wwwroot\application\common.php:82]
---------------------------------------------------------------
[ 2018-05-19T16:05:56+08:00 ] 0.0.0.0 POST /member/getDoctorInfo
[ info ] localhost:7037/member/getDoctorInfo [运行时间：0.712772s][吞吐率：1.40req/s] [内存消耗：3,005.28kb] [文件加载：51]
[ info ] [ LANG ] D:\workLP\20180502\judeng\wwwroot\thinkphp\lang\zh-cn.php
[ info ] [ BIND ] 'home'
[ info ] [ ROUTE ] array (
  'type' => 'module',
  'module' => 
  array (
    0 => 'home',
    1 => 'member',
    2 => 'getDoctorInfo',
  ),
)
[ info ] [ HEADER ] array (
  'content-type' => 'multipart/form-data; boundary=----WebKitFormBoundaryiNzcY34f1YAgRf5d',
  'content-length' => '254',
  'x-original-url' => '/member/getDoctorInfo',
  'postman-token' => 'cce91c86-bb97-126f-13bd-10ccb3abcb38',
  'origin' => 'chrome-extension://fhbjgbiflinjbdggehcddcbncdddomop',
  'user-agent' => 'Mozilla/5.0 (Windows NT 10.0; Win64; x64) AppleWebKit/537.36 (KHTML, like Gecko) Chrome/66.0.3359.139 Safari/537.36',
  'host' => 'localhost:7037',
  'accept-language' => 'zh-CN,zh;q=0.9',
  'accept-encoding' => 'gzip, deflate, br',
  'accept' => '*/*',
  'connection' => 'keep-alive',
  'cache-control' => 'no-cache',
)
[ info ] [ PARAM ] array (
  'member_id' => '4',
  'only_token' => '1525679145Omj*yI',
)
[ info ] [ RUN ] app\home\controller\Member->getDoctorInfo[ D:\workLP\20180502\judeng\wwwroot\application\home\controller\Member.php ]
[ info ] [ DB ] INIT mysql
[ info ] [ LOG ] INIT File
[ sql ] [ DB ] CONNECT:[ UseTime:0.277007s ] mysql:host=39.105.19.169;port=3306;dbname=judeng;charset=utf8
[ sql ] [ SQL ] SHOW COLUMNS FROM `jd_doctor` [ RunTime:0.110684s ]
[ sql ] [ SQL ] SELECT `d`.*,`t`.`title_name`,`a`.`name`,`h`.`hospital_name` FROM `jd_doctor` `d` LEFT JOIN `jd_title` `t` ON `d`.`title_id`=`t`.`title_id` LEFT JOIN `jd_area` `a` ON `d`.`area_id`=`a`.`area_id` LEFT JOIN `jd_hospital` `h` ON `d`.`hospital_id`=`h`.`hospital_id` WHERE  `member_id` = 4 LIMIT 1 [ RunTime:0.114526s ]
[ sql ] [ SQL ] SELECT COUNT(*) AS tp_count FROM `jd_doctor` WHERE  `only_token` = '1525679145Omj*yI'  AND `is_status` = 0 LIMIT 1 [ RunTime:0.113281s ]
---------------------------------------------------------------
[ 2018-05-19T18:21:21+08:00 ] 0.0.0.0 POST /inherit/allInheritList
[ info ] localhost:7037/inherit/allInheritList [运行时间：1.038307s][吞吐率：0.96req/s] [内存消耗：3,062.98kb] [文件加载：54]
[ info ] [ LANG ] D:\workLP\20180502\judeng\wwwroot\thinkphp\lang\zh-cn.php
[ info ] [ BIND ] 'home'
[ info ] [ ROUTE ] array (
  'type' => 'module',
  'module' => 
  array (
    0 => 'home',
    1 => 'inherit',
    2 => 'allInheritList',
  ),
)
[ info ] [ HEADER ] array (
  'content-type' => 'multipart/form-data; boundary=----WebKitFormBoundaryOBlBjIFOmhCmMrdJ',
  'content-length' => '141',
  'x-original-url' => '/inherit/allInheritList',
  'postman-token' => '36aba9e4-97df-e64c-0650-6f4334a88406',
  'origin' => 'chrome-extension://fhbjgbiflinjbdggehcddcbncdddomop',
  'user-agent' => 'Mozilla/5.0 (Windows NT 10.0; Win64; x64) AppleWebKit/537.36 (KHTML, like Gecko) Chrome/66.0.3359.139 Safari/537.36',
  'host' => 'localhost:7037',
  'accept-language' => 'zh-CN,zh;q=0.9',
  'accept-encoding' => 'gzip, deflate, br',
  'accept' => '*/*',
  'connection' => 'keep-alive',
  'cache-control' => 'no-cache',
)
[ info ] [ PARAM ] array (
  'member_id' => '2',
)
[ info ] [ RUN ] app\home\controller\Inherit->allInheritList[ D:\workLP\20180502\judeng\wwwroot\application\home\controller\Inherit.php ]
[ info ] [ DB ] INIT mysql
[ info ] [ LOG ] INIT File
[ sql ] [ DB ] CONNECT:[ UseTime:0.256109s ] mysql:host=39.105.19.169;port=3306;dbname=judeng;charset=utf8
[ sql ] [ SQL ] SHOW COLUMNS FROM `jd_inherit_doctor` [ RunTime:0.106381s ]
[ sql ] [ SQL ] SELECT `id`.`inherit_doctor_id`,`id`.`inherit_id`,`i`.`inherit_name`,`i`.`service_str`,`i`.`banner`,`i`.`is_recommend`,`i`.`intro`,`d`.`member_id`,`d`.`member_name`,`d`.`title_str` FROM `jd_inherit_doctor` `id` INNER JOIN `jd_inherit` `i` ON `id`.`inherit_id`=`i`.`inherit_id` INNER JOIN `jd_doctor` `d` ON `id`.`member_id`=`d`.`member_id` WHERE  (  (id.member_id = 2) AND id.is_checked = 1 ) ORDER BY id.add_date DESC [ RunTime:0.099062s ]
[ sql ] [ SQL ] SHOW COLUMNS FROM `jd_special` [ RunTime:0.100479s ]
[ sql ] [ SQL ] SELECT `special_name` FROM `jd_special` WHERE  (  is_display = 1 AND inherit_id = 2 ) ORDER BY sort DESC [ RunTime:0.100160s ]
[ sql ] [ SQL ] SELECT `id`.`inherit_doctor_id`,`id`.`inherit_id`,`i`.`inherit_name`,`i`.`service_str`,`i`.`banner`,`i`.`is_recommend`,`i`.`intro`,`d`.`member_id`,`d`.`member_name`,`d`.`title_str` FROM `jd_inherit_doctor` `id` INNER JOIN `jd_inherit` `i` ON `id`.`inherit_id`=`i`.`inherit_id` INNER JOIN `jd_doctor` `d` ON `i`.`member_id`=`d`.`member_id` WHERE  (  (id.member_id != 2 AND id.parent_id != 2) AND id.is_checked = 1 ) ORDER BY id.add_date DESC [ RunTime:0.100410s ]
[ sql ] [ SQL ] SELECT `special_name` FROM `jd_special` WHERE  (  is_display = 1 AND inherit_id = 3 ) ORDER BY sort DESC [ RunTime:0.100906s ]
[ sql ] [ SQL ] SELECT `special_name` FROM `jd_special` WHERE  (  is_display = 1 AND inherit_id = 3 ) ORDER BY sort DESC [ RunTime:0.101286s ]
[ error ] [8]未定义数组索引: only_token[D:\workLP\20180502\judeng\wwwroot\application\common.php:82]
---------------------------------------------------------------
[ 2018-05-19T19:51:25+08:00 ] 0.0.0.0 POST /inherit/allInheritList
[ info ] localhost:7037/inherit/allInheritList [运行时间：1.206989s][吞吐率：0.83req/s] [内存消耗：3,063.77kb] [文件加载：54]
[ info ] [ LANG ] D:\workLP\20180502\judeng\wwwroot\thinkphp\lang\zh-cn.php
[ info ] [ BIND ] 'home'
[ info ] [ ROUTE ] array (
  'type' => 'module',
  'module' => 
  array (
    0 => 'home',
    1 => 'inherit',
    2 => 'allInheritList',
  ),
)
[ info ] [ HEADER ] array (
  'content-type' => 'multipart/form-data; boundary=----WebKitFormBoundaryqKEPb0jdrf20BU1E',
  'content-length' => '141',
  'x-original-url' => '/inherit/allInheritList',
  'postman-token' => '68d83f56-3441-1e21-5190-16de37fdee4f',
  'origin' => 'chrome-extension://fhbjgbiflinjbdggehcddcbncdddomop',
  'user-agent' => 'Mozilla/5.0 (Windows NT 10.0; Win64; x64) AppleWebKit/537.36 (KHTML, like Gecko) Chrome/66.0.3359.139 Safari/537.36',
  'host' => 'localhost:7037',
  'accept-language' => 'zh-CN,zh;q=0.9',
  'accept-encoding' => 'gzip, deflate, br',
  'accept' => '*/*',
  'connection' => 'keep-alive',
  'cache-control' => 'no-cache',
)
[ info ] [ PARAM ] array (
  'member_id' => '2',
)
[ info ] [ RUN ] app\home\controller\Inherit->allInheritList[ D:\workLP\20180502\judeng\wwwroot\application\home\controller\Inherit.php ]
[ info ] [ DB ] INIT mysql
[ info ] [ LOG ] INIT File
[ sql ] [ DB ] CONNECT:[ UseTime:0.228022s ] mysql:host=39.105.19.169;port=3306;dbname=judeng;charset=utf8
[ sql ] [ SQL ] SHOW COLUMNS FROM `jd_inherit_doctor` [ RunTime:0.106120s ]
[ sql ] [ SQL ] SELECT `id`.`inherit_doctor_id`,`id`.`inherit_id`,`i`.`inherit_name`,`i`.`service_str`,`i`.`banner`,`i`.`is_recommend`,`i`.`intro`,`d`.`member_id`,`d`.`member_name`,`d`.`title_str` FROM `jd_inherit_doctor` `id` INNER JOIN `jd_inherit` `i` ON `id`.`inherit_id`=`i`.`inherit_id` INNER JOIN `jd_doctor` `d` ON `id`.`member_id`=`d`.`member_id` WHERE  (  (id.member_id = 2) AND id.is_checked = 1 ) ORDER BY id.add_date DESC [ RunTime:0.142814s ]
[ sql ] [ SQL ] SHOW COLUMNS FROM `jd_special` [ RunTime:0.114119s ]
[ sql ] [ SQL ] SELECT `special_name` FROM `jd_special` WHERE  (  is_display = 1 AND inherit_id = 2 ) ORDER BY sort DESC [ RunTime:0.136080s ]
[ sql ] [ SQL ] SELECT `id`.`inherit_doctor_id`,`id`.`inherit_id`,`i`.`inherit_name`,`i`.`service_str`,`i`.`banner`,`i`.`is_recommend`,`i`.`intro`,`d`.`member_id`,`d`.`member_name`,`d`.`title_str` FROM `jd_inherit_doctor` `id` INNER JOIN `jd_inherit` `i` ON `id`.`inherit_id`=`i`.`inherit_id` INNER JOIN `jd_doctor` `d` ON `i`.`member_id`=`d`.`member_id` WHERE  (  (id.member_id != 2 AND id.parent_id != 2) AND id.is_checked = 1 ) ORDER BY id.add_date DESC [ RunTime:0.169174s ]
[ sql ] [ SQL ] SELECT `special_name` FROM `jd_special` WHERE  (  is_display = 1 AND inherit_id = 3 ) ORDER BY sort DESC [ RunTime:0.116022s ]
[ sql ] [ SQL ] SELECT `special_name` FROM `jd_special` WHERE  (  is_display = 1 AND inherit_id = 3 ) ORDER BY sort DESC [ RunTime:0.122668s ]
[ error ] [8]未定义数组索引: only_token[D:\workLP\20180502\judeng\wwwroot\application\common.php:82]
---------------------------------------------------------------
[ 2018-05-19T22:25:19+08:00 ] 0.0.0.0 POST /inherit/allInheritList
[ info ] localhost:7037/inherit/allInheritList [运行时间：1.415847s][吞吐率：0.71req/s] [内存消耗：3,071.89kb] [文件加载：54]
[ info ] [ LANG ] D:\workLP\20180502\judeng\wwwroot\thinkphp\lang\zh-cn.php
[ info ] [ BIND ] 'home'
[ info ] [ ROUTE ] array (
  'type' => 'module',
  'module' => 
  array (
    0 => 'home',
    1 => 'inherit',
    2 => 'allInheritList',
  ),
)
[ info ] [ HEADER ] array (
  'content-type' => 'multipart/form-data; boundary=----WebKitFormBoundaryzqgjvRrG0FnmwGFD',
  'content-length' => '141',
  'x-original-url' => '/inherit/allInheritList',
  'postman-token' => '8db87c07-5b25-ab56-f85f-6bb8001deefc',
  'origin' => 'chrome-extension://fhbjgbiflinjbdggehcddcbncdddomop',
  'user-agent' => 'Mozilla/5.0 (Windows NT 10.0; Win64; x64) AppleWebKit/537.36 (KHTML, like Gecko) Chrome/66.0.3359.139 Safari/537.36',
  'host' => 'localhost:7037',
  'accept-language' => 'zh-CN,zh;q=0.9',
  'accept-encoding' => 'gzip, deflate, br',
  'accept' => '*/*',
  'connection' => 'keep-alive',
  'cache-control' => 'no-cache',
)
[ info ] [ PARAM ] array (
  'member_id' => '2',
)
[ info ] [ RUN ] app\home\controller\Inherit->allInheritList[ D:\workLP\20180502\judeng\wwwroot\application\home\controller\Inherit.php ]
[ info ] [ DB ] INIT mysql
[ info ] [ LOG ] INIT File
[ sql ] [ DB ] CONNECT:[ UseTime:0.248519s ] mysql:host=39.105.19.169;port=3306;dbname=judeng;charset=utf8
[ sql ] [ SQL ] SHOW COLUMNS FROM `jd_inherit_doctor` [ RunTime:0.129550s ]
[ sql ] [ SQL ] SELECT `id`.`inherit_doctor_id`,`id`.`inherit_id`,`i`.`inherit_name`,`i`.`service_str`,`i`.`banner`,`i`.`is_recommend`,`i`.`school_id`,`i`.`intro`,`d`.`member_id`,`d`.`member_name`,`d`.`title_str` FROM `jd_inherit_doctor` `id` INNER JOIN `jd_inherit` `i` ON `id`.`inherit_id`=`i`.`inherit_id` INNER JOIN `jd_doctor` `d` ON `id`.`member_id`=`d`.`member_id` WHERE  (  (id.member_id = 2) AND id.is_checked = 1 ) ORDER BY id.add_date DESC [ RunTime:0.131718s ]
[ sql ] [ SQL ] SHOW COLUMNS FROM `jd_special` [ RunTime:0.174692s ]
[ sql ] [ SQL ] SELECT `special_name` FROM `jd_special` WHERE  (  is_display = 1 AND inherit_id = 2 ) ORDER BY sort DESC [ RunTime:0.075134s ]
[ sql ] [ SQL ] SHOW COLUMNS FROM `jd_school` [ RunTime:0.089928s ]
[ sql ] [ SQL ] SELECT `school_name` FROM `jd_school` WHERE  (  is_display = 1 AND school_id = 0 ) ORDER BY sort DESC LIMIT 1 [ RunTime:0.126726s ]
[ sql ] [ SQL ] SELECT `id`.`inherit_doctor_id`,`id`.`inherit_id`,`i`.`inherit_name`,`i`.`service_str`,`i`.`banner`,`i`.`is_recommend`,`i`.`intro`,`d`.`member_id`,`d`.`member_name`,`d`.`title_str` FROM `jd_inherit_doctor` `id` INNER JOIN `jd_inherit` `i` ON `id`.`inherit_id`=`i`.`inherit_id` INNER JOIN `jd_doctor` `d` ON `i`.`member_id`=`d`.`member_id` WHERE  (  (id.member_id != 2 AND id.parent_id != 2) AND id.is_checked = 1 ) ORDER BY id.add_date DESC [ RunTime:0.120905s ]
[ sql ] [ SQL ] SELECT `special_name` FROM `jd_special` WHERE  (  is_display = 1 AND inherit_id = 3 ) ORDER BY sort DESC [ RunTime:0.126551s ]
[ sql ] [ SQL ] SELECT `special_name` FROM `jd_special` WHERE  (  is_display = 1 AND inherit_id = 3 ) ORDER BY sort DESC [ RunTime:0.118509s ]
[ error ] [8]未定义数组索引: only_token[D:\workLP\20180502\judeng\wwwroot\application\common.php:82]
---------------------------------------------------------------
[ 2018-05-19T22:26:26+08:00 ] 0.0.0.0 POST /inherit/allInheritList
[ info ] localhost:7037/inherit/allInheritList [运行时间：1.608731s][吞吐率：0.62req/s] [内存消耗：3,072.24kb] [文件加载：54]
[ info ] [ LANG ] D:\workLP\20180502\judeng\wwwroot\thinkphp\lang\zh-cn.php
[ info ] [ BIND ] 'home'
[ info ] [ ROUTE ] array (
  'type' => 'module',
  'module' => 
  array (
    0 => 'home',
    1 => 'inherit',
    2 => 'allInheritList',
  ),
)
[ info ] [ HEADER ] array (
  'content-type' => 'multipart/form-data; boundary=----WebKitFormBoundary972Z8jPNUkNCAhcm',
  'content-length' => '141',
  'x-original-url' => '/inherit/allInheritList',
  'postman-token' => '672d594a-9149-6faf-6ccb-2fd0bcae8b4c',
  'origin' => 'chrome-extension://fhbjgbiflinjbdggehcddcbncdddomop',
  'user-agent' => 'Mozilla/5.0 (Windows NT 10.0; Win64; x64) AppleWebKit/537.36 (KHTML, like Gecko) Chrome/66.0.3359.139 Safari/537.36',
  'host' => 'localhost:7037',
  'accept-language' => 'zh-CN,zh;q=0.9',
  'accept-encoding' => 'gzip, deflate, br',
  'accept' => '*/*',
  'connection' => 'keep-alive',
  'cache-control' => 'no-cache',
)
[ info ] [ PARAM ] array (
  'member_id' => '2',
)
[ info ] [ RUN ] app\home\controller\Inherit->allInheritList[ D:\workLP\20180502\judeng\wwwroot\application\home\controller\Inherit.php ]
[ info ] [ DB ] INIT mysql
[ info ] [ LOG ] INIT File
[ sql ] [ DB ] CONNECT:[ UseTime:0.293822s ] mysql:host=39.105.19.169;port=3306;dbname=judeng;charset=utf8
[ sql ] [ SQL ] SHOW COLUMNS FROM `jd_inherit_doctor` [ RunTime:0.131272s ]
[ sql ] [ SQL ] SELECT `id`.`inherit_doctor_id`,`id`.`inherit_id`,`i`.`inherit_name`,`i`.`service_str`,`i`.`banner`,`i`.`is_recommend`,`i`.`school_id`,`i`.`intro`,`d`.`member_id`,`d`.`member_name`,`d`.`title_str` FROM `jd_inherit_doctor` `id` INNER JOIN `jd_inherit` `i` ON `id`.`inherit_id`=`i`.`inherit_id` INNER JOIN `jd_doctor` `d` ON `id`.`member_id`=`d`.`member_id` WHERE  (  (id.member_id = 2) AND id.is_checked = 1 ) ORDER BY id.add_date DESC [ RunTime:0.116476s ]
[ sql ] [ SQL ] SHOW COLUMNS FROM `jd_special` [ RunTime:0.134130s ]
[ sql ] [ SQL ] SELECT `special_name` FROM `jd_special` WHERE  (  is_display = 1 AND inherit_id = 2 ) ORDER BY sort DESC [ RunTime:0.201500s ]
[ sql ] [ SQL ] SHOW COLUMNS FROM `jd_school` [ RunTime:0.139357s ]
[ sql ] [ SQL ] SELECT `school_name` FROM `jd_school` WHERE  (  is_display = 1 AND school_id = 2 ) ORDER BY sort DESC LIMIT 1 [ RunTime:0.158962s ]
[ sql ] [ SQL ] SELECT `id`.`inherit_doctor_id`,`id`.`inherit_id`,`i`.`inherit_name`,`i`.`service_str`,`i`.`banner`,`i`.`is_recommend`,`i`.`intro`,`d`.`member_id`,`d`.`member_name`,`d`.`title_str` FROM `jd_inherit_doctor` `id` INNER JOIN `jd_inherit` `i` ON `id`.`inherit_id`=`i`.`inherit_id` INNER JOIN `jd_doctor` `d` ON `i`.`member_id`=`d`.`member_id` WHERE  (  (id.member_id != 2 AND id.parent_id != 2) AND id.is_checked = 1 ) ORDER BY id.add_date DESC [ RunTime:0.129488s ]
[ sql ] [ SQL ] SELECT `special_name` FROM `jd_special` WHERE  (  is_display = 1 AND inherit_id = 3 ) ORDER BY sort DESC [ RunTime:0.103934s ]
[ sql ] [ SQL ] SELECT `special_name` FROM `jd_special` WHERE  (  is_display = 1 AND inherit_id = 3 ) ORDER BY sort DESC [ RunTime:0.131824s ]
[ error ] [8]未定义数组索引: only_token[D:\workLP\20180502\judeng\wwwroot\application\common.php:82]
---------------------------------------------------------------
[ 2018-05-19T22:27:05+08:00 ] 0.0.0.0 POST /inherit/allInheritList
[ info ] localhost:7037/inherit/allInheritList [运行时间：1.483558s][吞吐率：0.67req/s] [内存消耗：3,072.24kb] [文件加载：54]
[ info ] [ LANG ] D:\workLP\20180502\judeng\wwwroot\thinkphp\lang\zh-cn.php
[ info ] [ BIND ] 'home'
[ info ] [ ROUTE ] array (
  'type' => 'module',
  'module' => 
  array (
    0 => 'home',
    1 => 'inherit',
    2 => 'allInheritList',
  ),
)
[ info ] [ HEADER ] array (
  'content-type' => 'multipart/form-data; boundary=----WebKitFormBoundaryUNDtnSNnk7A3yMV1',
  'content-length' => '141',
  'x-original-url' => '/inherit/allInheritList',
  'postman-token' => 'de2a0720-a348-b846-da79-95c001ef75d5',
  'origin' => 'chrome-extension://fhbjgbiflinjbdggehcddcbncdddomop',
  'user-agent' => 'Mozilla/5.0 (Windows NT 10.0; Win64; x64) AppleWebKit/537.36 (KHTML, like Gecko) Chrome/66.0.3359.139 Safari/537.36',
  'host' => 'localhost:7037',
  'accept-language' => 'zh-CN,zh;q=0.9',
  'accept-encoding' => 'gzip, deflate, br',
  'accept' => '*/*',
  'connection' => 'keep-alive',
  'cache-control' => 'no-cache',
)
[ info ] [ PARAM ] array (
  'member_id' => '2',
)
[ info ] [ RUN ] app\home\controller\Inherit->allInheritList[ D:\workLP\20180502\judeng\wwwroot\application\home\controller\Inherit.php ]
[ info ] [ DB ] INIT mysql
[ info ] [ LOG ] INIT File
[ sql ] [ DB ] CONNECT:[ UseTime:0.195280s ] mysql:host=39.105.19.169;port=3306;dbname=judeng;charset=utf8
[ sql ] [ SQL ] SHOW COLUMNS FROM `jd_inherit_doctor` [ RunTime:0.086534s ]
[ sql ] [ SQL ] SELECT `id`.`inherit_doctor_id`,`id`.`inherit_id`,`i`.`inherit_name`,`i`.`service_str`,`i`.`banner`,`i`.`is_recommend`,`i`.`school_id`,`i`.`intro`,`d`.`member_id`,`d`.`member_name`,`d`.`title_str` FROM `jd_inherit_doctor` `id` INNER JOIN `jd_inherit` `i` ON `id`.`inherit_id`=`i`.`inherit_id` INNER JOIN `jd_doctor` `d` ON `id`.`member_id`=`d`.`member_id` WHERE  (  (id.member_id = 2) AND id.is_checked = 1 ) ORDER BY id.add_date DESC [ RunTime:0.148553s ]
[ sql ] [ SQL ] SHOW COLUMNS FROM `jd_special` [ RunTime:0.113645s ]
[ sql ] [ SQL ] SELECT `special_name` FROM `jd_special` WHERE  (  is_display = 1 AND inherit_id = 2 ) ORDER BY sort DESC [ RunTime:0.127337s ]
[ sql ] [ SQL ] SHOW COLUMNS FROM `jd_school` [ RunTime:0.148101s ]
[ sql ] [ SQL ] SELECT `school_name` FROM `jd_school` WHERE  (  is_display = 1 AND school_id = 2 ) ORDER BY sort DESC LIMIT 1 [ RunTime:0.162543s ]
[ sql ] [ SQL ] SELECT `id`.`inherit_doctor_id`,`id`.`inherit_id`,`i`.`inherit_name`,`i`.`service_str`,`i`.`banner`,`i`.`is_recommend`,`i`.`intro`,`d`.`member_id`,`d`.`member_name`,`d`.`title_str` FROM `jd_inherit_doctor` `id` INNER JOIN `jd_inherit` `i` ON `id`.`inherit_id`=`i`.`inherit_id` INNER JOIN `jd_doctor` `d` ON `i`.`member_id`=`d`.`member_id` WHERE  (  (id.member_id != 2 AND id.parent_id != 2) AND id.is_checked = 1 ) ORDER BY id.add_date DESC [ RunTime:0.138948s ]
[ sql ] [ SQL ] SELECT `special_name` FROM `jd_special` WHERE  (  is_display = 1 AND inherit_id = 3 ) ORDER BY sort DESC [ RunTime:0.151600s ]
[ sql ] [ SQL ] SELECT `special_name` FROM `jd_special` WHERE  (  is_display = 1 AND inherit_id = 3 ) ORDER BY sort DESC [ RunTime:0.136524s ]
[ error ] [8]未定义数组索引: only_token[D:\workLP\20180502\judeng\wwwroot\application\common.php:82]
---------------------------------------------------------------
[ 2018-05-19T22:28:19+08:00 ] 0.0.0.0 POST /member/getDoctorInfo
[ info ] localhost:7037/member/getDoctorInfo [运行时间：0.582089s][吞吐率：1.72req/s] [内存消耗：3,005.28kb] [文件加载：51]
[ info ] [ LANG ] D:\workLP\20180502\judeng\wwwroot\thinkphp\lang\zh-cn.php
[ info ] [ BIND ] 'home'
[ info ] [ ROUTE ] array (
  'type' => 'module',
  'module' => 
  array (
    0 => 'home',
    1 => 'member',
    2 => 'getDoctorInfo',
  ),
)
[ info ] [ HEADER ] array (
  'content-type' => 'multipart/form-data; boundary=----WebKitFormBoundarytOzOw6obhalJCHnU',
  'content-length' => '254',
  'x-original-url' => '/member/getDoctorInfo',
  'postman-token' => '01b699ea-14d5-e71d-64e3-a6cdcbe61c75',
  'origin' => 'chrome-extension://fhbjgbiflinjbdggehcddcbncdddomop',
  'user-agent' => 'Mozilla/5.0 (Windows NT 10.0; Win64; x64) AppleWebKit/537.36 (KHTML, like Gecko) Chrome/66.0.3359.139 Safari/537.36',
  'host' => 'localhost:7037',
  'accept-language' => 'zh-CN,zh;q=0.9',
  'accept-encoding' => 'gzip, deflate, br',
  'accept' => '*/*',
  'connection' => 'keep-alive',
  'cache-control' => 'no-cache',
)
[ info ] [ PARAM ] array (
  'member_id' => '4',
  'only_token' => '1525679145Omj*yI',
)
[ info ] [ RUN ] app\home\controller\Member->getDoctorInfo[ D:\workLP\20180502\judeng\wwwroot\application\home\controller\Member.php ]
[ info ] [ DB ] INIT mysql
[ info ] [ LOG ] INIT File
[ sql ] [ DB ] CONNECT:[ UseTime:0.165518s ] mysql:host=39.105.19.169;port=3306;dbname=judeng;charset=utf8
[ sql ] [ SQL ] SHOW COLUMNS FROM `jd_doctor` [ RunTime:0.099445s ]
[ sql ] [ SQL ] SELECT `d`.*,`t`.`title_name`,`a`.`name`,`h`.`hospital_name` FROM `jd_doctor` `d` LEFT JOIN `jd_title` `t` ON `d`.`title_id`=`t`.`title_id` LEFT JOIN `jd_area` `a` ON `d`.`area_id`=`a`.`area_id` LEFT JOIN `jd_hospital` `h` ON `d`.`hospital_id`=`h`.`hospital_id` WHERE  `member_id` = 4 LIMIT 1 [ RunTime:0.125394s ]
[ sql ] [ SQL ] SELECT COUNT(*) AS tp_count FROM `jd_doctor` WHERE  `only_token` = '1525679145Omj*yI'  AND `is_status` = 0 LIMIT 1 [ RunTime:0.124827s ]
---------------------------------------------------------------
[ 2018-05-19T22:36:27+08:00 ] 0.0.0.0 POST /member/getDoctorInfo
[ info ] localhost:7037/member/getDoctorInfo [运行时间：0.668539s][吞吐率：1.50req/s] [内存消耗：3,005.80kb] [文件加载：51]
[ info ] [ LANG ] D:\workLP\20180502\judeng\wwwroot\thinkphp\lang\zh-cn.php
[ info ] [ BIND ] 'home'
[ info ] [ ROUTE ] array (
  'type' => 'module',
  'module' => 
  array (
    0 => 'home',
    1 => 'member',
    2 => 'getDoctorInfo',
  ),
)
[ info ] [ HEADER ] array (
  'content-type' => 'multipart/form-data; boundary=----WebKitFormBoundaryY7yAxQVaIBNRcGSu',
  'content-length' => '254',
  'x-original-url' => '/member/getDoctorInfo',
  'postman-token' => '9236801d-e18f-f6fa-db45-c6598abb83ce',
  'origin' => 'chrome-extension://fhbjgbiflinjbdggehcddcbncdddomop',
  'user-agent' => 'Mozilla/5.0 (Windows NT 10.0; Win64; x64) AppleWebKit/537.36 (KHTML, like Gecko) Chrome/66.0.3359.139 Safari/537.36',
  'host' => 'localhost:7037',
  'accept-language' => 'zh-CN,zh;q=0.9',
  'accept-encoding' => 'gzip, deflate, br',
  'accept' => '*/*',
  'connection' => 'keep-alive',
  'cache-control' => 'no-cache',
)
[ info ] [ PARAM ] array (
  'member_id' => '4',
  'only_token' => '1525679145Omj*yI',
)
[ info ] [ RUN ] app\home\controller\Member->getDoctorInfo[ D:\workLP\20180502\judeng\wwwroot\application\home\controller\Member.php ]
[ info ] [ DB ] INIT mysql
[ info ] [ LOG ] INIT File
[ sql ] [ DB ] CONNECT:[ UseTime:0.255013s ] mysql:host=39.105.19.169;port=3306;dbname=judeng;charset=utf8
[ sql ] [ SQL ] SHOW COLUMNS FROM `jd_doctor` [ RunTime:0.115559s ]
[ sql ] [ SQL ] SELECT `d`.*,`t`.`title_name`,`a`.`name`,`h`.`hospital_name` FROM `jd_doctor` `d` LEFT JOIN `jd_title` `t` ON `d`.`title_id`=`t`.`title_id` LEFT JOIN `jd_area` `a` ON `d`.`area_id`=`a`.`area_id` LEFT JOIN `jd_hospital` `h` ON `d`.`hospital_id`=`h`.`hospital_id` WHERE  `member_id` = 4 LIMIT 1 [ RunTime:0.114383s ]
[ sql ] [ SQL ] SELECT COUNT(*) AS tp_count FROM `jd_doctor` WHERE  `only_token` = '1525679145Omj*yI'  AND `is_status` = 0 LIMIT 1 [ RunTime:0.109726s ]
---------------------------------------------------------------
[ 2018-05-19T22:37:56+08:00 ] 0.0.0.0 POST /inherit/allInheritList
[ info ] localhost:7037/inherit/allInheritList [运行时间：2.159069s][吞吐率：0.46req/s] [内存消耗：3,072.24kb] [文件加载：54]
[ info ] [ LANG ] D:\workLP\20180502\judeng\wwwroot\thinkphp\lang\zh-cn.php
[ info ] [ BIND ] 'home'
[ info ] [ ROUTE ] array (
  'type' => 'module',
  'module' => 
  array (
    0 => 'home',
    1 => 'inherit',
    2 => 'allInheritList',
  ),
)
[ info ] [ HEADER ] array (
  'content-type' => 'multipart/form-data; boundary=----WebKitFormBoundaryRv7uiBACrwTuG6dU',
  'content-length' => '141',
  'x-original-url' => '/inherit/allInheritList',
  'postman-token' => '0674f89d-de3e-d437-bcec-9a4063091544',
  'origin' => 'chrome-extension://fhbjgbiflinjbdggehcddcbncdddomop',
  'user-agent' => 'Mozilla/5.0 (Windows NT 10.0; Win64; x64) AppleWebKit/537.36 (KHTML, like Gecko) Chrome/66.0.3359.139 Safari/537.36',
  'host' => 'localhost:7037',
  'accept-language' => 'zh-CN,zh;q=0.9',
  'accept-encoding' => 'gzip, deflate, br',
  'accept' => '*/*',
  'connection' => 'keep-alive',
  'cache-control' => 'no-cache',
)
[ info ] [ PARAM ] array (
  'member_id' => '2',
)
[ info ] [ RUN ] app\home\controller\Inherit->allInheritList[ D:\workLP\20180502\judeng\wwwroot\application\home\controller\Inherit.php ]
[ info ] [ DB ] INIT mysql
[ info ] [ LOG ] INIT File
[ sql ] [ DB ] CONNECT:[ UseTime:0.249695s ] mysql:host=39.105.19.169;port=3306;dbname=judeng;charset=utf8
[ sql ] [ SQL ] SHOW COLUMNS FROM `jd_inherit_doctor` [ RunTime:0.141843s ]
[ sql ] [ SQL ] SELECT `id`.`inherit_doctor_id`,`id`.`inherit_id`,`i`.`inherit_name`,`i`.`service_str`,`i`.`banner`,`i`.`is_recommend`,`i`.`school_id`,`i`.`intro`,`d`.`member_id`,`d`.`member_name`,`d`.`title_str` FROM `jd_inherit_doctor` `id` INNER JOIN `jd_inherit` `i` ON `id`.`inherit_id`=`i`.`inherit_id` INNER JOIN `jd_doctor` `d` ON `id`.`member_id`=`d`.`member_id` WHERE  (  (id.member_id = 2) AND id.is_checked = 1 ) ORDER BY id.add_date DESC [ RunTime:0.132970s ]
[ sql ] [ SQL ] SHOW COLUMNS FROM `jd_special` [ RunTime:0.112839s ]
[ sql ] [ SQL ] SELECT `special_name` FROM `jd_special` WHERE  (  is_display = 1 AND inherit_id = 2 ) ORDER BY sort DESC [ RunTime:0.137117s ]
[ sql ] [ SQL ] SHOW COLUMNS FROM `jd_school` [ RunTime:0.587442s ]
[ sql ] [ SQL ] SELECT `school_name` FROM `jd_school` WHERE  (  is_display = 1 AND school_id = 2 ) ORDER BY sort DESC LIMIT 1 [ RunTime:0.107888s ]
[ sql ] [ SQL ] SELECT `id`.`inherit_doctor_id`,`id`.`inherit_id`,`i`.`inherit_name`,`i`.`service_str`,`i`.`banner`,`i`.`is_recommend`,`i`.`intro`,`d`.`member_id`,`d`.`member_name`,`d`.`title_str` FROM `jd_inherit_doctor` `id` INNER JOIN `jd_inherit` `i` ON `id`.`inherit_id`=`i`.`inherit_id` INNER JOIN `jd_doctor` `d` ON `i`.`member_id`=`d`.`member_id` WHERE  (  (id.member_id != 2 AND id.parent_id != 2) AND id.is_checked = 1 ) ORDER BY id.add_date DESC [ RunTime:0.122026s ]
[ sql ] [ SQL ] SELECT `special_name` FROM `jd_special` WHERE  (  is_display = 1 AND inherit_id = 3 ) ORDER BY sort DESC [ RunTime:0.365894s ]
[ sql ] [ SQL ] SELECT `special_name` FROM `jd_special` WHERE  (  is_display = 1 AND inherit_id = 3 ) ORDER BY sort DESC [ RunTime:0.127356s ]
[ error ] [8]未定义数组索引: only_token[D:\workLP\20180502\judeng\wwwroot\application\common.php:82]
---------------------------------------------------------------
[ 2018-05-19T22:42:02+08:00 ] 0.0.0.0 POST /inherit/allInheritList
[ info ] localhost:7037/inherit/allInheritList [运行时间：1.567196s][吞吐率：0.64req/s] [内存消耗：3,076.86kb] [文件加载：54]
[ info ] [ LANG ] D:\workLP\20180502\judeng\wwwroot\thinkphp\lang\zh-cn.php
[ info ] [ BIND ] 'home'
[ info ] [ ROUTE ] array (
  'type' => 'module',
  'module' => 
  array (
    0 => 'home',
    1 => 'inherit',
    2 => 'allInheritList',
  ),
)
[ info ] [ HEADER ] array (
  'content-type' => 'multipart/form-data; boundary=----WebKitFormBoundaryGly4vitIVu1pMORW',
  'content-length' => '141',
  'x-original-url' => '/inherit/allInheritList',
  'postman-token' => '3f8e09be-7ac8-b20d-a151-6609e76563a7',
  'origin' => 'chrome-extension://fhbjgbiflinjbdggehcddcbncdddomop',
  'user-agent' => 'Mozilla/5.0 (Windows NT 10.0; Win64; x64) AppleWebKit/537.36 (KHTML, like Gecko) Chrome/66.0.3359.139 Safari/537.36',
  'host' => 'localhost:7037',
  'accept-language' => 'zh-CN,zh;q=0.9',
  'accept-encoding' => 'gzip, deflate, br',
  'accept' => '*/*',
  'connection' => 'keep-alive',
  'cache-control' => 'no-cache',
)
[ info ] [ PARAM ] array (
  'member_id' => '2',
)
[ info ] [ RUN ] app\home\controller\Inherit->allInheritList[ D:\workLP\20180502\judeng\wwwroot\application\home\controller\Inherit.php ]
[ info ] [ DB ] INIT mysql
[ info ] [ LOG ] INIT File
[ sql ] [ DB ] CONNECT:[ UseTime:0.252081s ] mysql:host=39.105.19.169;port=3306;dbname=judeng;charset=utf8
[ sql ] [ SQL ] SHOW COLUMNS FROM `jd_inherit_doctor` [ RunTime:0.124334s ]
[ sql ] [ SQL ] SELECT `id`.`inherit_doctor_id`,`id`.`inherit_id`,`i`.`inherit_name`,`i`.`service_str`,`i`.`banner`,`i`.`is_recommend`,`i`.`school_id`,`i`.`intro`,`d`.`member_id`,`d`.`member_name`,`d`.`title_str` FROM `jd_inherit_doctor` `id` INNER JOIN `jd_inherit` `i` ON `id`.`inherit_id`=`i`.`inherit_id` INNER JOIN `jd_doctor` `d` ON `id`.`member_id`=`d`.`member_id` WHERE  (  (id.member_id = 2) AND id.is_checked = 1 ) ORDER BY id.add_date DESC [ RunTime:0.125500s ]
[ sql ] [ SQL ] SHOW COLUMNS FROM `jd_special` [ RunTime:0.103388s ]
[ sql ] [ SQL ] SELECT `special_name` FROM `jd_special` WHERE  (  is_display = 1 AND inherit_id = 2 ) ORDER BY sort DESC [ RunTime:0.113766s ]
[ sql ] [ SQL ] SHOW COLUMNS FROM `jd_school` [ RunTime:0.123572s ]
[ sql ] [ SQL ] SELECT `school_name` FROM `jd_school` WHERE  (  is_display = 1 AND school_id = 2 ) ORDER BY sort DESC LIMIT 1 [ RunTime:0.108442s ]
[ sql ] [ SQL ] SELECT `id`.`inherit_doctor_id`,`id`.`inherit_id`,`i`.`inherit_name`,`i`.`service_str`,`i`.`banner`,`i`.`is_recommend`,`i`.`intro`,`i`.`school_id`,`d`.`member_id`,`d`.`member_name`,`d`.`title_str` FROM `jd_inherit_doctor` `id` INNER JOIN `jd_inherit` `i` ON `id`.`inherit_id`=`i`.`inherit_id` INNER JOIN `jd_doctor` `d` ON `i`.`member_id`=`d`.`member_id` WHERE  (  (id.member_id != 2 AND id.parent_id != 2) AND id.is_checked = 1 ) ORDER BY id.add_date DESC [ RunTime:0.108043s ]
[ sql ] [ SQL ] SELECT `special_name` FROM `jd_special` WHERE  (  is_display = 1 AND inherit_id = 3 ) ORDER BY sort DESC [ RunTime:0.107413s ]
[ sql ] [ SQL ] SELECT `school_name` FROM `jd_school` WHERE  (  is_display = 1 AND school_id = 3 ) ORDER BY sort DESC LIMIT 1 [ RunTime:0.095109s ]
[ sql ] [ SQL ] SELECT `special_name` FROM `jd_special` WHERE  (  is_display = 1 AND inherit_id = 3 ) ORDER BY sort DESC [ RunTime:0.119754s ]
[ sql ] [ SQL ] SELECT `school_name` FROM `jd_school` WHERE  (  is_display = 1 AND school_id = 3 ) ORDER BY sort DESC LIMIT 1 [ RunTime:0.107574s ]
[ error ] [8]未定义数组索引: only_token[D:\workLP\20180502\judeng\wwwroot\application\common.php:82]
---------------------------------------------------------------
[ 2018-05-19T22:43:10+08:00 ] 0.0.0.0 POST /inherit/allInheritList
[ info ] localhost:7037/inherit/allInheritList [运行时间：1.451625s][吞吐率：0.69req/s] [内存消耗：3,077.24kb] [文件加载：54]
[ info ] [ LANG ] D:\workLP\20180502\judeng\wwwroot\thinkphp\lang\zh-cn.php
[ info ] [ BIND ] 'home'
[ info ] [ ROUTE ] array (
  'type' => 'module',
  'module' => 
  array (
    0 => 'home',
    1 => 'inherit',
    2 => 'allInheritList',
  ),
)
[ info ] [ HEADER ] array (
  'content-type' => 'multipart/form-data; boundary=----WebKitFormBoundarymJEnJxNt02t7RX2l',
  'content-length' => '141',
  'x-original-url' => '/inherit/allInheritList',
  'postman-token' => '0c6f06bd-613e-1197-b07f-7f1bfe873514',
  'origin' => 'chrome-extension://fhbjgbiflinjbdggehcddcbncdddomop',
  'user-agent' => 'Mozilla/5.0 (Windows NT 10.0; Win64; x64) AppleWebKit/537.36 (KHTML, like Gecko) Chrome/66.0.3359.139 Safari/537.36',
  'host' => 'localhost:7037',
  'accept-language' => 'zh-CN,zh;q=0.9',
  'accept-encoding' => 'gzip, deflate, br',
  'accept' => '*/*',
  'connection' => 'keep-alive',
  'cache-control' => 'no-cache',
)
[ info ] [ PARAM ] array (
  'member_id' => '2',
)
[ info ] [ RUN ] app\home\controller\Inherit->allInheritList[ D:\workLP\20180502\judeng\wwwroot\application\home\controller\Inherit.php ]
[ info ] [ DB ] INIT mysql
[ info ] [ LOG ] INIT File
[ sql ] [ DB ] CONNECT:[ UseTime:0.162098s ] mysql:host=39.105.19.169;port=3306;dbname=judeng;charset=utf8
[ sql ] [ SQL ] SHOW COLUMNS FROM `jd_inherit_doctor` [ RunTime:0.091534s ]
[ sql ] [ SQL ] SELECT `id`.`inherit_doctor_id`,`id`.`inherit_id`,`i`.`inherit_name`,`i`.`service_str`,`i`.`banner`,`i`.`is_recommend`,`i`.`school_id`,`i`.`intro`,`d`.`member_id`,`d`.`member_name`,`d`.`title_str` FROM `jd_inherit_doctor` `id` INNER JOIN `jd_inherit` `i` ON `id`.`inherit_id`=`i`.`inherit_id` INNER JOIN `jd_doctor` `d` ON `id`.`member_id`=`d`.`member_id` WHERE  (  (id.member_id = 2) AND id.is_checked = 1 ) ORDER BY id.add_date DESC [ RunTime:0.071613s ]
[ sql ] [ SQL ] SHOW COLUMNS FROM `jd_special` [ RunTime:0.094493s ]
[ sql ] [ SQL ] SELECT `special_name` FROM `jd_special` WHERE  (  is_display = 1 AND inherit_id = 2 ) ORDER BY sort DESC [ RunTime:0.107858s ]
[ sql ] [ SQL ] SHOW COLUMNS FROM `jd_school` [ RunTime:0.118300s ]
[ sql ] [ SQL ] SELECT `school_name` FROM `jd_school` WHERE  (  is_display = 1 AND school_id = 2 ) ORDER BY sort DESC LIMIT 1 [ RunTime:0.135691s ]
[ sql ] [ SQL ] SELECT `id`.`inherit_doctor_id`,`id`.`inherit_id`,`i`.`inherit_name`,`i`.`service_str`,`i`.`banner`,`i`.`is_recommend`,`i`.`intro`,`i`.`school_id`,`d`.`member_id`,`d`.`member_name`,`d`.`title_str` FROM `jd_inherit_doctor` `id` INNER JOIN `jd_inherit` `i` ON `id`.`inherit_id`=`i`.`inherit_id` INNER JOIN `jd_doctor` `d` ON `i`.`member_id`=`d`.`member_id` WHERE  (  (id.member_id != 2 AND id.parent_id != 2) AND id.is_checked = 1 ) ORDER BY id.add_date DESC [ RunTime:0.150859s ]
[ sql ] [ SQL ] SELECT `special_name` FROM `jd_special` WHERE  (  is_display = 1 AND inherit_id = 3 ) ORDER BY sort DESC [ RunTime:0.112241s ]
[ sql ] [ SQL ] SELECT `school_name` FROM `jd_school` WHERE  (  is_display = 1 AND school_id = 3 ) ORDER BY sort DESC LIMIT 1 [ RunTime:0.108311s ]
[ sql ] [ SQL ] SELECT `special_name` FROM `jd_special` WHERE  (  is_display = 1 AND inherit_id = 3 ) ORDER BY sort DESC [ RunTime:0.111362s ]
[ sql ] [ SQL ] SELECT `school_name` FROM `jd_school` WHERE  (  is_display = 1 AND school_id = 3 ) ORDER BY sort DESC LIMIT 1 [ RunTime:0.111173s ]
[ error ] [8]未定义数组索引: only_token[D:\workLP\20180502\judeng\wwwroot\application\common.php:82]
---------------------------------------------------------------
[ 2018-05-19T22:43:54+08:00 ] 0.0.0.0 POST /inherit/allInheritList
[ info ] localhost:7037/inherit/allInheritList [运行时间：1.954055s][吞吐率：0.51req/s] [内存消耗：3,077.30kb] [文件加载：54]
[ info ] [ LANG ] D:\workLP\20180502\judeng\wwwroot\thinkphp\lang\zh-cn.php
[ info ] [ BIND ] 'home'
[ info ] [ ROUTE ] array (
  'type' => 'module',
  'module' => 
  array (
    0 => 'home',
    1 => 'inherit',
    2 => 'allInheritList',
  ),
)
[ info ] [ HEADER ] array (
  'content-type' => 'multipart/form-data; boundary=----WebKitFormBoundaryhoaSK4ywjWTnsjtV',
  'content-length' => '141',
  'x-original-url' => '/inherit/allInheritList',
  'postman-token' => '971cf7a8-0d74-6b0d-4ef7-36ee314a5d33',
  'origin' => 'chrome-extension://fhbjgbiflinjbdggehcddcbncdddomop',
  'user-agent' => 'Mozilla/5.0 (Windows NT 10.0; Win64; x64) AppleWebKit/537.36 (KHTML, like Gecko) Chrome/66.0.3359.139 Safari/537.36',
  'host' => 'localhost:7037',
  'accept-language' => 'zh-CN,zh;q=0.9',
  'accept-encoding' => 'gzip, deflate, br',
  'accept' => '*/*',
  'connection' => 'keep-alive',
  'cache-control' => 'no-cache',
)
[ info ] [ PARAM ] array (
  'member_id' => '2',
)
[ info ] [ RUN ] app\home\controller\Inherit->allInheritList[ D:\workLP\20180502\judeng\wwwroot\application\home\controller\Inherit.php ]
[ info ] [ DB ] INIT mysql
[ info ] [ LOG ] INIT File
[ sql ] [ DB ] CONNECT:[ UseTime:0.171854s ] mysql:host=39.105.19.169;port=3306;dbname=judeng;charset=utf8
[ sql ] [ SQL ] SHOW COLUMNS FROM `jd_inherit_doctor` [ RunTime:0.111414s ]
[ sql ] [ SQL ] SELECT `id`.`inherit_doctor_id`,`id`.`inherit_id`,`i`.`inherit_name`,`i`.`service_str`,`i`.`banner`,`i`.`is_recommend`,`i`.`school_id`,`i`.`intro`,`d`.`member_id`,`d`.`member_name`,`d`.`title_str` FROM `jd_inherit_doctor` `id` INNER JOIN `jd_inherit` `i` ON `id`.`inherit_id`=`i`.`inherit_id` INNER JOIN `jd_doctor` `d` ON `id`.`member_id`=`d`.`member_id` WHERE  (  (id.member_id = 2) AND id.is_checked = 1 ) ORDER BY id.add_date DESC [ RunTime:0.120780s ]
[ sql ] [ SQL ] SHOW COLUMNS FROM `jd_special` [ RunTime:0.552095s ]
[ sql ] [ SQL ] SELECT `special_name` FROM `jd_special` WHERE  (  is_display = 1 AND inherit_id = 2 ) ORDER BY sort DESC [ RunTime:0.093536s ]
[ sql ] [ SQL ] SHOW COLUMNS FROM `jd_school` [ RunTime:0.121206s ]
[ sql ] [ SQL ] SELECT `school_name` FROM `jd_school` WHERE  (  is_display = 1 AND school_id = 2 ) ORDER BY sort DESC LIMIT 1 [ RunTime:0.116232s ]
[ sql ] [ SQL ] SELECT `id`.`inherit_doctor_id`,`id`.`inherit_id`,`i`.`inherit_name`,`i`.`service_str`,`i`.`banner`,`i`.`is_recommend`,`i`.`intro`,`i`.`school_id`,`d`.`member_id`,`d`.`member_name`,`d`.`title_str` FROM `jd_inherit_doctor` `id` INNER JOIN `jd_inherit` `i` ON `id`.`inherit_id`=`i`.`inherit_id` INNER JOIN `jd_doctor` `d` ON `i`.`member_id`=`d`.`member_id` WHERE  (  (id.member_id != 2 AND id.parent_id != 2) AND id.is_checked = 1 ) ORDER BY id.add_date DESC [ RunTime:0.109215s ]
[ sql ] [ SQL ] SELECT `special_name` FROM `jd_special` WHERE  (  is_display = 1 AND inherit_id = 3 ) ORDER BY sort DESC [ RunTime:0.115418s ]
[ sql ] [ SQL ] SELECT `school_name` FROM `jd_school` WHERE  (  is_display = 1 AND school_id = 3 ) ORDER BY sort DESC LIMIT 1 [ RunTime:0.106190s ]
[ sql ] [ SQL ] SELECT `special_name` FROM `jd_special` WHERE  (  is_display = 1 AND inherit_id = 3 ) ORDER BY sort DESC [ RunTime:0.144791s ]
[ sql ] [ SQL ] SELECT `school_name` FROM `jd_school` WHERE  (  is_display = 1 AND school_id = 3 ) ORDER BY sort DESC LIMIT 1 [ RunTime:0.114410s ]
[ error ] [8]未定义数组索引: only_token[D:\workLP\20180502\judeng\wwwroot\application\common.php:82]
