---------------------------------------------------------------
[ 2018-05-22T10:49:20+08:00 ] 0.0.0.0 POST /wx/getQrcode
[ info ] localhost:7037/wx/getQrcode [运行时间：0.067709s][吞吐率：14.77req/s] [内存消耗：2,294.44kb] [文件加载：42]
[ info ] [ LANG ] D:\workLP\20180502\judeng\wwwroot\thinkphp\lang\zh-cn.php
[ info ] [ BIND ] 'home'
[ info ] [ ROUTE ] array (
  'type' => 'module',
  'module' => 
  array (
    0 => 'home',
    1 => 'wx',
    2 => 'getQrcode',
  ),
)
[ info ] [ HEADER ] array (
  'content-type' => 'multipart/form-data; boundary=----WebKitFormBoundaryas1QHEMJRSiaQUMO',
  'content-length' => '141',
  'x-original-url' => '/wx/getQrcode',
  'postman-token' => 'af9fe7c3-c83b-2c9a-a5c7-1d2fc68c26ee',
  'origin' => 'chrome-extension://fhbjgbiflinjbdggehcddcbncdddomop',
  'user-agent' => 'Mozilla/5.0 (Windows NT 10.0; Win64; x64) AppleWebKit/537.36 (KHTML, like Gecko) Chrome/66.0.3359.139 Safari/537.36',
  'host' => 'localhost:7037',
  'accept-language' => 'zh-CN,zh;q=0.9',
  'accept-encoding' => 'gzip, deflate, br',
  'accept' => '*/*',
  'connection' => 'keep-alive',
  'cache-control' => 'no-cache',
)
[ info ] [ PARAM ] array (
  'doctor_id' => '2',
)
[ info ] [ RUN ] app\home\controller\Wx->getQrcode[ D:\workLP\20180502\judeng\wwwroot\application\home\controller\Wx.php ]
[ info ] [ LOG ] INIT File
---------------------------------------------------------------
[ 2018-05-22T10:49:34+08:00 ] 0.0.0.0 POST /wx/getQrcode
[ info ] localhost:7037/wx/getQrcode [运行时间：0.369625s][吞吐率：2.71req/s] [内存消耗：3,657.25kb] [文件加载：55]
[ info ] [ LANG ] D:\workLP\20180502\judeng\wwwroot\thinkphp\lang\zh-cn.php
[ info ] [ BIND ] 'home'
[ info ] [ ROUTE ] array (
  'type' => 'module',
  'module' => 
  array (
    0 => 'home',
    1 => 'wx',
    2 => 'getQrcode',
  ),
)
[ info ] [ HEADER ] array (
  'content-type' => 'multipart/form-data; boundary=----WebKitFormBoundaryBT2xA0u518frf8Us',
  'content-length' => '141',
  'x-original-url' => '/wx/getQrcode',
  'postman-token' => '7c694dd9-6b7a-1a5f-8099-fc9518bb069b',
  'origin' => 'chrome-extension://fhbjgbiflinjbdggehcddcbncdddomop',
  'user-agent' => 'Mozilla/5.0 (Windows NT 10.0; Win64; x64) AppleWebKit/537.36 (KHTML, like Gecko) Chrome/66.0.3359.139 Safari/537.36',
  'host' => 'localhost:7037',
  'accept-language' => 'zh-CN,zh;q=0.9',
  'accept-encoding' => 'gzip, deflate, br',
  'accept' => '*/*',
  'connection' => 'keep-alive',
  'cache-control' => 'no-cache',
)
[ info ] [ PARAM ] array (
  'doctor_id' => '2',
)
[ info ] [ RUN ] app\home\controller\Wx->getQrcode[ D:\workLP\20180502\judeng\wwwroot\application\home\controller\Wx.php ]
[ info ] [ DB ] INIT mysql
[ info ] [ LOG ] INIT File
[ sql ] [ DB ] CONNECT:[ UseTime:0.135284s ] mysql:host=39.105.19.169;port=3306;dbname=judeng;charset=utf8
[ sql ] [ SQL ] SHOW COLUMNS FROM `jd_wx_user` [ RunTime:0.054748s ]
[ sql ] [ SQL ] SELECT * FROM `jd_wx_user` LIMIT 1 [ RunTime:0.056956s ]
[ error ] [1]Call to undefined function app\home\controller\postJson()[D:\workLP\20180502\judeng\wwwroot\application\home\controller\Wx.php:26]
---------------------------------------------------------------
[ 2018-05-22T10:51:35+08:00 ] 0.0.0.0 POST /wx/getQrcode
[ info ] localhost:7037/wx/getQrcode [运行时间：0.296052s][吞吐率：3.38req/s] [内存消耗：3,455.30kb] [文件加载：49]
[ info ] [ LANG ] D:\workLP\20180502\judeng\wwwroot\thinkphp\lang\zh-cn.php
[ info ] [ BIND ] 'home'
[ info ] [ ROUTE ] array (
  'type' => 'module',
  'module' => 
  array (
    0 => 'home',
    1 => 'wx',
    2 => 'getQrcode',
  ),
)
[ info ] [ HEADER ] array (
  'content-type' => 'multipart/form-data; boundary=----WebKitFormBoundarycQCYkoSjcg3mRXOY',
  'content-length' => '141',
  'x-original-url' => '/wx/getQrcode',
  'postman-token' => '19819d66-eee6-02a4-0c3a-15a711034770',
  'origin' => 'chrome-extension://fhbjgbiflinjbdggehcddcbncdddomop',
  'user-agent' => 'Mozilla/5.0 (Windows NT 10.0; Win64; x64) AppleWebKit/537.36 (KHTML, like Gecko) Chrome/66.0.3359.139 Safari/537.36',
  'host' => 'localhost:7037',
  'accept-language' => 'zh-CN,zh;q=0.9',
  'accept-encoding' => 'gzip, deflate, br',
  'accept' => '*/*',
  'connection' => 'keep-alive',
  'cache-control' => 'no-cache',
)
[ info ] [ PARAM ] array (
  'doctor_id' => '2',
)
[ info ] [ RUN ] app\home\controller\Wx->getQrcode[ D:\workLP\20180502\judeng\wwwroot\application\home\controller\Wx.php ]
[ info ] [ DB ] INIT mysql
[ info ] [ LOG ] INIT File
[ sql ] [ DB ] CONNECT:[ UseTime:0.086202s ] mysql:host=39.105.19.169;port=3306;dbname=judeng;charset=utf8
[ sql ] [ SQL ] SHOW COLUMNS FROM `jd_wx_user` [ RunTime:0.057335s ]
[ sql ] [ SQL ] SELECT * FROM `jd_wx_user` LIMIT 1 [ RunTime:0.057917s ]
---------------------------------------------------------------
[ 2018-05-22T10:51:54+08:00 ] 0.0.0.0 POST /wx/getQrcode
[ info ] localhost:7037/wx/getQrcode [运行时间：1.240403s][吞吐率：0.81req/s] [内存消耗：3,550.16kb] [文件加载：52]
[ info ] [ LANG ] D:\workLP\20180502\judeng\wwwroot\thinkphp\lang\zh-cn.php
[ info ] [ BIND ] 'home'
[ info ] [ ROUTE ] array (
  'type' => 'module',
  'module' => 
  array (
    0 => 'home',
    1 => 'wx',
    2 => 'getQrcode',
  ),
)
[ info ] [ HEADER ] array (
  'content-type' => 'multipart/form-data; boundary=----WebKitFormBoundaryBhoHkE228duZ84qI',
  'content-length' => '141',
  'x-original-url' => '/wx/getQrcode',
  'postman-token' => 'cc1374d0-508b-4a5e-6389-65d181ad4871',
  'origin' => 'chrome-extension://fhbjgbiflinjbdggehcddcbncdddomop',
  'user-agent' => 'Mozilla/5.0 (Windows NT 10.0; Win64; x64) AppleWebKit/537.36 (KHTML, like Gecko) Chrome/66.0.3359.139 Safari/537.36',
  'host' => 'localhost:7037',
  'accept-language' => 'zh-CN,zh;q=0.9',
  'accept-encoding' => 'gzip, deflate, br',
  'accept' => '*/*',
  'connection' => 'keep-alive',
  'cache-control' => 'no-cache',
)
[ info ] [ PARAM ] array (
  'doctor_id' => '2',
)
[ info ] [ RUN ] app\home\controller\Wx->getQrcode[ D:\workLP\20180502\judeng\wwwroot\application\home\controller\Wx.php ]
[ info ] [ DB ] INIT mysql
[ info ] [ LOG ] INIT File
[ sql ] [ DB ] CONNECT:[ UseTime:0.083627s ] mysql:host=39.105.19.169;port=3306;dbname=judeng;charset=utf8
[ sql ] [ SQL ] SHOW COLUMNS FROM `jd_wx_user` [ RunTime:0.056503s ]
[ sql ] [ SQL ] SELECT * FROM `jd_wx_user` LIMIT 1 [ RunTime:0.057875s ]
[ error ] [8]未定义数组索引: only_token[D:\workLP\20180502\judeng\wwwroot\application\common.php:82]
---------------------------------------------------------------
[ 2018-05-22T11:04:40+08:00 ] 0.0.0.0 POST /member/forgetPsd
[ info ] localhost:7037/member/forgetPsd [运行时间：0.073110s][吞吐率：13.68req/s] [内存消耗：2,569.63kb] [文件加载：47]
[ info ] [ LANG ] D:\workLP\20180502\judeng\wwwroot\thinkphp\lang\zh-cn.php
[ info ] [ BIND ] 'home'
[ info ] [ ROUTE ] array (
  'type' => 'module',
  'module' => 
  array (
    0 => 'home',
    1 => 'member',
    2 => 'forgetPsd',
  ),
)
[ info ] [ HEADER ] array (
  'content-type' => 'multipart/form-data; boundary=----WebKitFormBoundaryiAe9owFArIyCKchT',
  'content-length' => '453',
  'x-original-url' => '/member/forgetPsd',
  'postman-token' => 'd3cab21f-0e40-6d29-a96d-ef0a8a77905e',
  'origin' => 'chrome-extension://fhbjgbiflinjbdggehcddcbncdddomop',
  'user-agent' => 'Mozilla/5.0 (Windows NT 10.0; Win64; x64) AppleWebKit/537.36 (KHTML, like Gecko) Chrome/66.0.3359.139 Safari/537.36',
  'host' => 'localhost:7037',
  'accept-language' => 'zh-CN,zh;q=0.9',
  'accept-encoding' => 'gzip, deflate, br',
  'accept' => '*/*',
  'connection' => 'keep-alive',
  'cache-control' => 'no-cache',
)
[ info ] [ PARAM ] array (
  'mobile' => '15021039435',
  'smscode' => '866816',
  'password' => '123123',
  'newPassword' => '123123',
)
[ info ] [ RUN ] app\home\controller\Member->forgetPsd[ D:\workLP\20180502\judeng\wwwroot\application\home\controller\Member.php ]
[ info ] [ LOG ] INIT File
[ error ] [8]A session had already been started - ignoring session_start()[D:\workLP\20180502\judeng\wwwroot\application\home\controller\Member.php:227]
[ error ] [8]未定义数组索引: tokencode[D:\workLP\20180502\judeng\wwwroot\application\home\controller\Member.php:228]
[ error ] [8]未定义数组索引: only_token[D:\workLP\20180502\judeng\wwwroot\application\common.php:82]
---------------------------------------------------------------
[ 2018-05-22T18:39:10+08:00 ] 0.0.0.0 POST /sale/walletLog
[ info ] localhost:7037/sale/walletLog [运行时间：0.285450s][吞吐率：3.50req/s] [内存消耗：3,578.57kb] [文件加载：54]
[ info ] [ LANG ] D:\workLP\20180502\judeng\wwwroot\thinkphp\lang\zh-cn.php
[ info ] [ BIND ] 'home'
[ info ] [ ROUTE ] array (
  'type' => 'module',
  'module' => 
  array (
    0 => 'home',
    1 => 'sale',
    2 => 'walletLog',
  ),
)
[ info ] [ HEADER ] array (
  'content-type' => 'multipart/form-data; boundary=----WebKitFormBoundaryCAcI4ZtXAXBzem3B',
  'content-length' => '141',
  'x-original-url' => '/sale/walletLog',
  'postman-token' => '2c7b9823-0e36-781e-c125-24ac8cf80b44',
  'origin' => 'chrome-extension://fhbjgbiflinjbdggehcddcbncdddomop',
  'user-agent' => 'Mozilla/5.0 (Windows NT 10.0; Win64; x64) AppleWebKit/537.36 (KHTML, like Gecko) Chrome/66.0.3359.139 Safari/537.36',
  'host' => 'localhost:7037',
  'cookie' => 'PHPSESSID=4huu0lb35aisgr6blhdbeuc7c4',
  'accept-language' => 'zh-CN,zh;q=0.9',
  'accept-encoding' => 'gzip, deflate, br',
  'accept' => '*/*',
  'connection' => 'keep-alive',
  'cache-control' => 'no-cache',
)
[ info ] [ PARAM ] array (
  'member_id' => '2',
)
[ info ] [ RUN ] app\home\controller\Sale->walletLog[ D:\workLP\20180502\judeng\wwwroot\application\home\controller\Sale.php ]
[ info ] [ DB ] INIT mysql
[ info ] [ LOG ] INIT File
[ sql ] [ DB ] CONNECT:[ UseTime:0.086385s ] mysql:host=39.105.19.169;port=3306;dbname=judeng;charset=utf8
[ sql ] [ SQL ] SHOW COLUMNS FROM `jd_wallet_log` [ RunTime:0.058950s ]
[ sql ] [ SQL ] SELECT * FROM `jd_wallet_log` WHERE  (  (member_id = 2) ) ORDER BY add_date DESC [ RunTime:0.059577s ]
[ error ] [8]未定义数组索引: only_token[D:\workLP\20180502\judeng\wwwroot\application\common.php:82]
---------------------------------------------------------------
[ 2018-05-22T22:46:38+08:00 ] 0.0.0.0 POST /member/getDoctorInfo
[ info ] localhost:7037/member/getDoctorInfo [运行时间：1.658921s][吞吐率：0.60req/s] [内存消耗：3,878.04kb] [文件加载：59]
[ info ] [ LANG ] D:\workLP\20180502\judeng\wwwroot\thinkphp\lang\zh-cn.php
[ info ] [ BIND ] 'home'
[ info ] [ ROUTE ] array (
  'type' => 'module',
  'module' => 
  array (
    0 => 'home',
    1 => 'member',
    2 => 'getDoctorInfo',
  ),
)
[ info ] [ HEADER ] array (
  'content-type' => 'multipart/form-data; boundary=----WebKitFormBoundaryHBuZtTkgw3VTUArC',
  'content-length' => '254',
  'x-original-url' => '/member/getDoctorInfo',
  'postman-token' => '2bb221c4-fa9e-94c1-7b4b-2e41a05088cc',
  'origin' => 'chrome-extension://fhbjgbiflinjbdggehcddcbncdddomop',
  'user-agent' => 'Mozilla/5.0 (Windows NT 10.0; Win64; x64) AppleWebKit/537.36 (KHTML, like Gecko) Chrome/66.0.3359.139 Safari/537.36',
  'host' => 'localhost:7037',
  'cookie' => 'PHPSESSID=4huu0lb35aisgr6blhdbeuc7c4',
  'accept-language' => 'zh-CN,zh;q=0.9',
  'accept-encoding' => 'gzip, deflate, br',
  'accept' => '*/*',
  'connection' => 'keep-alive',
  'cache-control' => 'no-cache',
)
[ info ] [ PARAM ] array (
  'member_id' => '4',
  'only_token' => '1525679145Omj*yI',
)
[ info ] [ RUN ] app\home\controller\Member->getDoctorInfo[ D:\workLP\20180502\judeng\wwwroot\application\home\controller\Member.php ]
[ info ] [ DB ] INIT mysql
[ info ] [ LOG ] INIT File
[ sql ] [ DB ] CONNECT:[ UseTime:0.529023s ] mysql:host=39.105.19.169;port=3306;dbname=judeng;charset=utf8
[ sql ] [ SQL ] SHOW COLUMNS FROM `jd_doctor` [ RunTime:0.177890s ]
[ sql ] [ SQL ] SELECT `d`.*,`t`.`title_name`,`a`.`name`,`h`.`hospital_name` FROM `jd_doctor` `d` LEFT JOIN `jd_title` `t` ON `d`.`title_id`=`t`.`title_id` LEFT JOIN `jd_area` `a` ON `d`.`area_id`=`a`.`area_id` LEFT JOIN `jd_hospital` `h` ON `d`.`hospital_id`=`h`.`hospital_id` WHERE  `member_id` = 4 LIMIT 1 [ RunTime:0.267808s ]
[ sql ] [ SQL ] SHOW COLUMNS FROM `jd_order` [ RunTime:0.163272s ]
[ error ] [8]未定义数组索引: doctor_id[D:\workLP\20180502\judeng\wwwroot\application\home\controller\Member.php:520]
[ error ] [10501]SQLSTATE[42000]: Syntax error or access violation: 1064 You have an error in your SQL syntax; check the manual that corresponds to your MySQL server version for the right syntax to use near ') LIMIT 1' at line 1[D:\workLP\20180502\judeng\wwwroot\thinkphp\library\think\db\Connection.php:388]
---------------------------------------------------------------
[ 2018-05-22T22:49:52+08:00 ] 0.0.0.0 POST /member/getDoctorInfo
[ info ] localhost:7037/member/getDoctorInfo [运行时间：1.807019s][吞吐率：0.55req/s] [内存消耗：3,878.44kb] [文件加载：59]
[ info ] [ LANG ] D:\workLP\20180502\judeng\wwwroot\thinkphp\lang\zh-cn.php
[ info ] [ BIND ] 'home'
[ info ] [ ROUTE ] array (
  'type' => 'module',
  'module' => 
  array (
    0 => 'home',
    1 => 'member',
    2 => 'getDoctorInfo',
  ),
)
[ info ] [ HEADER ] array (
  'content-type' => 'multipart/form-data; boundary=----WebKitFormBoundaryGKSleNW4GJCfC4Za',
  'content-length' => '254',
  'x-original-url' => '/member/getDoctorInfo',
  'postman-token' => '687d974d-2128-adc6-f6ba-dfb789b10da9',
  'origin' => 'chrome-extension://fhbjgbiflinjbdggehcddcbncdddomop',
  'user-agent' => 'Mozilla/5.0 (Windows NT 10.0; Win64; x64) AppleWebKit/537.36 (KHTML, like Gecko) Chrome/66.0.3359.139 Safari/537.36',
  'host' => 'localhost:7037',
  'cookie' => 'PHPSESSID=4huu0lb35aisgr6blhdbeuc7c4',
  'accept-language' => 'zh-CN,zh;q=0.9',
  'accept-encoding' => 'gzip, deflate, br',
  'accept' => '*/*',
  'connection' => 'keep-alive',
  'cache-control' => 'no-cache',
)
[ info ] [ PARAM ] array (
  'member_id' => '4',
  'only_token' => '1525679145Omj*yI',
)
[ info ] [ RUN ] app\home\controller\Member->getDoctorInfo[ D:\workLP\20180502\judeng\wwwroot\application\home\controller\Member.php ]
[ info ] [ DB ] INIT mysql
[ info ] [ LOG ] INIT File
[ sql ] [ DB ] CONNECT:[ UseTime:0.277621s ] mysql:host=39.105.19.169;port=3306;dbname=judeng;charset=utf8
[ sql ] [ SQL ] SHOW COLUMNS FROM `jd_doctor` [ RunTime:0.169788s ]
[ sql ] [ SQL ] SELECT `d`.*,`t`.`title_name`,`a`.`name`,`h`.`hospital_name` FROM `jd_doctor` `d` LEFT JOIN `jd_title` `t` ON `d`.`title_id`=`t`.`title_id` LEFT JOIN `jd_area` `a` ON `d`.`area_id`=`a`.`area_id` LEFT JOIN `jd_hospital` `h` ON `d`.`hospital_id`=`h`.`hospital_id` WHERE  `member_id` = 4 LIMIT 1 [ RunTime:0.609003s ]
[ sql ] [ SQL ] SHOW COLUMNS FROM `jd_order` [ RunTime:0.278208s ]
[ error ] [8]未定义数组索引: doctor_id[D:\workLP\20180502\judeng\wwwroot\application\home\controller\Member.php:520]
[ error ] [10501]SQLSTATE[42000]: Syntax error or access violation: 1064 You have an error in your SQL syntax; check the manual that corresponds to your MySQL server version for the right syntax to use near ') LIMIT 1' at line 1[D:\workLP\20180502\judeng\wwwroot\thinkphp\library\think\db\Connection.php:388]
---------------------------------------------------------------
[ 2018-05-22T22:49:58+08:00 ] 0.0.0.0 POST /member/getDoctorInfo
[ info ] localhost:7037/member/getDoctorInfo [运行时间：1.773858s][吞吐率：0.56req/s] [内存消耗：3,878.44kb] [文件加载：59]
[ info ] [ LANG ] D:\workLP\20180502\judeng\wwwroot\thinkphp\lang\zh-cn.php
[ info ] [ BIND ] 'home'
[ info ] [ ROUTE ] array (
  'type' => 'module',
  'module' => 
  array (
    0 => 'home',
    1 => 'member',
    2 => 'getDoctorInfo',
  ),
)
[ info ] [ HEADER ] array (
  'content-type' => 'multipart/form-data; boundary=----WebKitFormBoundary6sg8ApwF1SWBfMGR',
  'content-length' => '254',
  'x-original-url' => '/member/getDoctorInfo',
  'postman-token' => 'fbd3d0e6-dfcb-5be4-92f1-3f5d5d38d8d5',
  'origin' => 'chrome-extension://fhbjgbiflinjbdggehcddcbncdddomop',
  'user-agent' => 'Mozilla/5.0 (Windows NT 10.0; Win64; x64) AppleWebKit/537.36 (KHTML, like Gecko) Chrome/66.0.3359.139 Safari/537.36',
  'host' => 'localhost:7037',
  'cookie' => 'PHPSESSID=4huu0lb35aisgr6blhdbeuc7c4',
  'accept-language' => 'zh-CN,zh;q=0.9',
  'accept-encoding' => 'gzip, deflate, br',
  'accept' => '*/*',
  'connection' => 'keep-alive',
  'cache-control' => 'no-cache',
)
[ info ] [ PARAM ] array (
  'member_id' => '4',
  'only_token' => '1525679145Omj*yI',
)
[ info ] [ RUN ] app\home\controller\Member->getDoctorInfo[ D:\workLP\20180502\judeng\wwwroot\application\home\controller\Member.php ]
[ info ] [ DB ] INIT mysql
[ info ] [ LOG ] INIT File
[ sql ] [ DB ] CONNECT:[ UseTime:0.235270s ] mysql:host=39.105.19.169;port=3306;dbname=judeng;charset=utf8
[ sql ] [ SQL ] SHOW COLUMNS FROM `jd_doctor` [ RunTime:0.193733s ]
[ sql ] [ SQL ] SELECT `d`.*,`t`.`title_name`,`a`.`name`,`h`.`hospital_name` FROM `jd_doctor` `d` LEFT JOIN `jd_title` `t` ON `d`.`title_id`=`t`.`title_id` LEFT JOIN `jd_area` `a` ON `d`.`area_id`=`a`.`area_id` LEFT JOIN `jd_hospital` `h` ON `d`.`hospital_id`=`h`.`hospital_id` WHERE  `member_id` = 4 LIMIT 1 [ RunTime:0.463138s ]
[ sql ] [ SQL ] SHOW COLUMNS FROM `jd_order` [ RunTime:0.164406s ]
[ error ] [8]未定义数组索引: doctor_id[D:\workLP\20180502\judeng\wwwroot\application\home\controller\Member.php:520]
[ error ] [10501]SQLSTATE[42000]: Syntax error or access violation: 1064 You have an error in your SQL syntax; check the manual that corresponds to your MySQL server version for the right syntax to use near ') LIMIT 1' at line 1[D:\workLP\20180502\judeng\wwwroot\thinkphp\library\think\db\Connection.php:388]
---------------------------------------------------------------
[ 2018-05-22T22:50:12+08:00 ] 0.0.0.0 POST /member/getDoctorInfo
[ info ] localhost:7037/member/getDoctorInfo [运行时间：1.138630s][吞吐率：0.88req/s] [内存消耗：3,711.55kb] [文件加载：51]
[ info ] [ LANG ] D:\workLP\20180502\judeng\wwwroot\thinkphp\lang\zh-cn.php
[ info ] [ BIND ] 'home'
[ info ] [ ROUTE ] array (
  'type' => 'module',
  'module' => 
  array (
    0 => 'home',
    1 => 'member',
    2 => 'getDoctorInfo',
  ),
)
[ info ] [ HEADER ] array (
  'content-type' => 'multipart/form-data; boundary=----WebKitFormBoundaryF3bTa6bPUKOQuxgE',
  'content-length' => '254',
  'x-original-url' => '/member/getDoctorInfo',
  'postman-token' => 'bf3dbe69-3572-4556-7c26-444980af6109',
  'origin' => 'chrome-extension://fhbjgbiflinjbdggehcddcbncdddomop',
  'user-agent' => 'Mozilla/5.0 (Windows NT 10.0; Win64; x64) AppleWebKit/537.36 (KHTML, like Gecko) Chrome/66.0.3359.139 Safari/537.36',
  'host' => 'localhost:7037',
  'cookie' => 'PHPSESSID=4huu0lb35aisgr6blhdbeuc7c4',
  'accept-language' => 'zh-CN,zh;q=0.9',
  'accept-encoding' => 'gzip, deflate, br',
  'accept' => '*/*',
  'connection' => 'keep-alive',
  'cache-control' => 'no-cache',
)
[ info ] [ PARAM ] array (
  'member_id' => '4',
  'only_token' => '1525679145Omj*yI',
)
[ info ] [ RUN ] app\home\controller\Member->getDoctorInfo[ D:\workLP\20180502\judeng\wwwroot\application\home\controller\Member.php ]
[ info ] [ DB ] INIT mysql
[ info ] [ LOG ] INIT File
[ sql ] [ DB ] CONNECT:[ UseTime:0.362423s ] mysql:host=39.105.19.169;port=3306;dbname=judeng;charset=utf8
[ sql ] [ SQL ] SHOW COLUMNS FROM `jd_doctor` [ RunTime:0.160516s ]
[ sql ] [ SQL ] SELECT `d`.*,`t`.`title_name`,`a`.`name`,`h`.`hospital_name` FROM `jd_doctor` `d` LEFT JOIN `jd_title` `t` ON `d`.`title_id`=`t`.`title_id` LEFT JOIN `jd_area` `a` ON `d`.`area_id`=`a`.`area_id` LEFT JOIN `jd_hospital` `h` ON `d`.`hospital_id`=`h`.`hospital_id` WHERE  `member_id` = 4 LIMIT 1 [ RunTime:0.486069s ]
---------------------------------------------------------------
[ 2018-05-22T22:50:25+08:00 ] 0.0.0.0 POST /member/getDoctorInfo
[ info ] localhost:7037/member/getDoctorInfo [运行时间：1.457733s][吞吐率：0.69req/s] [内存消耗：3,878.44kb] [文件加载：59]
[ info ] [ LANG ] D:\workLP\20180502\judeng\wwwroot\thinkphp\lang\zh-cn.php
[ info ] [ BIND ] 'home'
[ info ] [ ROUTE ] array (
  'type' => 'module',
  'module' => 
  array (
    0 => 'home',
    1 => 'member',
    2 => 'getDoctorInfo',
  ),
)
[ info ] [ HEADER ] array (
  'content-type' => 'multipart/form-data; boundary=----WebKitFormBoundaryhHJ91MrHfmbZruFp',
  'content-length' => '254',
  'x-original-url' => '/member/getDoctorInfo',
  'postman-token' => '734a5ee8-30ec-8bd6-17dc-e4ebd7ea10ec',
  'origin' => 'chrome-extension://fhbjgbiflinjbdggehcddcbncdddomop',
  'user-agent' => 'Mozilla/5.0 (Windows NT 10.0; Win64; x64) AppleWebKit/537.36 (KHTML, like Gecko) Chrome/66.0.3359.139 Safari/537.36',
  'host' => 'localhost:7037',
  'cookie' => 'PHPSESSID=4huu0lb35aisgr6blhdbeuc7c4',
  'accept-language' => 'zh-CN,zh;q=0.9',
  'accept-encoding' => 'gzip, deflate, br',
  'accept' => '*/*',
  'connection' => 'keep-alive',
  'cache-control' => 'no-cache',
)
[ info ] [ PARAM ] array (
  'member_id' => '4',
  'only_token' => '1525679145Omj*yI',
)
[ info ] [ RUN ] app\home\controller\Member->getDoctorInfo[ D:\workLP\20180502\judeng\wwwroot\application\home\controller\Member.php ]
[ info ] [ DB ] INIT mysql
[ info ] [ LOG ] INIT File
[ sql ] [ DB ] CONNECT:[ UseTime:0.410253s ] mysql:host=39.105.19.169;port=3306;dbname=judeng;charset=utf8
[ sql ] [ SQL ] SHOW COLUMNS FROM `jd_doctor` [ RunTime:0.180129s ]
[ sql ] [ SQL ] SELECT `d`.*,`t`.`title_name`,`a`.`name`,`h`.`hospital_name` FROM `jd_doctor` `d` LEFT JOIN `jd_title` `t` ON `d`.`title_id`=`t`.`title_id` LEFT JOIN `jd_area` `a` ON `d`.`area_id`=`a`.`area_id` LEFT JOIN `jd_hospital` `h` ON `d`.`hospital_id`=`h`.`hospital_id` WHERE  `member_id` = 4 LIMIT 1 [ RunTime:0.166809s ]
[ sql ] [ SQL ] SHOW COLUMNS FROM `jd_order` [ RunTime:0.220638s ]
[ error ] [8]未定义数组索引: doctor_id[D:\workLP\20180502\judeng\wwwroot\application\home\controller\Member.php:520]
[ error ] [10501]SQLSTATE[42000]: Syntax error or access violation: 1064 You have an error in your SQL syntax; check the manual that corresponds to your MySQL server version for the right syntax to use near ') LIMIT 1' at line 1[D:\workLP\20180502\judeng\wwwroot\thinkphp\library\think\db\Connection.php:388]
---------------------------------------------------------------
[ 2018-05-22T22:54:15+08:00 ] 0.0.0.0 POST /member/getDoctorInfo
[ info ] localhost:7037/member/getDoctorInfo [运行时间：0.655538s][吞吐率：1.53req/s] [内存消耗：3,802.34kb] [文件加载：54]
[ info ] [ LANG ] D:\workLP\20180502\judeng\wwwroot\thinkphp\lang\zh-cn.php
[ info ] [ BIND ] 'home'
[ info ] [ ROUTE ] array (
  'type' => 'module',
  'module' => 
  array (
    0 => 'home',
    1 => 'member',
    2 => 'getDoctorInfo',
  ),
)
[ info ] [ HEADER ] array (
  'content-type' => 'multipart/form-data; boundary=----WebKitFormBoundarygw9YGTYSx9Bssg5O',
  'content-length' => '254',
  'x-original-url' => '/member/getDoctorInfo',
  'postman-token' => '609b81c2-05b9-030b-6bf4-9d9d8215a4fd',
  'origin' => 'chrome-extension://fhbjgbiflinjbdggehcddcbncdddomop',
  'user-agent' => 'Mozilla/5.0 (Windows NT 10.0; Win64; x64) AppleWebKit/537.36 (KHTML, like Gecko) Chrome/66.0.3359.139 Safari/537.36',
  'host' => 'localhost:7037',
  'cookie' => 'PHPSESSID=4huu0lb35aisgr6blhdbeuc7c4',
  'accept-language' => 'zh-CN,zh;q=0.9',
  'accept-encoding' => 'gzip, deflate, br',
  'accept' => '*/*',
  'connection' => 'keep-alive',
  'cache-control' => 'no-cache',
)
[ info ] [ PARAM ] array (
  'member_id' => '4',
  'only_token' => '1525679145Omj*yI',
)
[ info ] [ RUN ] app\home\controller\Member->getDoctorInfo[ D:\workLP\20180502\judeng\wwwroot\application\home\controller\Member.php ]
[ info ] [ DB ] INIT mysql
[ info ] [ LOG ] INIT File
[ sql ] [ DB ] CONNECT:[ UseTime:0.192975s ] mysql:host=39.105.19.169;port=3306;dbname=judeng;charset=utf8
[ sql ] [ SQL ] SHOW COLUMNS FROM `jd_doctor` [ RunTime:0.132821s ]
[ sql ] [ SQL ] SELECT `d`.*,`t`.`title_name`,`a`.`name`,`h`.`hospital_name` FROM `jd_doctor` `d` LEFT JOIN `jd_title` `t` ON `d`.`title_id`=`t`.`title_id` LEFT JOIN `jd_area` `a` ON `d`.`area_id`=`a`.`area_id` LEFT JOIN `jd_hospital` `h` ON `d`.`hospital_id`=`h`.`hospital_id` WHERE  `member_id` = 4 LIMIT 1 [ RunTime:0.146565s ]
[ error ] [8]未定义数组索引: doctor_id[D:\workLP\20180502\judeng\wwwroot\application\home\controller\Member.php:519]
---------------------------------------------------------------
[ 2018-05-22T22:54:26+08:00 ] 0.0.0.0 POST /member/getDoctorInfo
[ info ] localhost:7037/member/getDoctorInfo [运行时间：0.808731s][吞吐率：1.24req/s] [内存消耗：3,711.58kb] [文件加载：51]
[ info ] [ LANG ] D:\workLP\20180502\judeng\wwwroot\thinkphp\lang\zh-cn.php
[ info ] [ BIND ] 'home'
[ info ] [ ROUTE ] array (
  'type' => 'module',
  'module' => 
  array (
    0 => 'home',
    1 => 'member',
    2 => 'getDoctorInfo',
  ),
)
[ info ] [ HEADER ] array (
  'content-type' => 'multipart/form-data; boundary=----WebKitFormBoundaryn7k59fvGLEqwEHoB',
  'content-length' => '254',
  'x-original-url' => '/member/getDoctorInfo',
  'postman-token' => 'fe5f7819-c065-4d3e-a9fc-7d9c9409ff89',
  'origin' => 'chrome-extension://fhbjgbiflinjbdggehcddcbncdddomop',
  'user-agent' => 'Mozilla/5.0 (Windows NT 10.0; Win64; x64) AppleWebKit/537.36 (KHTML, like Gecko) Chrome/66.0.3359.139 Safari/537.36',
  'host' => 'localhost:7037',
  'cookie' => 'PHPSESSID=4huu0lb35aisgr6blhdbeuc7c4',
  'accept-language' => 'zh-CN,zh;q=0.9',
  'accept-encoding' => 'gzip, deflate, br',
  'accept' => '*/*',
  'connection' => 'keep-alive',
  'cache-control' => 'no-cache',
)
[ info ] [ PARAM ] array (
  'member_id' => '4',
  'only_token' => '1525679145Omj*yI',
)
[ info ] [ RUN ] app\home\controller\Member->getDoctorInfo[ D:\workLP\20180502\judeng\wwwroot\application\home\controller\Member.php ]
[ info ] [ DB ] INIT mysql
[ info ] [ LOG ] INIT File
[ sql ] [ DB ] CONNECT:[ UseTime:0.232793s ] mysql:host=39.105.19.169;port=3306;dbname=judeng;charset=utf8
[ sql ] [ SQL ] SHOW COLUMNS FROM `jd_doctor` [ RunTime:0.178410s ]
[ sql ] [ SQL ] SELECT `d`.*,`t`.`title_name`,`a`.`name`,`h`.`hospital_name` FROM `jd_doctor` `d` LEFT JOIN `jd_title` `t` ON `d`.`title_id`=`t`.`title_id` LEFT JOIN `jd_area` `a` ON `d`.`area_id`=`a`.`area_id` LEFT JOIN `jd_hospital` `h` ON `d`.`hospital_id`=`h`.`hospital_id` WHERE  `member_id` = 4 LIMIT 1 [ RunTime:0.262336s ]
---------------------------------------------------------------
[ 2018-05-22T22:54:57+08:00 ] 0.0.0.0 POST /member/getDoctorInfo
[ info ] localhost:7037/member/getDoctorInfo [运行时间：11.283899s][吞吐率：0.09req/s] [内存消耗：3,684.71kb] [文件加载：51]
[ info ] [ LANG ] D:\workLP\20180502\judeng\wwwroot\thinkphp\lang\zh-cn.php
[ info ] [ BIND ] 'home'
[ info ] [ ROUTE ] array (
  'type' => 'module',
  'module' => 
  array (
    0 => 'home',
    1 => 'member',
    2 => 'getDoctorInfo',
  ),
)
[ info ] [ HEADER ] array (
  'content-type' => 'multipart/form-data; boundary=----WebKitFormBoundarymtngnCmTrGONTGwo',
  'content-length' => '254',
  'x-original-url' => '/member/getDoctorInfo',
  'postman-token' => 'cd1baf01-a653-0f28-574f-5b9efa5a0a97',
  'origin' => 'chrome-extension://fhbjgbiflinjbdggehcddcbncdddomop',
  'user-agent' => 'Mozilla/5.0 (Windows NT 10.0; Win64; x64) AppleWebKit/537.36 (KHTML, like Gecko) Chrome/66.0.3359.139 Safari/537.36',
  'host' => 'localhost:7037',
  'cookie' => 'PHPSESSID=4huu0lb35aisgr6blhdbeuc7c4',
  'accept-language' => 'zh-CN,zh;q=0.9',
  'accept-encoding' => 'gzip, deflate, br',
  'accept' => '*/*',
  'connection' => 'keep-alive',
  'cache-control' => 'no-cache',
)
[ info ] [ PARAM ] array (
  'member_id' => '4',
  'only_token' => '1525679145Omj*yI',
)
[ info ] [ RUN ] app\home\controller\Member->getDoctorInfo[ D:\workLP\20180502\judeng\wwwroot\application\home\controller\Member.php ]
[ info ] [ DB ] INIT mysql
[ info ] [ LOG ] INIT File
[ sql ] [ DB ] CONNECT:[ UseTime:10.241973s ] mysql:host=39.105.19.169;port=3306;dbname=judeng;charset=utf8
[ sql ] [ SQL ] SHOW COLUMNS FROM `jd_doctor` [ RunTime:0.166241s ]
[ sql ] [ SQL ] SELECT `d`.*,`t`.`title_name`,`a`.`name`,`h`.`hospital_name` FROM `jd_doctor` `d` LEFT JOIN `jd_title` `t` ON `d`.`title_id`=`t`.`title_id` LEFT JOIN `jd_area` `a` ON `d`.`area_id`=`a`.`area_id` LEFT JOIN `jd_hospital` `h` ON `d`.`hospital_id`=`h`.`hospital_id` WHERE  `member_id` = 4 LIMIT 1 [ RunTime:0.210752s ]
[ sql ] [ SQL ] SHOW COLUMNS FROM `jd_order` [ RunTime:0.236429s ]
[ sql ] [ SQL ] SELECT COUNT(*) AS tp_count FROM `jd_order` `o`,`jd_order_prescription` `op` WHERE  (  o.`order_id` = op.`order_id` and o.order_type = 3 and o.doctor_id = 4 ) LIMIT 1 [ RunTime:0.202995s ]
---------------------------------------------------------------
[ 2018-05-22T22:55:14+08:00 ] 0.0.0.0 POST /member/getDoctorInfo
[ info ] localhost:7037/member/getDoctorInfo [运行时间：1.773096s][吞吐率：0.56req/s] [内存消耗：3,684.59kb] [文件加载：51]
[ info ] [ LANG ] D:\workLP\20180502\judeng\wwwroot\thinkphp\lang\zh-cn.php
[ info ] [ BIND ] 'home'
[ info ] [ ROUTE ] array (
  'type' => 'module',
  'module' => 
  array (
    0 => 'home',
    1 => 'member',
    2 => 'getDoctorInfo',
  ),
)
[ info ] [ HEADER ] array (
  'content-type' => 'multipart/form-data; boundary=----WebKitFormBoundary3MGjGnagSKJAQl8c',
  'content-length' => '254',
  'x-original-url' => '/member/getDoctorInfo',
  'postman-token' => '1510c91f-72ec-4245-9889-f8dd191b080a',
  'origin' => 'chrome-extension://fhbjgbiflinjbdggehcddcbncdddomop',
  'user-agent' => 'Mozilla/5.0 (Windows NT 10.0; Win64; x64) AppleWebKit/537.36 (KHTML, like Gecko) Chrome/66.0.3359.139 Safari/537.36',
  'host' => 'localhost:7037',
  'cookie' => 'PHPSESSID=4huu0lb35aisgr6blhdbeuc7c4',
  'accept-language' => 'zh-CN,zh;q=0.9',
  'accept-encoding' => 'gzip, deflate, br',
  'accept' => '*/*',
  'connection' => 'keep-alive',
  'cache-control' => 'no-cache',
)
[ info ] [ PARAM ] array (
  'member_id' => '2',
  'only_token' => '1525679145Omj*yI',
)
[ info ] [ RUN ] app\home\controller\Member->getDoctorInfo[ D:\workLP\20180502\judeng\wwwroot\application\home\controller\Member.php ]
[ info ] [ DB ] INIT mysql
[ info ] [ LOG ] INIT File
[ sql ] [ DB ] CONNECT:[ UseTime:0.475722s ] mysql:host=39.105.19.169;port=3306;dbname=judeng;charset=utf8
[ sql ] [ SQL ] SHOW COLUMNS FROM `jd_doctor` [ RunTime:0.169082s ]
[ sql ] [ SQL ] SELECT `d`.*,`t`.`title_name`,`a`.`name`,`h`.`hospital_name` FROM `jd_doctor` `d` LEFT JOIN `jd_title` `t` ON `d`.`title_id`=`t`.`title_id` LEFT JOIN `jd_area` `a` ON `d`.`area_id`=`a`.`area_id` LEFT JOIN `jd_hospital` `h` ON `d`.`hospital_id`=`h`.`hospital_id` WHERE  `member_id` = 2 LIMIT 1 [ RunTime:0.314306s ]
[ sql ] [ SQL ] SHOW COLUMNS FROM `jd_order` [ RunTime:0.333665s ]
[ sql ] [ SQL ] SELECT COUNT(*) AS tp_count FROM `jd_order` `o`,`jd_order_prescription` `op` WHERE  (  o.`order_id` = op.`order_id` and o.order_type = 3 and o.doctor_id = 2 ) LIMIT 1 [ RunTime:0.244387s ]
