---------------------------------------------------------------
[ 2018-05-23T00:01:33+08:00 ] 0.0.0.0 POST /member/getDoctorInfo
[ info ] localhost:7037/member/getDoctorInfo [运行时间：2.956944s][吞吐率：0.34req/s] [内存消耗：4,314.71kb] [文件加载：56]
[ info ] [ LANG ] D:\workLP\20180502\judeng\wwwroot\thinkphp\lang\zh-cn.php
[ info ] [ BIND ] 'home'
[ info ] [ ROUTE ] array (
  'type' => 'module',
  'module' => 
  array (
    0 => 'home',
    1 => 'member',
    2 => 'getDoctorInfo',
  ),
)
[ info ] [ HEADER ] array (
  'content-type' => 'multipart/form-data; boundary=----WebKitFormBoundaryITwgkTjBHJgytztD',
  'content-length' => '254',
  'x-original-url' => '/member/getDoctorInfo',
  'postman-token' => '56c0b16a-cf7c-72ab-4855-353345b026ca',
  'origin' => 'chrome-extension://fhbjgbiflinjbdggehcddcbncdddomop',
  'user-agent' => 'Mozilla/5.0 (Windows NT 10.0; Win64; x64) AppleWebKit/537.36 (KHTML, like Gecko) Chrome/66.0.3359.139 Safari/537.36',
  'host' => 'localhost:7037',
  'cookie' => 'PHPSESSID=4huu0lb35aisgr6blhdbeuc7c4',
  'accept-language' => 'zh-CN,zh;q=0.9',
  'accept-encoding' => 'gzip, deflate, br',
  'accept' => '*/*',
  'connection' => 'keep-alive',
  'cache-control' => 'no-cache',
)
[ info ] [ PARAM ] array (
  'member_id' => '2',
  'only_token' => '1525679145Omj*yI',
)
[ info ] [ RUN ] app\home\controller\Member->getDoctorInfo[ D:\workLP\20180502\judeng\wwwroot\application\home\controller\Member.php ]
[ info ] [ DB ] INIT mysql
[ info ] [ LOG ] INIT File
[ sql ] [ DB ] CONNECT:[ UseTime:0.338305s ] mysql:host=39.105.19.169;port=3306;dbname=judeng;charset=utf8
[ sql ] [ SQL ] SHOW COLUMNS FROM `jd_doctor` [ RunTime:0.166947s ]
[ sql ] [ SQL ] SELECT `d`.*,`t`.`title_name`,`a`.`name`,`h`.`hospital_name` FROM `jd_doctor` `d` LEFT JOIN `jd_title` `t` ON `d`.`title_id`=`t`.`title_id` LEFT JOIN `jd_area` `a` ON `d`.`area_id`=`a`.`area_id` LEFT JOIN `jd_hospital` `h` ON `d`.`hospital_id`=`h`.`hospital_id` WHERE  `member_id` = 2 LIMIT 1 [ RunTime:0.176142s ]
[ sql ] [ SQL ] SHOW COLUMNS FROM `jd_order` [ RunTime:0.175215s ]
[ sql ] [ SQL ] SELECT COUNT(*) AS tp_count FROM `jd_order` `o`,`jd_order_prescription` `op` WHERE  (  o.`order_id` = op.`order_id` and o.order_type = 3 and o.doctor_id = 2 ) LIMIT 1 [ RunTime:0.158888s ]
[ sql ] [ SQL ] SHOW COLUMNS FROM `jd_doctor_member` [ RunTime:0.176387s ]
[ sql ] [ SQL ] SELECT COUNT(*) AS tp_count FROM `jd_doctor_member` `s`,`jd_member` `m` WHERE  (  s.doctor_id = 2 and s.`member_id` = m.`member_id` and (m.`member_name` like '%%' or m.`mobile` like '%%' or s.`grouping` like '%%') ) LIMIT 1 [ RunTime:0.397647s ]
[ sql ] [ SQL ] SHOW COLUMNS FROM `jd_service_evaluation` [ RunTime:0.164878s ]
[ sql ] [ SQL ] SELECT COUNT(*) AS tp_count FROM `jd_service_evaluation` `s`,`jd_member` `m` WHERE  (  s.is_show = 1 and s.doctor_id = 2 and s.`member_id` = m.`member_id` ) LIMIT 1 [ RunTime:0.169933s ]
[ sql ] [ SQL ] SHOW COLUMNS FROM `jd_sys_setting` [ RunTime:0.162942s ]
[ sql ] [ SQL ] SELECT * FROM `jd_sys_setting` [ RunTime:0.161799s ]
[ sql ] [ SQL ] SELECT COUNT(*) AS tp_count FROM `jd_doctor` WHERE  `only_token` = '1525679145Omj*yI'  AND `is_status` = 0 LIMIT 1 [ RunTime:0.437233s ]
[ error ] [8]未定义数组索引: title[D:\workLP\20180502\judeng\wwwroot\application\home\controller\Member.php:524]
[ error ] [8]未定义数组索引: title[D:\workLP\20180502\judeng\wwwroot\application\home\controller\Member.php:524]
[ error ] [8]未定义数组索引: title[D:\workLP\20180502\judeng\wwwroot\application\home\controller\Member.php:524]
