---------------------------------------------------------------
<<<<<<< 0d28999a8041441aa5afc8dffe4d7085407132e0
[ 2018-05-26T00:03:42+08:00 ] 0.0.0.0 POST /prescription/getDrugRelationList
[ info ] localhost:7037/prescription/getDrugRelationList [运行时间：1.670060s][吞吐率：0.60req/s] [内存消耗：3,774.55kb] [文件加载：54]
[ info ] [ LANG ] D:\workLP\20180502\judeng\wwwroot\thinkphp\lang\zh-cn.php
=======
[ 2018-05-26T18:31:27+08:00 ] 0.0.0.0 POST /number/prescriptions
[ info ] localhost:8020/number/prescriptions [运行时间：0.517764s][吞吐率：1.93req/s] [内存消耗：2,787.81kb] [文件加载：44]
[ info ] [ LANG ] D:\works\201805\judeng\thinkphp\lang\zh-cn.php
>>>>>>> no message
[ info ] [ BIND ] 'home'
[ info ] [ ROUTE ] array (
  'type' => 'module',
  'module' => 
  array (
    0 => 'home',
<<<<<<< 0d28999a8041441aa5afc8dffe4d7085407132e0
    1 => 'prescription',
    2 => 'getDrugRelationList',
  ),
)
[ info ] [ HEADER ] array (
  'content-type' => 'multipart/form-data; boundary=----WebKitFormBoundaryDjySxSWwwJnxD5xA',
  'content-length' => '139',
  'x-original-url' => '/prescription/getDrugRelationList',
  'postman-token' => '703bf84c-be90-9ab3-ee87-648f90dab3b0',
  'origin' => 'chrome-extension://fhbjgbiflinjbdggehcddcbncdddomop',
  'user-agent' => 'Mozilla/5.0 (Windows NT 10.0; Win64; x64) AppleWebKit/537.36 (KHTML, like Gecko) Chrome/66.0.3359.139 Safari/537.36',
  'host' => 'localhost:7037',
  'accept-language' => 'zh-CN,zh;q=0.9',
  'accept-encoding' => 'gzip, deflate, br',
=======
    1 => 'number',
    2 => 'prescriptions',
  ),
)
[ info ] [ HEADER ] array (
  'content-type' => 'multipart/form-data; boundary=--------------------------100332173982127850283575',
  'content-length' => '269',
  'x-original-url' => '/number/prescriptions',
  'postman-token' => '8ae1487a-45b1-4000-a3f1-5450269064a1',
  'user-agent' => 'PostmanRuntime/3.0.11-hotfix.2',
  'host' => 'localhost:8020',
  'accept-encoding' => 'gzip, deflate',
>>>>>>> no message
  'accept' => '*/*',
  'connection' => 'keep-alive',
  'cache-control' => 'no-cache',
)
[ info ] [ PARAM ] array (
<<<<<<< 0d28999a8041441aa5afc8dffe4d7085407132e0
  'area_id' => '2',
)
[ info ] [ RUN ] app\home\controller\Prescription->getDrugRelationList[ D:\workLP\20180502\judeng\wwwroot\application\home\controller\Prescription.php ]
[ info ] [ DB ] INIT mysql
[ info ] [ LOG ] INIT File
[ sql ] [ DB ] CONNECT:[ UseTime:0.251910s ] mysql:host=39.105.19.169;port=3306;dbname=judeng;charset=utf8
[ sql ] [ SQL ] SHOW COLUMNS FROM `jd_drug_state` [ RunTime:0.098246s ]
[ sql ] [ SQL ] SELECT `state_id`,`state_name`,`make`,`weight`,`taking`,`instructions`,`pic` FROM `jd_drug_state` WHERE  `is_display` = 1 ORDER BY `sort` DESC [ RunTime:0.118340s ]
[ sql ] [ SQL ] SHOW COLUMNS FROM `jd_drug_relation` [ RunTime:0.125446s ]
[ sql ] [ SQL ] SELECT d.`relation_id`,d.`prescription_id`,d.`state_id`,d.`describe`,p.`prescription_name`,p.`area_name` FROM `jd_drug_relation` `d` INNER JOIN `jd_prescription` `p` ON `d`.`prescription_id`=`p`.`prescription_id` INNER JOIN `jd_drug_state` `ds` ON `d`.`state_id`=`ds`.`state_id` WHERE  d.`is_display` = 1  AND p.`area_id` = '2'  AND p.`is_display` = 1  AND d.`state_id` = 7 ORDER BY d.`sort` DESC [ RunTime:0.119461s ]
[ sql ] [ SQL ] SELECT d.`relation_id`,d.`prescription_id`,d.`state_id`,d.`describe`,p.`prescription_name`,p.`area_name` FROM `jd_drug_relation` `d` INNER JOIN `jd_prescription` `p` ON `d`.`prescription_id`=`p`.`prescription_id` INNER JOIN `jd_drug_state` `ds` ON `d`.`state_id`=`ds`.`state_id` WHERE  d.`is_display` = 1  AND p.`area_id` = '2'  AND p.`is_display` = 1  AND d.`state_id` = 8 ORDER BY d.`sort` DESC [ RunTime:0.100402s ]
[ sql ] [ SQL ] SELECT d.`relation_id`,d.`prescription_id`,d.`state_id`,d.`describe`,p.`prescription_name`,p.`area_name` FROM `jd_drug_relation` `d` INNER JOIN `jd_prescription` `p` ON `d`.`prescription_id`=`p`.`prescription_id` INNER JOIN `jd_drug_state` `ds` ON `d`.`state_id`=`ds`.`state_id` WHERE  d.`is_display` = 1  AND p.`area_id` = '2'  AND p.`is_display` = 1  AND d.`state_id` = 6 ORDER BY d.`sort` DESC [ RunTime:0.114062s ]
[ sql ] [ SQL ] SELECT d.`relation_id`,d.`prescription_id`,d.`state_id`,d.`describe`,p.`prescription_name`,p.`area_name` FROM `jd_drug_relation` `d` INNER JOIN `jd_prescription` `p` ON `d`.`prescription_id`=`p`.`prescription_id` INNER JOIN `jd_drug_state` `ds` ON `d`.`state_id`=`ds`.`state_id` WHERE  d.`is_display` = 1  AND p.`area_id` = '2'  AND p.`is_display` = 1  AND d.`state_id` = 5 ORDER BY d.`sort` DESC [ RunTime:0.107757s ]
[ sql ] [ SQL ] SELECT d.`relation_id`,d.`prescription_id`,d.`state_id`,d.`describe`,p.`prescription_name`,p.`area_name` FROM `jd_drug_relation` `d` INNER JOIN `jd_prescription` `p` ON `d`.`prescription_id`=`p`.`prescription_id` INNER JOIN `jd_drug_state` `ds` ON `d`.`state_id`=`ds`.`state_id` WHERE  d.`is_display` = 1  AND p.`area_id` = '2'  AND p.`is_display` = 1  AND d.`state_id` = 3 ORDER BY d.`sort` DESC [ RunTime:0.130368s ]
[ sql ] [ SQL ] SELECT d.`relation_id`,d.`prescription_id`,d.`state_id`,d.`describe`,p.`prescription_name`,p.`area_name` FROM `jd_drug_relation` `d` INNER JOIN `jd_prescription` `p` ON `d`.`prescription_id`=`p`.`prescription_id` INNER JOIN `jd_drug_state` `ds` ON `d`.`state_id`=`ds`.`state_id` WHERE  d.`is_display` = 1  AND p.`area_id` = '2'  AND p.`is_display` = 1  AND d.`state_id` = 2 ORDER BY d.`sort` DESC [ RunTime:0.108867s ]
[ error ] [8]未定义数组索引: only_token[D:\workLP\20180502\judeng\wwwroot\application\common.php:82]
---------------------------------------------------------------
[ 2018-05-26T00:03:59+08:00 ] 0.0.0.0 POST /inherit/getInheritDoctorList
[ info ] localhost:7037/inherit/getInheritDoctorList [运行时间：2.524038s][吞吐率：0.40req/s] [内存消耗：3,742.52kb] [文件加载：51]
[ info ] [ LANG ] D:\workLP\20180502\judeng\wwwroot\thinkphp\lang\zh-cn.php
[ info ] [ BIND ] 'home'
[ info ] [ ROUTE ] array (
  'type' => 'module',
  'module' => 
  array (
    0 => 'home',
    1 => 'inherit',
    2 => 'getInheritDoctorList',
  ),
)
[ info ] [ HEADER ] array (
  'content-type' => 'multipart/form-data; boundary=----WebKitFormBoundarydEc30zS7On6rov2N',
  'content-length' => '239',
  'x-original-url' => '/inherit/getInheritDoctorList',
  'postman-token' => '2d4dc485-6a9f-f4dd-a2f5-e69637535193',
  'origin' => 'chrome-extension://fhbjgbiflinjbdggehcddcbncdddomop',
  'user-agent' => 'Mozilla/5.0 (Windows NT 10.0; Win64; x64) AppleWebKit/537.36 (KHTML, like Gecko) Chrome/66.0.3359.139 Safari/537.36',
  'host' => 'localhost:7037',
  'accept-language' => 'zh-CN,zh;q=0.9',
  'accept-encoding' => 'gzip, deflate, br',
  'accept' => '*/*',
  'connection' => 'keep-alive',
  'cache-control' => 'no-cache',
)
[ info ] [ PARAM ] array (
  'member_id' => '2',
  'inherit_id' => '2',
)
[ info ] [ RUN ] app\home\controller\Inherit->getInheritDoctorList[ D:\workLP\20180502\judeng\wwwroot\application\home\controller\Inherit.php ]
[ info ] [ DB ] INIT mysql
[ info ] [ LOG ] INIT File
[ sql ] [ DB ] CONNECT:[ UseTime:0.306452s ] mysql:host=39.105.19.169;port=3306;dbname=judeng;charset=utf8
[ sql ] [ SQL ] SHOW COLUMNS FROM `jd_inherit_doctor` [ RunTime:0.106367s ]
[ sql ] [ SQL ] SELECT COUNT(*) AS tp_count FROM `jd_inherit_doctor` WHERE  (  (`member_id` = 2 OR `parent_id` = 2) AND `is_checked` = 1 AND `inherit_id` = 2 ) LIMIT 1 [ RunTime:0.104777s ]
[ sql ] [ SQL ] SHOW COLUMNS FROM `jd_inherit` [ RunTime:0.106951s ]
[ sql ] [ SQL ] SELECT `i`.`inherit_id`,`i`.`inherit_name`,`i`.`studio_intro`,`i`.`studio_address`,`i`.`studio_tel`,`d`.`member_id`,`d`.`member_name`,`d`.`face_photo` FROM `jd_inherit` `i` INNER JOIN `jd_doctor` `d` ON `i`.`member_id`=`d`.`member_id` WHERE  i.`is_display` = 1  AND i.`inherit_id` = '2' LIMIT 1 [ RunTime:0.099384s ]
[ sql ] [ SQL ] SELECT `id`.`inherit_id`,`id`.`parent_id`,`d`.`member_id`,`d`.`member_name`,`d`.`face_photo` FROM `jd_inherit_doctor` `id` INNER JOIN `jd_doctor` `d` ON `id`.`member_id`=`d`.`member_id` WHERE  (  id.`is_checked` = 1 AND id.`inherit_id` = 2 AND id.parent_id = 2 ) [ RunTime:0.105354s ]
[ sql ] [ SQL ] SHOW COLUMNS FROM `jd_doctor` [ RunTime:0.097584s ]
[ sql ] [ SQL ] SELECT `member_id`,`inherit`,`member_name`,`face_photo`,`goodat_id`,`recom`,`is_clinic`,`hospital_id`,`hospital_repart_str`,`school_str`,`title_str`,`concealment_number` FROM `jd_doctor` WHERE  (  member_id = 3 ) LIMIT 1 [ RunTime:0.095020s ]
[ sql ] [ SQL ] SHOW COLUMNS FROM `jd_school` [ RunTime:0.115774s ]
[ sql ] [ SQL ] SELECT `school_name` FROM `jd_school` WHERE  (  school_id IN(1,2) AND is_display = 1 ) [ RunTime:0.102428s ]
[ sql ] [ SQL ] SHOW COLUMNS FROM `jd_hospital` [ RunTime:0.100219s ]
[ sql ] [ SQL ] SELECT `hospital_name` FROM `jd_hospital` WHERE  (  hospital_id = 6 ) LIMIT 1 [ RunTime:0.101902s ]
[ sql ] [ SQL ] SHOW COLUMNS FROM `jd_hospital_repart` [ RunTime:0.099977s ]
[ sql ] [ SQL ] SELECT `d`.`department_name` FROM `jd_hospital_repart` `hr` INNER JOIN `jd_department` `d` ON `d`.`department_id`=`hr`.`department_id` WHERE  (  hr.hospital_repart_id IN(6,7,2) ) [ RunTime:0.102418s ]
[ sql ] [ SQL ] SHOW COLUMNS FROM `jd_self_goods` [ RunTime:0.110956s ]
[ sql ] [ SQL ] SELECT COUNT(*) AS tp_count FROM `jd_self_goods` WHERE  (  member_id = 3 AND content != '' AND is_checked = 2 AND end_date > 1527264239 ) LIMIT 1 [ RunTime:0.097063s ]
[ sql ] [ SQL ] SELECT `id`.`pay_num`,`id`.`proud`,`id`.`use_drug` FROM `jd_inherit_doctor` `id` INNER JOIN `jd_doctor` `d` ON `id`.`member_id`=`d`.`member_id` WHERE  (  id.`is_checked` = 1 AND id.`inherit_id` = 2 AND id.member_id = 3 ) LIMIT 1 [ RunTime:0.103353s ]
[ sql ] [ SQL ] SELECT `self_goods_name` FROM `jd_self_goods` WHERE  (  member_id = 3 AND is_checked = 2 AND end_date > 1527264239 ) [ RunTime:0.104434s ]
---------------------------------------------------------------
[ 2018-05-26T00:04:18+08:00 ] 0.0.0.0 POST /inherit/getInheritDoctorList
[ info ] localhost:7037/inherit/getInheritDoctorList [运行时间：2.443653s][吞吐率：0.41req/s] [内存消耗：3,743.99kb] [文件加载：51]
[ info ] [ LANG ] D:\workLP\20180502\judeng\wwwroot\thinkphp\lang\zh-cn.php
[ info ] [ BIND ] 'home'
[ info ] [ ROUTE ] array (
  'type' => 'module',
  'module' => 
  array (
    0 => 'home',
    1 => 'inherit',
    2 => 'getInheritDoctorList',
  ),
)
[ info ] [ HEADER ] array (
  'content-type' => 'multipart/form-data; boundary=----WebKitFormBoundaryM9gEhCbZ7tDqaKUy',
  'content-length' => '239',
  'x-original-url' => '/inherit/getInheritDoctorList',
  'postman-token' => '147bfc8f-a425-b456-93c1-ff0751bd06b2',
  'origin' => 'chrome-extension://fhbjgbiflinjbdggehcddcbncdddomop',
  'user-agent' => 'Mozilla/5.0 (Windows NT 10.0; Win64; x64) AppleWebKit/537.36 (KHTML, like Gecko) Chrome/66.0.3359.139 Safari/537.36',
  'host' => 'localhost:7037',
  'accept-language' => 'zh-CN,zh;q=0.9',
  'accept-encoding' => 'gzip, deflate, br',
  'accept' => '*/*',
  'connection' => 'keep-alive',
  'cache-control' => 'no-cache',
)
[ info ] [ PARAM ] array (
  'member_id' => '2',
  'inherit_id' => '2',
)
[ info ] [ RUN ] app\home\controller\Inherit->getInheritDoctorList[ D:\workLP\20180502\judeng\wwwroot\application\home\controller\Inherit.php ]
[ info ] [ DB ] INIT mysql
[ info ] [ LOG ] INIT File
[ sql ] [ DB ] CONNECT:[ UseTime:0.160770s ] mysql:host=39.105.19.169;port=3306;dbname=judeng;charset=utf8
[ sql ] [ SQL ] SHOW COLUMNS FROM `jd_inherit_doctor` [ RunTime:0.111080s ]
[ sql ] [ SQL ] SELECT COUNT(*) AS tp_count FROM `jd_inherit_doctor` WHERE  (  (`member_id` = 2 OR `parent_id` = 2) AND `is_checked` = 1 AND `inherit_id` = 2 ) LIMIT 1 [ RunTime:0.097666s ]
[ sql ] [ SQL ] SHOW COLUMNS FROM `jd_inherit` [ RunTime:0.101565s ]
[ sql ] [ SQL ] SELECT `i`.`inherit_id`,`i`.`inherit_name`,`i`.`studio_intro`,`i`.`studio_address`,`i`.`studio_tel`,`d`.`member_id`,`d`.`member_name`,`d`.`face_photo` FROM `jd_inherit` `i` INNER JOIN `jd_doctor` `d` ON `i`.`member_id`=`d`.`member_id` WHERE  i.`is_display` = 1  AND i.`inherit_id` = '2' LIMIT 1 [ RunTime:0.098561s ]
[ sql ] [ SQL ] SELECT `id`.`inherit_id`,`id`.`parent_id`,`d`.`member_id`,`d`.`member_name`,`d`.`face_photo` FROM `jd_inherit_doctor` `id` INNER JOIN `jd_doctor` `d` ON `id`.`member_id`=`d`.`member_id` WHERE  (  id.`is_checked` = 1 AND id.`inherit_id` = 2 AND id.parent_id = 2 ) [ RunTime:0.084457s ]
[ sql ] [ SQL ] SHOW COLUMNS FROM `jd_doctor` [ RunTime:0.107252s ]
[ sql ] [ SQL ] SELECT `member_id`,`inherit`,`member_name`,`face_photo`,`goodat_id`,`recom`,`is_clinic`,`hospital_id`,`hospital_repart_str`,`school_str`,`title_str`,`concealment_number` FROM `jd_doctor` WHERE  (  member_id = 3 ) LIMIT 1 [ RunTime:0.110935s ]
[ sql ] [ SQL ] SHOW COLUMNS FROM `jd_school` [ RunTime:0.105380s ]
[ sql ] [ SQL ] SELECT `school_name` FROM `jd_school` WHERE  (  school_id IN(1,2) AND is_display = 1 ) [ RunTime:0.102384s ]
[ sql ] [ SQL ] SHOW COLUMNS FROM `jd_hospital` [ RunTime:0.111731s ]
[ sql ] [ SQL ] SELECT `hospital_name` FROM `jd_hospital` WHERE  (  hospital_id = 6 ) LIMIT 1 [ RunTime:0.117967s ]
[ sql ] [ SQL ] SHOW COLUMNS FROM `jd_hospital_repart` [ RunTime:0.104014s ]
[ sql ] [ SQL ] SELECT `d`.`department_name` FROM `jd_hospital_repart` `hr` INNER JOIN `jd_department` `d` ON `d`.`department_id`=`hr`.`department_id` WHERE  (  hr.hospital_repart_id IN(6,7,2) ) [ RunTime:0.106320s ]
[ sql ] [ SQL ] SHOW COLUMNS FROM `jd_self_goods` [ RunTime:0.123486s ]
[ sql ] [ SQL ] SELECT COUNT(*) AS tp_count FROM `jd_self_goods` WHERE  (  member_id = 3 AND content != '' AND is_checked = 2 AND end_date > 1527264257 ) LIMIT 1 [ RunTime:0.104878s ]
[ sql ] [ SQL ] SELECT `id`.`pay_num`,`id`.`proud`,`id`.`use_drug` FROM `jd_inherit_doctor` `id` INNER JOIN `jd_doctor` `d` ON `id`.`member_id`=`d`.`member_id` WHERE  (  id.`is_checked` = 1 AND id.`inherit_id` = 2 AND id.member_id = 3 ) LIMIT 1 [ RunTime:0.099119s ]
[ sql ] [ SQL ] SELECT `self_goods_name` FROM `jd_self_goods` WHERE  (  member_id = 2 AND is_checked = 2 AND end_date > 1527264258 ) [ RunTime:0.101641s ]
---------------------------------------------------------------
[ 2018-05-26T00:07:39+08:00 ] 0.0.0.0 POST /inherit/getInheritDoctorList
[ info ] localhost:7037/inherit/getInheritDoctorList [运行时间：4.966957s][吞吐率：0.20req/s] [内存消耗：3,784.08kb] [文件加载：51]
[ info ] [ LANG ] D:\workLP\20180502\judeng\wwwroot\thinkphp\lang\zh-cn.php
[ info ] [ BIND ] 'home'
[ info ] [ ROUTE ] array (
  'type' => 'module',
  'module' => 
  array (
    0 => 'home',
    1 => 'inherit',
    2 => 'getInheritDoctorList',
  ),
)
[ info ] [ HEADER ] array (
  'content-type' => 'multipart/form-data; boundary=----WebKitFormBoundarywQWraiprIvuDJJLI',
  'content-length' => '239',
  'x-original-url' => '/inherit/getInheritDoctorList',
  'postman-token' => '58704214-82e3-237f-0f8c-99996dca1c9a',
  'origin' => 'chrome-extension://fhbjgbiflinjbdggehcddcbncdddomop',
  'user-agent' => 'Mozilla/5.0 (Windows NT 10.0; Win64; x64) AppleWebKit/537.36 (KHTML, like Gecko) Chrome/66.0.3359.139 Safari/537.36',
  'host' => 'localhost:7037',
  'accept-language' => 'zh-CN,zh;q=0.9',
  'accept-encoding' => 'gzip, deflate, br',
  'accept' => '*/*',
  'connection' => 'keep-alive',
  'cache-control' => 'no-cache',
)
[ info ] [ PARAM ] array (
  'member_id' => '2',
  'inherit_id' => '2',
)
[ info ] [ RUN ] app\home\controller\Inherit->getInheritDoctorList[ D:\workLP\20180502\judeng\wwwroot\application\home\controller\Inherit.php ]
[ info ] [ DB ] INIT mysql
[ info ] [ LOG ] INIT File
[ sql ] [ DB ] CONNECT:[ UseTime:0.145655s ] mysql:host=39.105.19.169;port=3306;dbname=judeng;charset=utf8
[ sql ] [ SQL ] SHOW COLUMNS FROM `jd_inherit_doctor` [ RunTime:0.102328s ]
[ sql ] [ SQL ] SELECT COUNT(*) AS tp_count FROM `jd_inherit_doctor` WHERE  (  (`member_id` = 2 OR `parent_id` = 2) AND `is_checked` = 1 AND `inherit_id` = 2 ) LIMIT 1 [ RunTime:0.107702s ]
[ sql ] [ SQL ] SHOW COLUMNS FROM `jd_inherit` [ RunTime:0.115448s ]
[ sql ] [ SQL ] SELECT `i`.`inherit_id`,`i`.`inherit_name`,`i`.`studio_intro`,`i`.`studio_address`,`i`.`studio_tel`,`d`.`member_id`,`d`.`member_name`,`d`.`face_photo` FROM `jd_inherit` `i` INNER JOIN `jd_doctor` `d` ON `i`.`member_id`=`d`.`member_id` WHERE  i.`is_display` = 1  AND i.`inherit_id` = '2' LIMIT 1 [ RunTime:0.113717s ]
[ sql ] [ SQL ] SELECT `id`.`inherit_id`,`id`.`parent_id`,`d`.`member_id`,`d`.`member_name`,`d`.`face_photo` FROM `jd_inherit_doctor` `id` INNER JOIN `jd_doctor` `d` ON `id`.`member_id`=`d`.`member_id` WHERE  (  id.`is_checked` = 1 AND id.`inherit_id` = 2 AND id.parent_id = 2 ) [ RunTime:0.109427s ]
[ sql ] [ SQL ] SHOW COLUMNS FROM `jd_doctor` [ RunTime:0.104923s ]
[ sql ] [ SQL ] SELECT `member_id`,`inherit`,`member_name`,`face_photo`,`goodat_id`,`recom`,`is_clinic`,`hospital_id`,`hospital_repart_str`,`school_str`,`title_str`,`concealment_number` FROM `jd_doctor` WHERE  (  member_id = 3 ) LIMIT 1 [ RunTime:0.106697s ]
[ sql ] [ SQL ] SHOW COLUMNS FROM `jd_school` [ RunTime:0.112723s ]
[ sql ] [ SQL ] SELECT `school_name` FROM `jd_school` WHERE  (  school_id IN(1,2) AND is_display = 1 ) [ RunTime:0.098785s ]
[ sql ] [ SQL ] SHOW COLUMNS FROM `jd_hospital` [ RunTime:0.097287s ]
[ sql ] [ SQL ] SELECT `hospital_name` FROM `jd_hospital` WHERE  (  hospital_id = 6 ) LIMIT 1 [ RunTime:0.105581s ]
[ sql ] [ SQL ] SHOW COLUMNS FROM `jd_hospital_repart` [ RunTime:0.112954s ]
[ sql ] [ SQL ] SELECT `d`.`department_name` FROM `jd_hospital_repart` `hr` INNER JOIN `jd_department` `d` ON `d`.`department_id`=`hr`.`department_id` WHERE  (  hr.hospital_repart_id IN(6,7,2) ) [ RunTime:0.116029s ]
[ sql ] [ SQL ] SHOW COLUMNS FROM `jd_self_goods` [ RunTime:0.088714s ]
[ sql ] [ SQL ] SELECT COUNT(*) AS tp_count FROM `jd_self_goods` WHERE  (  member_id = 3 AND content != '' AND is_checked = 2 AND end_date > 1527264456 ) LIMIT 1 [ RunTime:0.106779s ]
[ sql ] [ SQL ] SELECT `id`.`pay_num`,`id`.`proud`,`id`.`use_drug` FROM `jd_inherit_doctor` `id` INNER JOIN `jd_doctor` `d` ON `id`.`member_id`=`d`.`member_id` WHERE  (  id.`is_checked` = 1 AND id.`inherit_id` = 2 AND id.member_id = 3 ) LIMIT 1 [ RunTime:0.104938s ]
[ sql ] [ SQL ] SELECT `self_goods_name` FROM `jd_self_goods` WHERE  (  member_id = 3 AND is_checked = 2 AND end_date > 1527264456 ) [ RunTime:0.096401s ]
[ sql ] [ SQL ] SELECT `member_id`,`inherit`,`member_name`,`face_photo`,`goodat_id`,`recom`,`is_clinic`,`hospital_id`,`hospital_repart_str`,`school_str`,`title_str`,`concealment_number` FROM `jd_doctor` WHERE  (  member_id = 4 ) LIMIT 1 [ RunTime:0.119514s ]
[ sql ] [ SQL ] SELECT `hospital_name` FROM `jd_hospital` WHERE  (  hospital_id = 6 ) LIMIT 1 [ RunTime:0.113710s ]
[ sql ] [ SQL ] SELECT `d`.`department_name` FROM `jd_hospital_repart` `hr` INNER JOIN `jd_department` `d` ON `d`.`department_id`=`hr`.`department_id` WHERE  (  hr.hospital_repart_id IN(6,7) ) [ RunTime:0.109087s ]
[ sql ] [ SQL ] SELECT COUNT(*) AS tp_count FROM `jd_self_goods` WHERE  (  member_id = 4 AND content != '' AND is_checked = 2 AND end_date > 1527264457 ) LIMIT 1 [ RunTime:0.106102s ]
[ sql ] [ SQL ] SELECT `id`.`pay_num`,`id`.`proud`,`id`.`use_drug` FROM `jd_inherit_doctor` `id` INNER JOIN `jd_doctor` `d` ON `id`.`member_id`=`d`.`member_id` WHERE  (  id.`is_checked` = 1 AND id.`inherit_id` = 2 AND id.member_id = 4 ) LIMIT 1 [ RunTime:0.108220s ]
[ sql ] [ SQL ] SELECT `self_goods_name` FROM `jd_self_goods` WHERE  (  member_id = 4 AND is_checked = 2 AND end_date > 1527264457 ) [ RunTime:0.109154s ]
[ sql ] [ SQL ] SELECT `member_id`,`inherit`,`member_name`,`face_photo`,`goodat_id`,`recom`,`is_clinic`,`hospital_id`,`hospital_repart_str`,`school_str`,`title_str`,`concealment_number` FROM `jd_doctor` WHERE  (  member_id = 7 ) LIMIT 1 [ RunTime:0.107787s ]
[ sql ] [ SQL ] SELECT `hospital_name` FROM `jd_hospital` WHERE  (  hospital_id = 6 ) LIMIT 1 [ RunTime:0.101579s ]
[ sql ] [ SQL ] SELECT `d`.`department_name` FROM `jd_hospital_repart` `hr` INNER JOIN `jd_department` `d` ON `d`.`department_id`=`hr`.`department_id` WHERE  (  hr.hospital_repart_id IN(6,7) ) [ RunTime:0.104575s ]
[ sql ] [ SQL ] SELECT COUNT(*) AS tp_count FROM `jd_self_goods` WHERE  (  member_id = 7 AND content != '' AND is_checked = 2 AND end_date > 1527264458 ) LIMIT 1 [ RunTime:0.101724s ]
[ sql ] [ SQL ] SELECT `id`.`pay_num`,`id`.`proud`,`id`.`use_drug` FROM `jd_inherit_doctor` `id` INNER JOIN `jd_doctor` `d` ON `id`.`member_id`=`d`.`member_id` WHERE  (  id.`is_checked` = 1 AND id.`inherit_id` = 2 AND id.member_id = 7 ) LIMIT 1 [ RunTime:0.112366s ]
[ sql ] [ SQL ] SELECT `self_goods_name` FROM `jd_self_goods` WHERE  (  member_id = 7 AND is_checked = 2 AND end_date > 1527264458 ) [ RunTime:0.091787s ]
[ sql ] [ SQL ] SELECT `member_id`,`inherit`,`member_name`,`face_photo`,`goodat_id`,`recom`,`is_clinic`,`hospital_id`,`hospital_repart_str`,`school_str`,`title_str`,`concealment_number` FROM `jd_doctor` WHERE  (  member_id = 2 ) LIMIT 1 [ RunTime:0.105857s ]
[ sql ] [ SQL ] SELECT `school_name` FROM `jd_school` WHERE  (  school_id IN(1,2) AND is_display = 1 ) [ RunTime:0.112687s ]
[ sql ] [ SQL ] SELECT `hospital_name` FROM `jd_hospital` WHERE  (  hospital_id = 6 ) LIMIT 1 [ RunTime:0.112041s ]
[ sql ] [ SQL ] SELECT `d`.`department_name` FROM `jd_hospital_repart` `hr` INNER JOIN `jd_department` `d` ON `d`.`department_id`=`hr`.`department_id` WHERE  (  hr.hospital_repart_id IN(19,6) ) [ RunTime:0.107774s ]
[ sql ] [ SQL ] SELECT COUNT(*) AS tp_count FROM `jd_self_goods` WHERE  (  member_id = 2 AND content != '' AND is_checked = 2 AND end_date > 1527264458 ) LIMIT 1 [ RunTime:0.111365s ]
[ sql ] [ SQL ] SELECT `id`.`pay_num`,`id`.`proud`,`id`.`use_drug` FROM `jd_inherit_doctor` `id` INNER JOIN `jd_doctor` `d` ON `id`.`member_id`=`d`.`member_id` WHERE  (  id.`is_checked` = 1 AND id.`inherit_id` = 2 AND id.member_id = 2 ) LIMIT 1 [ RunTime:0.109777s ]
[ sql ] [ SQL ] SELECT `self_goods_name` FROM `jd_self_goods` WHERE  (  member_id = 2 AND is_checked = 2 AND end_date > 1527264459 ) [ RunTime:0.097079s ]
---------------------------------------------------------------
[ 2018-05-26T00:16:43+08:00 ] 0.0.0.0 POST /inherit/getInheritDoctorList
[ info ] localhost:7037/inherit/getInheritDoctorList [运行时间：5.297684s][吞吐率：0.19req/s] [内存消耗：3,884.11kb] [文件加载：54]
[ info ] [ LANG ] D:\workLP\20180502\judeng\wwwroot\thinkphp\lang\zh-cn.php
[ info ] [ BIND ] 'home'
[ info ] [ ROUTE ] array (
  'type' => 'module',
  'module' => 
  array (
    0 => 'home',
    1 => 'inherit',
    2 => 'getInheritDoctorList',
  ),
)
[ info ] [ HEADER ] array (
  'content-type' => 'multipart/form-data; boundary=----WebKitFormBoundarynFY4MAL4BB9DWM9K',
  'content-length' => '239',
  'x-original-url' => '/inherit/getInheritDoctorList',
  'postman-token' => '252e35e9-93e9-2087-14b2-91e57b635a47',
  'origin' => 'chrome-extension://fhbjgbiflinjbdggehcddcbncdddomop',
  'user-agent' => 'Mozilla/5.0 (Windows NT 10.0; Win64; x64) AppleWebKit/537.36 (KHTML, like Gecko) Chrome/66.0.3359.139 Safari/537.36',
  'host' => 'localhost:7037',
  'accept-language' => 'zh-CN,zh;q=0.9',
  'accept-encoding' => 'gzip, deflate, br',
  'accept' => '*/*',
  'connection' => 'keep-alive',
  'cache-control' => 'no-cache',
)
[ info ] [ PARAM ] array (
  'member_id' => '2',
  'inherit_id' => '2',
)
[ info ] [ RUN ] app\home\controller\Inherit->getInheritDoctorList[ D:\workLP\20180502\judeng\wwwroot\application\home\controller\Inherit.php ]
[ info ] [ DB ] INIT mysql
[ info ] [ LOG ] INIT File
[ sql ] [ DB ] CONNECT:[ UseTime:0.213270s ] mysql:host=39.105.19.169;port=3306;dbname=judeng;charset=utf8
[ sql ] [ SQL ] SHOW COLUMNS FROM `jd_inherit_doctor` [ RunTime:0.101970s ]
[ sql ] [ SQL ] SELECT COUNT(*) AS tp_count FROM `jd_inherit_doctor` WHERE  (  (`member_id` = 2 OR `parent_id` = 2) AND `is_checked` = 1 AND `inherit_id` = 2 ) LIMIT 1 [ RunTime:0.116573s ]
[ sql ] [ SQL ] SHOW COLUMNS FROM `jd_inherit` [ RunTime:0.112919s ]
[ sql ] [ SQL ] SELECT `i`.`inherit_id`,`i`.`inherit_name`,`i`.`studio_intro`,`i`.`studio_address`,`i`.`studio_tel`,`d`.`member_id`,`d`.`member_name`,`d`.`face_photo` FROM `jd_inherit` `i` INNER JOIN `jd_doctor` `d` ON `i`.`member_id`=`d`.`member_id` WHERE  i.`is_display` = 1  AND i.`inherit_id` = '2' LIMIT 1 [ RunTime:0.111388s ]
[ sql ] [ SQL ] SELECT `id`.`inherit_id`,`id`.`parent_id`,`d`.`member_id`,`d`.`member_name`,`d`.`face_photo` FROM `jd_inherit_doctor` `id` INNER JOIN `jd_doctor` `d` ON `id`.`member_id`=`d`.`member_id` WHERE  (  id.`is_checked` = 1 AND id.`inherit_id` = 2 AND id.parent_id = 2 ) [ RunTime:0.118928s ]
[ sql ] [ SQL ] SHOW COLUMNS FROM `jd_doctor` [ RunTime:0.137256s ]
[ sql ] [ SQL ] SELECT `member_id`,`inherit`,`member_name`,`face_photo`,`goodat_id`,`recom`,`is_clinic`,`hospital_id`,`hospital_repart_str`,`school_str`,`title_str`,`concealment_number` FROM `jd_doctor` WHERE  (  member_id = 3 ) LIMIT 1 [ RunTime:0.115129s ]
[ sql ] [ SQL ] SHOW COLUMNS FROM `jd_school` [ RunTime:0.110475s ]
[ sql ] [ SQL ] SELECT `school_name` FROM `jd_school` WHERE  (  school_id IN(1,2) AND is_display = 1 ) [ RunTime:0.113911s ]
[ sql ] [ SQL ] SHOW COLUMNS FROM `jd_hospital` [ RunTime:0.113820s ]
[ sql ] [ SQL ] SELECT `hospital_name` FROM `jd_hospital` WHERE  (  hospital_id = 6 ) LIMIT 1 [ RunTime:0.119747s ]
[ sql ] [ SQL ] SHOW COLUMNS FROM `jd_hospital_repart` [ RunTime:0.119793s ]
[ sql ] [ SQL ] SELECT `d`.`department_name` FROM `jd_hospital_repart` `hr` INNER JOIN `jd_department` `d` ON `d`.`department_id`=`hr`.`department_id` WHERE  (  hr.hospital_repart_id IN(6,7,2) ) [ RunTime:0.112615s ]
[ sql ] [ SQL ] SHOW COLUMNS FROM `jd_self_goods` [ RunTime:0.092487s ]
[ sql ] [ SQL ] SELECT COUNT(*) AS tp_count FROM `jd_self_goods` WHERE  (  member_id = 3 AND content != '' AND is_checked = 2 AND end_date > 1527265000 ) LIMIT 1 [ RunTime:0.098753s ]
[ sql ] [ SQL ] SELECT `id`.`pay_num`,`id`.`proud`,`id`.`use_drug` FROM `jd_inherit_doctor` `id` INNER JOIN `jd_doctor` `d` ON `id`.`member_id`=`d`.`member_id` WHERE  (  id.`is_checked` = 1 AND id.`inherit_id` = 2 AND id.member_id = 3 ) LIMIT 1 [ RunTime:0.110461s ]
[ sql ] [ SQL ] SELECT `self_goods_name` FROM `jd_self_goods` WHERE  (  member_id = 3 AND is_checked = 2 AND end_date > 1527265000 ) [ RunTime:0.102442s ]
[ sql ] [ SQL ] SELECT `member_id`,`inherit`,`member_name`,`face_photo`,`goodat_id`,`recom`,`is_clinic`,`hospital_id`,`hospital_repart_str`,`school_str`,`title_str`,`concealment_number` FROM `jd_doctor` WHERE  (  member_id = 4 ) LIMIT 1 [ RunTime:0.094531s ]
[ sql ] [ SQL ] SELECT `hospital_name` FROM `jd_hospital` WHERE  (  hospital_id = 6 ) LIMIT 1 [ RunTime:0.105478s ]
[ sql ] [ SQL ] SELECT `d`.`department_name` FROM `jd_hospital_repart` `hr` INNER JOIN `jd_department` `d` ON `d`.`department_id`=`hr`.`department_id` WHERE  (  hr.hospital_repart_id IN(6,7) ) [ RunTime:0.100244s ]
[ sql ] [ SQL ] SELECT COUNT(*) AS tp_count FROM `jd_self_goods` WHERE  (  member_id = 4 AND content != '' AND is_checked = 2 AND end_date > 1527265001 ) LIMIT 1 [ RunTime:0.122968s ]
[ sql ] [ SQL ] SELECT `id`.`pay_num`,`id`.`proud`,`id`.`use_drug` FROM `jd_inherit_doctor` `id` INNER JOIN `jd_doctor` `d` ON `id`.`member_id`=`d`.`member_id` WHERE  (  id.`is_checked` = 1 AND id.`inherit_id` = 2 AND id.member_id = 4 ) LIMIT 1 [ RunTime:0.111203s ]
[ sql ] [ SQL ] SELECT `self_goods_name` FROM `jd_self_goods` WHERE  (  member_id = 4 AND is_checked = 2 AND end_date > 1527265001 ) [ RunTime:0.110636s ]
[ sql ] [ SQL ] SELECT `member_id`,`inherit`,`member_name`,`face_photo`,`goodat_id`,`recom`,`is_clinic`,`hospital_id`,`hospital_repart_str`,`school_str`,`title_str`,`concealment_number` FROM `jd_doctor` WHERE  (  member_id = 7 ) LIMIT 1 [ RunTime:0.115637s ]
[ sql ] [ SQL ] SELECT `hospital_name` FROM `jd_hospital` WHERE  (  hospital_id = 6 ) LIMIT 1 [ RunTime:0.117591s ]
[ sql ] [ SQL ] SELECT `d`.`department_name` FROM `jd_hospital_repart` `hr` INNER JOIN `jd_department` `d` ON `d`.`department_id`=`hr`.`department_id` WHERE  (  hr.hospital_repart_id IN(6,7) ) [ RunTime:0.113140s ]
[ sql ] [ SQL ] SELECT COUNT(*) AS tp_count FROM `jd_self_goods` WHERE  (  member_id = 7 AND content != '' AND is_checked = 2 AND end_date > 1527265002 ) LIMIT 1 [ RunTime:0.137570s ]
[ sql ] [ SQL ] SELECT `id`.`pay_num`,`id`.`proud`,`id`.`use_drug` FROM `jd_inherit_doctor` `id` INNER JOIN `jd_doctor` `d` ON `id`.`member_id`=`d`.`member_id` WHERE  (  id.`is_checked` = 1 AND id.`inherit_id` = 2 AND id.member_id = 7 ) LIMIT 1 [ RunTime:0.129250s ]
[ sql ] [ SQL ] SELECT `self_goods_name` FROM `jd_self_goods` WHERE  (  member_id = 7 AND is_checked = 2 AND end_date > 1527265002 ) [ RunTime:0.109479s ]
[ sql ] [ SQL ] SELECT `member_id`,`inherit`,`member_name`,`face_photo`,`goodat_id`,`recom`,`is_clinic`,`hospital_id`,`hospital_repart_str`,`school_str`,`title_str`,`concealment_number` FROM `jd_doctor` WHERE  (  member_id = 2 ) LIMIT 1 [ RunTime:0.108865s ]
[ sql ] [ SQL ] SELECT `school_name` FROM `jd_school` WHERE  (  school_id IN(1,2) AND is_display = 1 ) [ RunTime:0.113505s ]
[ sql ] [ SQL ] SELECT `hospital_name` FROM `jd_hospital` WHERE  (  hospital_id = 6 ) LIMIT 1 [ RunTime:0.109652s ]
[ sql ] [ SQL ] SELECT `d`.`department_name` FROM `jd_hospital_repart` `hr` INNER JOIN `jd_department` `d` ON `d`.`department_id`=`hr`.`department_id` WHERE  (  hr.hospital_repart_id IN(19,6) ) [ RunTime:0.109733s ]
[ sql ] [ SQL ] SELECT COUNT(*) AS tp_count FROM `jd_self_goods` WHERE  (  member_id = 2 AND content != '' AND is_checked = 2 AND end_date > 1527265003 ) LIMIT 1 [ RunTime:0.106145s ]
[ sql ] [ SQL ] SELECT `id`.`pay_num`,`id`.`proud`,`id`.`use_drug` FROM `jd_inherit_doctor` `id` INNER JOIN `jd_doctor` `d` ON `id`.`member_id`=`d`.`member_id` WHERE  (  id.`is_checked` = 1 AND id.`inherit_id` = 2 AND id.member_id = 2 ) LIMIT 1 [ RunTime:0.127287s ]
[ sql ] [ SQL ] SELECT `self_goods_name` FROM `jd_self_goods` WHERE  (  member_id = 2 AND is_checked = 2 AND end_date > 1527265003 ) [ RunTime:0.112057s ]
[ error ] [8]未定义变量: firstList[D:\workLP\20180502\judeng\wwwroot\application\home\controller\Inherit.php:486]
[ error ] [8]未定义数组索引: only_token[D:\workLP\20180502\judeng\wwwroot\application\common.php:82]
---------------------------------------------------------------
[ 2018-05-26T00:17:54+08:00 ] 0.0.0.0 POST /inherit/getInheritDoctorList
[ info ] localhost:7037/inherit/getInheritDoctorList [运行时间：5.327762s][吞吐率：0.19req/s] [内存消耗：3,882.52kb] [文件加载：54]
[ info ] [ LANG ] D:\workLP\20180502\judeng\wwwroot\thinkphp\lang\zh-cn.php
[ info ] [ BIND ] 'home'
[ info ] [ ROUTE ] array (
  'type' => 'module',
  'module' => 
  array (
    0 => 'home',
    1 => 'inherit',
    2 => 'getInheritDoctorList',
  ),
)
[ info ] [ HEADER ] array (
  'content-type' => 'multipart/form-data; boundary=----WebKitFormBoundaryTQ6BEtrZoxq6RHbT',
  'content-length' => '239',
  'x-original-url' => '/inherit/getInheritDoctorList',
  'postman-token' => 'ce9cf017-f189-8962-b91f-5e4b3d08fd70',
  'origin' => 'chrome-extension://fhbjgbiflinjbdggehcddcbncdddomop',
  'user-agent' => 'Mozilla/5.0 (Windows NT 10.0; Win64; x64) AppleWebKit/537.36 (KHTML, like Gecko) Chrome/66.0.3359.139 Safari/537.36',
  'host' => 'localhost:7037',
  'accept-language' => 'zh-CN,zh;q=0.9',
  'accept-encoding' => 'gzip, deflate, br',
  'accept' => '*/*',
  'connection' => 'keep-alive',
  'cache-control' => 'no-cache',
)
[ info ] [ PARAM ] array (
  'member_id' => '2',
  'inherit_id' => '2',
)
[ info ] [ RUN ] app\home\controller\Inherit->getInheritDoctorList[ D:\workLP\20180502\judeng\wwwroot\application\home\controller\Inherit.php ]
[ info ] [ DB ] INIT mysql
[ info ] [ LOG ] INIT File
[ sql ] [ DB ] CONNECT:[ UseTime:0.278966s ] mysql:host=39.105.19.169;port=3306;dbname=judeng;charset=utf8
[ sql ] [ SQL ] SHOW COLUMNS FROM `jd_inherit_doctor` [ RunTime:0.113442s ]
[ sql ] [ SQL ] SELECT COUNT(*) AS tp_count FROM `jd_inherit_doctor` WHERE  (  (`member_id` = 2 OR `parent_id` = 2) AND `is_checked` = 1 AND `inherit_id` = 2 ) LIMIT 1 [ RunTime:0.113205s ]
[ sql ] [ SQL ] SHOW COLUMNS FROM `jd_inherit` [ RunTime:0.114347s ]
[ sql ] [ SQL ] SELECT `i`.`inherit_id`,`i`.`inherit_name`,`i`.`studio_intro`,`i`.`studio_address`,`i`.`studio_tel`,`d`.`member_id`,`d`.`member_name`,`d`.`face_photo` FROM `jd_inherit` `i` INNER JOIN `jd_doctor` `d` ON `i`.`member_id`=`d`.`member_id` WHERE  i.`is_display` = 1  AND i.`inherit_id` = '2' LIMIT 1 [ RunTime:0.111022s ]
[ sql ] [ SQL ] SELECT `id`.`inherit_id`,`id`.`parent_id`,`d`.`member_id`,`d`.`member_name`,`d`.`face_photo` FROM `jd_inherit_doctor` `id` INNER JOIN `jd_doctor` `d` ON `id`.`member_id`=`d`.`member_id` WHERE  (  id.`is_checked` = 1 AND id.`inherit_id` = 2 AND id.parent_id = 2 ) [ RunTime:0.127051s ]
[ sql ] [ SQL ] SHOW COLUMNS FROM `jd_doctor` [ RunTime:0.118066s ]
[ sql ] [ SQL ] SELECT `member_id`,`inherit`,`member_name`,`face_photo`,`goodat_id`,`recom`,`is_clinic`,`hospital_id`,`hospital_repart_str`,`school_str`,`title_str`,`concealment_number` FROM `jd_doctor` WHERE  (  member_id = 3 ) LIMIT 1 [ RunTime:0.112647s ]
[ sql ] [ SQL ] SHOW COLUMNS FROM `jd_school` [ RunTime:0.113905s ]
[ sql ] [ SQL ] SELECT `school_name` FROM `jd_school` WHERE  (  school_id IN(1,2) AND is_display = 1 ) [ RunTime:0.100054s ]
[ sql ] [ SQL ] SHOW COLUMNS FROM `jd_hospital` [ RunTime:0.126023s ]
[ sql ] [ SQL ] SELECT `hospital_name` FROM `jd_hospital` WHERE  (  hospital_id = 6 ) LIMIT 1 [ RunTime:0.114911s ]
[ sql ] [ SQL ] SHOW COLUMNS FROM `jd_hospital_repart` [ RunTime:0.104401s ]
[ sql ] [ SQL ] SELECT `d`.`department_name` FROM `jd_hospital_repart` `hr` INNER JOIN `jd_department` `d` ON `d`.`department_id`=`hr`.`department_id` WHERE  (  hr.hospital_repart_id IN(6,7,2) ) [ RunTime:0.133022s ]
[ sql ] [ SQL ] SHOW COLUMNS FROM `jd_self_goods` [ RunTime:0.111411s ]
[ sql ] [ SQL ] SELECT COUNT(*) AS tp_count FROM `jd_self_goods` WHERE  (  member_id = 3 AND content != '' AND is_checked = 2 AND end_date > 1527265071 ) LIMIT 1 [ RunTime:0.116645s ]
[ sql ] [ SQL ] SELECT `id`.`pay_num`,`id`.`proud`,`id`.`use_drug` FROM `jd_inherit_doctor` `id` INNER JOIN `jd_doctor` `d` ON `id`.`member_id`=`d`.`member_id` WHERE  (  id.`is_checked` = 1 AND id.`inherit_id` = 2 AND id.member_id = 3 ) LIMIT 1 [ RunTime:0.115042s ]
[ sql ] [ SQL ] SELECT `self_goods_name` FROM `jd_self_goods` WHERE  (  member_id = 3 AND is_checked = 2 AND end_date > 1527265072 ) [ RunTime:0.112622s ]
[ sql ] [ SQL ] SELECT `member_id`,`inherit`,`member_name`,`face_photo`,`goodat_id`,`recom`,`is_clinic`,`hospital_id`,`hospital_repart_str`,`school_str`,`title_str`,`concealment_number` FROM `jd_doctor` WHERE  (  member_id = 4 ) LIMIT 1 [ RunTime:0.118768s ]
[ sql ] [ SQL ] SELECT `hospital_name` FROM `jd_hospital` WHERE  (  hospital_id = 6 ) LIMIT 1 [ RunTime:0.110809s ]
[ sql ] [ SQL ] SELECT `d`.`department_name` FROM `jd_hospital_repart` `hr` INNER JOIN `jd_department` `d` ON `d`.`department_id`=`hr`.`department_id` WHERE  (  hr.hospital_repart_id IN(6,7) ) [ RunTime:0.110526s ]
[ sql ] [ SQL ] SELECT COUNT(*) AS tp_count FROM `jd_self_goods` WHERE  (  member_id = 4 AND content != '' AND is_checked = 2 AND end_date > 1527265072 ) LIMIT 1 [ RunTime:0.121601s ]
[ sql ] [ SQL ] SELECT `id`.`pay_num`,`id`.`proud`,`id`.`use_drug` FROM `jd_inherit_doctor` `id` INNER JOIN `jd_doctor` `d` ON `id`.`member_id`=`d`.`member_id` WHERE  (  id.`is_checked` = 1 AND id.`inherit_id` = 2 AND id.member_id = 4 ) LIMIT 1 [ RunTime:0.117934s ]
[ sql ] [ SQL ] SELECT `self_goods_name` FROM `jd_self_goods` WHERE  (  member_id = 4 AND is_checked = 2 AND end_date > 1527265073 ) [ RunTime:0.103507s ]
[ sql ] [ SQL ] SELECT `member_id`,`inherit`,`member_name`,`face_photo`,`goodat_id`,`recom`,`is_clinic`,`hospital_id`,`hospital_repart_str`,`school_str`,`title_str`,`concealment_number` FROM `jd_doctor` WHERE  (  member_id = 7 ) LIMIT 1 [ RunTime:0.100485s ]
[ sql ] [ SQL ] SELECT `hospital_name` FROM `jd_hospital` WHERE  (  hospital_id = 6 ) LIMIT 1 [ RunTime:0.096391s ]
[ sql ] [ SQL ] SELECT `d`.`department_name` FROM `jd_hospital_repart` `hr` INNER JOIN `jd_department` `d` ON `d`.`department_id`=`hr`.`department_id` WHERE  (  hr.hospital_repart_id IN(6,7) ) [ RunTime:0.112755s ]
[ sql ] [ SQL ] SELECT COUNT(*) AS tp_count FROM `jd_self_goods` WHERE  (  member_id = 7 AND content != '' AND is_checked = 2 AND end_date > 1527265073 ) LIMIT 1 [ RunTime:0.109883s ]
[ sql ] [ SQL ] SELECT `id`.`pay_num`,`id`.`proud`,`id`.`use_drug` FROM `jd_inherit_doctor` `id` INNER JOIN `jd_doctor` `d` ON `id`.`member_id`=`d`.`member_id` WHERE  (  id.`is_checked` = 1 AND id.`inherit_id` = 2 AND id.member_id = 7 ) LIMIT 1 [ RunTime:0.126660s ]
[ sql ] [ SQL ] SELECT `self_goods_name` FROM `jd_self_goods` WHERE  (  member_id = 7 AND is_checked = 2 AND end_date > 1527265073 ) [ RunTime:0.102238s ]
[ sql ] [ SQL ] SELECT `member_id`,`inherit`,`member_name`,`face_photo`,`goodat_id`,`recom`,`is_clinic`,`hospital_id`,`hospital_repart_str`,`school_str`,`title_str`,`concealment_number` FROM `jd_doctor` WHERE  (  member_id = 2 ) LIMIT 1 [ RunTime:0.098111s ]
[ sql ] [ SQL ] SELECT `school_name` FROM `jd_school` WHERE  (  school_id IN(1,2) AND is_display = 1 ) [ RunTime:0.098889s ]
[ sql ] [ SQL ] SELECT `hospital_name` FROM `jd_hospital` WHERE  (  hospital_id = 6 ) LIMIT 1 [ RunTime:0.104265s ]
[ sql ] [ SQL ] SELECT `d`.`department_name` FROM `jd_hospital_repart` `hr` INNER JOIN `jd_department` `d` ON `d`.`department_id`=`hr`.`department_id` WHERE  (  hr.hospital_repart_id IN(19,6) ) [ RunTime:0.107010s ]
[ sql ] [ SQL ] SELECT COUNT(*) AS tp_count FROM `jd_self_goods` WHERE  (  member_id = 2 AND content != '' AND is_checked = 2 AND end_date > 1527265074 ) LIMIT 1 [ RunTime:0.104512s ]
[ sql ] [ SQL ] SELECT `id`.`pay_num`,`id`.`proud`,`id`.`use_drug` FROM `jd_inherit_doctor` `id` INNER JOIN `jd_doctor` `d` ON `id`.`member_id`=`d`.`member_id` WHERE  (  id.`is_checked` = 1 AND id.`inherit_id` = 2 AND id.member_id = 2 ) LIMIT 1 [ RunTime:0.103764s ]
[ sql ] [ SQL ] SELECT `self_goods_name` FROM `jd_self_goods` WHERE  (  member_id = 2 AND is_checked = 2 AND end_date > 1527265074 ) [ RunTime:0.106154s ]
[ error ] [8]未定义数组索引: only_token[D:\workLP\20180502\judeng\wwwroot\application\common.php:82]
---------------------------------------------------------------
[ 2018-05-26T00:19:15+08:00 ] 0.0.0.0 POST /inherit/getInheritDoctorList
[ info ] localhost:7037/inherit/getInheritDoctorList [运行时间：5.181916s][吞吐率：0.19req/s] [内存消耗：3,883.00kb] [文件加载：54]
[ info ] [ LANG ] D:\workLP\20180502\judeng\wwwroot\thinkphp\lang\zh-cn.php
[ info ] [ BIND ] 'home'
[ info ] [ ROUTE ] array (
  'type' => 'module',
  'module' => 
  array (
    0 => 'home',
    1 => 'inherit',
    2 => 'getInheritDoctorList',
  ),
)
[ info ] [ HEADER ] array (
  'content-type' => 'multipart/form-data; boundary=----WebKitFormBoundaryrtdADryYJ2VcQJVs',
  'content-length' => '239',
  'x-original-url' => '/inherit/getInheritDoctorList',
  'postman-token' => 'eb29cef2-3c85-cc38-63e5-a365ffc45de1',
  'origin' => 'chrome-extension://fhbjgbiflinjbdggehcddcbncdddomop',
  'user-agent' => 'Mozilla/5.0 (Windows NT 10.0; Win64; x64) AppleWebKit/537.36 (KHTML, like Gecko) Chrome/66.0.3359.139 Safari/537.36',
  'host' => 'localhost:7037',
  'accept-language' => 'zh-CN,zh;q=0.9',
  'accept-encoding' => 'gzip, deflate, br',
  'accept' => '*/*',
  'connection' => 'keep-alive',
  'cache-control' => 'no-cache',
)
[ info ] [ PARAM ] array (
  'member_id' => '2',
  'inherit_id' => '2',
)
[ info ] [ RUN ] app\home\controller\Inherit->getInheritDoctorList[ D:\workLP\20180502\judeng\wwwroot\application\home\controller\Inherit.php ]
[ info ] [ DB ] INIT mysql
[ info ] [ LOG ] INIT File
[ sql ] [ DB ] CONNECT:[ UseTime:0.166813s ] mysql:host=39.105.19.169;port=3306;dbname=judeng;charset=utf8
[ sql ] [ SQL ] SHOW COLUMNS FROM `jd_inherit_doctor` [ RunTime:0.115723s ]
[ sql ] [ SQL ] SELECT COUNT(*) AS tp_count FROM `jd_inherit_doctor` WHERE  (  (`member_id` = 2 OR `parent_id` = 2) AND `is_checked` = 1 AND `inherit_id` = 2 ) LIMIT 1 [ RunTime:0.120499s ]
[ sql ] [ SQL ] SHOW COLUMNS FROM `jd_inherit` [ RunTime:0.107589s ]
[ sql ] [ SQL ] SELECT `i`.`inherit_id`,`i`.`inherit_name`,`i`.`studio_intro`,`i`.`studio_address`,`i`.`studio_tel`,`d`.`member_id`,`d`.`member_name`,`d`.`face_photo` FROM `jd_inherit` `i` INNER JOIN `jd_doctor` `d` ON `i`.`member_id`=`d`.`member_id` WHERE  i.`is_display` = 1  AND i.`inherit_id` = '2' LIMIT 1 [ RunTime:0.111489s ]
[ sql ] [ SQL ] SELECT `id`.`inherit_id`,`id`.`parent_id`,`d`.`member_id`,`d`.`member_name`,`d`.`face_photo` FROM `jd_inherit_doctor` `id` INNER JOIN `jd_doctor` `d` ON `id`.`member_id`=`d`.`member_id` WHERE  (  id.`is_checked` = 1 AND id.`inherit_id` = 2 AND id.parent_id = 2 ) [ RunTime:0.118570s ]
[ sql ] [ SQL ] SHOW COLUMNS FROM `jd_doctor` [ RunTime:0.099383s ]
[ sql ] [ SQL ] SELECT `member_id`,`inherit`,`member_name`,`face_photo`,`goodat_id`,`recom`,`is_clinic`,`hospital_id`,`hospital_repart_str`,`school_str`,`title_str`,`concealment_number` FROM `jd_doctor` WHERE  (  member_id = 3 ) LIMIT 1 [ RunTime:0.112408s ]
[ sql ] [ SQL ] SHOW COLUMNS FROM `jd_school` [ RunTime:0.102646s ]
[ sql ] [ SQL ] SELECT `school_name` FROM `jd_school` WHERE  (  school_id IN(1,2) AND is_display = 1 ) [ RunTime:0.101395s ]
[ sql ] [ SQL ] SHOW COLUMNS FROM `jd_hospital` [ RunTime:0.115254s ]
[ sql ] [ SQL ] SELECT `hospital_name` FROM `jd_hospital` WHERE  (  hospital_id = 6 ) LIMIT 1 [ RunTime:0.109168s ]
[ sql ] [ SQL ] SHOW COLUMNS FROM `jd_hospital_repart` [ RunTime:0.120541s ]
[ sql ] [ SQL ] SELECT `d`.`department_name` FROM `jd_hospital_repart` `hr` INNER JOIN `jd_department` `d` ON `d`.`department_id`=`hr`.`department_id` WHERE  (  hr.hospital_repart_id IN(6,7,2) ) [ RunTime:0.114649s ]
[ sql ] [ SQL ] SHOW COLUMNS FROM `jd_self_goods` [ RunTime:0.125811s ]
[ sql ] [ SQL ] SELECT COUNT(*) AS tp_count FROM `jd_self_goods` WHERE  (  member_id = 3 AND content != '' AND is_checked = 2 AND end_date > 1527265152 ) LIMIT 1 [ RunTime:0.092269s ]
[ sql ] [ SQL ] SELECT `id`.`pay_num`,`id`.`proud`,`id`.`use_drug` FROM `jd_inherit_doctor` `id` INNER JOIN `jd_doctor` `d` ON `id`.`member_id`=`d`.`member_id` WHERE  (  id.`is_checked` = 1 AND id.`inherit_id` = 2 AND id.member_id = 3 ) LIMIT 1 [ RunTime:0.113227s ]
[ sql ] [ SQL ] SELECT `self_goods_name` FROM `jd_self_goods` WHERE  (  member_id = 3 AND is_checked = 2 AND end_date > 1527265152 ) [ RunTime:0.109607s ]
[ sql ] [ SQL ] SELECT `member_id`,`inherit`,`member_name`,`face_photo`,`goodat_id`,`recom`,`is_clinic`,`hospital_id`,`hospital_repart_str`,`school_str`,`title_str`,`concealment_number` FROM `jd_doctor` WHERE  (  member_id = 4 ) LIMIT 1 [ RunTime:0.090599s ]
[ sql ] [ SQL ] SELECT `hospital_name` FROM `jd_hospital` WHERE  (  hospital_id = 6 ) LIMIT 1 [ RunTime:0.114666s ]
[ sql ] [ SQL ] SELECT `d`.`department_name` FROM `jd_hospital_repart` `hr` INNER JOIN `jd_department` `d` ON `d`.`department_id`=`hr`.`department_id` WHERE  (  hr.hospital_repart_id IN(6,7) ) [ RunTime:0.115858s ]
[ sql ] [ SQL ] SELECT COUNT(*) AS tp_count FROM `jd_self_goods` WHERE  (  member_id = 4 AND content != '' AND is_checked = 2 AND end_date > 1527265153 ) LIMIT 1 [ RunTime:0.112948s ]
[ sql ] [ SQL ] SELECT `id`.`pay_num`,`id`.`proud`,`id`.`use_drug` FROM `jd_inherit_doctor` `id` INNER JOIN `jd_doctor` `d` ON `id`.`member_id`=`d`.`member_id` WHERE  (  id.`is_checked` = 1 AND id.`inherit_id` = 2 AND id.member_id = 4 ) LIMIT 1 [ RunTime:0.090832s ]
[ sql ] [ SQL ] SELECT `self_goods_name` FROM `jd_self_goods` WHERE  (  member_id = 4 AND is_checked = 2 AND end_date > 1527265153 ) [ RunTime:0.107806s ]
[ sql ] [ SQL ] SELECT `member_id`,`inherit`,`member_name`,`face_photo`,`goodat_id`,`recom`,`is_clinic`,`hospital_id`,`hospital_repart_str`,`school_str`,`title_str`,`concealment_number` FROM `jd_doctor` WHERE  (  member_id = 7 ) LIMIT 1 [ RunTime:0.117940s ]
[ sql ] [ SQL ] SELECT `hospital_name` FROM `jd_hospital` WHERE  (  hospital_id = 6 ) LIMIT 1 [ RunTime:0.106870s ]
[ sql ] [ SQL ] SELECT `d`.`department_name` FROM `jd_hospital_repart` `hr` INNER JOIN `jd_department` `d` ON `d`.`department_id`=`hr`.`department_id` WHERE  (  hr.hospital_repart_id IN(6,7) ) [ RunTime:0.107668s ]
[ sql ] [ SQL ] SELECT COUNT(*) AS tp_count FROM `jd_self_goods` WHERE  (  member_id = 7 AND content != '' AND is_checked = 2 AND end_date > 1527265153 ) LIMIT 1 [ RunTime:0.110588s ]
[ sql ] [ SQL ] SELECT `id`.`pay_num`,`id`.`proud`,`id`.`use_drug` FROM `jd_inherit_doctor` `id` INNER JOIN `jd_doctor` `d` ON `id`.`member_id`=`d`.`member_id` WHERE  (  id.`is_checked` = 1 AND id.`inherit_id` = 2 AND id.member_id = 7 ) LIMIT 1 [ RunTime:0.109310s ]
[ sql ] [ SQL ] SELECT `self_goods_name` FROM `jd_self_goods` WHERE  (  member_id = 7 AND is_checked = 2 AND end_date > 1527265154 ) [ RunTime:0.114219s ]
[ sql ] [ SQL ] SELECT `member_id`,`inherit`,`member_name`,`face_photo`,`goodat_id`,`recom`,`is_clinic`,`hospital_id`,`hospital_repart_str`,`school_str`,`title_str`,`concealment_number` FROM `jd_doctor` WHERE  (  member_id = 2 ) LIMIT 1 [ RunTime:0.121046s ]
[ sql ] [ SQL ] SELECT `school_name` FROM `jd_school` WHERE  (  school_id IN(1,2) AND is_display = 1 ) [ RunTime:0.114139s ]
[ sql ] [ SQL ] SELECT `hospital_name` FROM `jd_hospital` WHERE  (  hospital_id = 6 ) LIMIT 1 [ RunTime:0.110409s ]
[ sql ] [ SQL ] SELECT `d`.`department_name` FROM `jd_hospital_repart` `hr` INNER JOIN `jd_department` `d` ON `d`.`department_id`=`hr`.`department_id` WHERE  (  hr.hospital_repart_id IN(19,6) ) [ RunTime:0.122655s ]
[ sql ] [ SQL ] SELECT COUNT(*) AS tp_count FROM `jd_self_goods` WHERE  (  member_id = 2 AND content != '' AND is_checked = 2 AND end_date > 1527265154 ) LIMIT 1 [ RunTime:0.110659s ]
[ sql ] [ SQL ] SELECT `id`.`pay_num`,`id`.`proud`,`id`.`use_drug` FROM `jd_inherit_doctor` `id` INNER JOIN `jd_doctor` `d` ON `id`.`member_id`=`d`.`member_id` WHERE  (  id.`is_checked` = 1 AND id.`inherit_id` = 2 AND id.member_id = 2 ) LIMIT 1 [ RunTime:0.098422s ]
[ sql ] [ SQL ] SELECT `self_goods_name` FROM `jd_self_goods` WHERE  (  member_id = 2 AND is_checked = 2 AND end_date > 1527265155 ) [ RunTime:0.112033s ]
[ error ] [8]未定义数组索引: only_token[D:\workLP\20180502\judeng\wwwroot\application\common.php:82]
---------------------------------------------------------------
[ 2018-05-26T00:19:58+08:00 ] 0.0.0.0 POST /inherit/getInheritDoctorList
[ info ] localhost:7037/inherit/getInheritDoctorList [运行时间：5.334983s][吞吐率：0.19req/s] [内存消耗：3,886.73kb] [文件加载：54]
[ info ] [ LANG ] D:\workLP\20180502\judeng\wwwroot\thinkphp\lang\zh-cn.php
[ info ] [ BIND ] 'home'
[ info ] [ ROUTE ] array (
  'type' => 'module',
  'module' => 
  array (
    0 => 'home',
    1 => 'inherit',
    2 => 'getInheritDoctorList',
  ),
)
[ info ] [ HEADER ] array (
  'content-type' => 'multipart/form-data; boundary=----WebKitFormBoundaryjzXVXcGEMDPgTgNl',
  'content-length' => '239',
  'x-original-url' => '/inherit/getInheritDoctorList',
  'postman-token' => '0672c244-ca42-7029-cdea-5b18beb90262',
  'origin' => 'chrome-extension://fhbjgbiflinjbdggehcddcbncdddomop',
  'user-agent' => 'Mozilla/5.0 (Windows NT 10.0; Win64; x64) AppleWebKit/537.36 (KHTML, like Gecko) Chrome/66.0.3359.139 Safari/537.36',
  'host' => 'localhost:7037',
  'accept-language' => 'zh-CN,zh;q=0.9',
  'accept-encoding' => 'gzip, deflate, br',
  'accept' => '*/*',
  'connection' => 'keep-alive',
  'cache-control' => 'no-cache',
)
[ info ] [ PARAM ] array (
  'member_id' => '3',
  'inherit_id' => '2',
)
[ info ] [ RUN ] app\home\controller\Inherit->getInheritDoctorList[ D:\workLP\20180502\judeng\wwwroot\application\home\controller\Inherit.php ]
[ info ] [ DB ] INIT mysql
[ info ] [ LOG ] INIT File
[ sql ] [ DB ] CONNECT:[ UseTime:0.214628s ] mysql:host=39.105.19.169;port=3306;dbname=judeng;charset=utf8
[ sql ] [ SQL ] SHOW COLUMNS FROM `jd_inherit_doctor` [ RunTime:0.096055s ]
[ sql ] [ SQL ] SELECT COUNT(*) AS tp_count FROM `jd_inherit_doctor` WHERE  (  (`member_id` = 3 OR `parent_id` = 3) AND `is_checked` = 1 AND `inherit_id` = 2 ) LIMIT 1 [ RunTime:0.122805s ]
[ sql ] [ SQL ] SHOW COLUMNS FROM `jd_inherit` [ RunTime:0.111818s ]
[ sql ] [ SQL ] SELECT `i`.`inherit_id`,`i`.`inherit_name`,`i`.`studio_intro`,`i`.`studio_address`,`i`.`studio_tel`,`d`.`member_id`,`d`.`member_name`,`d`.`face_photo` FROM `jd_inherit` `i` INNER JOIN `jd_doctor` `d` ON `i`.`member_id`=`d`.`member_id` WHERE  i.`is_display` = 1  AND i.`inherit_id` = '2' LIMIT 1 [ RunTime:0.100609s ]
[ sql ] [ SQL ] SELECT `id`.`inherit_id`,`id`.`parent_id`,`d`.`member_id`,`d`.`member_name`,`d`.`face_photo` FROM `jd_inherit_doctor` `id` INNER JOIN `jd_doctor` `d` ON `id`.`member_id`=`d`.`member_id` WHERE  (  id.`is_checked` = 1 AND id.`inherit_id` = 2 AND id.parent_id = 2 ) [ RunTime:0.118354s ]
[ sql ] [ SQL ] SHOW COLUMNS FROM `jd_doctor` [ RunTime:0.113012s ]
[ sql ] [ SQL ] SELECT `member_id`,`inherit`,`member_name`,`face_photo`,`goodat_id`,`recom`,`is_clinic`,`hospital_id`,`hospital_repart_str`,`school_str`,`title_str`,`concealment_number` FROM `jd_doctor` WHERE  (  member_id = 3 ) LIMIT 1 [ RunTime:0.096215s ]
[ sql ] [ SQL ] SHOW COLUMNS FROM `jd_school` [ RunTime:0.119080s ]
[ sql ] [ SQL ] SELECT `school_name` FROM `jd_school` WHERE  (  school_id IN(1,2) AND is_display = 1 ) [ RunTime:0.114399s ]
[ sql ] [ SQL ] SHOW COLUMNS FROM `jd_hospital` [ RunTime:0.109360s ]
[ sql ] [ SQL ] SELECT `hospital_name` FROM `jd_hospital` WHERE  (  hospital_id = 6 ) LIMIT 1 [ RunTime:0.110448s ]
[ sql ] [ SQL ] SHOW COLUMNS FROM `jd_hospital_repart` [ RunTime:0.107479s ]
[ sql ] [ SQL ] SELECT `d`.`department_name` FROM `jd_hospital_repart` `hr` INNER JOIN `jd_department` `d` ON `d`.`department_id`=`hr`.`department_id` WHERE  (  hr.hospital_repart_id IN(6,7,2) ) [ RunTime:0.107274s ]
[ sql ] [ SQL ] SHOW COLUMNS FROM `jd_self_goods` [ RunTime:0.125770s ]
[ sql ] [ SQL ] SELECT COUNT(*) AS tp_count FROM `jd_self_goods` WHERE  (  member_id = 3 AND content != '' AND is_checked = 2 AND end_date > 1527265195 ) LIMIT 1 [ RunTime:0.121714s ]
[ sql ] [ SQL ] SELECT `id`.`pay_num`,`id`.`proud`,`id`.`use_drug` FROM `jd_inherit_doctor` `id` INNER JOIN `jd_doctor` `d` ON `id`.`member_id`=`d`.`member_id` WHERE  (  id.`is_checked` = 1 AND id.`inherit_id` = 2 AND id.member_id = 3 ) LIMIT 1 [ RunTime:0.107872s ]
[ sql ] [ SQL ] SELECT `self_goods_name` FROM `jd_self_goods` WHERE  (  member_id = 3 AND is_checked = 2 AND end_date > 1527265195 ) [ RunTime:0.106021s ]
[ sql ] [ SQL ] SELECT `member_id`,`inherit`,`member_name`,`face_photo`,`goodat_id`,`recom`,`is_clinic`,`hospital_id`,`hospital_repart_str`,`school_str`,`title_str`,`concealment_number` FROM `jd_doctor` WHERE  (  member_id = 4 ) LIMIT 1 [ RunTime:0.114418s ]
[ sql ] [ SQL ] SELECT `hospital_name` FROM `jd_hospital` WHERE  (  hospital_id = 6 ) LIMIT 1 [ RunTime:0.102053s ]
[ sql ] [ SQL ] SELECT `d`.`department_name` FROM `jd_hospital_repart` `hr` INNER JOIN `jd_department` `d` ON `d`.`department_id`=`hr`.`department_id` WHERE  (  hr.hospital_repart_id IN(6,7) ) [ RunTime:0.110077s ]
[ sql ] [ SQL ] SELECT COUNT(*) AS tp_count FROM `jd_self_goods` WHERE  (  member_id = 4 AND content != '' AND is_checked = 2 AND end_date > 1527265195 ) LIMIT 1 [ RunTime:0.124161s ]
[ sql ] [ SQL ] SELECT `id`.`pay_num`,`id`.`proud`,`id`.`use_drug` FROM `jd_inherit_doctor` `id` INNER JOIN `jd_doctor` `d` ON `id`.`member_id`=`d`.`member_id` WHERE  (  id.`is_checked` = 1 AND id.`inherit_id` = 2 AND id.member_id = 4 ) LIMIT 1 [ RunTime:0.125251s ]
[ sql ] [ SQL ] SELECT `self_goods_name` FROM `jd_self_goods` WHERE  (  member_id = 4 AND is_checked = 2 AND end_date > 1527265196 ) [ RunTime:0.133436s ]
[ sql ] [ SQL ] SELECT `member_id`,`inherit`,`member_name`,`face_photo`,`goodat_id`,`recom`,`is_clinic`,`hospital_id`,`hospital_repart_str`,`school_str`,`title_str`,`concealment_number` FROM `jd_doctor` WHERE  (  member_id = 7 ) LIMIT 1 [ RunTime:0.110499s ]
[ sql ] [ SQL ] SELECT `hospital_name` FROM `jd_hospital` WHERE  (  hospital_id = 6 ) LIMIT 1 [ RunTime:0.127821s ]
[ sql ] [ SQL ] SELECT `d`.`department_name` FROM `jd_hospital_repart` `hr` INNER JOIN `jd_department` `d` ON `d`.`department_id`=`hr`.`department_id` WHERE  (  hr.hospital_repart_id IN(6,7) ) [ RunTime:0.103118s ]
[ sql ] [ SQL ] SELECT COUNT(*) AS tp_count FROM `jd_self_goods` WHERE  (  member_id = 7 AND content != '' AND is_checked = 2 AND end_date > 1527265196 ) LIMIT 1 [ RunTime:0.117539s ]
[ sql ] [ SQL ] SELECT `id`.`pay_num`,`id`.`proud`,`id`.`use_drug` FROM `jd_inherit_doctor` `id` INNER JOIN `jd_doctor` `d` ON `id`.`member_id`=`d`.`member_id` WHERE  (  id.`is_checked` = 1 AND id.`inherit_id` = 2 AND id.member_id = 7 ) LIMIT 1 [ RunTime:0.111526s ]
[ sql ] [ SQL ] SELECT `self_goods_name` FROM `jd_self_goods` WHERE  (  member_id = 7 AND is_checked = 2 AND end_date > 1527265197 ) [ RunTime:0.092610s ]
[ sql ] [ SQL ] SELECT `member_id`,`inherit`,`member_name`,`face_photo`,`goodat_id`,`recom`,`is_clinic`,`hospital_id`,`hospital_repart_str`,`school_str`,`title_str`,`concealment_number` FROM `jd_doctor` WHERE  (  member_id = 2 ) LIMIT 1 [ RunTime:0.106620s ]
[ sql ] [ SQL ] SELECT `school_name` FROM `jd_school` WHERE  (  school_id IN(1,2) AND is_display = 1 ) [ RunTime:0.116227s ]
[ sql ] [ SQL ] SELECT `hospital_name` FROM `jd_hospital` WHERE  (  hospital_id = 6 ) LIMIT 1 [ RunTime:0.110263s ]
[ sql ] [ SQL ] SELECT `d`.`department_name` FROM `jd_hospital_repart` `hr` INNER JOIN `jd_department` `d` ON `d`.`department_id`=`hr`.`department_id` WHERE  (  hr.hospital_repart_id IN(19,6) ) [ RunTime:0.109103s ]
[ sql ] [ SQL ] SELECT COUNT(*) AS tp_count FROM `jd_self_goods` WHERE  (  member_id = 2 AND content != '' AND is_checked = 2 AND end_date > 1527265197 ) LIMIT 1 [ RunTime:0.108661s ]
[ sql ] [ SQL ] SELECT `id`.`pay_num`,`id`.`proud`,`id`.`use_drug` FROM `jd_inherit_doctor` `id` INNER JOIN `jd_doctor` `d` ON `id`.`member_id`=`d`.`member_id` WHERE  (  id.`is_checked` = 1 AND id.`inherit_id` = 2 AND id.member_id = 2 ) LIMIT 1 [ RunTime:0.098611s ]
[ sql ] [ SQL ] SELECT `self_goods_name` FROM `jd_self_goods` WHERE  (  member_id = 2 AND is_checked = 2 AND end_date > 1527265198 ) [ RunTime:0.105850s ]
[ sql ] [ SQL ] SELECT `id`.`inherit_id`,`id`.`parent_id`,`d`.`member_id`,`d`.`member_name`,`d`.`face_photo` FROM `jd_inherit_doctor` `id` INNER JOIN `jd_doctor` `d` ON `id`.`member_id`=`d`.`member_id` WHERE  (  id.`is_checked` = 1 AND id.`inherit_id` = 2 AND id.parent_id = 3 ) [ RunTime:0.102178s ]
[ error ] [8]未定义数组索引: only_token[D:\workLP\20180502\judeng\wwwroot\application\common.php:82]
---------------------------------------------------------------
[ 2018-05-26T00:21:07+08:00 ] 0.0.0.0 POST /inherit/getInheritDoctorList
[ info ] localhost:7037/inherit/getInheritDoctorList [运行时间：5.352352s][吞吐率：0.19req/s] [内存消耗：3,886.73kb] [文件加载：54]
[ info ] [ LANG ] D:\workLP\20180502\judeng\wwwroot\thinkphp\lang\zh-cn.php
[ info ] [ BIND ] 'home'
[ info ] [ ROUTE ] array (
  'type' => 'module',
  'module' => 
  array (
    0 => 'home',
    1 => 'inherit',
    2 => 'getInheritDoctorList',
  ),
)
[ info ] [ HEADER ] array (
  'content-type' => 'multipart/form-data; boundary=----WebKitFormBoundarygu1QBkTAKwR91yu8',
  'content-length' => '239',
  'x-original-url' => '/inherit/getInheritDoctorList',
  'postman-token' => '932b1ef8-f667-c7da-90fa-ad7f0c2c1b2c',
  'origin' => 'chrome-extension://fhbjgbiflinjbdggehcddcbncdddomop',
  'user-agent' => 'Mozilla/5.0 (Windows NT 10.0; Win64; x64) AppleWebKit/537.36 (KHTML, like Gecko) Chrome/66.0.3359.139 Safari/537.36',
  'host' => 'localhost:7037',
  'accept-language' => 'zh-CN,zh;q=0.9',
  'accept-encoding' => 'gzip, deflate, br',
  'accept' => '*/*',
  'connection' => 'keep-alive',
  'cache-control' => 'no-cache',
)
[ info ] [ PARAM ] array (
  'member_id' => '3',
  'inherit_id' => '2',
)
[ info ] [ RUN ] app\home\controller\Inherit->getInheritDoctorList[ D:\workLP\20180502\judeng\wwwroot\application\home\controller\Inherit.php ]
[ info ] [ DB ] INIT mysql
[ info ] [ LOG ] INIT File
[ sql ] [ DB ] CONNECT:[ UseTime:0.148095s ] mysql:host=39.105.19.169;port=3306;dbname=judeng;charset=utf8
[ sql ] [ SQL ] SHOW COLUMNS FROM `jd_inherit_doctor` [ RunTime:0.097297s ]
[ sql ] [ SQL ] SELECT COUNT(*) AS tp_count FROM `jd_inherit_doctor` WHERE  (  (`member_id` = 3 OR `parent_id` = 3) AND `is_checked` = 1 AND `inherit_id` = 2 ) LIMIT 1 [ RunTime:0.100595s ]
[ sql ] [ SQL ] SHOW COLUMNS FROM `jd_inherit` [ RunTime:0.092180s ]
[ sql ] [ SQL ] SELECT `i`.`inherit_id`,`i`.`inherit_name`,`i`.`studio_intro`,`i`.`studio_address`,`i`.`studio_tel`,`d`.`member_id`,`d`.`member_name`,`d`.`face_photo` FROM `jd_inherit` `i` INNER JOIN `jd_doctor` `d` ON `i`.`member_id`=`d`.`member_id` WHERE  i.`is_display` = 1  AND i.`inherit_id` = '2' LIMIT 1 [ RunTime:0.104182s ]
[ sql ] [ SQL ] SELECT `id`.`inherit_id`,`id`.`parent_id`,`d`.`member_id`,`d`.`member_name`,`d`.`face_photo` FROM `jd_inherit_doctor` `id` INNER JOIN `jd_doctor` `d` ON `id`.`member_id`=`d`.`member_id` WHERE  (  id.`is_checked` = 1 AND id.`inherit_id` = 2 AND id.parent_id = 2 ) [ RunTime:0.103707s ]
[ sql ] [ SQL ] SHOW COLUMNS FROM `jd_doctor` [ RunTime:0.129451s ]
[ sql ] [ SQL ] SELECT `member_id`,`inherit`,`member_name`,`face_photo`,`goodat_id`,`recom`,`is_clinic`,`hospital_id`,`hospital_repart_str`,`school_str`,`title_str`,`concealment_number` FROM `jd_doctor` WHERE  (  member_id = 3 ) LIMIT 1 [ RunTime:0.121793s ]
[ sql ] [ SQL ] SHOW COLUMNS FROM `jd_school` [ RunTime:0.109768s ]
[ sql ] [ SQL ] SELECT `school_name` FROM `jd_school` WHERE  (  school_id IN(1,2) AND is_display = 1 ) [ RunTime:0.137783s ]
[ sql ] [ SQL ] SHOW COLUMNS FROM `jd_hospital` [ RunTime:0.114670s ]
[ sql ] [ SQL ] SELECT `hospital_name` FROM `jd_hospital` WHERE  (  hospital_id = 6 ) LIMIT 1 [ RunTime:0.099917s ]
[ sql ] [ SQL ] SHOW COLUMNS FROM `jd_hospital_repart` [ RunTime:0.113307s ]
[ sql ] [ SQL ] SELECT `d`.`department_name` FROM `jd_hospital_repart` `hr` INNER JOIN `jd_department` `d` ON `d`.`department_id`=`hr`.`department_id` WHERE  (  hr.hospital_repart_id IN(6,7,2) ) [ RunTime:0.113960s ]
[ sql ] [ SQL ] SHOW COLUMNS FROM `jd_self_goods` [ RunTime:0.111416s ]
[ sql ] [ SQL ] SELECT COUNT(*) AS tp_count FROM `jd_self_goods` WHERE  (  member_id = 3 AND content != '' AND is_checked = 2 AND end_date > 1527265263 ) LIMIT 1 [ RunTime:0.110109s ]
[ sql ] [ SQL ] SELECT `id`.`pay_num`,`id`.`proud`,`id`.`use_drug` FROM `jd_inherit_doctor` `id` INNER JOIN `jd_doctor` `d` ON `id`.`member_id`=`d`.`member_id` WHERE  (  id.`is_checked` = 1 AND id.`inherit_id` = 2 AND id.member_id = 3 ) LIMIT 1 [ RunTime:0.112780s ]
[ sql ] [ SQL ] SELECT `self_goods_name` FROM `jd_self_goods` WHERE  (  member_id = 3 AND is_checked = 2 AND end_date > 1527265264 ) [ RunTime:0.113943s ]
[ sql ] [ SQL ] SELECT `member_id`,`inherit`,`member_name`,`face_photo`,`goodat_id`,`recom`,`is_clinic`,`hospital_id`,`hospital_repart_str`,`school_str`,`title_str`,`concealment_number` FROM `jd_doctor` WHERE  (  member_id = 4 ) LIMIT 1 [ RunTime:0.120788s ]
[ sql ] [ SQL ] SELECT `hospital_name` FROM `jd_hospital` WHERE  (  hospital_id = 6 ) LIMIT 1 [ RunTime:0.125018s ]
[ sql ] [ SQL ] SELECT `d`.`department_name` FROM `jd_hospital_repart` `hr` INNER JOIN `jd_department` `d` ON `d`.`department_id`=`hr`.`department_id` WHERE  (  hr.hospital_repart_id IN(6,7) ) [ RunTime:0.112320s ]
[ sql ] [ SQL ] SELECT COUNT(*) AS tp_count FROM `jd_self_goods` WHERE  (  member_id = 4 AND content != '' AND is_checked = 2 AND end_date > 1527265264 ) LIMIT 1 [ RunTime:0.112723s ]
[ sql ] [ SQL ] SELECT `id`.`pay_num`,`id`.`proud`,`id`.`use_drug` FROM `jd_inherit_doctor` `id` INNER JOIN `jd_doctor` `d` ON `id`.`member_id`=`d`.`member_id` WHERE  (  id.`is_checked` = 1 AND id.`inherit_id` = 2 AND id.member_id = 4 ) LIMIT 1 [ RunTime:0.110371s ]
[ sql ] [ SQL ] SELECT `self_goods_name` FROM `jd_self_goods` WHERE  (  member_id = 4 AND is_checked = 2 AND end_date > 1527265265 ) [ RunTime:0.125466s ]
[ sql ] [ SQL ] SELECT `member_id`,`inherit`,`member_name`,`face_photo`,`goodat_id`,`recom`,`is_clinic`,`hospital_id`,`hospital_repart_str`,`school_str`,`title_str`,`concealment_number` FROM `jd_doctor` WHERE  (  member_id = 7 ) LIMIT 1 [ RunTime:0.115867s ]
[ sql ] [ SQL ] SELECT `hospital_name` FROM `jd_hospital` WHERE  (  hospital_id = 6 ) LIMIT 1 [ RunTime:0.122739s ]
[ sql ] [ SQL ] SELECT `d`.`department_name` FROM `jd_hospital_repart` `hr` INNER JOIN `jd_department` `d` ON `d`.`department_id`=`hr`.`department_id` WHERE  (  hr.hospital_repart_id IN(6,7) ) [ RunTime:0.111581s ]
[ sql ] [ SQL ] SELECT COUNT(*) AS tp_count FROM `jd_self_goods` WHERE  (  member_id = 7 AND content != '' AND is_checked = 2 AND end_date > 1527265265 ) LIMIT 1 [ RunTime:0.119858s ]
[ sql ] [ SQL ] SELECT `id`.`pay_num`,`id`.`proud`,`id`.`use_drug` FROM `jd_inherit_doctor` `id` INNER JOIN `jd_doctor` `d` ON `id`.`member_id`=`d`.`member_id` WHERE  (  id.`is_checked` = 1 AND id.`inherit_id` = 2 AND id.member_id = 7 ) LIMIT 1 [ RunTime:0.109799s ]
[ sql ] [ SQL ] SELECT `self_goods_name` FROM `jd_self_goods` WHERE  (  member_id = 7 AND is_checked = 2 AND end_date > 1527265265 ) [ RunTime:0.113250s ]
[ sql ] [ SQL ] SELECT `member_id`,`inherit`,`member_name`,`face_photo`,`goodat_id`,`recom`,`is_clinic`,`hospital_id`,`hospital_repart_str`,`school_str`,`title_str`,`concealment_number` FROM `jd_doctor` WHERE  (  member_id = 2 ) LIMIT 1 [ RunTime:0.112042s ]
[ sql ] [ SQL ] SELECT `school_name` FROM `jd_school` WHERE  (  school_id IN(1,2) AND is_display = 1 ) [ RunTime:0.113472s ]
[ sql ] [ SQL ] SELECT `hospital_name` FROM `jd_hospital` WHERE  (  hospital_id = 6 ) LIMIT 1 [ RunTime:0.108962s ]
[ sql ] [ SQL ] SELECT `d`.`department_name` FROM `jd_hospital_repart` `hr` INNER JOIN `jd_department` `d` ON `d`.`department_id`=`hr`.`department_id` WHERE  (  hr.hospital_repart_id IN(19,6) ) [ RunTime:0.124305s ]
[ sql ] [ SQL ] SELECT COUNT(*) AS tp_count FROM `jd_self_goods` WHERE  (  member_id = 2 AND content != '' AND is_checked = 2 AND end_date > 1527265266 ) LIMIT 1 [ RunTime:0.110208s ]
[ sql ] [ SQL ] SELECT `id`.`pay_num`,`id`.`proud`,`id`.`use_drug` FROM `jd_inherit_doctor` `id` INNER JOIN `jd_doctor` `d` ON `id`.`member_id`=`d`.`member_id` WHERE  (  id.`is_checked` = 1 AND id.`inherit_id` = 2 AND id.member_id = 2 ) LIMIT 1 [ RunTime:0.115867s ]
[ sql ] [ SQL ] SELECT `self_goods_name` FROM `jd_self_goods` WHERE  (  member_id = 2 AND is_checked = 2 AND end_date > 1527265266 ) [ RunTime:0.111623s ]
[ sql ] [ SQL ] SELECT `id`.`inherit_id`,`id`.`parent_id`,`d`.`member_id`,`d`.`member_name`,`d`.`face_photo` FROM `jd_inherit_doctor` `id` INNER JOIN `jd_doctor` `d` ON `id`.`member_id`=`d`.`member_id` WHERE  (  id.`is_checked` = 1 AND id.`inherit_id` = 2 AND id.parent_id = 3 ) [ RunTime:0.116613s ]
[ error ] [8]未定义数组索引: only_token[D:\workLP\20180502\judeng\wwwroot\application\common.php:82]
---------------------------------------------------------------
[ 2018-05-26T00:21:24+08:00 ] 0.0.0.0 POST /inherit/getInheritDoctorList
[ info ] localhost:7037/inherit/getInheritDoctorList [运行时间：5.053080s][吞吐率：0.20req/s] [内存消耗：3,884.14kb] [文件加载：54]
[ info ] [ LANG ] D:\workLP\20180502\judeng\wwwroot\thinkphp\lang\zh-cn.php
[ info ] [ BIND ] 'home'
[ info ] [ ROUTE ] array (
  'type' => 'module',
  'module' => 
  array (
    0 => 'home',
    1 => 'inherit',
    2 => 'getInheritDoctorList',
  ),
)
[ info ] [ HEADER ] array (
  'content-type' => 'multipart/form-data; boundary=----WebKitFormBoundaryvr3fVHPQghktWHtc',
  'content-length' => '239',
  'x-original-url' => '/inherit/getInheritDoctorList',
  'postman-token' => 'a2a19816-be1e-4311-8a21-fbeccfd79086',
  'origin' => 'chrome-extension://fhbjgbiflinjbdggehcddcbncdddomop',
  'user-agent' => 'Mozilla/5.0 (Windows NT 10.0; Win64; x64) AppleWebKit/537.36 (KHTML, like Gecko) Chrome/66.0.3359.139 Safari/537.36',
  'host' => 'localhost:7037',
  'accept-language' => 'zh-CN,zh;q=0.9',
  'accept-encoding' => 'gzip, deflate, br',
  'accept' => '*/*',
  'connection' => 'keep-alive',
  'cache-control' => 'no-cache',
)
[ info ] [ PARAM ] array (
  'member_id' => '3',
  'inherit_id' => '2',
)
[ info ] [ RUN ] app\home\controller\Inherit->getInheritDoctorList[ D:\workLP\20180502\judeng\wwwroot\application\home\controller\Inherit.php ]
[ info ] [ DB ] INIT mysql
[ info ] [ LOG ] INIT File
[ sql ] [ DB ] CONNECT:[ UseTime:0.161176s ] mysql:host=39.105.19.169;port=3306;dbname=judeng;charset=utf8
[ sql ] [ SQL ] SHOW COLUMNS FROM `jd_inherit_doctor` [ RunTime:0.110029s ]
[ sql ] [ SQL ] SELECT COUNT(*) AS tp_count FROM `jd_inherit_doctor` WHERE  (  (`member_id` = 3 OR `parent_id` = 3) AND `is_checked` = 1 AND `inherit_id` = 2 ) LIMIT 1 [ RunTime:0.116297s ]
[ sql ] [ SQL ] SHOW COLUMNS FROM `jd_inherit` [ RunTime:0.106790s ]
[ sql ] [ SQL ] SELECT `i`.`inherit_id`,`i`.`inherit_name`,`i`.`studio_intro`,`i`.`studio_address`,`i`.`studio_tel`,`d`.`member_id`,`d`.`member_name`,`d`.`face_photo` FROM `jd_inherit` `i` INNER JOIN `jd_doctor` `d` ON `i`.`member_id`=`d`.`member_id` WHERE  i.`is_display` = 1  AND i.`inherit_id` = '2' LIMIT 1 [ RunTime:0.091086s ]
[ sql ] [ SQL ] SELECT `id`.`inherit_id`,`id`.`parent_id`,`d`.`member_id`,`d`.`member_name`,`d`.`face_photo` FROM `jd_inherit_doctor` `id` INNER JOIN `jd_doctor` `d` ON `id`.`member_id`=`d`.`member_id` WHERE  (  id.`is_checked` = 1 AND id.`inherit_id` = 2 AND id.parent_id = 2 ) [ RunTime:0.111829s ]
[ sql ] [ SQL ] SHOW COLUMNS FROM `jd_doctor` [ RunTime:0.101103s ]
[ sql ] [ SQL ] SELECT `member_id`,`inherit`,`member_name`,`face_photo`,`goodat_id`,`recom`,`is_clinic`,`hospital_id`,`hospital_repart_str`,`school_str`,`title_str`,`concealment_number` FROM `jd_doctor` WHERE  (  member_id = 3 ) LIMIT 1 [ RunTime:0.111029s ]
[ sql ] [ SQL ] SHOW COLUMNS FROM `jd_school` [ RunTime:0.104776s ]
[ sql ] [ SQL ] SELECT `school_name` FROM `jd_school` WHERE  (  school_id IN(1,2) AND is_display = 1 ) [ RunTime:0.096548s ]
[ sql ] [ SQL ] SHOW COLUMNS FROM `jd_hospital` [ RunTime:0.095806s ]
[ sql ] [ SQL ] SELECT `hospital_name` FROM `jd_hospital` WHERE  (  hospital_id = 6 ) LIMIT 1 [ RunTime:0.095817s ]
[ sql ] [ SQL ] SHOW COLUMNS FROM `jd_hospital_repart` [ RunTime:0.097588s ]
[ sql ] [ SQL ] SELECT `d`.`department_name` FROM `jd_hospital_repart` `hr` INNER JOIN `jd_department` `d` ON `d`.`department_id`=`hr`.`department_id` WHERE  (  hr.hospital_repart_id IN(6,7,2) ) [ RunTime:0.103783s ]
[ sql ] [ SQL ] SHOW COLUMNS FROM `jd_self_goods` [ RunTime:0.098963s ]
[ sql ] [ SQL ] SELECT COUNT(*) AS tp_count FROM `jd_self_goods` WHERE  (  member_id = 3 AND content != '' AND is_checked = 2 AND end_date > 1527265281 ) LIMIT 1 [ RunTime:0.095320s ]
[ sql ] [ SQL ] SELECT `id`.`pay_num`,`id`.`proud`,`id`.`use_drug` FROM `jd_inherit_doctor` `id` INNER JOIN `jd_doctor` `d` ON `id`.`member_id`=`d`.`member_id` WHERE  (  id.`is_checked` = 1 AND id.`inherit_id` = 2 AND id.member_id = 3 ) LIMIT 1 [ RunTime:0.102931s ]
[ sql ] [ SQL ] SELECT `self_goods_name` FROM `jd_self_goods` WHERE  (  member_id = 3 AND is_checked = 2 AND end_date > 1527265281 ) [ RunTime:0.101868s ]
[ sql ] [ SQL ] SELECT `member_id`,`inherit`,`member_name`,`face_photo`,`goodat_id`,`recom`,`is_clinic`,`hospital_id`,`hospital_repart_str`,`school_str`,`title_str`,`concealment_number` FROM `jd_doctor` WHERE  (  member_id = 7 ) LIMIT 1 [ RunTime:0.089672s ]
[ sql ] [ SQL ] SELECT `hospital_name` FROM `jd_hospital` WHERE  (  hospital_id = 6 ) LIMIT 1 [ RunTime:0.096707s ]
[ sql ] [ SQL ] SELECT `d`.`department_name` FROM `jd_hospital_repart` `hr` INNER JOIN `jd_department` `d` ON `d`.`department_id`=`hr`.`department_id` WHERE  (  hr.hospital_repart_id IN(6,7) ) [ RunTime:0.108097s ]
[ sql ] [ SQL ] SELECT COUNT(*) AS tp_count FROM `jd_self_goods` WHERE  (  member_id = 7 AND content != '' AND is_checked = 2 AND end_date > 1527265282 ) LIMIT 1 [ RunTime:0.105929s ]
[ sql ] [ SQL ] SELECT `id`.`pay_num`,`id`.`proud`,`id`.`use_drug` FROM `jd_inherit_doctor` `id` INNER JOIN `jd_doctor` `d` ON `id`.`member_id`=`d`.`member_id` WHERE  (  id.`is_checked` = 1 AND id.`inherit_id` = 2 AND id.member_id = 7 ) LIMIT 1 [ RunTime:0.108505s ]
[ sql ] [ SQL ] SELECT `self_goods_name` FROM `jd_self_goods` WHERE  (  member_id = 7 AND is_checked = 2 AND end_date > 1527265282 ) [ RunTime:0.127843s ]
[ sql ] [ SQL ] SELECT `member_id`,`inherit`,`member_name`,`face_photo`,`goodat_id`,`recom`,`is_clinic`,`hospital_id`,`hospital_repart_str`,`school_str`,`title_str`,`concealment_number` FROM `jd_doctor` WHERE  (  member_id = 2 ) LIMIT 1 [ RunTime:0.100649s ]
[ sql ] [ SQL ] SELECT `school_name` FROM `jd_school` WHERE  (  school_id IN(1,2) AND is_display = 1 ) [ RunTime:0.109067s ]
[ sql ] [ SQL ] SELECT `hospital_name` FROM `jd_hospital` WHERE  (  hospital_id = 6 ) LIMIT 1 [ RunTime:0.110432s ]
[ sql ] [ SQL ] SELECT `d`.`department_name` FROM `jd_hospital_repart` `hr` INNER JOIN `jd_department` `d` ON `d`.`department_id`=`hr`.`department_id` WHERE  (  hr.hospital_repart_id IN(19,6) ) [ RunTime:0.130294s ]
[ sql ] [ SQL ] SELECT COUNT(*) AS tp_count FROM `jd_self_goods` WHERE  (  member_id = 2 AND content != '' AND is_checked = 2 AND end_date > 1527265283 ) LIMIT 1 [ RunTime:0.103797s ]
[ sql ] [ SQL ] SELECT `id`.`pay_num`,`id`.`proud`,`id`.`use_drug` FROM `jd_inherit_doctor` `id` INNER JOIN `jd_doctor` `d` ON `id`.`member_id`=`d`.`member_id` WHERE  (  id.`is_checked` = 1 AND id.`inherit_id` = 2 AND id.member_id = 2 ) LIMIT 1 [ RunTime:0.101219s ]
[ sql ] [ SQL ] SELECT `self_goods_name` FROM `jd_self_goods` WHERE  (  member_id = 2 AND is_checked = 2 AND end_date > 1527265283 ) [ RunTime:0.100840s ]
[ sql ] [ SQL ] SELECT `id`.`inherit_id`,`id`.`parent_id`,`d`.`member_id`,`d`.`member_name`,`d`.`face_photo` FROM `jd_inherit_doctor` `id` INNER JOIN `jd_doctor` `d` ON `id`.`member_id`=`d`.`member_id` WHERE  (  id.`is_checked` = 1 AND id.`inherit_id` = 2 AND id.parent_id = 3 ) [ RunTime:0.102313s ]
[ sql ] [ SQL ] SELECT `member_id`,`inherit`,`member_name`,`face_photo`,`goodat_id`,`recom`,`is_clinic`,`hospital_id`,`hospital_repart_str`,`school_str`,`title_str`,`concealment_number` FROM `jd_doctor` WHERE  (  member_id = 4 ) LIMIT 1 [ RunTime:0.088796s ]
[ sql ] [ SQL ] SELECT `hospital_name` FROM `jd_hospital` WHERE  (  hospital_id = 6 ) LIMIT 1 [ RunTime:0.106353s ]
[ sql ] [ SQL ] SELECT `d`.`department_name` FROM `jd_hospital_repart` `hr` INNER JOIN `jd_department` `d` ON `d`.`department_id`=`hr`.`department_id` WHERE  (  hr.hospital_repart_id IN(6,7) ) [ RunTime:0.100681s ]
[ sql ] [ SQL ] SELECT COUNT(*) AS tp_count FROM `jd_self_goods` WHERE  (  member_id = 4 AND content != '' AND is_checked = 2 AND end_date > 1527265283 ) LIMIT 1 [ RunTime:0.105454s ]
[ sql ] [ SQL ] SELECT `id`.`pay_num`,`id`.`proud`,`id`.`use_drug` FROM `jd_inherit_doctor` `id` INNER JOIN `jd_doctor` `d` ON `id`.`member_id`=`d`.`member_id` WHERE  (  id.`is_checked` = 1 AND id.`inherit_id` = 2 AND id.member_id = 4 ) LIMIT 1 [ RunTime:0.104032s ]
[ sql ] [ SQL ] SELECT `self_goods_name` FROM `jd_self_goods` WHERE  (  member_id = 4 AND is_checked = 2 AND end_date > 1527265284 ) [ RunTime:0.101222s ]
[ error ] [8]未定义数组索引: only_token[D:\workLP\20180502\judeng\wwwroot\application\common.php:82]
---------------------------------------------------------------
[ 2018-05-26T00:24:42+08:00 ] 0.0.0.0 POST /inherit/getInheritDoctorList
[ info ] localhost:7037/inherit/getInheritDoctorList [运行时间：5.237311s][吞吐率：0.19req/s] [内存消耗：3,884.27kb] [文件加载：54]
[ info ] [ LANG ] D:\workLP\20180502\judeng\wwwroot\thinkphp\lang\zh-cn.php
[ info ] [ BIND ] 'home'
[ info ] [ ROUTE ] array (
  'type' => 'module',
  'module' => 
  array (
    0 => 'home',
    1 => 'inherit',
    2 => 'getInheritDoctorList',
  ),
)
[ info ] [ HEADER ] array (
  'content-type' => 'multipart/form-data; boundary=----WebKitFormBoundarySReOGRQPMIV63ZLM',
  'content-length' => '239',
  'x-original-url' => '/inherit/getInheritDoctorList',
  'postman-token' => '434f3ba5-23ac-6f58-20cd-7d10ade7eb74',
  'origin' => 'chrome-extension://fhbjgbiflinjbdggehcddcbncdddomop',
  'user-agent' => 'Mozilla/5.0 (Windows NT 10.0; Win64; x64) AppleWebKit/537.36 (KHTML, like Gecko) Chrome/66.0.3359.139 Safari/537.36',
  'host' => 'localhost:7037',
  'accept-language' => 'zh-CN,zh;q=0.9',
  'accept-encoding' => 'gzip, deflate, br',
  'accept' => '*/*',
  'connection' => 'keep-alive',
  'cache-control' => 'no-cache',
)
[ info ] [ PARAM ] array (
  'member_id' => '3',
  'inherit_id' => '2',
)
[ info ] [ RUN ] app\home\controller\Inherit->getInheritDoctorList[ D:\workLP\20180502\judeng\wwwroot\application\home\controller\Inherit.php ]
[ info ] [ DB ] INIT mysql
[ info ] [ LOG ] INIT File
[ sql ] [ DB ] CONNECT:[ UseTime:0.208951s ] mysql:host=39.105.19.169;port=3306;dbname=judeng;charset=utf8
[ sql ] [ SQL ] SHOW COLUMNS FROM `jd_inherit_doctor` [ RunTime:0.112355s ]
[ sql ] [ SQL ] SELECT COUNT(*) AS tp_count FROM `jd_inherit_doctor` WHERE  (  (`member_id` = 3 OR `parent_id` = 3) AND `is_checked` = 1 AND `inherit_id` = 2 ) LIMIT 1 [ RunTime:0.100121s ]
[ sql ] [ SQL ] SHOW COLUMNS FROM `jd_inherit` [ RunTime:0.115364s ]
[ sql ] [ SQL ] SELECT `i`.`inherit_id`,`i`.`inherit_name`,`i`.`studio_intro`,`i`.`studio_address`,`i`.`studio_tel`,`d`.`member_id`,`d`.`member_name`,`d`.`face_photo` FROM `jd_inherit` `i` INNER JOIN `jd_doctor` `d` ON `i`.`member_id`=`d`.`member_id` WHERE  i.`is_display` = 1  AND i.`inherit_id` = '2' LIMIT 1 [ RunTime:0.123133s ]
[ sql ] [ SQL ] SELECT `id`.`inherit_id`,`id`.`parent_id`,`d`.`member_id`,`d`.`member_name`,`d`.`face_photo` FROM `jd_inherit_doctor` `id` INNER JOIN `jd_doctor` `d` ON `id`.`member_id`=`d`.`member_id` WHERE  (  id.`is_checked` = 1 AND id.`inherit_id` = 2 AND id.parent_id = 2 ) [ RunTime:0.111579s ]
[ sql ] [ SQL ] SHOW COLUMNS FROM `jd_doctor` [ RunTime:0.114784s ]
[ sql ] [ SQL ] SELECT `member_id`,`inherit`,`member_name`,`face_photo`,`goodat_id`,`recom`,`is_clinic`,`hospital_id`,`hospital_repart_str`,`school_str`,`title_str`,`concealment_number` FROM `jd_doctor` WHERE  (  member_id = 3 ) LIMIT 1 [ RunTime:0.118722s ]
[ sql ] [ SQL ] SHOW COLUMNS FROM `jd_school` [ RunTime:0.100169s ]
[ sql ] [ SQL ] SELECT `school_name` FROM `jd_school` WHERE  (  school_id IN(1,2) AND is_display = 1 ) [ RunTime:0.101900s ]
[ sql ] [ SQL ] SHOW COLUMNS FROM `jd_hospital` [ RunTime:0.112234s ]
[ sql ] [ SQL ] SELECT `hospital_name` FROM `jd_hospital` WHERE  (  hospital_id = 6 ) LIMIT 1 [ RunTime:0.105337s ]
[ sql ] [ SQL ] SHOW COLUMNS FROM `jd_hospital_repart` [ RunTime:0.096404s ]
[ sql ] [ SQL ] SELECT `d`.`department_name` FROM `jd_hospital_repart` `hr` INNER JOIN `jd_department` `d` ON `d`.`department_id`=`hr`.`department_id` WHERE  (  hr.hospital_repart_id IN(6,7,2) ) [ RunTime:0.115886s ]
[ sql ] [ SQL ] SHOW COLUMNS FROM `jd_self_goods` [ RunTime:0.133731s ]
[ sql ] [ SQL ] SELECT COUNT(*) AS tp_count FROM `jd_self_goods` WHERE  (  member_id = 3 AND content != '' AND is_checked = 2 AND end_date > 1527265479 ) LIMIT 1 [ RunTime:0.103405s ]
[ sql ] [ SQL ] SELECT `id`.`pay_num`,`id`.`proud`,`id`.`use_drug` FROM `jd_inherit_doctor` `id` INNER JOIN `jd_doctor` `d` ON `id`.`member_id`=`d`.`member_id` WHERE  (  id.`is_checked` = 1 AND id.`inherit_id` = 2 AND id.member_id = 3 ) LIMIT 1 [ RunTime:0.111481s ]
[ sql ] [ SQL ] SELECT `self_goods_name` FROM `jd_self_goods` WHERE  (  member_id = 3 AND is_checked = 2 AND end_date > 1527265480 ) [ RunTime:0.117429s ]
[ sql ] [ SQL ] SELECT `member_id`,`inherit`,`member_name`,`face_photo`,`goodat_id`,`recom`,`is_clinic`,`hospital_id`,`hospital_repart_str`,`school_str`,`title_str`,`concealment_number` FROM `jd_doctor` WHERE  (  member_id = 7 ) LIMIT 1 [ RunTime:0.105916s ]
[ sql ] [ SQL ] SELECT `hospital_name` FROM `jd_hospital` WHERE  (  hospital_id = 6 ) LIMIT 1 [ RunTime:0.104830s ]
[ sql ] [ SQL ] SELECT `d`.`department_name` FROM `jd_hospital_repart` `hr` INNER JOIN `jd_department` `d` ON `d`.`department_id`=`hr`.`department_id` WHERE  (  hr.hospital_repart_id IN(6,7) ) [ RunTime:0.098139s ]
[ sql ] [ SQL ] SELECT COUNT(*) AS tp_count FROM `jd_self_goods` WHERE  (  member_id = 7 AND content != '' AND is_checked = 2 AND end_date > 1527265480 ) LIMIT 1 [ RunTime:0.101352s ]
[ sql ] [ SQL ] SELECT `id`.`pay_num`,`id`.`proud`,`id`.`use_drug` FROM `jd_inherit_doctor` `id` INNER JOIN `jd_doctor` `d` ON `id`.`member_id`=`d`.`member_id` WHERE  (  id.`is_checked` = 1 AND id.`inherit_id` = 2 AND id.member_id = 7 ) LIMIT 1 [ RunTime:0.094659s ]
[ sql ] [ SQL ] SELECT `self_goods_name` FROM `jd_self_goods` WHERE  (  member_id = 7 AND is_checked = 2 AND end_date > 1527265480 ) [ RunTime:0.111893s ]
[ sql ] [ SQL ] SELECT `member_id`,`inherit`,`member_name`,`face_photo`,`goodat_id`,`recom`,`is_clinic`,`hospital_id`,`hospital_repart_str`,`school_str`,`title_str`,`concealment_number` FROM `jd_doctor` WHERE  (  member_id = 2 ) LIMIT 1 [ RunTime:0.097334s ]
[ sql ] [ SQL ] SELECT `school_name` FROM `jd_school` WHERE  (  school_id IN(1,2) AND is_display = 1 ) [ RunTime:0.096569s ]
[ sql ] [ SQL ] SELECT `hospital_name` FROM `jd_hospital` WHERE  (  hospital_id = 6 ) LIMIT 1 [ RunTime:0.103177s ]
[ sql ] [ SQL ] SELECT `d`.`department_name` FROM `jd_hospital_repart` `hr` INNER JOIN `jd_department` `d` ON `d`.`department_id`=`hr`.`department_id` WHERE  (  hr.hospital_repart_id IN(19,6) ) [ RunTime:0.103966s ]
[ sql ] [ SQL ] SELECT COUNT(*) AS tp_count FROM `jd_self_goods` WHERE  (  member_id = 2 AND content != '' AND is_checked = 2 AND end_date > 1527265481 ) LIMIT 1 [ RunTime:0.101685s ]
[ sql ] [ SQL ] SELECT `id`.`pay_num`,`id`.`proud`,`id`.`use_drug` FROM `jd_inherit_doctor` `id` INNER JOIN `jd_doctor` `d` ON `id`.`member_id`=`d`.`member_id` WHERE  (  id.`is_checked` = 1 AND id.`inherit_id` = 2 AND id.member_id = 2 ) LIMIT 1 [ RunTime:0.099858s ]
[ sql ] [ SQL ] SELECT `self_goods_name` FROM `jd_self_goods` WHERE  (  member_id = 2 AND is_checked = 2 AND end_date > 1527265481 ) [ RunTime:0.099055s ]
[ sql ] [ SQL ] SELECT `id`.`inherit_id`,`id`.`parent_id`,`d`.`member_id`,`d`.`member_name`,`d`.`face_photo` FROM `jd_inherit_doctor` `id` INNER JOIN `jd_doctor` `d` ON `id`.`member_id`=`d`.`member_id` WHERE  (  id.`is_checked` = 1 AND id.`inherit_id` = 2 AND id.parent_id = 3 ) [ RunTime:0.104113s ]
[ sql ] [ SQL ] SELECT `member_id`,`inherit`,`member_name`,`face_photo`,`goodat_id`,`recom`,`is_clinic`,`hospital_id`,`hospital_repart_str`,`school_str`,`title_str`,`concealment_number` FROM `jd_doctor` WHERE  (  member_id = 4 ) LIMIT 1 [ RunTime:0.096187s ]
[ sql ] [ SQL ] SELECT `hospital_name` FROM `jd_hospital` WHERE  (  hospital_id = 6 ) LIMIT 1 [ RunTime:0.108037s ]
[ sql ] [ SQL ] SELECT `d`.`department_name` FROM `jd_hospital_repart` `hr` INNER JOIN `jd_department` `d` ON `d`.`department_id`=`hr`.`department_id` WHERE  (  hr.hospital_repart_id IN(6,7) ) [ RunTime:0.109622s ]
[ sql ] [ SQL ] SELECT COUNT(*) AS tp_count FROM `jd_self_goods` WHERE  (  member_id = 4 AND content != '' AND is_checked = 2 AND end_date > 1527265482 ) LIMIT 1 [ RunTime:0.107326s ]
[ sql ] [ SQL ] SELECT `id`.`pay_num`,`id`.`proud`,`id`.`use_drug` FROM `jd_inherit_doctor` `id` INNER JOIN `jd_doctor` `d` ON `id`.`member_id`=`d`.`member_id` WHERE  (  id.`is_checked` = 1 AND id.`inherit_id` = 2 AND id.member_id = 4 ) LIMIT 1 [ RunTime:0.098927s ]
[ sql ] [ SQL ] SELECT `self_goods_name` FROM `jd_self_goods` WHERE  (  member_id = 4 AND is_checked = 2 AND end_date > 1527265482 ) [ RunTime:0.102276s ]
[ error ] [8]未定义数组索引: only_token[D:\workLP\20180502\judeng\wwwroot\application\common.php:82]
---------------------------------------------------------------
[ 2018-05-26T00:35:46+08:00 ] 0.0.0.0 POST /inherit/getInheritDoctorList
[ info ] localhost:7037/inherit/getInheritDoctorList [运行时间：1.558618s][吞吐率：0.64req/s] [内存消耗：3,919.72kb] [文件加载：57]
[ info ] [ LANG ] D:\workLP\20180502\judeng\wwwroot\thinkphp\lang\zh-cn.php
[ info ] [ BIND ] 'home'
[ info ] [ ROUTE ] array (
  'type' => 'module',
  'module' => 
  array (
    0 => 'home',
    1 => 'inherit',
    2 => 'getInheritDoctorList',
  ),
)
[ info ] [ HEADER ] array (
  'content-type' => 'multipart/form-data; boundary=----WebKitFormBoundarynTVTYnUz7ITPIvq5',
  'content-length' => '239',
  'x-original-url' => '/inherit/getInheritDoctorList',
  'postman-token' => '09b5db08-902a-4942-30c6-6809d8d5d796',
  'origin' => 'chrome-extension://fhbjgbiflinjbdggehcddcbncdddomop',
  'user-agent' => 'Mozilla/5.0 (Windows NT 10.0; Win64; x64) AppleWebKit/537.36 (KHTML, like Gecko) Chrome/66.0.3359.139 Safari/537.36',
  'host' => 'localhost:7037',
  'accept-language' => 'zh-CN,zh;q=0.9',
  'accept-encoding' => 'gzip, deflate, br',
  'accept' => '*/*',
  'connection' => 'keep-alive',
  'cache-control' => 'no-cache',
)
[ info ] [ PARAM ] array (
  'member_id' => '3',
  'inherit_id' => '2',
)
[ info ] [ RUN ] app\home\controller\Inherit->getInheritDoctorList[ D:\workLP\20180502\judeng\wwwroot\application\home\controller\Inherit.php ]
[ info ] [ DB ] INIT mysql
[ info ] [ LOG ] INIT File
[ sql ] [ DB ] CONNECT:[ UseTime:0.237867s ] mysql:host=39.105.19.169;port=3306;dbname=judeng;charset=utf8
[ sql ] [ SQL ] SHOW COLUMNS FROM `jd_inherit_doctor` [ RunTime:0.119366s ]
[ sql ] [ SQL ] SELECT COUNT(*) AS tp_count FROM `jd_inherit_doctor` WHERE  (  (`member_id` = 3 OR `parent_id` = 3) AND `is_checked` = 1 AND `inherit_id` = 2 ) LIMIT 1 [ RunTime:0.112475s ]
[ sql ] [ SQL ] SHOW COLUMNS FROM `jd_inherit` [ RunTime:0.115591s ]
[ sql ] [ SQL ] SELECT `i`.`inherit_id`,`i`.`inherit_name`,`i`.`studio_intro`,`i`.`studio_address`,`i`.`studio_tel`,`d`.`member_id`,`d`.`member_name`,`d`.`face_photo` FROM `jd_inherit` `i` INNER JOIN `jd_doctor` `d` ON `i`.`member_id`=`d`.`member_id` WHERE  i.`is_display` = 1  AND i.`inherit_id` = '2' LIMIT 1 [ RunTime:0.105373s ]
[ sql ] [ SQL ] SELECT `id`.`inherit_id`,`id`.`parent_id`,`d`.`member_id`,`d`.`member_name`,`d`.`face_photo` FROM `jd_inherit_doctor` `id` INNER JOIN `jd_doctor` `d` ON `id`.`member_id`=`d`.`member_id` WHERE  (  id.`is_checked` = 1 AND id.`inherit_id` = 2 AND id.parent_id = 2 ) [ RunTime:0.096265s ]
[ sql ] [ SQL ] SHOW COLUMNS FROM `jd_doctor` [ RunTime:0.091870s ]
[ sql ] [ SQL ] SELECT `member_id`,`inherit`,`member_name`,`face_photo`,`goodat_id`,`recom`,`is_clinic`,`hospital_id`,`hospital_repart_str`,`school_str`,`title_str`,`concealment_number` FROM `jd_doctor` WHERE  (  member_id = 3 ) LIMIT 1 [ RunTime:0.100901s ]
[ sql ] [ SQL ] SHOW COLUMNS FROM `jd_school` [ RunTime:0.114613s ]
[ sql ] [ SQL ] SELECT `school_name` FROM `jd_school` WHERE  (  school_id IN(1,2) AND is_display = 1 ) [ RunTime:0.106334s ]
[ error ] [1]Call to undefined method app\home\controller\Inherit::goodsId()[D:\workLP\20180502\judeng\wwwroot\application\home\controller\Inherit.php:385]
---------------------------------------------------------------
[ 2018-05-26T00:37:15+08:00 ] 0.0.0.0 POST /inherit/getInheritDoctorList
[ info ] localhost:7037/inherit/getInheritDoctorList [运行时间：6.333077s][吞吐率：0.16req/s] [内存消耗：4,020.04kb] [文件加载：55]
[ info ] [ LANG ] D:\workLP\20180502\judeng\wwwroot\thinkphp\lang\zh-cn.php
[ info ] [ BIND ] 'home'
[ info ] [ ROUTE ] array (
  'type' => 'module',
  'module' => 
  array (
    0 => 'home',
    1 => 'inherit',
    2 => 'getInheritDoctorList',
  ),
)
[ info ] [ HEADER ] array (
  'content-type' => 'multipart/form-data; boundary=----WebKitFormBoundaryVgyFRzXO7S5I3s04',
  'content-length' => '239',
  'x-original-url' => '/inherit/getInheritDoctorList',
  'postman-token' => 'b01c7ebd-8442-94a2-d08a-2193667d97e0',
  'origin' => 'chrome-extension://fhbjgbiflinjbdggehcddcbncdddomop',
  'user-agent' => 'Mozilla/5.0 (Windows NT 10.0; Win64; x64) AppleWebKit/537.36 (KHTML, like Gecko) Chrome/66.0.3359.139 Safari/537.36',
  'host' => 'localhost:7037',
  'accept-language' => 'zh-CN,zh;q=0.9',
  'accept-encoding' => 'gzip, deflate, br',
  'accept' => '*/*',
  'connection' => 'keep-alive',
  'cache-control' => 'no-cache',
)
[ info ] [ PARAM ] array (
  'member_id' => '3',
  'inherit_id' => '2',
)
[ info ] [ RUN ] app\home\controller\Inherit->getInheritDoctorList[ D:\workLP\20180502\judeng\wwwroot\application\home\controller\Inherit.php ]
[ info ] [ DB ] INIT mysql
[ info ] [ LOG ] INIT File
[ sql ] [ DB ] CONNECT:[ UseTime:0.293355s ] mysql:host=39.105.19.169;port=3306;dbname=judeng;charset=utf8
[ sql ] [ SQL ] SHOW COLUMNS FROM `jd_inherit_doctor` [ RunTime:0.110768s ]
[ sql ] [ SQL ] SELECT COUNT(*) AS tp_count FROM `jd_inherit_doctor` WHERE  (  (`member_id` = 3 OR `parent_id` = 3) AND `is_checked` = 1 AND `inherit_id` = 2 ) LIMIT 1 [ RunTime:0.130544s ]
[ sql ] [ SQL ] SHOW COLUMNS FROM `jd_inherit` [ RunTime:0.102735s ]
[ sql ] [ SQL ] SELECT `i`.`inherit_id`,`i`.`inherit_name`,`i`.`studio_intro`,`i`.`studio_address`,`i`.`studio_tel`,`d`.`member_id`,`d`.`member_name`,`d`.`face_photo` FROM `jd_inherit` `i` INNER JOIN `jd_doctor` `d` ON `i`.`member_id`=`d`.`member_id` WHERE  i.`is_display` = 1  AND i.`inherit_id` = '2' LIMIT 1 [ RunTime:0.107558s ]
[ sql ] [ SQL ] SELECT `id`.`inherit_id`,`id`.`parent_id`,`d`.`member_id`,`d`.`member_name`,`d`.`face_photo` FROM `jd_inherit_doctor` `id` INNER JOIN `jd_doctor` `d` ON `id`.`member_id`=`d`.`member_id` WHERE  (  id.`is_checked` = 1 AND id.`inherit_id` = 2 AND id.parent_id = 2 ) [ RunTime:0.111205s ]
[ sql ] [ SQL ] SHOW COLUMNS FROM `jd_doctor` [ RunTime:0.134799s ]
[ sql ] [ SQL ] SELECT `member_id`,`inherit`,`member_name`,`face_photo`,`goodat_id`,`recom`,`is_clinic`,`hospital_id`,`hospital_repart_str`,`school_str`,`title_str`,`concealment_number` FROM `jd_doctor` WHERE  (  member_id = 3 ) LIMIT 1 [ RunTime:0.114022s ]
[ sql ] [ SQL ] SHOW COLUMNS FROM `jd_school` [ RunTime:0.119175s ]
[ sql ] [ SQL ] SELECT `school_name` FROM `jd_school` WHERE  (  school_id IN(1,2) AND is_display = 1 ) [ RunTime:0.089952s ]
[ sql ] [ SQL ] SHOW COLUMNS FROM `jd_goodat` [ RunTime:0.111235s ]
[ sql ] [ SQL ] SELECT * FROM `jd_goodat` WHERE  `goodat_id` IN (25,26,27)  AND (  is_show = 1 and level = 2 ) ORDER BY `sort`  DESC [ RunTime:0.122496s ]
[ sql ] [ SQL ] SHOW COLUMNS FROM `jd_hospital` [ RunTime:0.117923s ]
[ sql ] [ SQL ] SELECT `hospital_name` FROM `jd_hospital` WHERE  (  hospital_id = 6 ) LIMIT 1 [ RunTime:0.116725s ]
[ sql ] [ SQL ] SHOW COLUMNS FROM `jd_hospital_repart` [ RunTime:0.121259s ]
[ sql ] [ SQL ] SELECT `d`.`department_name` FROM `jd_hospital_repart` `hr` INNER JOIN `jd_department` `d` ON `d`.`department_id`=`hr`.`department_id` WHERE  (  hr.hospital_repart_id IN(6,7,2) ) [ RunTime:0.118472s ]
[ sql ] [ SQL ] SHOW COLUMNS FROM `jd_self_goods` [ RunTime:0.128331s ]
[ sql ] [ SQL ] SELECT COUNT(*) AS tp_count FROM `jd_self_goods` WHERE  (  member_id = 3 AND content != '' AND is_checked = 2 AND end_date > 1527266231 ) LIMIT 1 [ RunTime:0.105268s ]
[ sql ] [ SQL ] SELECT `id`.`pay_num`,`id`.`proud`,`id`.`use_drug` FROM `jd_inherit_doctor` `id` INNER JOIN `jd_doctor` `d` ON `id`.`member_id`=`d`.`member_id` WHERE  (  id.`is_checked` = 1 AND id.`inherit_id` = 2 AND id.member_id = 3 ) LIMIT 1 [ RunTime:0.120492s ]
[ sql ] [ SQL ] SELECT `self_goods_name` FROM `jd_self_goods` WHERE  (  member_id = 3 AND is_checked = 2 AND end_date > 1527266232 ) [ RunTime:0.113444s ]
[ sql ] [ SQL ] SELECT `member_id`,`inherit`,`member_name`,`face_photo`,`goodat_id`,`recom`,`is_clinic`,`hospital_id`,`hospital_repart_str`,`school_str`,`title_str`,`concealment_number` FROM `jd_doctor` WHERE  (  member_id = 7 ) LIMIT 1 [ RunTime:0.116130s ]
[ sql ] [ SQL ] SELECT * FROM `jd_goodat` WHERE  `goodat_id` IN (25,26,27)  AND (  is_show = 1 and level = 2 ) ORDER BY `sort`  DESC [ RunTime:0.114276s ]
[ sql ] [ SQL ] SELECT `hospital_name` FROM `jd_hospital` WHERE  (  hospital_id = 6 ) LIMIT 1 [ RunTime:0.114232s ]
[ sql ] [ SQL ] SELECT `d`.`department_name` FROM `jd_hospital_repart` `hr` INNER JOIN `jd_department` `d` ON `d`.`department_id`=`hr`.`department_id` WHERE  (  hr.hospital_repart_id IN(6,7) ) [ RunTime:0.083127s ]
[ sql ] [ SQL ] SELECT COUNT(*) AS tp_count FROM `jd_self_goods` WHERE  (  member_id = 7 AND content != '' AND is_checked = 2 AND end_date > 1527266232 ) LIMIT 1 [ RunTime:0.116478s ]
[ sql ] [ SQL ] SELECT `id`.`pay_num`,`id`.`proud`,`id`.`use_drug` FROM `jd_inherit_doctor` `id` INNER JOIN `jd_doctor` `d` ON `id`.`member_id`=`d`.`member_id` WHERE  (  id.`is_checked` = 1 AND id.`inherit_id` = 2 AND id.member_id = 7 ) LIMIT 1 [ RunTime:0.119776s ]
[ sql ] [ SQL ] SELECT `self_goods_name` FROM `jd_self_goods` WHERE  (  member_id = 7 AND is_checked = 2 AND end_date > 1527266233 ) [ RunTime:0.115682s ]
[ sql ] [ SQL ] SELECT `member_id`,`inherit`,`member_name`,`face_photo`,`goodat_id`,`recom`,`is_clinic`,`hospital_id`,`hospital_repart_str`,`school_str`,`title_str`,`concealment_number` FROM `jd_doctor` WHERE  (  member_id = 2 ) LIMIT 1 [ RunTime:0.125085s ]
[ sql ] [ SQL ] SELECT `school_name` FROM `jd_school` WHERE  (  school_id IN(1,2) AND is_display = 1 ) [ RunTime:0.112428s ]
[ sql ] [ SQL ] SELECT * FROM `jd_goodat` WHERE  `goodat_id` IN (25,26,27)  AND (  is_show = 1 and level = 2 ) ORDER BY `sort`  DESC [ RunTime:0.116598s ]
[ sql ] [ SQL ] SELECT `hospital_name` FROM `jd_hospital` WHERE  (  hospital_id = 6 ) LIMIT 1 [ RunTime:0.089469s ]
[ sql ] [ SQL ] SELECT `d`.`department_name` FROM `jd_hospital_repart` `hr` INNER JOIN `jd_department` `d` ON `d`.`department_id`=`hr`.`department_id` WHERE  (  hr.hospital_repart_id IN(19,6) ) [ RunTime:0.106752s ]
[ sql ] [ SQL ] SELECT COUNT(*) AS tp_count FROM `jd_self_goods` WHERE  (  member_id = 2 AND content != '' AND is_checked = 2 AND end_date > 1527266233 ) LIMIT 1 [ RunTime:0.110062s ]
[ sql ] [ SQL ] SELECT `id`.`pay_num`,`id`.`proud`,`id`.`use_drug` FROM `jd_inherit_doctor` `id` INNER JOIN `jd_doctor` `d` ON `id`.`member_id`=`d`.`member_id` WHERE  (  id.`is_checked` = 1 AND id.`inherit_id` = 2 AND id.member_id = 2 ) LIMIT 1 [ RunTime:0.087251s ]
[ sql ] [ SQL ] SELECT `self_goods_name` FROM `jd_self_goods` WHERE  (  member_id = 2 AND is_checked = 2 AND end_date > 1527266234 ) [ RunTime:0.120978s ]
[ sql ] [ SQL ] SELECT `id`.`inherit_id`,`id`.`parent_id`,`d`.`member_id`,`d`.`member_name`,`d`.`face_photo` FROM `jd_inherit_doctor` `id` INNER JOIN `jd_doctor` `d` ON `id`.`member_id`=`d`.`member_id` WHERE  (  id.`is_checked` = 1 AND id.`inherit_id` = 2 AND id.parent_id = 3 ) [ RunTime:0.130423s ]
[ sql ] [ SQL ] SELECT `member_id`,`inherit`,`member_name`,`face_photo`,`goodat_id`,`recom`,`is_clinic`,`hospital_id`,`hospital_repart_str`,`school_str`,`title_str`,`concealment_number` FROM `jd_doctor` WHERE  (  member_id = 4 ) LIMIT 1 [ RunTime:0.113385s ]
[ sql ] [ SQL ] SELECT `hospital_name` FROM `jd_hospital` WHERE  (  hospital_id = 6 ) LIMIT 1 [ RunTime:0.107020s ]
[ sql ] [ SQL ] SELECT `d`.`department_name` FROM `jd_hospital_repart` `hr` INNER JOIN `jd_department` `d` ON `d`.`department_id`=`hr`.`department_id` WHERE  (  hr.hospital_repart_id IN(6,7) ) [ RunTime:0.115416s ]
[ sql ] [ SQL ] SELECT * FROM `jd_goodat` WHERE  `goodat_id` IN (25,26,27)  AND (  is_show = 1 and level = 2 ) ORDER BY `sort`  DESC [ RunTime:0.109054s ]
[ sql ] [ SQL ] SELECT COUNT(*) AS tp_count FROM `jd_self_goods` WHERE  (  member_id = 4 AND content != '' AND is_checked = 2 AND end_date > 1527266235 ) LIMIT 1 [ RunTime:0.112067s ]
[ sql ] [ SQL ] SELECT `id`.`pay_num`,`id`.`proud`,`id`.`use_drug` FROM `jd_inherit_doctor` `id` INNER JOIN `jd_doctor` `d` ON `id`.`member_id`=`d`.`member_id` WHERE  (  id.`is_checked` = 1 AND id.`inherit_id` = 2 AND id.member_id = 4 ) LIMIT 1 [ RunTime:0.112171s ]
[ sql ] [ SQL ] SELECT `self_goods_name` FROM `jd_self_goods` WHERE  (  member_id = 4 AND is_checked = 2 AND end_date > 1527266235 ) [ RunTime:0.104196s ]
[ error ] [8]未定义数组索引: only_token[D:\workLP\20180502\judeng\wwwroot\application\common.php:82]
=======
  'doctor_id' => '2',
  'type' => '1',
)
[ info ] [ RUN ] app\home\controller\Number->prescriptions[ D:\works\201805\judeng\application\home\controller\Number.php ]
[ info ] [ DB ] INIT mysql
[ info ] [ LOG ] INIT File
[ sql ] [ DB ] CONNECT:[ UseTime:0.107151s ] mysql:host=39.105.19.169;port=3306;dbname=judeng;charset=utf8
[ sql ] [ SQL ] SHOW COLUMNS FROM `jd_order` [ RunTime:0.069430s ]
[ sql ] [ SQL ] SELECT o.`pay_status`,o.`order_id`,o.`order_sn`,o.`order_status`,o.`patient_id`,o.`order_date`,op.`patient_mobile`,op.`patient_name`,op.`patient_sex`,op.`patient_age`,op.`dialectical` FROM `jd_order` `o`,`jd_order_prescription` `op` WHERE  (  o.`order_id` = op.`order_id` and o.order_type = 3 and o.doctor_id = 2  and o.`pay_status` = 0 ) ORDER BY `o`.`order_date`  DESC [ RunTime:0.090588s ]
[ sql ] [ SQL ] SELECT COUNT(*) AS tp_count FROM `jd_order` `o`,`jd_order_prescription` `op` WHERE  (  o.`order_id` = op.`order_id` and o.order_type = 3 and o.doctor_id = 2  and o.`pay_status` = 0 ) LIMIT 1 [ RunTime:0.174821s ]
[ error ] [8]未定义数组索引: only_token[D:\works\201805\judeng\application\common.php:82]
>>>>>>> no message
