---------------------------------------------------------------
[ 2018-05-28T09:38:25+08:00 ] 0.0.0.0 POST /doctor/dataPreview
[ info ] localhost:7037/doctor/dataPreview [运行时间：1.504095s][吞吐率：0.66req/s] [内存消耗：3,793.80kb] [文件加载：54]
[ info ] [ LANG ] D:\workLP\20180502\judeng\wwwroot\thinkphp\lang\zh-cn.php
[ info ] [ BIND ] 'home'
[ info ] [ ROUTE ] array (
  'type' => 'module',
  'module' => 
  array (
    0 => 'home',
    1 => 'doctor',
    2 => 'dataPreview',
  ),
)
[ info ] [ HEADER ] array (
  'content-type' => 'multipart/form-data; boundary=----WebKitFormBoundaryqVLuqems3tQKRuJZ',
  'content-length' => '141',
  'x-original-url' => '/doctor/dataPreview',
  'postman-token' => 'bc6916da-4b29-feef-97d1-f53c039d0f15',
  'origin' => 'chrome-extension://fhbjgbiflinjbdggehcddcbncdddomop',
  'user-agent' => 'Mozilla/5.0 (Windows NT 10.0; Win64; x64) AppleWebKit/537.36 (KHTML, like Gecko) Chrome/66.0.3359.139 Safari/537.36',
  'host' => 'localhost:7037',
  'accept-language' => 'zh-CN,zh;q=0.9',
  'accept-encoding' => 'gzip, deflate, br',
  'accept' => '*/*',
  'connection' => 'keep-alive',
  'cache-control' => 'no-cache',
)
[ info ] [ PARAM ] array (
  'doctor_id' => '2',
)
[ info ] [ RUN ] app\home\controller\Doctor->dataPreview[ D:\workLP\20180502\judeng\wwwroot\application\home\controller\Doctor.php ]
[ info ] [ DB ] INIT mysql
[ info ] [ LOG ] INIT File
[ sql ] [ DB ] CONNECT:[ UseTime:0.088863s ] mysql:host=39.105.19.169;port=3306;dbname=judeng;charset=utf8
[ sql ] [ SQL ] SHOW COLUMNS FROM `jd_doctor` [ RunTime:0.062548s ]
[ sql ] [ SQL ] SELECT `member_id`,`inherit`,`member_name`,`face_photo`,`goodat_id`,`introduction`,`recom`,`is_clinic`,`hospital_id`,`hospital_repart_str`,`school_str`,inherit title_str,`graphic_speech`,`concealment_number`,`online_inquiry`,`first_price`,`consultation_price` FROM `jd_doctor` WHERE  (  member_id = 2 ) LIMIT 1 [ RunTime:0.060416s ]
[ sql ] [ SQL ] SHOW COLUMNS FROM `jd_school` [ RunTime:0.060556s ]
[ sql ] [ SQL ] SELECT `school_name` FROM `jd_school` WHERE  (  school_id IN(1,2) AND is_display = 1 ) [ RunTime:0.058056s ]
[ sql ] [ SQL ] SHOW COLUMNS FROM `jd_hospital` [ RunTime:0.060680s ]
[ sql ] [ SQL ] SELECT `hospital_name` FROM `jd_hospital` WHERE  (  hospital_id = 6 ) LIMIT 1 [ RunTime:0.059847s ]
[ sql ] [ SQL ] SHOW COLUMNS FROM `jd_hospital_repart` [ RunTime:0.058051s ]
[ sql ] [ SQL ] SELECT `d`.`department_name` FROM `jd_hospital_repart` `hr` INNER JOIN `jd_department` `d` ON `d`.`department_id`=`hr`.`department_id` WHERE  (  hr.hospital_repart_id IN(19,6,2) ) [ RunTime:0.057779s ]
[ sql ] [ SQL ] SHOW COLUMNS FROM `jd_self_goods` [ RunTime:0.059993s ]
[ sql ] [ SQL ] SELECT COUNT(*) AS tp_count FROM `jd_self_goods` WHERE  (  member_id = 2 AND content != '' AND is_checked = 2 AND end_date > 1527471504 ) LIMIT 1 [ RunTime:0.062664s ]
[ sql ] [ SQL ] SHOW COLUMNS FROM `jd_order` [ RunTime:0.059170s ]
[ sql ] [ SQL ] SELECT COUNT(*) AS tp_count FROM `jd_order` WHERE  (  pay_status = 2 AND doctor_id = 2 ) LIMIT 1 [ RunTime:0.058825s ]
[ sql ] [ SQL ] SELECT `self_goods_id`,`inherit_id`,`content`,`self_goods_name`,`advantage`,`price` FROM `jd_self_goods` WHERE  (  member_id = 2 AND is_checked = 2 AND end_date > 1527471505 ) [ RunTime:0.059066s ]
[ sql ] [ SQL ] SHOW COLUMNS FROM `jd_goodat` [ RunTime:0.059684s ]
[ sql ] [ SQL ] SELECT * FROM `jd_goodat` WHERE  `goodat_id` IN (25,26,27)  AND (  is_show = 1 and level = 2 ) ORDER BY `sort`  DESC [ RunTime:0.059874s ]
[ sql ] [ SQL ] SELECT `s`.`symptom`,`s`.`evaluate`,`s`.`evaluate_name`,`s`.`synopsis`,`s`.`add_date`,`m`.`member_name`,`m`.`portrait` FROM jd_service_evaluation s, jd_member m WHERE  (  s.doctor_id = 2 and s.`is_show` = 1 and s.`member_id` = m.`member_id` ) [ RunTime:0.058739s ]
[ sql ] [ SQL ] SHOW COLUMNS FROM `jd_notice` [ RunTime:0.058935s ]
[ sql ] [ SQL ] SELECT `notice_id`,`notice_name`,`add_date` FROM `jd_notice` WHERE  (  doctor_id = 2 ) [ RunTime:0.057585s ]
[ error ] [8]未定义数组索引: content[D:\workLP\20180502\judeng\wwwroot\application\home\controller\Doctor.php:144]
[ error ] [8]未定义数组索引: inherit_id[D:\workLP\20180502\judeng\wwwroot\application\home\controller\Doctor.php:145]
[ error ] [8]未定义数组索引: only_token[D:\workLP\20180502\judeng\wwwroot\application\common.php:82]
---------------------------------------------------------------
[ 2018-05-28T10:37:47+08:00 ] 0.0.0.0 POST /diagnosing/seeDiagnosingList
[ info ] localhost:7037/diagnosing/seeDiagnosingList [运行时间：0.453812s][吞吐率：2.20req/s] [内存消耗：3,693.15kb] [文件加载：54]
[ info ] [ LANG ] D:\workLP\20180502\judeng\wwwroot\thinkphp\lang\zh-cn.php
[ info ] [ BIND ] 'home'
[ info ] [ ROUTE ] array (
  'type' => 'module',
  'module' => 
  array (
    0 => 'home',
    1 => 'diagnosing',
    2 => 'seeDiagnosingList',
  ),
)
[ info ] [ HEADER ] array (
  'content-type' => 'multipart/form-data; boundary=----WebKitFormBoundaryehAz3ZW67uIbd9yB',
  'content-length' => '141',
  'x-original-url' => '/diagnosing/seeDiagnosingList',
  'postman-token' => 'd8894de4-334a-11c2-537d-823139eacbf0',
  'origin' => 'chrome-extension://fhbjgbiflinjbdggehcddcbncdddomop',
  'user-agent' => 'Mozilla/5.0 (Windows NT 10.0; Win64; x64) AppleWebKit/537.36 (KHTML, like Gecko) Chrome/66.0.3359.139 Safari/537.36',
  'host' => 'localhost:7037',
  'accept-language' => 'zh-CN,zh;q=0.9',
  'accept-encoding' => 'gzip, deflate, br',
  'accept' => '*/*',
  'connection' => 'keep-alive',
  'cache-control' => 'no-cache',
)
[ info ] [ PARAM ] array (
  'member_id' => '2',
)
[ info ] [ RUN ] app\home\controller\Diagnosing->seeDiagnosingList[ D:\workLP\20180502\judeng\wwwroot\application\home\controller\Diagnosing.php ]
[ info ] [ DB ] INIT mysql
[ info ] [ LOG ] INIT File
[ sql ] [ DB ] CONNECT:[ UseTime:0.095085s ] mysql:host=39.105.19.169;port=3306;dbname=judeng;charset=utf8
[ sql ] [ SQL ] SHOW COLUMNS FROM `jd_doctor` [ RunTime:0.062716s ]
[ sql ] [ SQL ] SELECT * FROM `jd_doctor` WHERE  `member_id` = 2 LIMIT 1 [ RunTime:0.065096s ]
[ sql ] [ SQL ] SHOW COLUMNS FROM `jd_hospital_repart` [ RunTime:0.061568s ]
[ sql ] [ SQL ] SELECT `dl`.`diagnosis_id`,`dl`.`start_time`,`dl`.`end_time`,`h`.`hospital_name`,`d`.`department_name` FROM `jd_hospital_repart` `hr` INNER JOIN `jd_department` `d` ON `hr`.`department_id`=`d`.`department_id` INNER JOIN `jd_hospital` `h` ON `hr`.`hospital_id`=`h`.`hospital_id` INNER JOIN `jd_diagnosis_list` `dl` ON `hr`.`hospital_repart_id`=`dl`.`hospital_repart_id` WHERE  `member_id` = '2' ORDER BY dl.start_time DESC [ RunTime:0.061501s ]
[ error ] [8]未定义数组索引: only_token[D:\workLP\20180502\judeng\wwwroot\application\common.php:82]
---------------------------------------------------------------
[ 2018-05-28T10:44:39+08:00 ] 0.0.0.0 POST /doctor/dataPreview
[ info ] localhost:7037/doctor/dataPreview [运行时间：1.153039s][吞吐率：0.87req/s] [内存消耗：3,773.38kb] [文件加载：54]
[ info ] [ LANG ] D:\workLP\20180502\judeng\wwwroot\thinkphp\lang\zh-cn.php
[ info ] [ BIND ] 'home'
[ info ] [ ROUTE ] array (
  'type' => 'module',
  'module' => 
  array (
    0 => 'home',
    1 => 'doctor',
    2 => 'dataPreview',
  ),
)
[ info ] [ HEADER ] array (
  'content-type' => 'multipart/form-data; boundary=----WebKitFormBoundary8XmjNWEHAQyO7bf1',
  'content-length' => '141',
  'x-original-url' => '/doctor/dataPreview',
  'postman-token' => '76dfe46e-7e93-9ebb-bd72-723057a93de6',
  'origin' => 'chrome-extension://fhbjgbiflinjbdggehcddcbncdddomop',
  'user-agent' => 'Mozilla/5.0 (Windows NT 10.0; Win64; x64) AppleWebKit/537.36 (KHTML, like Gecko) Chrome/66.0.3359.139 Safari/537.36',
  'host' => 'localhost:7037',
  'accept-language' => 'zh-CN,zh;q=0.9',
  'accept-encoding' => 'gzip, deflate, br',
  'accept' => '*/*',
  'connection' => 'keep-alive',
  'cache-control' => 'no-cache',
)
[ info ] [ PARAM ] array (
  'doctor_id' => '2',
)
[ info ] [ RUN ] app\home\controller\Doctor->dataPreview[ D:\workLP\20180502\judeng\wwwroot\application\home\controller\Doctor.php ]
[ info ] [ DB ] INIT mysql
[ info ] [ LOG ] INIT File
[ sql ] [ DB ] CONNECT:[ UseTime:0.087100s ] mysql:host=39.105.19.169;port=3306;dbname=judeng;charset=utf8
[ sql ] [ SQL ] SHOW COLUMNS FROM `jd_doctor` [ RunTime:0.060836s ]
[ sql ] [ SQL ] SELECT `member_id`,`inherit`,`member_name`,`face_photo`,`goodat_id`,`introduction`,`recom`,`is_clinic`,`hospital_id`,`hospital_repart_str`,`school_str`,inherit title_str,`graphic_speech`,`concealment_number`,`online_inquiry`,`first_price`,`consultation_price` FROM `jd_doctor` WHERE  (  member_id = 2 ) LIMIT 1 [ RunTime:0.059615s ]
[ sql ] [ SQL ] SHOW COLUMNS FROM `jd_school` [ RunTime:0.059513s ]
[ sql ] [ SQL ] SELECT `school_name` FROM `jd_school` WHERE  (  school_id IN(1,2) AND is_display = 1 ) [ RunTime:0.061432s ]
[ sql ] [ SQL ] SHOW COLUMNS FROM `jd_hospital` [ RunTime:0.060210s ]
[ sql ] [ SQL ] SELECT `hospital_name` FROM `jd_hospital` WHERE  (  hospital_id = 6 ) LIMIT 1 [ RunTime:0.058228s ]
[ sql ] [ SQL ] SHOW COLUMNS FROM `jd_hospital_repart` [ RunTime:0.060878s ]
[ sql ] [ SQL ] SELECT `d`.`department_name` FROM `jd_hospital_repart` `hr` INNER JOIN `jd_department` `d` ON `d`.`department_id`=`hr`.`department_id` WHERE  (  hr.hospital_repart_id IN(19,6,2) ) [ RunTime:0.059339s ]
[ sql ] [ SQL ] SHOW COLUMNS FROM `jd_self_goods` [ RunTime:0.062241s ]
[ sql ] [ SQL ] SELECT COUNT(*) AS tp_count FROM `jd_self_goods` WHERE  (  member_id = 2 AND content != '' AND is_checked = 2 AND end_date > 1527475479 ) LIMIT 1 [ RunTime:0.057048s ]
[ sql ] [ SQL ] SHOW COLUMNS FROM `jd_order` [ RunTime:0.059398s ]
[ sql ] [ SQL ] SELECT COUNT(*) AS tp_count FROM `jd_order` WHERE  (  pay_status = 2 AND doctor_id = 2 ) LIMIT 1 [ RunTime:0.058065s ]
[ sql ] [ SQL ] SELECT `self_goods_id`,`inherit_id`,`content`,`self_goods_name`,`advantage`,`price` FROM `jd_self_goods` WHERE  (  member_id = 2 AND is_checked = 2 AND end_date > 1527475479 ) [ RunTime:0.059116s ]
[ sql ] [ SQL ] SELECT `dl`.`diagnosis_id`,`dl`.`start_time`,`dl`.`end_time`,`h`.`hospital_name`,`d`.`department_name` FROM `jd_hospital_repart` `hr` INNER JOIN `jd_department` `d` ON `hr`.`department_id`=`d`.`department_id` INNER JOIN `jd_hospital` `h` ON `hr`.`hospital_id`=`h`.`hospital_id` INNER JOIN `jd_diagnosis_list` `dl` ON `hr`.`hospital_repart_id`=`dl`.`hospital_repart_id` WHERE  `member_id` = '2' ORDER BY dl.start_time DESC [ RunTime:0.061355s ]
[ error ] [8]未定义数组索引: content[D:\workLP\20180502\judeng\wwwroot\application\home\controller\Doctor.php:144]
[ error ] [8]未定义数组索引: inherit_id[D:\workLP\20180502\judeng\wwwroot\application\home\controller\Doctor.php:145]
---------------------------------------------------------------
[ 2018-05-28T10:53:03+08:00 ] 0.0.0.0 POST /doctor/dataPreview
[ info ] localhost:7037/doctor/dataPreview [运行时间：1.196024s][吞吐率：0.84req/s] [内存消耗：3,771.66kb] [文件加载：54]
[ info ] [ LANG ] D:\workLP\20180502\judeng\wwwroot\thinkphp\lang\zh-cn.php
[ info ] [ BIND ] 'home'
[ info ] [ ROUTE ] array (
  'type' => 'module',
  'module' => 
  array (
    0 => 'home',
    1 => 'doctor',
    2 => 'dataPreview',
  ),
)
[ info ] [ HEADER ] array (
  'content-type' => 'multipart/form-data; boundary=----WebKitFormBoundaryhnvJghz8SrbYtRln',
  'content-length' => '141',
  'x-original-url' => '/doctor/dataPreview',
  'postman-token' => '4113a745-5604-973e-60ff-194fbf72a67e',
  'origin' => 'chrome-extension://fhbjgbiflinjbdggehcddcbncdddomop',
  'user-agent' => 'Mozilla/5.0 (Windows NT 10.0; Win64; x64) AppleWebKit/537.36 (KHTML, like Gecko) Chrome/66.0.3359.139 Safari/537.36',
  'host' => 'localhost:7037',
  'accept-language' => 'zh-CN,zh;q=0.9',
  'accept-encoding' => 'gzip, deflate, br',
  'accept' => '*/*',
  'connection' => 'keep-alive',
  'cache-control' => 'no-cache',
)
[ info ] [ PARAM ] array (
  'doctor_id' => '2',
)
[ info ] [ RUN ] app\home\controller\Doctor->dataPreview[ D:\workLP\20180502\judeng\wwwroot\application\home\controller\Doctor.php ]
[ info ] [ DB ] INIT mysql
[ info ] [ LOG ] INIT File
[ sql ] [ DB ] CONNECT:[ UseTime:0.085158s ] mysql:host=39.105.19.169;port=3306;dbname=judeng;charset=utf8
[ sql ] [ SQL ] SHOW COLUMNS FROM `jd_doctor` [ RunTime:0.058956s ]
[ sql ] [ SQL ] SELECT `member_id`,`inherit`,`member_name`,`face_photo`,`goodat_id`,`introduction`,`recom`,`is_clinic`,`hospital_id`,`hospital_repart_str`,`school_str`,inherit title_str,`graphic_speech`,`concealment_number`,`online_inquiry`,`first_price`,`consultation_price` FROM `jd_doctor` WHERE  (  member_id = 2 ) LIMIT 1 [ RunTime:0.060815s ]
[ sql ] [ SQL ] SHOW COLUMNS FROM `jd_school` [ RunTime:0.057540s ]
[ sql ] [ SQL ] SELECT `school_name` FROM `jd_school` WHERE  (  school_id IN(1,2) AND is_display = 1 ) [ RunTime:0.057633s ]
[ sql ] [ SQL ] SHOW COLUMNS FROM `jd_hospital` [ RunTime:0.057954s ]
[ sql ] [ SQL ] SELECT `hospital_name` FROM `jd_hospital` WHERE  (  hospital_id = 6 ) LIMIT 1 [ RunTime:0.057147s ]
[ sql ] [ SQL ] SHOW COLUMNS FROM `jd_hospital_repart` [ RunTime:0.058950s ]
[ sql ] [ SQL ] SELECT `d`.`department_name` FROM `jd_hospital_repart` `hr` INNER JOIN `jd_department` `d` ON `d`.`department_id`=`hr`.`department_id` WHERE  (  hr.hospital_repart_id IN(19,6,2) ) [ RunTime:0.059175s ]
[ sql ] [ SQL ] SHOW COLUMNS FROM `jd_self_goods` [ RunTime:0.060217s ]
[ sql ] [ SQL ] SELECT COUNT(*) AS tp_count FROM `jd_self_goods` WHERE  (  member_id = 2 AND content != '' AND is_checked = 2 AND end_date > 1527475983 ) LIMIT 1 [ RunTime:0.057937s ]
[ sql ] [ SQL ] SHOW COLUMNS FROM `jd_order` [ RunTime:0.061268s ]
[ sql ] [ SQL ] SELECT COUNT(*) AS tp_count FROM `jd_order` WHERE  (  pay_status = 2 AND doctor_id = 2 ) LIMIT 1 [ RunTime:0.057938s ]
[ sql ] [ SQL ] SELECT `self_goods_id`,`inherit_id`,`content`,`self_goods_name`,`advantage`,`price` FROM `jd_self_goods` WHERE  (  member_id = 2 AND is_checked = 2 AND end_date > 1527475983 ) [ RunTime:0.060677s ]
[ sql ] [ SQL ] SELECT `dl`.`diagnosis_id`,`dl`.`start_time`,`dl`.`end_time`,`h`.`hospital_name`,`d`.`department_name` FROM `jd_hospital_repart` `hr` INNER JOIN `jd_department` `d` ON `hr`.`department_id`=`d`.`department_id` INNER JOIN `jd_hospital` `h` ON `hr`.`hospital_id`=`h`.`hospital_id` INNER JOIN `jd_diagnosis_list` `dl` ON `hr`.`hospital_repart_id`=`dl`.`hospital_repart_id` WHERE  (  dl.`member_id` = 2 AND dl.start_time > 1527475983 ) ORDER BY dl.start_time DESC [ RunTime:0.056366s ]
[ error ] [8]未定义数组索引: content[D:\workLP\20180502\judeng\wwwroot\application\home\controller\Doctor.php:144]
[ error ] [8]未定义数组索引: inherit_id[D:\workLP\20180502\judeng\wwwroot\application\home\controller\Doctor.php:145]
---------------------------------------------------------------
[ 2018-05-28T10:53:31+08:00 ] 0.0.0.0 POST /doctor/dataPreview
[ info ] localhost:7037/doctor/dataPreview [运行时间：1.526227s][吞吐率：0.66req/s] [内存消耗：3,806.41kb] [文件加载：54]
[ info ] [ LANG ] D:\workLP\20180502\judeng\wwwroot\thinkphp\lang\zh-cn.php
[ info ] [ BIND ] 'home'
[ info ] [ ROUTE ] array (
  'type' => 'module',
  'module' => 
  array (
    0 => 'home',
    1 => 'doctor',
    2 => 'dataPreview',
  ),
)
[ info ] [ HEADER ] array (
  'content-type' => 'multipart/form-data; boundary=----WebKitFormBoundaryu9yMc59En5xaASu9',
  'content-length' => '141',
  'x-original-url' => '/doctor/dataPreview',
  'postman-token' => '3e190f26-83e2-d9da-2911-f91c7678039f',
  'origin' => 'chrome-extension://fhbjgbiflinjbdggehcddcbncdddomop',
  'user-agent' => 'Mozilla/5.0 (Windows NT 10.0; Win64; x64) AppleWebKit/537.36 (KHTML, like Gecko) Chrome/66.0.3359.139 Safari/537.36',
  'host' => 'localhost:7037',
  'accept-language' => 'zh-CN,zh;q=0.9',
  'accept-encoding' => 'gzip, deflate, br',
  'accept' => '*/*',
  'connection' => 'keep-alive',
  'cache-control' => 'no-cache',
)
[ info ] [ PARAM ] array (
  'doctor_id' => '2',
)
[ info ] [ RUN ] app\home\controller\Doctor->dataPreview[ D:\workLP\20180502\judeng\wwwroot\application\home\controller\Doctor.php ]
[ info ] [ DB ] INIT mysql
[ info ] [ LOG ] INIT File
[ sql ] [ DB ] CONNECT:[ UseTime:0.087694s ] mysql:host=39.105.19.169;port=3306;dbname=judeng;charset=utf8
[ sql ] [ SQL ] SHOW COLUMNS FROM `jd_doctor` [ RunTime:0.059413s ]
[ sql ] [ SQL ] SELECT `member_id`,`inherit`,`member_name`,`face_photo`,`goodat_id`,`introduction`,`recom`,`is_clinic`,`hospital_id`,`hospital_repart_str`,`school_str`,inherit title_str,`graphic_speech`,`concealment_number`,`online_inquiry`,`first_price`,`consultation_price` FROM `jd_doctor` WHERE  (  member_id = 2 ) LIMIT 1 [ RunTime:0.058588s ]
[ sql ] [ SQL ] SHOW COLUMNS FROM `jd_school` [ RunTime:0.058556s ]
[ sql ] [ SQL ] SELECT `school_name` FROM `jd_school` WHERE  (  school_id IN(1,2) AND is_display = 1 ) [ RunTime:0.058779s ]
[ sql ] [ SQL ] SHOW COLUMNS FROM `jd_hospital` [ RunTime:0.059622s ]
[ sql ] [ SQL ] SELECT `hospital_name` FROM `jd_hospital` WHERE  (  hospital_id = 6 ) LIMIT 1 [ RunTime:0.060462s ]
[ sql ] [ SQL ] SHOW COLUMNS FROM `jd_hospital_repart` [ RunTime:0.063865s ]
[ sql ] [ SQL ] SELECT `d`.`department_name` FROM `jd_hospital_repart` `hr` INNER JOIN `jd_department` `d` ON `d`.`department_id`=`hr`.`department_id` WHERE  (  hr.hospital_repart_id IN(19,6,2) ) [ RunTime:0.059347s ]
[ sql ] [ SQL ] SHOW COLUMNS FROM `jd_self_goods` [ RunTime:0.060238s ]
[ sql ] [ SQL ] SELECT COUNT(*) AS tp_count FROM `jd_self_goods` WHERE  (  member_id = 2 AND content != '' AND is_checked = 2 AND end_date > 1527476011 ) LIMIT 1 [ RunTime:0.057437s ]
[ sql ] [ SQL ] SHOW COLUMNS FROM `jd_order` [ RunTime:0.059738s ]
[ sql ] [ SQL ] SELECT COUNT(*) AS tp_count FROM `jd_order` WHERE  (  pay_status = 2 AND doctor_id = 2 ) LIMIT 1 [ RunTime:0.057923s ]
[ sql ] [ SQL ] SELECT `self_goods_id`,`inherit_id`,`content`,`self_goods_name`,`advantage`,`price` FROM `jd_self_goods` WHERE  (  member_id = 2 AND is_checked = 2 AND end_date > 1527476011 ) [ RunTime:0.058244s ]
[ sql ] [ SQL ] SELECT `dl`.`diagnosis_id`,`dl`.`start_time`,`dl`.`end_time`,`h`.`hospital_name`,`d`.`department_name` FROM `jd_hospital_repart` `hr` INNER JOIN `jd_department` `d` ON `hr`.`department_id`=`d`.`department_id` INNER JOIN `jd_hospital` `h` ON `hr`.`hospital_id`=`h`.`hospital_id` INNER JOIN `jd_diagnosis_list` `dl` ON `hr`.`hospital_repart_id`=`dl`.`hospital_repart_id` WHERE  (  dl.`member_id` = 2 AND dl.start_time > 1527476011 ) ORDER BY dl.start_time DESC [ RunTime:0.059197s ]
[ sql ] [ SQL ] SHOW COLUMNS FROM `jd_goodat` [ RunTime:0.060206s ]
[ sql ] [ SQL ] SELECT * FROM `jd_goodat` WHERE  `goodat_id` IN (25,26,27)  AND (  is_show = 1 and level = 2 ) ORDER BY `sort`  DESC [ RunTime:0.060308s ]
[ sql ] [ SQL ] SELECT `s`.`symptom`,`s`.`evaluate`,`s`.`evaluate_name`,`s`.`synopsis`,`s`.`add_date`,`m`.`member_name`,`m`.`portrait` FROM jd_service_evaluation s, jd_member m WHERE  (  s.doctor_id = 2 and s.`is_show` = 1 and s.`member_id` = m.`member_id` ) [ RunTime:0.060380s ]
[ sql ] [ SQL ] SHOW COLUMNS FROM `jd_notice` [ RunTime:0.060127s ]
[ sql ] [ SQL ] SELECT `notice_id`,`notice_name`,`add_date` FROM `jd_notice` WHERE  (  doctor_id = 2 ) [ RunTime:0.060466s ]
[ error ] [8]未定义数组索引: content[D:\workLP\20180502\judeng\wwwroot\application\home\controller\Doctor.php:144]
[ error ] [8]未定义数组索引: inherit_id[D:\workLP\20180502\judeng\wwwroot\application\home\controller\Doctor.php:145]
[ error ] [8]未定义数组索引: only_token[D:\workLP\20180502\judeng\wwwroot\application\common.php:82]
---------------------------------------------------------------
[ 2018-05-28T13:51:34+08:00 ] 0.0.0.0 POST /doctor/findData
[ info ] localhost:7037/doctor/findData [运行时间：1.028253s][吞吐率：0.97req/s] [内存消耗：3,739.24kb] [文件加载：54]
[ info ] [ LANG ] D:\workLP\20180502\judeng\wwwroot\thinkphp\lang\zh-cn.php
[ info ] [ BIND ] 'home'
[ info ] [ ROUTE ] array (
  'type' => 'module',
  'module' => 
  array (
    0 => 'home',
    1 => 'doctor',
    2 => 'findData',
  ),
)
[ info ] [ HEADER ] array (
  'content-type' => 'multipart/form-data; boundary=----WebKitFormBoundaryCN3VLRc7e53gtYpS',
  'content-length' => '141',
  'x-original-url' => '/doctor/findData',
  'postman-token' => '3145eccb-fe42-86e7-3cb1-453663c7155a',
  'origin' => 'chrome-extension://fhbjgbiflinjbdggehcddcbncdddomop',
  'user-agent' => 'Mozilla/5.0 (Windows NT 10.0; Win64; x64) AppleWebKit/537.36 (KHTML, like Gecko) Chrome/66.0.3359.139 Safari/537.36',
  'host' => 'localhost:7037',
  'accept-language' => 'zh-CN,zh;q=0.9',
  'accept-encoding' => 'gzip, deflate, br',
  'accept' => '*/*',
  'connection' => 'keep-alive',
  'cache-control' => 'no-cache',
)
[ info ] [ PARAM ] array (
  'doctor_id' => '2',
)
[ info ] [ RUN ] app\home\controller\Doctor->findData[ D:\workLP\20180502\judeng\wwwroot\application\home\controller\Doctor.php ]
[ info ] [ DB ] INIT mysql
[ info ] [ LOG ] INIT File
[ sql ] [ DB ] CONNECT:[ UseTime:0.120886s ] mysql:host=39.105.19.169;port=3306;dbname=judeng;charset=utf8
[ sql ] [ SQL ] SHOW COLUMNS FROM `jd_doctor` [ RunTime:0.071620s ]
[ sql ] [ SQL ] SELECT `member_id`,`true_name`,`title_str`,`inherit`,`school_str`,`face_photo`,`goodat_id`,`introduction`,`hospital_id` FROM `jd_doctor` WHERE  (  member_id = 2 ) LIMIT 1 [ RunTime:0.067244s ]
[ sql ] [ SQL ] SHOW COLUMNS FROM `jd_school` [ RunTime:0.074683s ]
[ sql ] [ SQL ] SELECT `school_name` FROM `jd_school` WHERE  (  school_id IN(1,2) AND is_display = 1 ) [ RunTime:0.065370s ]
[ sql ] [ SQL ] SHOW COLUMNS FROM `jd_hospital` [ RunTime:0.073878s ]
[ sql ] [ SQL ] SELECT `hospital_name` FROM `jd_hospital` WHERE  (  hospital_id = 6 ) LIMIT 1 [ RunTime:0.059921s ]
[ sql ] [ SQL ] SHOW COLUMNS FROM `jd_goodat` [ RunTime:0.076316s ]
[ sql ] [ SQL ] SELECT * FROM `jd_goodat` WHERE  `goodat_id` IN (25,26,27)  AND (  is_show = 1 and level = 2 ) ORDER BY `sort`  DESC [ RunTime:0.083760s ]
[ sql ] [ SQL ] SHOW COLUMNS FROM `jd_notice` [ RunTime:0.075156s ]
[ sql ] [ SQL ] SELECT `notice_id`,`notice_name`,`add_date` FROM `jd_notice` WHERE  (  doctor_id = 2 ) [ RunTime:0.060676s ]
[ error ] [8]未定义数组索引: only_token[D:\workLP\20180502\judeng\wwwroot\application\common.php:82]
---------------------------------------------------------------
[ 2018-05-28T13:58:32+08:00 ] 0.0.0.0 POST /doctor/dataPreview
[ info ] localhost:7037/doctor/dataPreview [运行时间：1.606315s][吞吐率：0.62req/s] [内存消耗：3,806.41kb] [文件加载：54]
[ info ] [ LANG ] D:\workLP\20180502\judeng\wwwroot\thinkphp\lang\zh-cn.php
[ info ] [ BIND ] 'home'
[ info ] [ ROUTE ] array (
  'type' => 'module',
  'module' => 
  array (
    0 => 'home',
    1 => 'doctor',
    2 => 'dataPreview',
  ),
)
[ info ] [ HEADER ] array (
  'content-type' => 'multipart/form-data; boundary=----WebKitFormBoundaryvvYVvwuMRYjH738Y',
  'content-length' => '141',
  'x-original-url' => '/doctor/dataPreview',
  'postman-token' => '42c6b024-4671-b84c-762c-3e1937107408',
  'origin' => 'chrome-extension://fhbjgbiflinjbdggehcddcbncdddomop',
  'user-agent' => 'Mozilla/5.0 (Windows NT 10.0; Win64; x64) AppleWebKit/537.36 (KHTML, like Gecko) Chrome/66.0.3359.139 Safari/537.36',
  'host' => 'localhost:7037',
  'accept-language' => 'zh-CN,zh;q=0.9',
  'accept-encoding' => 'gzip, deflate, br',
  'accept' => '*/*',
  'connection' => 'keep-alive',
  'cache-control' => 'no-cache',
)
[ info ] [ PARAM ] array (
  'doctor_id' => '2',
)
[ info ] [ RUN ] app\home\controller\Doctor->dataPreview[ D:\workLP\20180502\judeng\wwwroot\application\home\controller\Doctor.php ]
[ info ] [ DB ] INIT mysql
[ info ] [ LOG ] INIT File
[ sql ] [ DB ] CONNECT:[ UseTime:0.118414s ] mysql:host=39.105.19.169;port=3306;dbname=judeng;charset=utf8
[ sql ] [ SQL ] SHOW COLUMNS FROM `jd_doctor` [ RunTime:0.066930s ]
[ sql ] [ SQL ] SELECT `member_id`,`inherit`,`member_name`,`face_photo`,`goodat_id`,`introduction`,`recom`,`is_clinic`,`hospital_id`,`hospital_repart_str`,`school_str`,inherit title_str,`graphic_speech`,`concealment_number`,`online_inquiry`,`first_price`,`consultation_price` FROM `jd_doctor` WHERE  (  member_id = 2 ) LIMIT 1 [ RunTime:0.073769s ]
[ sql ] [ SQL ] SHOW COLUMNS FROM `jd_school` [ RunTime:0.064246s ]
[ sql ] [ SQL ] SELECT `school_name` FROM `jd_school` WHERE  (  school_id IN(1,2) AND is_display = 1 ) [ RunTime:0.064382s ]
[ sql ] [ SQL ] SHOW COLUMNS FROM `jd_hospital` [ RunTime:0.063343s ]
[ sql ] [ SQL ] SELECT `hospital_name` FROM `jd_hospital` WHERE  (  hospital_id = 6 ) LIMIT 1 [ RunTime:0.061083s ]
[ sql ] [ SQL ] SHOW COLUMNS FROM `jd_hospital_repart` [ RunTime:0.063469s ]
[ sql ] [ SQL ] SELECT `d`.`department_name` FROM `jd_hospital_repart` `hr` INNER JOIN `jd_department` `d` ON `d`.`department_id`=`hr`.`department_id` WHERE  (  hr.hospital_repart_id IN(19,6,2) ) [ RunTime:0.063899s ]
[ sql ] [ SQL ] SHOW COLUMNS FROM `jd_self_goods` [ RunTime:0.065219s ]
[ sql ] [ SQL ] SELECT COUNT(*) AS tp_count FROM `jd_self_goods` WHERE  (  member_id = 2 AND content != '' AND is_checked = 2 AND end_date > 1527487112 ) LIMIT 1 [ RunTime:0.063669s ]
[ sql ] [ SQL ] SHOW COLUMNS FROM `jd_order` [ RunTime:0.064531s ]
[ sql ] [ SQL ] SELECT COUNT(*) AS tp_count FROM `jd_order` WHERE  (  pay_status = 2 AND doctor_id = 2 ) LIMIT 1 [ RunTime:0.076448s ]
[ sql ] [ SQL ] SELECT `self_goods_id`,`inherit_id`,`content`,`self_goods_name`,`advantage`,`price` FROM `jd_self_goods` WHERE  (  member_id = 2 AND is_checked = 2 AND end_date > 1527487112 ) [ RunTime:0.062810s ]
[ sql ] [ SQL ] SELECT `dl`.`diagnosis_id`,`dl`.`start_time`,`dl`.`end_time`,`h`.`hospital_name`,`d`.`department_name` FROM `jd_hospital_repart` `hr` INNER JOIN `jd_department` `d` ON `hr`.`department_id`=`d`.`department_id` INNER JOIN `jd_hospital` `h` ON `hr`.`hospital_id`=`h`.`hospital_id` INNER JOIN `jd_diagnosis_list` `dl` ON `hr`.`hospital_repart_id`=`dl`.`hospital_repart_id` WHERE  (  dl.`member_id` = 2 AND dl.start_time > 1527487112 ) ORDER BY dl.start_time DESC [ RunTime:0.062808s ]
[ sql ] [ SQL ] SHOW COLUMNS FROM `jd_goodat` [ RunTime:0.063626s ]
[ sql ] [ SQL ] SELECT * FROM `jd_goodat` WHERE  `goodat_id` IN (25,26,27)  AND (  is_show = 1 and level = 2 ) ORDER BY `sort`  DESC [ RunTime:0.066161s ]
[ sql ] [ SQL ] SELECT `s`.`symptom`,`s`.`evaluate`,`s`.`evaluate_name`,`s`.`synopsis`,`s`.`add_date`,`m`.`member_name`,`m`.`portrait` FROM jd_service_evaluation s, jd_member m WHERE  (  s.doctor_id = 2 and s.`is_show` = 1 and s.`member_id` = m.`member_id` ) [ RunTime:0.064653s ]
[ sql ] [ SQL ] SHOW COLUMNS FROM `jd_notice` [ RunTime:0.066476s ]
[ sql ] [ SQL ] SELECT `notice_id`,`notice_name`,`add_date` FROM `jd_notice` WHERE  (  doctor_id = 2 ) [ RunTime:0.063147s ]
[ error ] [8]未定义数组索引: content[D:\workLP\20180502\judeng\wwwroot\application\home\controller\Doctor.php:144]
[ error ] [8]未定义数组索引: inherit_id[D:\workLP\20180502\judeng\wwwroot\application\home\controller\Doctor.php:145]
[ error ] [8]未定义数组索引: only_token[D:\workLP\20180502\judeng\wwwroot\application\common.php:82]
---------------------------------------------------------------
[ 2018-05-28T13:59:01+08:00 ] 0.0.0.0 POST /doctor/findData
[ info ] localhost:7037/doctor/findData [运行时间：0.814385s][吞吐率：1.23req/s] [内存消耗：3,739.24kb] [文件加载：54]
[ info ] [ LANG ] D:\workLP\20180502\judeng\wwwroot\thinkphp\lang\zh-cn.php
[ info ] [ BIND ] 'home'
[ info ] [ ROUTE ] array (
  'type' => 'module',
  'module' => 
  array (
    0 => 'home',
    1 => 'doctor',
    2 => 'findData',
  ),
)
[ info ] [ HEADER ] array (
  'content-type' => 'multipart/form-data; boundary=----WebKitFormBoundaryBnSeCR1qpVKE6cF1',
  'content-length' => '141',
  'x-original-url' => '/doctor/findData',
  'postman-token' => '47394dae-1be5-e5b3-19b2-fa95b2683481',
  'origin' => 'chrome-extension://fhbjgbiflinjbdggehcddcbncdddomop',
  'user-agent' => 'Mozilla/5.0 (Windows NT 10.0; Win64; x64) AppleWebKit/537.36 (KHTML, like Gecko) Chrome/66.0.3359.139 Safari/537.36',
  'host' => 'localhost:7037',
  'accept-language' => 'zh-CN,zh;q=0.9',
  'accept-encoding' => 'gzip, deflate, br',
  'accept' => '*/*',
  'connection' => 'keep-alive',
  'cache-control' => 'no-cache',
)
[ info ] [ PARAM ] array (
  'doctor_id' => '2',
)
[ info ] [ RUN ] app\home\controller\Doctor->findData[ D:\workLP\20180502\judeng\wwwroot\application\home\controller\Doctor.php ]
[ info ] [ DB ] INIT mysql
[ info ] [ LOG ] INIT File
[ sql ] [ DB ] CONNECT:[ UseTime:0.085275s ] mysql:host=39.105.19.169;port=3306;dbname=judeng;charset=utf8
[ sql ] [ SQL ] SHOW COLUMNS FROM `jd_doctor` [ RunTime:0.057958s ]
[ sql ] [ SQL ] SELECT `member_id`,`true_name`,`title_str`,`inherit`,`school_str`,`face_photo`,`goodat_id`,`introduction`,`hospital_id` FROM `jd_doctor` WHERE  (  member_id = 2 ) LIMIT 1 [ RunTime:0.057562s ]
[ sql ] [ SQL ] SHOW COLUMNS FROM `jd_school` [ RunTime:0.057753s ]
[ sql ] [ SQL ] SELECT `school_name` FROM `jd_school` WHERE  (  school_id IN(1,2) AND is_display = 1 ) [ RunTime:0.056652s ]
[ sql ] [ SQL ] SHOW COLUMNS FROM `jd_hospital` [ RunTime:0.057380s ]
[ sql ] [ SQL ] SELECT `hospital_name` FROM `jd_hospital` WHERE  (  hospital_id = 6 ) LIMIT 1 [ RunTime:0.057474s ]
[ sql ] [ SQL ] SHOW COLUMNS FROM `jd_goodat` [ RunTime:0.058927s ]
[ sql ] [ SQL ] SELECT * FROM `jd_goodat` WHERE  `goodat_id` IN (25,26,27)  AND (  is_show = 1 and level = 2 ) ORDER BY `sort`  DESC [ RunTime:0.056856s ]
[ sql ] [ SQL ] SHOW COLUMNS FROM `jd_notice` [ RunTime:0.058970s ]
[ sql ] [ SQL ] SELECT `notice_id`,`notice_name`,`add_date` FROM `jd_notice` WHERE  (  doctor_id = 2 ) [ RunTime:0.056428s ]
[ error ] [8]未定义数组索引: only_token[D:\workLP\20180502\judeng\wwwroot\application\common.php:82]
---------------------------------------------------------------
[ 2018-05-28T14:00:35+08:00 ] 0.0.0.0 POST /doctor/dataPreview
[ info ] localhost:7037/doctor/dataPreview [运行时间：1.663300s][吞吐率：0.60req/s] [内存消耗：3,806.51kb] [文件加载：54]
[ info ] [ LANG ] D:\workLP\20180502\judeng\wwwroot\thinkphp\lang\zh-cn.php
[ info ] [ BIND ] 'home'
[ info ] [ ROUTE ] array (
  'type' => 'module',
  'module' => 
  array (
    0 => 'home',
    1 => 'doctor',
    2 => 'dataPreview',
  ),
)
[ info ] [ HEADER ] array (
  'content-type' => 'multipart/form-data; boundary=----WebKitFormBoundaryDDm1UXUiO9vMgk75',
  'content-length' => '141',
  'x-original-url' => '/doctor/dataPreview',
  'postman-token' => '9d666f32-beae-4e81-71e1-99ddd0fdb9d1',
  'origin' => 'chrome-extension://fhbjgbiflinjbdggehcddcbncdddomop',
  'user-agent' => 'Mozilla/5.0 (Windows NT 10.0; Win64; x64) AppleWebKit/537.36 (KHTML, like Gecko) Chrome/66.0.3359.139 Safari/537.36',
  'host' => 'localhost:7037',
  'accept-language' => 'zh-CN,zh;q=0.9',
  'accept-encoding' => 'gzip, deflate, br',
  'accept' => '*/*',
  'connection' => 'keep-alive',
  'cache-control' => 'no-cache',
)
[ info ] [ PARAM ] array (
  'doctor_id' => '2',
)
[ info ] [ RUN ] app\home\controller\Doctor->dataPreview[ D:\workLP\20180502\judeng\wwwroot\application\home\controller\Doctor.php ]
[ info ] [ DB ] INIT mysql
[ info ] [ LOG ] INIT File
[ sql ] [ DB ] CONNECT:[ UseTime:0.091835s ] mysql:host=39.105.19.169;port=3306;dbname=judeng;charset=utf8
[ sql ] [ SQL ] SHOW COLUMNS FROM `jd_doctor` [ RunTime:0.068387s ]
[ sql ] [ SQL ] SELECT `member_id`,`inherit`,`true_name`,`face_photo`,`goodat_id`,`introduction`,`recom`,`is_clinic`,`hospital_id`,`hospital_repart_str`,`school_str`,inherit title_str,`graphic_speech`,`concealment_number`,`online_inquiry`,`first_price`,`consultation_price` FROM `jd_doctor` WHERE  (  member_id = 2 ) LIMIT 1 [ RunTime:0.065260s ]
[ sql ] [ SQL ] SHOW COLUMNS FROM `jd_school` [ RunTime:0.062309s ]
[ sql ] [ SQL ] SELECT `school_name` FROM `jd_school` WHERE  (  school_id IN(1,2) AND is_display = 1 ) [ RunTime:0.061628s ]
[ sql ] [ SQL ] SHOW COLUMNS FROM `jd_hospital` [ RunTime:0.061299s ]
[ sql ] [ SQL ] SELECT `hospital_name` FROM `jd_hospital` WHERE  (  hospital_id = 6 ) LIMIT 1 [ RunTime:0.064277s ]
[ sql ] [ SQL ] SHOW COLUMNS FROM `jd_hospital_repart` [ RunTime:0.063285s ]
[ sql ] [ SQL ] SELECT `d`.`department_name` FROM `jd_hospital_repart` `hr` INNER JOIN `jd_department` `d` ON `d`.`department_id`=`hr`.`department_id` WHERE  (  hr.hospital_repart_id IN(19,6,2) ) [ RunTime:0.064157s ]
[ sql ] [ SQL ] SHOW COLUMNS FROM `jd_self_goods` [ RunTime:0.064222s ]
[ sql ] [ SQL ] SELECT COUNT(*) AS tp_count FROM `jd_self_goods` WHERE  (  member_id = 2 AND content != '' AND is_checked = 2 AND end_date > 1527487234 ) LIMIT 1 [ RunTime:0.061224s ]
[ sql ] [ SQL ] SHOW COLUMNS FROM `jd_order` [ RunTime:0.062388s ]
[ sql ] [ SQL ] SELECT COUNT(*) AS tp_count FROM `jd_order` WHERE  (  pay_status = 2 AND doctor_id = 2 ) LIMIT 1 [ RunTime:0.061996s ]
[ sql ] [ SQL ] SELECT `self_goods_id`,`inherit_id`,`content`,`self_goods_name`,`advantage`,`price` FROM `jd_self_goods` WHERE  (  member_id = 2 AND is_checked = 2 AND end_date > 1527487235 ) [ RunTime:0.062762s ]
[ sql ] [ SQL ] SELECT `dl`.`diagnosis_id`,`dl`.`start_time`,`dl`.`end_time`,`h`.`hospital_name`,`d`.`department_name` FROM `jd_hospital_repart` `hr` INNER JOIN `jd_department` `d` ON `hr`.`department_id`=`d`.`department_id` INNER JOIN `jd_hospital` `h` ON `hr`.`hospital_id`=`h`.`hospital_id` INNER JOIN `jd_diagnosis_list` `dl` ON `hr`.`hospital_repart_id`=`dl`.`hospital_repart_id` WHERE  (  dl.`member_id` = 2 AND dl.start_time > 1527487235 ) ORDER BY dl.start_time DESC [ RunTime:0.063925s ]
[ sql ] [ SQL ] SHOW COLUMNS FROM `jd_goodat` [ RunTime:0.064307s ]
[ sql ] [ SQL ] SELECT * FROM `jd_goodat` WHERE  `goodat_id` IN (25,26,27)  AND (  is_show = 1 and level = 2 ) ORDER BY `sort`  DESC [ RunTime:0.062880s ]
[ sql ] [ SQL ] SELECT `s`.`symptom`,`s`.`evaluate`,`s`.`evaluate_name`,`s`.`synopsis`,`s`.`add_date`,`m`.`member_name`,`m`.`portrait` FROM jd_service_evaluation s, jd_member m WHERE  (  s.doctor_id = 2 and s.`is_show` = 1 and s.`member_id` = m.`member_id` ) [ RunTime:0.062643s ]
[ sql ] [ SQL ] SHOW COLUMNS FROM `jd_notice` [ RunTime:0.062231s ]
[ sql ] [ SQL ] SELECT `notice_id`,`notice_name`,`add_date` FROM `jd_notice` WHERE  (  doctor_id = 2 ) [ RunTime:0.061727s ]
[ error ] [8]未定义数组索引: content[D:\workLP\20180502\judeng\wwwroot\application\home\controller\Doctor.php:144]
[ error ] [8]未定义数组索引: inherit_id[D:\workLP\20180502\judeng\wwwroot\application\home\controller\Doctor.php:145]
[ error ] [8]未定义数组索引: only_token[D:\workLP\20180502\judeng\wwwroot\application\common.php:82]
---------------------------------------------------------------
[ 2018-05-28T14:44:08+08:00 ] 0.0.0.0 POST /doctor/findData
[ info ] localhost:7037/doctor/findData [运行时间：0.793063s][吞吐率：1.26req/s] [内存消耗：3,739.24kb] [文件加载：54]
[ info ] [ LANG ] D:\workLP\20180502\judeng\wwwroot\thinkphp\lang\zh-cn.php
[ info ] [ BIND ] 'home'
[ info ] [ ROUTE ] array (
  'type' => 'module',
  'module' => 
  array (
    0 => 'home',
    1 => 'doctor',
    2 => 'findData',
  ),
)
[ info ] [ HEADER ] array (
  'content-type' => 'multipart/form-data; boundary=----WebKitFormBoundarysboihAjmC2ssGTRo',
  'content-length' => '141',
  'x-original-url' => '/doctor/findData',
  'postman-token' => '9986bee3-0341-5457-999a-6c6e6e820f68',
  'origin' => 'chrome-extension://fhbjgbiflinjbdggehcddcbncdddomop',
  'user-agent' => 'Mozilla/5.0 (Windows NT 10.0; Win64; x64) AppleWebKit/537.36 (KHTML, like Gecko) Chrome/66.0.3359.139 Safari/537.36',
  'host' => 'localhost:7037',
  'accept-language' => 'zh-CN,zh;q=0.9',
  'accept-encoding' => 'gzip, deflate, br',
  'accept' => '*/*',
  'connection' => 'keep-alive',
  'cache-control' => 'no-cache',
)
[ info ] [ PARAM ] array (
  'doctor_id' => '2',
)
[ info ] [ RUN ] app\home\controller\Doctor->findData[ D:\workLP\20180502\judeng\wwwroot\application\home\controller\Doctor.php ]
[ info ] [ DB ] INIT mysql
[ info ] [ LOG ] INIT File
[ sql ] [ DB ] CONNECT:[ UseTime:0.088630s ] mysql:host=39.105.19.169;port=3306;dbname=judeng;charset=utf8
[ sql ] [ SQL ] SHOW COLUMNS FROM `jd_doctor` [ RunTime:0.061499s ]
[ sql ] [ SQL ] SELECT `member_id`,`true_name`,`title_str`,`inherit`,`school_str`,`face_photo`,`goodat_id`,`introduction`,`hospital_id` FROM `jd_doctor` WHERE  (  member_id = 2 ) LIMIT 1 [ RunTime:0.058904s ]
[ sql ] [ SQL ] SHOW COLUMNS FROM `jd_school` [ RunTime:0.058597s ]
[ sql ] [ SQL ] SELECT `school_name` FROM `jd_school` WHERE  (  school_id IN(1,2) AND is_display = 1 ) [ RunTime:0.058502s ]
[ sql ] [ SQL ] SHOW COLUMNS FROM `jd_hospital` [ RunTime:0.058784s ]
[ sql ] [ SQL ] SELECT `hospital_name` FROM `jd_hospital` WHERE  (  hospital_id = 6 ) LIMIT 1 [ RunTime:0.057740s ]
[ sql ] [ SQL ] SHOW COLUMNS FROM `jd_goodat` [ RunTime:0.059129s ]
[ sql ] [ SQL ] SELECT * FROM `jd_goodat` WHERE  `goodat_id` IN (25,26,27)  AND (  is_show = 1 and level = 2 ) ORDER BY `sort`  DESC [ RunTime:0.058558s ]
[ sql ] [ SQL ] SHOW COLUMNS FROM `jd_notice` [ RunTime:0.058864s ]
[ sql ] [ SQL ] SELECT `notice_id`,`notice_name`,`add_date` FROM `jd_notice` WHERE  (  doctor_id = 2 ) [ RunTime:0.059173s ]
[ error ] [8]未定义数组索引: only_token[D:\workLP\20180502\judeng\wwwroot\application\common.php:82]
