---------------------------------------------------------------
[ 2018-05-29T11:48:27+08:00 ] 0.0.0.0 GET /inherit/article?id=2
[ info ] localhost:7037/inherit/article?id=2 [运行时间：0.325065s][吞吐率：3.08req/s] [内存消耗：3,766.04kb] [文件加载：54]
[ info ] [ LANG ] D:\workLP\20180502\judeng\wwwroot\thinkphp\lang\zh-cn.php
[ info ] [ BIND ] 'home'
[ info ] [ ROUTE ] array (
  'type' => 'module',
  'module' => 
  array (
    0 => 'home',
    1 => 'inherit',
    2 => 'article',
  ),
)
[ info ] [ HEADER ] array (
  'content-type' => '',
  'content-length' => '0',
  'x-original-url' => '/inherit/article?id=2',
  'postman-token' => '325ea3fd-0b81-20b2-9dc2-0c59e3b11842',
  'user-agent' => 'Mozilla/5.0 (Windows NT 10.0; Win64; x64) AppleWebKit/537.36 (KHTML, like Gecko) Chrome/66.0.3359.139 Safari/537.36',
  'host' => 'localhost:7037',
  'accept-language' => 'zh-CN,zh;q=0.9',
  'accept-encoding' => 'gzip, deflate, br',
  'accept' => '*/*',
  'connection' => 'keep-alive',
  'cache-control' => 'no-cache',
)
[ info ] [ PARAM ] array (
  'id' => '2',
)
[ info ] [ RUN ] app\home\controller\Inherit->article[ D:\workLP\20180502\judeng\wwwroot\application\home\controller\Inherit.php ]
[ info ] [ DB ] INIT mysql
[ info ] [ VIEW ] D:\workLP\20180502\judeng\wwwroot/application/home\view\inherit\article.html [ array (
  0 => 'setting',
  1 => 'info',
) ]
[ info ] [ LOG ] INIT File
[ sql ] [ DB ] CONNECT:[ UseTime:0.094583s ] mysql:host=39.105.19.169;port=3306;dbname=judeng;charset=utf8
[ sql ] [ SQL ] SHOW COLUMNS FROM `jd_article` [ RunTime:0.061644s ]
[ sql ] [ SQL ] SELECT * FROM `jd_article` WHERE  `is_display` = 1  AND `article_id` = '2' LIMIT 1 [ RunTime:0.062658s ]
---------------------------------------------------------------
[ 2018-05-29T11:55:48+08:00 ] 0.0.0.0 POST /member/getsms
[ info ] localhost:7037/member/getsms [运行时间：0.338809s][吞吐率：2.95req/s] [内存消耗：3,669.53kb] [文件加载：51]
[ info ] [ LANG ] D:\workLP\20180502\judeng\wwwroot\thinkphp\lang\zh-cn.php
[ info ] [ BIND ] 'home'
[ info ] [ ROUTE ] array (
  'type' => 'module',
  'module' => 
  array (
    0 => 'home',
    1 => 'member',
    2 => 'getsms',
  ),
)
[ info ] [ HEADER ] array (
  'content-type' => 'multipart/form-data; boundary=----WebKitFormBoundarynTGB3qA3h7lMYuBR',
  'content-length' => '431',
  'x-original-url' => '/member/getsms',
  'postman-token' => 'a8a53558-e0ff-4f95-e272-017012c24c0e',
  'origin' => 'chrome-extension://fhbjgbiflinjbdggehcddcbncdddomop',
  'user-agent' => 'Mozilla/5.0 (Windows NT 10.0; Win64; x64) AppleWebKit/537.36 (KHTML, like Gecko) Chrome/66.0.3359.139 Safari/537.36',
  'host' => 'localhost:7037',
  'accept-language' => 'zh-CN,zh;q=0.9',
  'accept-encoding' => 'gzip, deflate, br',
  'accept' => '*/*',
  'connection' => 'keep-alive',
  'cache-control' => 'no-cache',
)
[ info ] [ PARAM ] array (
  'mobile' => '15021039435',
  'type' => '2',
  'only_token' => '2222222',
)
[ info ] [ RUN ] app\home\controller\Member->getsms[ D:\workLP\20180502\judeng\wwwroot\application\home\controller\Member.php ]
[ info ] [ DB ] INIT mysql
[ info ] [ LOG ] INIT File
[ sql ] [ DB ] CONNECT:[ UseTime:0.090517s ] mysql:host=39.105.19.169;port=3306;dbname=judeng;charset=utf8
[ sql ] [ SQL ] SHOW COLUMNS FROM `jd_doctor` [ RunTime:0.063134s ]
[ sql ] [ SQL ] SELECT COUNT(*) AS tp_count FROM `jd_doctor` WHERE  `mobile` = '15021039435' LIMIT 1 [ RunTime:0.061974s ]
---------------------------------------------------------------
[ 2018-05-29T11:57:03+08:00 ] 0.0.0.0 GET /inherit/article?id=2
[ info ] localhost:7037/inherit/article?id=2 [运行时间：0.301062s][吞吐率：3.32req/s] [内存消耗：3,768.88kb] [文件加载：54]
[ info ] [ LANG ] D:\workLP\20180502\judeng\wwwroot\thinkphp\lang\zh-cn.php
[ info ] [ BIND ] 'home'
[ info ] [ ROUTE ] array (
  'type' => 'module',
  'module' => 
  array (
    0 => 'home',
    1 => 'inherit',
    2 => 'article',
  ),
)
[ info ] [ HEADER ] array (
  'content-type' => '',
  'content-length' => '0',
  'x-original-url' => '/inherit/article?id=2',
  'postman-token' => '65d38518-e63e-2a5d-eb63-ea75d1c041e5',
  'user-agent' => 'Mozilla/5.0 (Windows NT 10.0; Win64; x64) AppleWebKit/537.36 (KHTML, like Gecko) Chrome/66.0.3359.139 Safari/537.36',
  'host' => 'localhost:7037',
  'cookie' => 'PHPSESSID=3c9a66d4a3662b1f40a7f44039b6ce17',
  'accept-language' => 'zh-CN,zh;q=0.9',
  'accept-encoding' => 'gzip, deflate, br',
  'accept' => '*/*',
  'connection' => 'keep-alive',
  'cache-control' => 'no-cache',
)
[ info ] [ PARAM ] array (
  'id' => '2',
)
[ info ] [ RUN ] app\home\controller\Inherit->article[ D:\workLP\20180502\judeng\wwwroot\application\home\controller\Inherit.php ]
[ info ] [ DB ] INIT mysql
[ info ] [ VIEW ] D:\workLP\20180502\judeng\wwwroot/application/home\view\inherit\article.html [ array (
  0 => 'setting',
  1 => 'info',
) ]
[ info ] [ LOG ] INIT File
[ sql ] [ DB ] CONNECT:[ UseTime:0.092347s ] mysql:host=39.105.19.169;port=3306;dbname=judeng;charset=utf8
[ sql ] [ SQL ] SHOW COLUMNS FROM `jd_article` [ RunTime:0.061964s ]
[ sql ] [ SQL ] SELECT * FROM `jd_article` WHERE  `is_display` = 1  AND `article_id` = '2' LIMIT 1 [ RunTime:0.062168s ]
---------------------------------------------------------------
[ 2018-05-29T12:03:40+08:00 ] 0.0.0.0 POST /other/getAreaList
[ info ] localhost:7037/other/getAreaList [运行时间：0.314780s][吞吐率：3.18req/s] [内存消耗：3,622.03kb] [文件加载：54]
[ info ] [ LANG ] D:\workLP\20180502\judeng\wwwroot\thinkphp\lang\zh-cn.php
[ info ] [ BIND ] 'home'
[ info ] [ ROUTE ] array (
  'type' => 'module',
  'module' => 
  array (
    0 => 'home',
    1 => 'other',
    2 => 'getAreaList',
  ),
)
[ info ] [ HEADER ] array (
  'content-type' => 'multipart/form-data; boundary=----WebKitFormBoundarywVJt62v6dwEW2nTE',
  'content-length' => '364',
  'x-original-url' => '/other/getAreaList',
  'postman-token' => 'd9f9a8ee-dcf1-b850-1529-081d5407a42d',
  'origin' => 'chrome-extension://fhbjgbiflinjbdggehcddcbncdddomop',
  'user-agent' => 'Mozilla/5.0 (Windows NT 10.0; Win64; x64) AppleWebKit/537.36 (KHTML, like Gecko) Chrome/66.0.3359.139 Safari/537.36',
  'host' => 'localhost:7037',
  'cookie' => 'PHPSESSID=3c9a66d4a3662b1f40a7f44039b6ce17',
  'accept-language' => 'zh-CN,zh;q=0.9',
  'accept-encoding' => 'gzip, deflate, br',
  'accept' => '*/*',
  'connection' => 'keep-alive',
  'cache-control' => 'no-cache',
)
[ info ] [ PARAM ] array (
  'area_id' => '3',
  '_time' => '1525919821',
  'sign' => '5df9bfda23d0553048b3252692a17a5d',
)
[ info ] [ RUN ] app\home\controller\Other->getAreaList[ D:\workLP\20180502\judeng\wwwroot\application\home\controller\Other.php ]
[ info ] [ DB ] INIT mysql
[ info ] [ LOG ] INIT File
[ sql ] [ DB ] CONNECT:[ UseTime:0.090263s ] mysql:host=39.105.19.169;port=3306;dbname=judeng;charset=utf8
[ sql ] [ SQL ] SHOW COLUMNS FROM `jd_area` [ RunTime:0.060794s ]
[ sql ] [ SQL ] SELECT `area_id`,`name` FROM `jd_area` WHERE  `is_display` = 1 ORDER BY `sort` DESC [ RunTime:0.061376s ]
[ error ] [8]未定义数组索引: only_token[D:\workLP\20180502\judeng\wwwroot\application\common.php:82]
---------------------------------------------------------------
[ 2018-05-29T12:04:23+08:00 ] 0.0.0.0 POST /other/getAreaList
[ info ] localhost:7037/other/getAreaList [运行时间：0.287282s][吞吐率：3.48req/s] [内存消耗：3,622.59kb] [文件加载：54]
[ info ] [ LANG ] D:\workLP\20180502\judeng\wwwroot\thinkphp\lang\zh-cn.php
[ info ] [ BIND ] 'home'
[ info ] [ ROUTE ] array (
  'type' => 'module',
  'module' => 
  array (
    0 => 'home',
    1 => 'other',
    2 => 'getAreaList',
  ),
)
[ info ] [ HEADER ] array (
  'content-type' => 'multipart/form-data; boundary=----WebKitFormBoundaryJEpYOLvBk4b2MIkN',
  'content-length' => '364',
  'x-original-url' => '/other/getAreaList',
  'postman-token' => '419ed40a-a351-dfd2-0d9b-108faf1096aa',
  'origin' => 'chrome-extension://fhbjgbiflinjbdggehcddcbncdddomop',
  'user-agent' => 'Mozilla/5.0 (Windows NT 10.0; Win64; x64) AppleWebKit/537.36 (KHTML, like Gecko) Chrome/66.0.3359.139 Safari/537.36',
  'host' => 'localhost:7037',
  'cookie' => 'PHPSESSID=3c9a66d4a3662b1f40a7f44039b6ce17',
  'accept-language' => 'zh-CN,zh;q=0.9',
  'accept-encoding' => 'gzip, deflate, br',
  'accept' => '*/*',
  'connection' => 'keep-alive',
  'cache-control' => 'no-cache',
)
[ info ] [ PARAM ] array (
  'area_id' => '3',
  '_time' => '1525919821',
  'sign' => '5df9bfda23d0553048b3252692a17a5d',
)
[ info ] [ RUN ] app\home\controller\Other->getAreaList[ D:\workLP\20180502\judeng\wwwroot\application\home\controller\Other.php ]
[ info ] [ DB ] INIT mysql
[ info ] [ LOG ] INIT File
[ sql ] [ DB ] CONNECT:[ UseTime:0.092457s ] mysql:host=39.105.19.169;port=3306;dbname=judeng;charset=utf8
[ sql ] [ SQL ] SHOW COLUMNS FROM `jd_area` [ RunTime:0.059512s ]
[ sql ] [ SQL ] SELECT `area_id`,`name` FROM `jd_area` WHERE  `is_display` = 1 ORDER BY `sort` DESC [ RunTime:0.062613s ]
[ error ] [8]未定义数组索引: only_token[D:\workLP\20180502\judeng\wwwroot\application\common.php:82]
---------------------------------------------------------------
[ 2018-05-29T12:04:24+08:00 ] 0.0.0.0 POST /other/getAreaList
[ info ] localhost:7037/other/getAreaList [运行时间：0.289648s][吞吐率：3.45req/s] [内存消耗：3,622.59kb] [文件加载：54]
[ info ] [ LANG ] D:\workLP\20180502\judeng\wwwroot\thinkphp\lang\zh-cn.php
[ info ] [ BIND ] 'home'
[ info ] [ ROUTE ] array (
  'type' => 'module',
  'module' => 
  array (
    0 => 'home',
    1 => 'other',
    2 => 'getAreaList',
  ),
)
[ info ] [ HEADER ] array (
  'content-type' => 'multipart/form-data; boundary=----WebKitFormBoundaryT0QWt2ECyJ0yFraw',
  'content-length' => '364',
  'x-original-url' => '/other/getAreaList',
  'postman-token' => 'f07d448d-c6a0-22e2-3af7-5245430f5213',
  'origin' => 'chrome-extension://fhbjgbiflinjbdggehcddcbncdddomop',
  'user-agent' => 'Mozilla/5.0 (Windows NT 10.0; Win64; x64) AppleWebKit/537.36 (KHTML, like Gecko) Chrome/66.0.3359.139 Safari/537.36',
  'host' => 'localhost:7037',
  'cookie' => 'PHPSESSID=3c9a66d4a3662b1f40a7f44039b6ce17',
  'accept-language' => 'zh-CN,zh;q=0.9',
  'accept-encoding' => 'gzip, deflate, br',
  'accept' => '*/*',
  'connection' => 'keep-alive',
  'cache-control' => 'no-cache',
)
[ info ] [ PARAM ] array (
  'area_id' => '3',
  '_time' => '1525919821',
  'sign' => '5df9bfda23d0553048b3252692a17a5d',
)
[ info ] [ RUN ] app\home\controller\Other->getAreaList[ D:\workLP\20180502\judeng\wwwroot\application\home\controller\Other.php ]
[ info ] [ DB ] INIT mysql
[ info ] [ LOG ] INIT File
[ sql ] [ DB ] CONNECT:[ UseTime:0.090639s ] mysql:host=39.105.19.169;port=3306;dbname=judeng;charset=utf8
[ sql ] [ SQL ] SHOW COLUMNS FROM `jd_area` [ RunTime:0.061372s ]
[ sql ] [ SQL ] SELECT `area_id`,`name` FROM `jd_area` WHERE  `is_display` = 1 ORDER BY `sort` DESC [ RunTime:0.064265s ]
[ error ] [8]未定义数组索引: only_token[D:\workLP\20180502\judeng\wwwroot\application\common.php:82]
---------------------------------------------------------------
[ 2018-05-29T12:07:03+08:00 ] 0.0.0.0 POST /other/getAreaList
[ info ] localhost:7037/other/getAreaList [运行时间：0.308129s][吞吐率：3.25req/s] [内存消耗：3,622.98kb] [文件加载：54]
[ info ] [ LANG ] D:\workLP\20180502\judeng\wwwroot\thinkphp\lang\zh-cn.php
[ info ] [ BIND ] 'home'
[ info ] [ ROUTE ] array (
  'type' => 'module',
  'module' => 
  array (
    0 => 'home',
    1 => 'other',
    2 => 'getAreaList',
  ),
)
[ info ] [ HEADER ] array (
  'content-type' => 'multipart/form-data; boundary=----WebKitFormBoundaryROliPsICiC7HvjLf',
  'content-length' => '364',
  'x-original-url' => '/other/getAreaList',
  'postman-token' => '8e66f296-18c0-4f60-687b-037f8f37b43c',
  'origin' => 'chrome-extension://fhbjgbiflinjbdggehcddcbncdddomop',
  'user-agent' => 'Mozilla/5.0 (Windows NT 10.0; Win64; x64) AppleWebKit/537.36 (KHTML, like Gecko) Chrome/66.0.3359.139 Safari/537.36',
  'host' => 'localhost:7037',
  'cookie' => 'PHPSESSID=3c9a66d4a3662b1f40a7f44039b6ce17',
  'accept-language' => 'zh-CN,zh;q=0.9',
  'accept-encoding' => 'gzip, deflate, br',
  'accept' => '*/*',
  'connection' => 'keep-alive',
  'cache-control' => 'no-cache',
)
[ info ] [ PARAM ] array (
  'area_id' => '3',
  '_time' => '1525919821',
  'sign' => '5df9bfda23d0553048b3252692a17a5d',
)
[ info ] [ RUN ] app\home\controller\Other->getAreaList[ D:\workLP\20180502\judeng\wwwroot\application\home\controller\Other.php ]
[ info ] [ DB ] INIT mysql
[ info ] [ LOG ] INIT File
[ sql ] [ DB ] CONNECT:[ UseTime:0.088955s ] mysql:host=39.105.19.169;port=3306;dbname=judeng;charset=utf8
[ sql ] [ SQL ] SHOW COLUMNS FROM `jd_area` [ RunTime:0.061673s ]
[ sql ] [ SQL ] SELECT `area_id`,`name` FROM `jd_area` WHERE  `is_display` = 1 ORDER BY `sort` DESC [ RunTime:0.060054s ]
[ error ] [8]未定义数组索引: only_token[D:\workLP\20180502\judeng\wwwroot\application\common.php:82]
---------------------------------------------------------------
[ 2018-05-29T12:07:09+08:00 ] 0.0.0.0 POST /member/getsms
[ info ] localhost:7037/member/getsms [运行时间：0.307871s][吞吐率：3.25req/s] [内存消耗：3,671.22kb] [文件加载：51]
[ info ] [ LANG ] D:\workLP\20180502\judeng\wwwroot\thinkphp\lang\zh-cn.php
[ info ] [ BIND ] 'home'
[ info ] [ ROUTE ] array (
  'type' => 'module',
  'module' => 
  array (
    0 => 'home',
    1 => 'member',
    2 => 'getsms',
  ),
)
[ info ] [ HEADER ] array (
  'content-type' => 'multipart/form-data; boundary=----WebKitFormBoundarydZ6KM6I1lFc7oK7T',
  'content-length' => '431',
  'x-original-url' => '/member/getsms',
  'postman-token' => '832c47f5-0f77-f2ea-04df-615bd211c32e',
  'origin' => 'chrome-extension://fhbjgbiflinjbdggehcddcbncdddomop',
  'user-agent' => 'Mozilla/5.0 (Windows NT 10.0; Win64; x64) AppleWebKit/537.36 (KHTML, like Gecko) Chrome/66.0.3359.139 Safari/537.36',
  'host' => 'localhost:7037',
  'cookie' => 'PHPSESSID=3c9a66d4a3662b1f40a7f44039b6ce17',
  'accept-language' => 'zh-CN,zh;q=0.9',
  'accept-encoding' => 'gzip, deflate, br',
  'accept' => '*/*',
  'connection' => 'keep-alive',
  'cache-control' => 'no-cache',
)
[ info ] [ PARAM ] array (
  'mobile' => '15021039435',
  'type' => '2',
  'only_token' => '2222222',
)
[ info ] [ RUN ] app\home\controller\Member->getsms[ D:\workLP\20180502\judeng\wwwroot\application\home\controller\Member.php ]
[ info ] [ DB ] INIT mysql
[ info ] [ LOG ] INIT File
[ sql ] [ DB ] CONNECT:[ UseTime:0.087555s ] mysql:host=39.105.19.169;port=3306;dbname=judeng;charset=utf8
[ sql ] [ SQL ] SHOW COLUMNS FROM `jd_doctor` [ RunTime:0.060877s ]
[ sql ] [ SQL ] SELECT COUNT(*) AS tp_count FROM `jd_doctor` WHERE  `mobile` = '15021039435' LIMIT 1 [ RunTime:0.059667s ]
---------------------------------------------------------------
[ 2018-05-29T12:07:18+08:00 ] 0.0.0.0 POST /member/getsms
[ info ] localhost:7037/member/getsms [运行时间：0.330916s][吞吐率：3.02req/s] [内存消耗：3,671.22kb] [文件加载：51]
[ info ] [ LANG ] D:\workLP\20180502\judeng\wwwroot\thinkphp\lang\zh-cn.php
[ info ] [ BIND ] 'home'
[ info ] [ ROUTE ] array (
  'type' => 'module',
  'module' => 
  array (
    0 => 'home',
    1 => 'member',
    2 => 'getsms',
  ),
)
[ info ] [ HEADER ] array (
  'content-type' => 'multipart/form-data; boundary=----WebKitFormBoundaryeiIevoae1OCrvBH1',
  'content-length' => '431',
  'x-original-url' => '/member/getsms',
  'postman-token' => 'a1ee137d-cc21-8a14-77c3-feb4532174e9',
  'origin' => 'chrome-extension://fhbjgbiflinjbdggehcddcbncdddomop',
  'user-agent' => 'Mozilla/5.0 (Windows NT 10.0; Win64; x64) AppleWebKit/537.36 (KHTML, like Gecko) Chrome/66.0.3359.139 Safari/537.36',
  'host' => 'localhost:7037',
  'cookie' => 'PHPSESSID=3c9a66d4a3662b1f40a7f44039b6ce17',
  'accept-language' => 'zh-CN,zh;q=0.9',
  'accept-encoding' => 'gzip, deflate, br',
  'accept' => '*/*',
  'connection' => 'keep-alive',
  'cache-control' => 'no-cache',
)
[ info ] [ PARAM ] array (
  'mobile' => '15021039435',
  'type' => '2',
  'only_token' => '2222222',
)
[ info ] [ RUN ] app\home\controller\Member->getsms[ D:\workLP\20180502\judeng\wwwroot\application\home\controller\Member.php ]
[ info ] [ DB ] INIT mysql
[ info ] [ LOG ] INIT File
[ sql ] [ DB ] CONNECT:[ UseTime:0.088481s ] mysql:host=39.105.19.169;port=3306;dbname=judeng;charset=utf8
[ sql ] [ SQL ] SHOW COLUMNS FROM `jd_doctor` [ RunTime:0.061094s ]
[ sql ] [ SQL ] SELECT COUNT(*) AS tp_count FROM `jd_doctor` WHERE  `mobile` = '15021039435' LIMIT 1 [ RunTime:0.058855s ]
---------------------------------------------------------------
[ 2018-05-29T12:07:20+08:00 ] 0.0.0.0 POST /member/getsms
[ info ] localhost:7037/member/getsms [运行时间：0.381970s][吞吐率：2.62req/s] [内存消耗：3,671.52kb] [文件加载：51]
[ info ] [ LANG ] D:\workLP\20180502\judeng\wwwroot\thinkphp\lang\zh-cn.php
[ info ] [ BIND ] 'home'
[ info ] [ ROUTE ] array (
  'type' => 'module',
  'module' => 
  array (
    0 => 'home',
    1 => 'member',
    2 => 'getsms',
  ),
)
[ info ] [ HEADER ] array (
  'content-type' => 'multipart/form-data; boundary=----WebKitFormBoundarymjmA0P6kD4eexeDA',
  'content-length' => '431',
  'x-original-url' => '/member/getsms',
  'postman-token' => 'bb62affb-c490-0715-2fdd-11fd56c7fe4a',
  'origin' => 'chrome-extension://fhbjgbiflinjbdggehcddcbncdddomop',
  'user-agent' => 'Mozilla/5.0 (Windows NT 10.0; Win64; x64) AppleWebKit/537.36 (KHTML, like Gecko) Chrome/66.0.3359.139 Safari/537.36',
  'host' => 'localhost:7037',
  'cookie' => 'PHPSESSID=3c9a66d4a3662b1f40a7f44039b6ce17',
  'accept-language' => 'zh-CN,zh;q=0.9',
  'accept-encoding' => 'gzip, deflate, br',
  'accept' => '*/*',
  'connection' => 'keep-alive',
  'cache-control' => 'no-cache',
)
[ info ] [ PARAM ] array (
  'mobile' => '15021039435',
  'type' => '2',
  'only_token' => '2222222',
)
[ info ] [ RUN ] app\home\controller\Member->getsms[ D:\workLP\20180502\judeng\wwwroot\application\home\controller\Member.php ]
[ info ] [ DB ] INIT mysql
[ info ] [ LOG ] INIT File
[ sql ] [ DB ] CONNECT:[ UseTime:0.096030s ] mysql:host=39.105.19.169;port=3306;dbname=judeng;charset=utf8
[ sql ] [ SQL ] SHOW COLUMNS FROM `jd_doctor` [ RunTime:0.068544s ]
[ sql ] [ SQL ] SELECT COUNT(*) AS tp_count FROM `jd_doctor` WHERE  `mobile` = '15021039435' LIMIT 1 [ RunTime:0.063590s ]
---------------------------------------------------------------
[ 2018-05-29T12:09:45+08:00 ] 0.0.0.0 POST /other/getAreaList
[ info ] localhost:7037/other/getAreaList [运行时间：0.314493s][吞吐率：3.18req/s] [内存消耗：3,622.30kb] [文件加载：54]
[ info ] [ LANG ] D:\workLP\20180502\judeng\wwwroot\thinkphp\lang\zh-cn.php
[ info ] [ BIND ] 'home'
[ info ] [ ROUTE ] array (
  'type' => 'module',
  'module' => 
  array (
    0 => 'home',
    1 => 'other',
    2 => 'getAreaList',
  ),
)
[ info ] [ HEADER ] array (
  'content-type' => 'multipart/form-data; boundary=----WebKitFormBoundaryBSuuNCsSuXmGc7zc',
  'content-length' => '364',
  'x-original-url' => '/other/getAreaList',
  'postman-token' => '48dbc34e-b36b-91c0-cbe3-720664932419',
  'origin' => 'chrome-extension://fhbjgbiflinjbdggehcddcbncdddomop',
  'user-agent' => 'Mozilla/5.0 (Windows NT 10.0; Win64; x64) AppleWebKit/537.36 (KHTML, like Gecko) Chrome/66.0.3359.139 Safari/537.36',
  'host' => 'localhost:7037',
  'cookie' => 'PHPSESSID=3c9a66d4a3662b1f40a7f44039b6ce17',
  'accept-language' => 'zh-CN,zh;q=0.9',
  'accept-encoding' => 'gzip, deflate, br',
  'accept' => '*/*',
  'connection' => 'keep-alive',
  'cache-control' => 'no-cache',
)
[ info ] [ PARAM ] array (
  'area_id' => '3',
  '_time' => '1525919821',
  'sign' => '5df9bfda23d0553048b3252692a17a5d',
)
[ info ] [ RUN ] app\home\controller\Other->getAreaList[ D:\workLP\20180502\judeng\wwwroot\application\home\controller\Other.php ]
[ info ] [ DB ] INIT mysql
[ info ] [ LOG ] INIT File
[ sql ] [ DB ] CONNECT:[ UseTime:0.094474s ] mysql:host=39.105.19.169;port=3306;dbname=judeng;charset=utf8
[ sql ] [ SQL ] SHOW COLUMNS FROM `jd_area` [ RunTime:0.063822s ]
[ sql ] [ SQL ] SELECT `area_id`,`name` FROM `jd_area` WHERE  `is_display` = 1 ORDER BY `sort` DESC [ RunTime:0.061312s ]
[ error ] [8]未定义数组索引: only_token[D:\workLP\20180502\judeng\wwwroot\application\common.php:82]
---------------------------------------------------------------
[ 2018-05-29T12:17:41+08:00 ] 0.0.0.0 POST /other/getAreaList
[ info ] localhost:7037/other/getAreaList [运行时间：0.621514s][吞吐率：1.61req/s] [内存消耗：3,623.32kb] [文件加载：54]
[ info ] [ LANG ] D:\workLP\20180502\judeng\wwwroot\thinkphp\lang\zh-cn.php
[ info ] [ BIND ] 'home'
[ info ] [ ROUTE ] array (
  'type' => 'module',
  'module' => 
  array (
    0 => 'home',
    1 => 'other',
    2 => 'getAreaList',
  ),
)
[ info ] [ HEADER ] array (
  'content-type' => 'multipart/form-data; boundary=----WebKitFormBoundaryMBOY001mfzSX607d',
  'content-length' => '364',
  'x-original-url' => '/other/getAreaList',
  'postman-token' => '35633ddc-47d8-460c-ad8d-eb0d180498ad',
  'origin' => 'chrome-extension://fhbjgbiflinjbdggehcddcbncdddomop',
  'user-agent' => 'Mozilla/5.0 (Windows NT 10.0; Win64; x64) AppleWebKit/537.36 (KHTML, like Gecko) Chrome/66.0.3359.139 Safari/537.36',
  'host' => 'localhost:7037',
  'cookie' => 'PHPSESSID=3c9a66d4a3662b1f40a7f44039b6ce17',
  'accept-language' => 'zh-CN,zh;q=0.9',
  'accept-encoding' => 'gzip, deflate, br',
  'accept' => '*/*',
  'connection' => 'keep-alive',
  'cache-control' => 'no-cache',
)
[ info ] [ PARAM ] array (
  'area_id' => '3',
  '_time' => '1525919821',
  'sign' => '5df9bfda23d0553048b3252692a17a5d',
)
[ info ] [ RUN ] app\home\controller\Other->getAreaList[ D:\workLP\20180502\judeng\wwwroot\application\home\controller\Other.php ]
[ info ] [ DB ] INIT mysql
[ info ] [ LOG ] INIT File
[ sql ] [ DB ] CONNECT:[ UseTime:0.394499s ] mysql:host=39.105.19.169;port=3306;dbname=judeng;charset=utf8
[ sql ] [ SQL ] SHOW COLUMNS FROM `jd_area` [ RunTime:0.062743s ]
[ sql ] [ SQL ] SELECT `area_id`,`name` FROM `jd_area` WHERE  `is_display` = 1 ORDER BY `sort` DESC [ RunTime:0.065447s ]
[ error ] [8]未定义数组索引: only_token[D:\workLP\20180502\judeng\wwwroot\application\common.php:82]
---------------------------------------------------------------
[ 2018-05-29T12:17:46+08:00 ] 0.0.0.0 POST /member/getsms
[ info ] localhost:7037/member/getsms [运行时间：0.740389s][吞吐率：1.35req/s] [内存消耗：3,671.52kb] [文件加载：51]
[ info ] [ LANG ] D:\workLP\20180502\judeng\wwwroot\thinkphp\lang\zh-cn.php
[ info ] [ BIND ] 'home'
[ info ] [ ROUTE ] array (
  'type' => 'module',
  'module' => 
  array (
    0 => 'home',
    1 => 'member',
    2 => 'getsms',
  ),
)
[ info ] [ HEADER ] array (
  'content-type' => 'multipart/form-data; boundary=----WebKitFormBoundaryw9DljMFXV7n7pnWE',
  'content-length' => '431',
  'x-original-url' => '/member/getsms',
  'postman-token' => 'fa7cd496-12c8-c7c2-abb8-075054dfeabf',
  'origin' => 'chrome-extension://fhbjgbiflinjbdggehcddcbncdddomop',
  'user-agent' => 'Mozilla/5.0 (Windows NT 10.0; Win64; x64) AppleWebKit/537.36 (KHTML, like Gecko) Chrome/66.0.3359.139 Safari/537.36',
  'host' => 'localhost:7037',
  'cookie' => 'PHPSESSID=3c9a66d4a3662b1f40a7f44039b6ce17',
  'accept-language' => 'zh-CN,zh;q=0.9',
  'accept-encoding' => 'gzip, deflate, br',
  'accept' => '*/*',
  'connection' => 'keep-alive',
  'cache-control' => 'no-cache',
)
[ info ] [ PARAM ] array (
  'mobile' => '15021039435',
  'type' => '2',
  'only_token' => '2222222',
)
[ info ] [ RUN ] app\home\controller\Member->getsms[ D:\workLP\20180502\judeng\wwwroot\application\home\controller\Member.php ]
[ info ] [ DB ] INIT mysql
[ info ] [ LOG ] INIT File
[ sql ] [ DB ] CONNECT:[ UseTime:0.087305s ] mysql:host=39.105.19.169;port=3306;dbname=judeng;charset=utf8
[ sql ] [ SQL ] SHOW COLUMNS FROM `jd_doctor` [ RunTime:0.444246s ]
[ sql ] [ SQL ] SELECT COUNT(*) AS tp_count FROM `jd_doctor` WHERE  `mobile` = '15021039435' LIMIT 1 [ RunTime:0.063959s ]
---------------------------------------------------------------
[ 2018-05-29T12:17:54+08:00 ] 0.0.0.0 GET /Alisms/api_demo/SmsDemo.php
[ info ] localhost:7037/Alisms/api_demo/SmsDemo.php [运行时间：0.094612s][吞吐率：10.57req/s] [内存消耗：2,066.80kb] [文件加载：41]
[ info ] [ LANG ] D:\workLP\20180502\judeng\wwwroot\thinkphp\lang\zh-cn.php
[ info ] [ BIND ] 'home'
[ info ] [ ROUTE ] array (
  'type' => 'module',
  'module' => 
  array (
    0 => 'home',
    1 => 'Alisms',
    2 => 'api_demo',
  ),
)
[ info ] [ HEADER ] array (
  'content-type' => '',
  'content-length' => '0',
  'x-original-url' => '/Alisms/api_demo/SmsDemo.php',
  'postman-token' => '4eff5158-84cf-ae7e-6dfc-1397afd4cc26',
  'user-agent' => 'Mozilla/5.0 (Windows NT 10.0; Win64; x64) AppleWebKit/537.36 (KHTML, like Gecko) Chrome/66.0.3359.139 Safari/537.36',
  'host' => 'localhost:7037',
  'cookie' => 'PHPSESSID=3c9a66d4a3662b1f40a7f44039b6ce17',
  'accept-language' => 'zh-CN,zh;q=0.9',
  'accept-encoding' => 'gzip, deflate, br',
  'accept' => '*/*',
  'connection' => 'keep-alive',
  'cache-control' => 'no-cache',
)
[ info ] [ PARAM ] array (
)
[ info ] [ LOG ] INIT File
---------------------------------------------------------------
[ 2018-05-29T12:55:04+08:00 ] 0.0.0.0 POST /member/getsms
[ info ] localhost:7037/member/getsms [运行时间：0.364992s][吞吐率：2.74req/s] [内存消耗：3,670.55kb] [文件加载：51]
[ info ] [ LANG ] D:\workLP\20180502\judeng\wwwroot\thinkphp\lang\zh-cn.php
[ info ] [ BIND ] 'home'
[ info ] [ ROUTE ] array (
  'type' => 'module',
  'module' => 
  array (
    0 => 'home',
    1 => 'member',
    2 => 'getsms',
  ),
)
[ info ] [ HEADER ] array (
  'content-type' => 'multipart/form-data; boundary=----WebKitFormBoundaryHGqKXTppArej4KH8',
  'content-length' => '431',
  'x-original-url' => '/member/getsms',
  'postman-token' => '2e89be28-ac91-4f9c-2c5b-e71b30fc1cd9',
  'origin' => 'chrome-extension://fhbjgbiflinjbdggehcddcbncdddomop',
  'user-agent' => 'Mozilla/5.0 (Windows NT 10.0; Win64; x64) AppleWebKit/537.36 (KHTML, like Gecko) Chrome/66.0.3359.139 Safari/537.36',
  'host' => 'localhost:7037',
  'cookie' => 'PHPSESSID=3c9a66d4a3662b1f40a7f44039b6ce17',
  'accept-language' => 'zh-CN,zh;q=0.9',
  'accept-encoding' => 'gzip, deflate, br',
  'accept' => '*/*',
  'connection' => 'keep-alive',
  'cache-control' => 'no-cache',
)
[ info ] [ PARAM ] array (
  'mobile' => '15021039435',
  'type' => '2',
  'only_token' => '2222222',
)
[ info ] [ RUN ] app\home\controller\Member->getsms[ D:\workLP\20180502\judeng\wwwroot\application\home\controller\Member.php ]
[ info ] [ DB ] INIT mysql
[ info ] [ LOG ] INIT File
[ sql ] [ DB ] CONNECT:[ UseTime:0.097754s ] mysql:host=39.105.19.169;port=3306;dbname=judeng;charset=utf8
[ sql ] [ SQL ] SHOW COLUMNS FROM `jd_doctor` [ RunTime:0.068525s ]
[ sql ] [ SQL ] SELECT COUNT(*) AS tp_count FROM `jd_doctor` WHERE  `mobile` = '15021039435' LIMIT 1 [ RunTime:0.063899s ]
---------------------------------------------------------------
[ 2018-05-29T12:55:11+08:00 ] 0.0.0.0 POST /member/getsms
[ info ] localhost:7037/member/getsms [运行时间：0.379495s][吞吐率：2.64req/s] [内存消耗：3,878.52kb] [文件加载：57]
[ info ] [ LANG ] D:\workLP\20180502\judeng\wwwroot\thinkphp\lang\zh-cn.php
[ info ] [ BIND ] 'home'
[ info ] [ ROUTE ] array (
  'type' => 'module',
  'module' => 
  array (
    0 => 'home',
    1 => 'member',
    2 => 'getsms',
  ),
)
[ info ] [ HEADER ] array (
  'content-type' => 'multipart/form-data; boundary=----WebKitFormBoundary6XT8Milqf6ddR0do',
  'content-length' => '431',
  'x-original-url' => '/member/getsms',
  'postman-token' => 'c6f26b48-93d3-11b6-8d17-8ca302568916',
  'origin' => 'chrome-extension://fhbjgbiflinjbdggehcddcbncdddomop',
  'user-agent' => 'Mozilla/5.0 (Windows NT 10.0; Win64; x64) AppleWebKit/537.36 (KHTML, like Gecko) Chrome/66.0.3359.139 Safari/537.36',
  'host' => 'localhost:7037',
  'cookie' => 'PHPSESSID=3c9a66d4a3662b1f40a7f44039b6ce17',
  'accept-language' => 'zh-CN,zh;q=0.9',
  'accept-encoding' => 'gzip, deflate, br',
  'accept' => '*/*',
  'connection' => 'keep-alive',
  'cache-control' => 'no-cache',
)
[ info ] [ PARAM ] array (
  'mobile' => '15021039435',
  'type' => '2',
  'only_token' => '2222222',
)
[ info ] [ RUN ] app\home\controller\Member->getsms[ D:\workLP\20180502\judeng\wwwroot\application\home\controller\Member.php ]
[ info ] [ DB ] INIT mysql
[ info ] [ LOG ] INIT File
[ sql ] [ DB ] CONNECT:[ UseTime:0.113439s ] mysql:host=39.105.19.169;port=3306;dbname=judeng;charset=utf8
[ sql ] [ SQL ] SHOW COLUMNS FROM `jd_doctor` [ RunTime:0.062774s ]
[ sql ] [ SQL ] SELECT COUNT(*) AS tp_count FROM `jd_doctor` WHERE  `mobile` = '15021039435' LIMIT 1 [ RunTime:0.080206s ]
[ error ] [1]Class 'SmsDemo' not found[D:\workLP\20180502\judeng\wwwroot\application\common.php:200]
---------------------------------------------------------------
[ 2018-05-29T12:55:55+08:00 ] 0.0.0.0 POST /member/getsms
[ info ] localhost:7037/member/getsms [运行时间：0.361684s][吞吐率：2.76req/s] [内存消耗：3,878.52kb] [文件加载：57]
[ info ] [ LANG ] D:\workLP\20180502\judeng\wwwroot\thinkphp\lang\zh-cn.php
[ info ] [ BIND ] 'home'
[ info ] [ ROUTE ] array (
  'type' => 'module',
  'module' => 
  array (
    0 => 'home',
    1 => 'member',
    2 => 'getsms',
  ),
)
[ info ] [ HEADER ] array (
  'content-type' => 'multipart/form-data; boundary=----WebKitFormBoundaryj3L42AKojeEgPknK',
  'content-length' => '431',
  'x-original-url' => '/member/getsms',
  'postman-token' => '1efecc3e-056c-5613-2fd2-af43dbf4e342',
  'origin' => 'chrome-extension://fhbjgbiflinjbdggehcddcbncdddomop',
  'user-agent' => 'Mozilla/5.0 (Windows NT 10.0; Win64; x64) AppleWebKit/537.36 (KHTML, like Gecko) Chrome/66.0.3359.139 Safari/537.36',
  'host' => 'localhost:7037',
  'cookie' => 'PHPSESSID=3c9a66d4a3662b1f40a7f44039b6ce17',
  'accept-language' => 'zh-CN,zh;q=0.9',
  'accept-encoding' => 'gzip, deflate, br',
  'accept' => '*/*',
  'connection' => 'keep-alive',
  'cache-control' => 'no-cache',
)
[ info ] [ PARAM ] array (
  'mobile' => '15021039435',
  'type' => '2',
  'only_token' => '2222222',
)
[ info ] [ RUN ] app\home\controller\Member->getsms[ D:\workLP\20180502\judeng\wwwroot\application\home\controller\Member.php ]
[ info ] [ DB ] INIT mysql
[ info ] [ LOG ] INIT File
[ sql ] [ DB ] CONNECT:[ UseTime:0.089576s ] mysql:host=39.105.19.169;port=3306;dbname=judeng;charset=utf8
[ sql ] [ SQL ] SHOW COLUMNS FROM `jd_doctor` [ RunTime:0.061908s ]
[ sql ] [ SQL ] SELECT COUNT(*) AS tp_count FROM `jd_doctor` WHERE  `mobile` = '15021039435' LIMIT 1 [ RunTime:0.059125s ]
[ error ] [1]Class 'SmsDemo' not found[D:\workLP\20180502\judeng\wwwroot\application\common.php:200]
---------------------------------------------------------------
[ 2018-05-29T13:52:30+08:00 ] 0.0.0.0 POST /member/getsms
[ info ] localhost:7037/member/getsms [运行时间：0.465853s][吞吐率：2.15req/s] [内存消耗：4,594.77kb] [文件加载：63]
[ info ] [ LANG ] D:\workLP\20180502\judeng\wwwroot\thinkphp\lang\zh-cn.php
[ info ] [ BIND ] 'home'
[ info ] [ ROUTE ] array (
  'type' => 'module',
  'module' => 
  array (
    0 => 'home',
    1 => 'member',
    2 => 'getsms',
  ),
)
[ info ] [ HEADER ] array (
  'content-type' => 'multipart/form-data; boundary=----WebKitFormBoundaryvzEAGoSW1HHgBVgd',
  'content-length' => '431',
  'x-original-url' => '/member/getsms',
  'postman-token' => 'b78595c7-f022-50ab-186c-01be9e727b66',
  'origin' => 'chrome-extension://fhbjgbiflinjbdggehcddcbncdddomop',
  'user-agent' => 'Mozilla/5.0 (Windows NT 10.0; Win64; x64) AppleWebKit/537.36 (KHTML, like Gecko) Chrome/66.0.3359.139 Safari/537.36',
  'host' => 'localhost:7037',
  'cookie' => 'PHPSESSID=3c9a66d4a3662b1f40a7f44039b6ce17',
  'accept-language' => 'zh-CN,zh;q=0.9',
  'accept-encoding' => 'gzip, deflate, br',
  'accept' => '*/*',
  'connection' => 'keep-alive',
  'cache-control' => 'no-cache',
)
[ info ] [ PARAM ] array (
  'mobile' => '15021039435',
  'type' => '2',
  'only_token' => '2222222',
)
[ info ] [ RUN ] app\home\controller\Member->getsms[ D:\workLP\20180502\judeng\wwwroot\application\home\controller\Member.php ]
[ info ] [ DB ] INIT mysql
[ info ] [ LOG ] INIT File
[ sql ] [ DB ] CONNECT:[ UseTime:0.096450s ] mysql:host=39.105.19.169;port=3306;dbname=judeng;charset=utf8
[ sql ] [ SQL ] SHOW COLUMNS FROM `jd_doctor` [ RunTime:0.069712s ]
[ sql ] [ SQL ] SELECT COUNT(*) AS tp_count FROM `jd_doctor` WHERE  `mobile` = '15021039435' LIMIT 1 [ RunTime:0.064215s ]
---------------------------------------------------------------
[ 2018-05-29T14:04:40+08:00 ] 0.0.0.0 GET /
[ info ] localhost:7037/ [运行时间：0.056950s][吞吐率：17.56req/s] [内存消耗：2,005.28kb] [文件加载：38]
[ info ] [ LANG ] D:\workLP\20180502\judeng\wwwroot\thinkphp\lang\zh-cn.php
[ info ] [ BIND ] 'home'
[ info ] [ ROUTE ] array (
  'type' => 'module',
  'module' => 
  array (
    0 => 'home',
    1 => NULL,
    2 => NULL,
  ),
)
[ info ] [ HEADER ] array (
  'content-type' => '',
  'content-length' => '0',
  'upgrade-insecure-requests' => '1',
  'user-agent' => 'Mozilla/5.0 (Windows NT 10.0; Win64; x64) AppleWebKit/537.36 (KHTML, like Gecko) Chrome/66.0.3359.139 Safari/537.36',
  'host' => 'localhost:7037',
  'cookie' => 'UM_distinctid=160b5c52e97c7-0a812a97ee4d36-e323462-1fa400-160b5c52e9a107; CNZZDATA1000308349=1622381418-1516928585-%7C1516934020; Hm_lvt_5dd55c6682e0c7d344e29e785f9de1bb=1515553694,1516772121,1516938586,1517206225; REMEMBERME=VG9weGlhXFNlcnZpY2VcVXNlclxDdXJyZW50VXNlcjpOalE1TlRjNE9UWTBRSEZ4TG1OdmJRPT06MTU0ODkyODk1MTozZTE3ZGIxYzRjYzUzYWE4MmU2MjVlYjI3OTQxNTI3ZTIyZjUyYzYwMzFmZjNkNzI3MTdkODI4MzIxZTk0NmVk; CNZZDATA1256922974=1723540018-1514876107-%7C1517463005; bdshare_firstime=1522317821515; Hm_lvt_ebb8ef3f6d57c4b17c15b95865c9c3fb=1522635670; Phpstorm-7d8938db=0dec72a5-7ab0-46de-a14b-0c25eddfbbac; lang=zh-cn; device=desktop; theme=default; keepLogin=on; za=admin; zp=0537c5bc8c477d690858dc3b13d03cbc9de46966',
  'accept-language' => 'zh-CN,zh;q=0.9',
  'accept-encoding' => 'gzip, deflate, br',
  'accept' => 'text/html,application/xhtml+xml,application/xml;q=0.9,image/webp,image/apng,*/*;q=0.8',
  'connection' => 'keep-alive',
  'cache-control' => 'max-age=0',
)
[ info ] [ PARAM ] array (
)
[ info ] [ RUN ] app\home\controller\Index->index[ D:\workLP\20180502\judeng\wwwroot\application\home\controller\Index.php ]
[ info ] [ LOG ] INIT File
---------------------------------------------------------------
[ 2018-05-29T14:04:40+08:00 ] 0.0.0.0 GET /favicon.ico
[ info ] localhost:7037/favicon.ico [运行时间：0.085981s][吞吐率：11.63req/s] [内存消耗：2,068.32kb] [文件加载：41]
[ info ] [ LANG ] D:\workLP\20180502\judeng\wwwroot\thinkphp\lang\zh-cn.php
[ info ] [ BIND ] 'home'
[ info ] [ ROUTE ] array (
  'type' => 'module',
  'module' => 
  array (
    0 => 'home',
    1 => 'favicon.ico',
    2 => NULL,
  ),
)
[ info ] [ HEADER ] array (
  'content-type' => '',
  'content-length' => '0',
  'x-original-url' => '/favicon.ico',
  'user-agent' => 'Mozilla/5.0 (Windows NT 10.0; Win64; x64) AppleWebKit/537.36 (KHTML, like Gecko) Chrome/66.0.3359.139 Safari/537.36',
  'referer' => 'http://localhost:7037/',
  'host' => 'localhost:7037',
  'cookie' => 'UM_distinctid=160b5c52e97c7-0a812a97ee4d36-e323462-1fa400-160b5c52e9a107; CNZZDATA1000308349=1622381418-1516928585-%7C1516934020; Hm_lvt_5dd55c6682e0c7d344e29e785f9de1bb=1515553694,1516772121,1516938586,1517206225; REMEMBERME=VG9weGlhXFNlcnZpY2VcVXNlclxDdXJyZW50VXNlcjpOalE1TlRjNE9UWTBRSEZ4TG1OdmJRPT06MTU0ODkyODk1MTozZTE3ZGIxYzRjYzUzYWE4MmU2MjVlYjI3OTQxNTI3ZTIyZjUyYzYwMzFmZjNkNzI3MTdkODI4MzIxZTk0NmVk; CNZZDATA1256922974=1723540018-1514876107-%7C1517463005; bdshare_firstime=1522317821515; Hm_lvt_ebb8ef3f6d57c4b17c15b95865c9c3fb=1522635670; Phpstorm-7d8938db=0dec72a5-7ab0-46de-a14b-0c25eddfbbac; lang=zh-cn; device=desktop; theme=default; keepLogin=on; za=admin; zp=0537c5bc8c477d690858dc3b13d03cbc9de46966',
  'accept-language' => 'zh-CN,zh;q=0.9',
  'accept-encoding' => 'gzip, deflate, br',
  'accept' => 'image/webp,image/apng,image/*,*/*;q=0.8',
  'pragma' => 'no-cache',
  'connection' => 'keep-alive',
  'cache-control' => 'no-cache',
)
[ info ] [ PARAM ] array (
)
[ info ] [ LOG ] INIT File
---------------------------------------------------------------
[ 2018-05-29T14:28:21+08:00 ] 0.0.0.0 POST /member/getsms
[ info ] localhost:7037/member/getsms [运行时间：0.408353s][吞吐率：2.45req/s] [内存消耗：4,782.63kb] [文件加载：69]
[ info ] [ LANG ] D:\workLP\20180502\judeng\wwwroot\thinkphp\lang\zh-cn.php
[ info ] [ BIND ] 'home'
[ info ] [ ROUTE ] array (
  'type' => 'module',
  'module' => 
  array (
    0 => 'home',
    1 => 'member',
    2 => 'getsms',
  ),
)
[ info ] [ HEADER ] array (
  'content-type' => 'multipart/form-data; boundary=----WebKitFormBoundaryyrKymWwV3ZV20dE0',
  'content-length' => '431',
  'x-original-url' => '/member/getsms',
  'postman-token' => 'f515c4c1-892d-bf6f-72c4-b3015ee77ade',
  'origin' => 'chrome-extension://fhbjgbiflinjbdggehcddcbncdddomop',
  'user-agent' => 'Mozilla/5.0 (Windows NT 10.0; Win64; x64) AppleWebKit/537.36 (KHTML, like Gecko) Chrome/66.0.3359.139 Safari/537.36',
  'host' => 'localhost:7037',
  'cookie' => 'PHPSESSID=3c9a66d4a3662b1f40a7f44039b6ce17',
  'accept-language' => 'zh-CN,zh;q=0.9',
  'accept-encoding' => 'gzip, deflate, br',
  'accept' => '*/*',
  'connection' => 'keep-alive',
  'cache-control' => 'no-cache',
)
[ info ] [ PARAM ] array (
  'mobile' => '15021039435',
  'type' => '2',
  'only_token' => '2222222',
)
[ info ] [ RUN ] app\home\controller\Member->getsms[ D:\workLP\20180502\judeng\wwwroot\application\home\controller\Member.php ]
[ info ] [ DB ] INIT mysql
[ info ] [ LOG ] INIT File
[ sql ] [ DB ] CONNECT:[ UseTime:0.087969s ] mysql:host=39.105.19.169;port=3306;dbname=judeng;charset=utf8
[ sql ] [ SQL ] SHOW COLUMNS FROM `jd_doctor` [ RunTime:0.061823s ]
[ sql ] [ SQL ] SELECT COUNT(*) AS tp_count FROM `jd_doctor` WHERE  `mobile` = '15021039435' LIMIT 1 [ RunTime:0.058970s ]
[ error ] [2]Missing argument 1 for SmsDemo::sendSms(), called in D:\workLP\20180502\judeng\wwwroot\extend\Alisms\api_demo\SmsDemo.php on line 190 and defined[D:\workLP\20180502\judeng\wwwroot\extend\Alisms\api_demo\SmsDemo.php:70]
---------------------------------------------------------------
[ 2018-05-29T14:29:34+08:00 ] 0.0.0.0 POST /member/getsms
[ info ] localhost:7037/member/getsms [运行时间：0.589475s][吞吐率：1.70req/s] [内存消耗：4,818.88kb] [文件加载：75]
[ info ] [ LANG ] D:\workLP\20180502\judeng\wwwroot\thinkphp\lang\zh-cn.php
[ info ] [ BIND ] 'home'
[ info ] [ ROUTE ] array (
  'type' => 'module',
  'module' => 
  array (
    0 => 'home',
    1 => 'member',
    2 => 'getsms',
  ),
)
[ info ] [ HEADER ] array (
  'content-type' => 'multipart/form-data; boundary=----WebKitFormBoundaryGrrYCSRsbO4tA7DT',
  'content-length' => '431',
  'x-original-url' => '/member/getsms',
  'postman-token' => '32858ed2-a4f3-36c6-3505-ea151169d264',
  'origin' => 'chrome-extension://fhbjgbiflinjbdggehcddcbncdddomop',
  'user-agent' => 'Mozilla/5.0 (Windows NT 10.0; Win64; x64) AppleWebKit/537.36 (KHTML, like Gecko) Chrome/66.0.3359.139 Safari/537.36',
  'host' => 'localhost:7037',
  'cookie' => 'PHPSESSID=3c9a66d4a3662b1f40a7f44039b6ce17',
  'accept-language' => 'zh-CN,zh;q=0.9',
  'accept-encoding' => 'gzip, deflate, br',
  'accept' => '*/*',
  'connection' => 'keep-alive',
  'cache-control' => 'no-cache',
)
[ info ] [ PARAM ] array (
  'mobile' => '15021039435',
  'type' => '2',
  'only_token' => '2222222',
)
[ info ] [ RUN ] app\home\controller\Member->getsms[ D:\workLP\20180502\judeng\wwwroot\application\home\controller\Member.php ]
[ info ] [ DB ] INIT mysql
[ info ] [ LOG ] INIT File
[ sql ] [ DB ] CONNECT:[ UseTime:0.082911s ] mysql:host=39.105.19.169;port=3306;dbname=judeng;charset=utf8
[ sql ] [ SQL ] SHOW COLUMNS FROM `jd_doctor` [ RunTime:0.057730s ]
[ sql ] [ SQL ] SELECT COUNT(*) AS tp_count FROM `jd_doctor` WHERE  `mobile` = '15021039435' LIMIT 1 [ RunTime:0.056193s ]
---------------------------------------------------------------
[ 2018-05-29T14:30:56+08:00 ] 0.0.0.0 POST /member/getsms
[ info ] localhost:7037/member/getsms [运行时间：0.405257s][吞吐率：2.47req/s] [内存消耗：4,683.91kb] [文件加载：66]
[ info ] [ LANG ] D:\workLP\20180502\judeng\wwwroot\thinkphp\lang\zh-cn.php
[ info ] [ BIND ] 'home'
[ info ] [ ROUTE ] array (
  'type' => 'module',
  'module' => 
  array (
    0 => 'home',
    1 => 'member',
    2 => 'getsms',
  ),
)
[ info ] [ HEADER ] array (
  'content-type' => 'multipart/form-data; boundary=----WebKitFormBoundaryFZ5HqH5tAZB61YJ5',
  'content-length' => '431',
  'x-original-url' => '/member/getsms',
  'postman-token' => '78520334-feac-cc24-0cda-864691b6ca33',
  'origin' => 'chrome-extension://fhbjgbiflinjbdggehcddcbncdddomop',
  'user-agent' => 'Mozilla/5.0 (Windows NT 10.0; Win64; x64) AppleWebKit/537.36 (KHTML, like Gecko) Chrome/66.0.3359.139 Safari/537.36',
  'host' => 'localhost:7037',
  'cookie' => 'PHPSESSID=3c9a66d4a3662b1f40a7f44039b6ce17',
  'accept-language' => 'zh-CN,zh;q=0.9',
  'accept-encoding' => 'gzip, deflate, br',
  'accept' => '*/*',
  'connection' => 'keep-alive',
  'cache-control' => 'no-cache',
)
[ info ] [ PARAM ] array (
  'mobile' => '15021039435',
  'type' => '2',
  'only_token' => '2222222',
)
[ info ] [ RUN ] app\home\controller\Member->getsms[ D:\workLP\20180502\judeng\wwwroot\application\home\controller\Member.php ]
[ info ] [ DB ] INIT mysql
[ info ] [ LOG ] INIT File
[ sql ] [ DB ] CONNECT:[ UseTime:0.090910s ] mysql:host=39.105.19.169;port=3306;dbname=judeng;charset=utf8
[ sql ] [ SQL ] SHOW COLUMNS FROM `jd_doctor` [ RunTime:0.064504s ]
[ sql ] [ SQL ] SELECT COUNT(*) AS tp_count FROM `jd_doctor` WHERE  `mobile` = '15021039435' LIMIT 1 [ RunTime:0.059912s ]
---------------------------------------------------------------
[ 2018-05-29T14:31:08+08:00 ] 0.0.0.0 POST /member/getsms
[ info ] localhost:7037/member/getsms [运行时间：0.413618s][吞吐率：2.42req/s] [内存消耗：4,684.55kb] [文件加载：66]
[ info ] [ LANG ] D:\workLP\20180502\judeng\wwwroot\thinkphp\lang\zh-cn.php
[ info ] [ BIND ] 'home'
[ info ] [ ROUTE ] array (
  'type' => 'module',
  'module' => 
  array (
    0 => 'home',
    1 => 'member',
    2 => 'getsms',
  ),
)
[ info ] [ HEADER ] array (
  'content-type' => 'multipart/form-data; boundary=----WebKitFormBoundaryvoPAkoQlPa26BzSy',
  'content-length' => '431',
  'x-original-url' => '/member/getsms',
  'postman-token' => '7fc56763-5ec1-5861-b874-ae03b823d30e',
  'origin' => 'chrome-extension://fhbjgbiflinjbdggehcddcbncdddomop',
  'user-agent' => 'Mozilla/5.0 (Windows NT 10.0; Win64; x64) AppleWebKit/537.36 (KHTML, like Gecko) Chrome/66.0.3359.139 Safari/537.36',
  'host' => 'localhost:7037',
  'cookie' => 'PHPSESSID=3c9a66d4a3662b1f40a7f44039b6ce17',
  'accept-language' => 'zh-CN,zh;q=0.9',
  'accept-encoding' => 'gzip, deflate, br',
  'accept' => '*/*',
  'connection' => 'keep-alive',
  'cache-control' => 'no-cache',
)
[ info ] [ PARAM ] array (
  'mobile' => '15021039435',
  'type' => '2',
  'only_token' => '2222222',
)
[ info ] [ RUN ] app\home\controller\Member->getsms[ D:\workLP\20180502\judeng\wwwroot\application\home\controller\Member.php ]
[ info ] [ DB ] INIT mysql
[ info ] [ LOG ] INIT File
[ sql ] [ DB ] CONNECT:[ UseTime:0.089841s ] mysql:host=39.105.19.169;port=3306;dbname=judeng;charset=utf8
[ sql ] [ SQL ] SHOW COLUMNS FROM `jd_doctor` [ RunTime:0.065350s ]
[ sql ] [ SQL ] SELECT COUNT(*) AS tp_count FROM `jd_doctor` WHERE  `mobile` = '15021039435' LIMIT 1 [ RunTime:0.060652s ]
---------------------------------------------------------------
[ 2018-05-29T14:32:06+08:00 ] 0.0.0.0 POST /member/getsms
[ info ] localhost:7037/member/getsms [运行时间：0.453154s][吞吐率：2.21req/s] [内存消耗：4,683.18kb] [文件加载：66]
[ info ] [ LANG ] D:\workLP\20180502\judeng\wwwroot\thinkphp\lang\zh-cn.php
[ info ] [ BIND ] 'home'
[ info ] [ ROUTE ] array (
  'type' => 'module',
  'module' => 
  array (
    0 => 'home',
    1 => 'member',
    2 => 'getsms',
  ),
)
[ info ] [ HEADER ] array (
  'content-type' => 'multipart/form-data; boundary=----WebKitFormBoundaryWhBFL52bGSG29Jdi',
  'content-length' => '431',
  'x-original-url' => '/member/getsms',
  'postman-token' => '1c5199bf-5a16-e66d-edfd-8589f59e5f59',
  'origin' => 'chrome-extension://fhbjgbiflinjbdggehcddcbncdddomop',
  'user-agent' => 'Mozilla/5.0 (Windows NT 10.0; Win64; x64) AppleWebKit/537.36 (KHTML, like Gecko) Chrome/66.0.3359.139 Safari/537.36',
  'host' => 'localhost:7037',
  'cookie' => 'PHPSESSID=3c9a66d4a3662b1f40a7f44039b6ce17',
  'accept-language' => 'zh-CN,zh;q=0.9',
  'accept-encoding' => 'gzip, deflate, br',
  'accept' => '*/*',
  'connection' => 'keep-alive',
  'cache-control' => 'no-cache',
)
[ info ] [ PARAM ] array (
  'mobile' => '15021039435',
  'type' => '2',
  'only_token' => '2222222',
)
[ info ] [ RUN ] app\home\controller\Member->getsms[ D:\workLP\20180502\judeng\wwwroot\application\home\controller\Member.php ]
[ info ] [ DB ] INIT mysql
[ info ] [ LOG ] INIT File
[ sql ] [ DB ] CONNECT:[ UseTime:0.089085s ] mysql:host=39.105.19.169;port=3306;dbname=judeng;charset=utf8
[ sql ] [ SQL ] SHOW COLUMNS FROM `jd_doctor` [ RunTime:0.060033s ]
[ sql ] [ SQL ] SELECT COUNT(*) AS tp_count FROM `jd_doctor` WHERE  `mobile` = '15021039435' LIMIT 1 [ RunTime:0.059957s ]
---------------------------------------------------------------
[ 2018-05-29T14:32:19+08:00 ] 0.0.0.0 POST /member/getsms
[ info ] localhost:7037/member/getsms [运行时间：0.827158s][吞吐率：1.21req/s] [内存消耗：4,817.63kb] [文件加载：75]
[ info ] [ LANG ] D:\workLP\20180502\judeng\wwwroot\thinkphp\lang\zh-cn.php
[ info ] [ BIND ] 'home'
[ info ] [ ROUTE ] array (
  'type' => 'module',
  'module' => 
  array (
    0 => 'home',
    1 => 'member',
    2 => 'getsms',
  ),
)
[ info ] [ HEADER ] array (
  'content-type' => 'multipart/form-data; boundary=----WebKitFormBoundary4sNJOc1rPqguH3he',
  'content-length' => '431',
  'x-original-url' => '/member/getsms',
  'postman-token' => '2b06309d-61df-1f45-3d43-deae6ca88d27',
  'origin' => 'chrome-extension://fhbjgbiflinjbdggehcddcbncdddomop',
  'user-agent' => 'Mozilla/5.0 (Windows NT 10.0; Win64; x64) AppleWebKit/537.36 (KHTML, like Gecko) Chrome/66.0.3359.139 Safari/537.36',
  'host' => 'localhost:7037',
  'cookie' => 'PHPSESSID=3c9a66d4a3662b1f40a7f44039b6ce17',
  'accept-language' => 'zh-CN,zh;q=0.9',
  'accept-encoding' => 'gzip, deflate, br',
  'accept' => '*/*',
  'connection' => 'keep-alive',
  'cache-control' => 'no-cache',
)
[ info ] [ PARAM ] array (
  'mobile' => '15021039435',
  'type' => '2',
  'only_token' => '2222222',
)
[ info ] [ RUN ] app\home\controller\Member->getsms[ D:\workLP\20180502\judeng\wwwroot\application\home\controller\Member.php ]
[ info ] [ DB ] INIT mysql
[ info ] [ LOG ] INIT File
[ sql ] [ DB ] CONNECT:[ UseTime:0.086465s ] mysql:host=39.105.19.169;port=3306;dbname=judeng;charset=utf8
[ sql ] [ SQL ] SHOW COLUMNS FROM `jd_doctor` [ RunTime:0.060985s ]
[ sql ] [ SQL ] SELECT COUNT(*) AS tp_count FROM `jd_doctor` WHERE  `mobile` = '15021039435' LIMIT 1 [ RunTime:0.058861s ]
---------------------------------------------------------------
[ 2018-05-29T14:34:19+08:00 ] 0.0.0.0 POST /member/getsms
[ info ] localhost:7037/member/getsms [运行时间：0.550273s][吞吐率：1.82req/s] [内存消耗：4,911.43kb] [文件加载：78]
[ info ] [ LANG ] D:\workLP\20180502\judeng\wwwroot\thinkphp\lang\zh-cn.php
[ info ] [ BIND ] 'home'
[ info ] [ ROUTE ] array (
  'type' => 'module',
  'module' => 
  array (
    0 => 'home',
    1 => 'member',
    2 => 'getsms',
  ),
)
[ info ] [ HEADER ] array (
  'content-type' => 'multipart/form-data; boundary=----WebKitFormBoundarycRdhcKcNJjpy1ZAU',
  'content-length' => '431',
  'x-original-url' => '/member/getsms',
  'postman-token' => '4e5123cb-b0a0-90d1-5365-2415a60fd528',
  'origin' => 'chrome-extension://fhbjgbiflinjbdggehcddcbncdddomop',
  'user-agent' => 'Mozilla/5.0 (Windows NT 10.0; Win64; x64) AppleWebKit/537.36 (KHTML, like Gecko) Chrome/66.0.3359.139 Safari/537.36',
  'host' => 'localhost:7037',
  'cookie' => 'PHPSESSID=3c9a66d4a3662b1f40a7f44039b6ce17',
  'accept-language' => 'zh-CN,zh;q=0.9',
  'accept-encoding' => 'gzip, deflate, br',
  'accept' => '*/*',
  'connection' => 'keep-alive',
  'cache-control' => 'no-cache',
)
[ info ] [ PARAM ] array (
  'mobile' => '15021039435',
  'type' => '2',
  'only_token' => '2222222',
)
[ info ] [ RUN ] app\home\controller\Member->getsms[ D:\workLP\20180502\judeng\wwwroot\application\home\controller\Member.php ]
[ info ] [ DB ] INIT mysql
[ info ] [ LOG ] INIT File
[ sql ] [ DB ] CONNECT:[ UseTime:0.091369s ] mysql:host=39.105.19.169;port=3306;dbname=judeng;charset=utf8
[ sql ] [ SQL ] SHOW COLUMNS FROM `jd_doctor` [ RunTime:0.061702s ]
[ sql ] [ SQL ] SELECT COUNT(*) AS tp_count FROM `jd_doctor` WHERE  `mobile` = '15021039435' LIMIT 1 [ RunTime:0.059910s ]
[ sql ] [ SQL ] SELECT COUNT(*) AS tp_count FROM `jd_doctor` WHERE  `only_token` = '2222222'  AND `is_status` = 0 LIMIT 1 [ RunTime:0.060218s ]
[ error ] [8]Undefined property: stdClass::$code[D:\workLP\20180502\judeng\wwwroot\application\common.php:203]
---------------------------------------------------------------
[ 2018-05-29T14:34:35+08:00 ] 0.0.0.0 POST /member/getsms
[ info ] localhost:7037/member/getsms [运行时间：0.568441s][吞吐率：1.76req/s] [内存消耗：4,817.96kb] [文件加载：75]
[ info ] [ LANG ] D:\workLP\20180502\judeng\wwwroot\thinkphp\lang\zh-cn.php
[ info ] [ BIND ] 'home'
[ info ] [ ROUTE ] array (
  'type' => 'module',
  'module' => 
  array (
    0 => 'home',
    1 => 'member',
    2 => 'getsms',
  ),
)
[ info ] [ HEADER ] array (
  'content-type' => 'multipart/form-data; boundary=----WebKitFormBoundarygafEiMizeQay1xIZ',
  'content-length' => '431',
  'x-original-url' => '/member/getsms',
  'postman-token' => '1bcab7e4-fa6a-d8db-1112-8e0874b51702',
  'origin' => 'chrome-extension://fhbjgbiflinjbdggehcddcbncdddomop',
  'user-agent' => 'Mozilla/5.0 (Windows NT 10.0; Win64; x64) AppleWebKit/537.36 (KHTML, like Gecko) Chrome/66.0.3359.139 Safari/537.36',
  'host' => 'localhost:7037',
  'cookie' => 'PHPSESSID=3c9a66d4a3662b1f40a7f44039b6ce17',
  'accept-language' => 'zh-CN,zh;q=0.9',
  'accept-encoding' => 'gzip, deflate, br',
  'accept' => '*/*',
  'connection' => 'keep-alive',
  'cache-control' => 'no-cache',
)
[ info ] [ PARAM ] array (
  'mobile' => '15021039435',
  'type' => '2',
  'only_token' => '2222222',
)
[ info ] [ RUN ] app\home\controller\Member->getsms[ D:\workLP\20180502\judeng\wwwroot\application\home\controller\Member.php ]
[ info ] [ DB ] INIT mysql
[ info ] [ LOG ] INIT File
[ sql ] [ DB ] CONNECT:[ UseTime:0.092624s ] mysql:host=39.105.19.169;port=3306;dbname=judeng;charset=utf8
[ sql ] [ SQL ] SHOW COLUMNS FROM `jd_doctor` [ RunTime:0.062481s ]
[ sql ] [ SQL ] SELECT COUNT(*) AS tp_count FROM `jd_doctor` WHERE  `mobile` = '15021039435' LIMIT 1 [ RunTime:0.061942s ]
---------------------------------------------------------------
[ 2018-05-29T14:34:56+08:00 ] 0.0.0.0 POST /member/getsms
[ info ] localhost:7037/member/getsms [运行时间：0.536093s][吞吐率：1.87req/s] [内存消耗：4,820.54kb] [文件加载：75]
[ info ] [ LANG ] D:\workLP\20180502\judeng\wwwroot\thinkphp\lang\zh-cn.php
[ info ] [ BIND ] 'home'
[ info ] [ ROUTE ] array (
  'type' => 'module',
  'module' => 
  array (
    0 => 'home',
    1 => 'member',
    2 => 'getsms',
  ),
)
[ info ] [ HEADER ] array (
  'content-type' => 'multipart/form-data; boundary=----WebKitFormBoundarytAkiVZcYA5REjVIk',
  'content-length' => '431',
  'x-original-url' => '/member/getsms',
  'postman-token' => '60bf71d8-58df-8cb6-a716-167e06b3d509',
  'origin' => 'chrome-extension://fhbjgbiflinjbdggehcddcbncdddomop',
  'user-agent' => 'Mozilla/5.0 (Windows NT 10.0; Win64; x64) AppleWebKit/537.36 (KHTML, like Gecko) Chrome/66.0.3359.139 Safari/537.36',
  'host' => 'localhost:7037',
  'cookie' => 'PHPSESSID=3c9a66d4a3662b1f40a7f44039b6ce17',
  'accept-language' => 'zh-CN,zh;q=0.9',
  'accept-encoding' => 'gzip, deflate, br',
  'accept' => '*/*',
  'connection' => 'keep-alive',
  'cache-control' => 'no-cache',
)
[ info ] [ PARAM ] array (
  'mobile' => '15021039435',
  'type' => '2',
  'only_token' => '2222222',
)
[ info ] [ RUN ] app\home\controller\Member->getsms[ D:\workLP\20180502\judeng\wwwroot\application\home\controller\Member.php ]
[ info ] [ DB ] INIT mysql
[ info ] [ LOG ] INIT File
[ sql ] [ DB ] CONNECT:[ UseTime:0.084069s ] mysql:host=39.105.19.169;port=3306;dbname=judeng;charset=utf8
[ sql ] [ SQL ] SHOW COLUMNS FROM `jd_doctor` [ RunTime:0.059869s ]
[ sql ] [ SQL ] SELECT COUNT(*) AS tp_count FROM `jd_doctor` WHERE  `mobile` = '15021039435' LIMIT 1 [ RunTime:0.057307s ]
[ sql ] [ SQL ] SELECT COUNT(*) AS tp_count FROM `jd_doctor` WHERE  `only_token` = '2222222'  AND `is_status` = 0 LIMIT 1 [ RunTime:0.056808s ]
---------------------------------------------------------------
[ 2018-05-29T14:35:13+08:00 ] 0.0.0.0 POST /member/getsms
[ info ] localhost:7037/member/getsms [运行时间：0.500832s][吞吐率：2.00req/s] [内存消耗：4,817.82kb] [文件加载：75]
[ info ] [ LANG ] D:\workLP\20180502\judeng\wwwroot\thinkphp\lang\zh-cn.php
[ info ] [ BIND ] 'home'
[ info ] [ ROUTE ] array (
  'type' => 'module',
  'module' => 
  array (
    0 => 'home',
    1 => 'member',
    2 => 'getsms',
  ),
)
[ info ] [ HEADER ] array (
  'content-type' => 'multipart/form-data; boundary=----WebKitFormBoundaryYIXcsIW6VlBLbyZP',
  'content-length' => '431',
  'x-original-url' => '/member/getsms',
  'postman-token' => 'c5c129f1-4e69-e1e3-1b91-40f255f4ecc1',
  'origin' => 'chrome-extension://fhbjgbiflinjbdggehcddcbncdddomop',
  'user-agent' => 'Mozilla/5.0 (Windows NT 10.0; Win64; x64) AppleWebKit/537.36 (KHTML, like Gecko) Chrome/66.0.3359.139 Safari/537.36',
  'host' => 'localhost:7037',
  'cookie' => 'PHPSESSID=3c9a66d4a3662b1f40a7f44039b6ce17',
  'accept-language' => 'zh-CN,zh;q=0.9',
  'accept-encoding' => 'gzip, deflate, br',
  'accept' => '*/*',
  'connection' => 'keep-alive',
  'cache-control' => 'no-cache',
)
[ info ] [ PARAM ] array (
  'mobile' => '15021039435',
  'type' => '2',
  'only_token' => '2222222',
)
[ info ] [ RUN ] app\home\controller\Member->getsms[ D:\workLP\20180502\judeng\wwwroot\application\home\controller\Member.php ]
[ info ] [ DB ] INIT mysql
[ info ] [ LOG ] INIT File
[ sql ] [ DB ] CONNECT:[ UseTime:0.090488s ] mysql:host=39.105.19.169;port=3306;dbname=judeng;charset=utf8
[ sql ] [ SQL ] SHOW COLUMNS FROM `jd_doctor` [ RunTime:0.062662s ]
[ sql ] [ SQL ] SELECT COUNT(*) AS tp_count FROM `jd_doctor` WHERE  `mobile` = '15021039435' LIMIT 1 [ RunTime:0.060575s ]
---------------------------------------------------------------
[ 2018-05-29T14:36:38+08:00 ] 0.0.0.0 POST /member/getsms
[ info ] localhost:7037/member/getsms [运行时间：0.831996s][吞吐率：1.20req/s] [内存消耗：4,909.02kb] [文件加载：78]
[ info ] [ LANG ] D:\workLP\20180502\judeng\wwwroot\thinkphp\lang\zh-cn.php
[ info ] [ BIND ] 'home'
[ info ] [ ROUTE ] array (
  'type' => 'module',
  'module' => 
  array (
    0 => 'home',
    1 => 'member',
    2 => 'getsms',
  ),
)
[ info ] [ HEADER ] array (
  'content-type' => 'multipart/form-data; boundary=----WebKitFormBoundarycmQzkPBG6g1prF3d',
  'content-length' => '431',
  'x-original-url' => '/member/getsms',
  'postman-token' => 'e6214c9d-5ab3-21dd-9b8f-15037e99f655',
  'origin' => 'chrome-extension://fhbjgbiflinjbdggehcddcbncdddomop',
  'user-agent' => 'Mozilla/5.0 (Windows NT 10.0; Win64; x64) AppleWebKit/537.36 (KHTML, like Gecko) Chrome/66.0.3359.139 Safari/537.36',
  'host' => 'localhost:7037',
  'cookie' => 'PHPSESSID=3c9a66d4a3662b1f40a7f44039b6ce17',
  'accept-language' => 'zh-CN,zh;q=0.9',
  'accept-encoding' => 'gzip, deflate, br',
  'accept' => '*/*',
  'connection' => 'keep-alive',
  'cache-control' => 'no-cache',
)
[ info ] [ PARAM ] array (
  'mobile' => '13310028293',
  'type' => '2',
  'only_token' => '2222222',
)
[ info ] [ RUN ] app\home\controller\Member->getsms[ D:\workLP\20180502\judeng\wwwroot\application\home\controller\Member.php ]
[ info ] [ DB ] INIT mysql
[ info ] [ LOG ] INIT File
[ error ] [8]未定义数组索引: tokencode[D:\workLP\20180502\judeng\wwwroot\application\home\controller\Member.php:616]
[ sql ] [ DB ] CONNECT:[ UseTime:0.092166s ] mysql:host=39.105.19.169;port=3306;dbname=judeng;charset=utf8
[ sql ] [ SQL ] SHOW COLUMNS FROM `jd_doctor` [ RunTime:0.064545s ]
[ sql ] [ SQL ] SELECT COUNT(*) AS tp_count FROM `jd_doctor` WHERE  `mobile` = '13310028293' LIMIT 1 [ RunTime:0.061776s ]
---------------------------------------------------------------
[ 2018-05-29T14:36:58+08:00 ] 0.0.0.0 POST /member/getsms
[ info ] localhost:7037/member/getsms [运行时间：0.506074s][吞吐率：1.98req/s] [内存消耗：4,908.80kb] [文件加载：78]
[ info ] [ LANG ] D:\workLP\20180502\judeng\wwwroot\thinkphp\lang\zh-cn.php
[ info ] [ BIND ] 'home'
[ info ] [ ROUTE ] array (
  'type' => 'module',
  'module' => 
  array (
    0 => 'home',
    1 => 'member',
    2 => 'getsms',
  ),
)
[ info ] [ HEADER ] array (
  'content-type' => 'multipart/form-data; boundary=----WebKitFormBoundary9YE9IzKCksZVOlss',
  'content-length' => '431',
  'x-original-url' => '/member/getsms',
  'postman-token' => 'ee6a7dc8-8fe9-a6e3-9502-86a1a73a5d48',
  'origin' => 'chrome-extension://fhbjgbiflinjbdggehcddcbncdddomop',
  'user-agent' => 'Mozilla/5.0 (Windows NT 10.0; Win64; x64) AppleWebKit/537.36 (KHTML, like Gecko) Chrome/66.0.3359.139 Safari/537.36',
  'host' => 'localhost:7037',
  'cookie' => 'PHPSESSID=42a92a780e8899ff0567fb21151b2080',
  'accept-language' => 'zh-CN,zh;q=0.9',
  'accept-encoding' => 'gzip, deflate, br',
  'accept' => '*/*',
  'connection' => 'keep-alive',
  'cache-control' => 'no-cache',
)
[ info ] [ PARAM ] array (
  'mobile' => '13310028293',
  'type' => '2',
  'only_token' => '2222222',
)
[ info ] [ RUN ] app\home\controller\Member->getsms[ D:\workLP\20180502\judeng\wwwroot\application\home\controller\Member.php ]
[ info ] [ DB ] INIT mysql
[ info ] [ LOG ] INIT File
[ error ] [8]未定义数组索引: tokencode[D:\workLP\20180502\judeng\wwwroot\application\home\controller\Member.php:616]
[ sql ] [ DB ] CONNECT:[ UseTime:0.091909s ] mysql:host=39.105.19.169;port=3306;dbname=judeng;charset=utf8
[ sql ] [ SQL ] SHOW COLUMNS FROM `jd_doctor` [ RunTime:0.063812s ]
[ sql ] [ SQL ] SELECT COUNT(*) AS tp_count FROM `jd_doctor` WHERE  `mobile` = '13310028293' LIMIT 1 [ RunTime:0.062306s ]
---------------------------------------------------------------
[ 2018-05-29T14:37:16+08:00 ] 0.0.0.0 POST /member/getsms
[ info ] localhost:7037/member/getsms [运行时间：0.415513s][吞吐率：2.41req/s] [内存消耗：3,763.70kb] [文件加载：54]
[ info ] [ LANG ] D:\workLP\20180502\judeng\wwwroot\thinkphp\lang\zh-cn.php
[ info ] [ BIND ] 'home'
[ info ] [ ROUTE ] array (
  'type' => 'module',
  'module' => 
  array (
    0 => 'home',
    1 => 'member',
    2 => 'getsms',
  ),
)
[ info ] [ HEADER ] array (
  'content-type' => 'multipart/form-data; boundary=----WebKitFormBoundaryWqZWf9rHe4aoahUG',
  'content-length' => '431',
  'x-original-url' => '/member/getsms',
  'postman-token' => 'f39ce2c9-e8da-df17-11ac-388c84386001',
  'origin' => 'chrome-extension://fhbjgbiflinjbdggehcddcbncdddomop',
  'user-agent' => 'Mozilla/5.0 (Windows NT 10.0; Win64; x64) AppleWebKit/537.36 (KHTML, like Gecko) Chrome/66.0.3359.139 Safari/537.36',
  'host' => 'localhost:7037',
  'cookie' => 'PHPSESSID=42a92a780e8899ff0567fb21151b2080',
  'accept-language' => 'zh-CN,zh;q=0.9',
  'accept-encoding' => 'gzip, deflate, br',
  'accept' => '*/*',
  'connection' => 'keep-alive',
  'cache-control' => 'no-cache',
)
[ info ] [ PARAM ] array (
  'mobile' => '13310028292',
  'type' => '2',
  'only_token' => '2222222',
)
[ info ] [ RUN ] app\home\controller\Member->getsms[ D:\workLP\20180502\judeng\wwwroot\application\home\controller\Member.php ]
[ info ] [ DB ] INIT mysql
[ info ] [ LOG ] INIT File
[ error ] [8]未定义数组索引: tokencode[D:\workLP\20180502\judeng\wwwroot\application\home\controller\Member.php:616]
[ sql ] [ DB ] CONNECT:[ UseTime:0.089784s ] mysql:host=39.105.19.169;port=3306;dbname=judeng;charset=utf8
[ sql ] [ SQL ] SHOW COLUMNS FROM `jd_doctor` [ RunTime:0.061562s ]
[ sql ] [ SQL ] SELECT COUNT(*) AS tp_count FROM `jd_doctor` WHERE  `mobile` = '13310028292' LIMIT 1 [ RunTime:0.060424s ]
[ sql ] [ SQL ] SELECT COUNT(*) AS tp_count FROM `jd_doctor` WHERE  `only_token` = '2222222'  AND `is_status` = 0 LIMIT 1 [ RunTime:0.058789s ]
---------------------------------------------------------------
[ 2018-05-29T14:37:25+08:00 ] 0.0.0.0 POST /member/getsms
[ info ] localhost:7037/member/getsms [运行时间：0.562119s][吞吐率：1.78req/s] [内存消耗：4,908.95kb] [文件加载：78]
[ info ] [ LANG ] D:\workLP\20180502\judeng\wwwroot\thinkphp\lang\zh-cn.php
[ info ] [ BIND ] 'home'
[ info ] [ ROUTE ] array (
  'type' => 'module',
  'module' => 
  array (
    0 => 'home',
    1 => 'member',
    2 => 'getsms',
  ),
)
[ info ] [ HEADER ] array (
  'content-type' => 'multipart/form-data; boundary=----WebKitFormBoundarywuTAXb6zEVqSOqow',
  'content-length' => '431',
  'x-original-url' => '/member/getsms',
  'postman-token' => '698eb12f-174b-c52d-35d3-68085d5cc913',
  'origin' => 'chrome-extension://fhbjgbiflinjbdggehcddcbncdddomop',
  'user-agent' => 'Mozilla/5.0 (Windows NT 10.0; Win64; x64) AppleWebKit/537.36 (KHTML, like Gecko) Chrome/66.0.3359.139 Safari/537.36',
  'host' => 'localhost:7037',
  'cookie' => 'PHPSESSID=893b50b00ddd72fd46c69e55ee080a12',
  'accept-language' => 'zh-CN,zh;q=0.9',
  'accept-encoding' => 'gzip, deflate, br',
  'accept' => '*/*',
  'connection' => 'keep-alive',
  'cache-control' => 'no-cache',
)
[ info ] [ PARAM ] array (
  'mobile' => '13310028292',
  'type' => '1',
  'only_token' => '2222222',
)
[ info ] [ RUN ] app\home\controller\Member->getsms[ D:\workLP\20180502\judeng\wwwroot\application\home\controller\Member.php ]
[ info ] [ DB ] INIT mysql
[ info ] [ LOG ] INIT File
[ error ] [8]未定义数组索引: tokencode[D:\workLP\20180502\judeng\wwwroot\application\home\controller\Member.php:616]
[ sql ] [ DB ] CONNECT:[ UseTime:0.091878s ] mysql:host=39.105.19.169;port=3306;dbname=judeng;charset=utf8
[ sql ] [ SQL ] SHOW COLUMNS FROM `jd_doctor` [ RunTime:0.060623s ]
[ sql ] [ SQL ] SELECT COUNT(*) AS tp_count FROM `jd_doctor` WHERE  `mobile` = '13310028292' LIMIT 1 [ RunTime:0.059628s ]
---------------------------------------------------------------
[ 2018-05-29T14:38:10+08:00 ] 0.0.0.0 POST /member/getsms
[ info ] localhost:7037/member/getsms [运行时间：0.428639s][吞吐率：2.33req/s] [内存消耗：3,763.44kb] [文件加载：54]
[ info ] [ LANG ] D:\workLP\20180502\judeng\wwwroot\thinkphp\lang\zh-cn.php
[ info ] [ BIND ] 'home'
[ info ] [ ROUTE ] array (
  'type' => 'module',
  'module' => 
  array (
    0 => 'home',
    1 => 'member',
    2 => 'getsms',
  ),
)
[ info ] [ HEADER ] array (
  'content-type' => 'multipart/form-data; boundary=----WebKitFormBoundaryidUxqPGwLsvJOw4c',
  'content-length' => '431',
  'x-original-url' => '/member/getsms',
  'postman-token' => 'a6cf21ad-f7db-2963-3925-bf4896f78f78',
  'origin' => 'chrome-extension://fhbjgbiflinjbdggehcddcbncdddomop',
  'user-agent' => 'Mozilla/5.0 (Windows NT 10.0; Win64; x64) AppleWebKit/537.36 (KHTML, like Gecko) Chrome/66.0.3359.139 Safari/537.36',
  'host' => 'localhost:7037',
  'cookie' => 'PHPSESSID=893b50b00ddd72fd46c69e55ee080a12',
  'accept-language' => 'zh-CN,zh;q=0.9',
  'accept-encoding' => 'gzip, deflate, br',
  'accept' => '*/*',
  'connection' => 'keep-alive',
  'cache-control' => 'no-cache',
)
[ info ] [ PARAM ] array (
  'mobile' => '17316392477',
  'type' => '1',
  'only_token' => '2222222',
)
[ info ] [ RUN ] app\home\controller\Member->getsms[ D:\workLP\20180502\judeng\wwwroot\application\home\controller\Member.php ]
[ info ] [ DB ] INIT mysql
[ info ] [ LOG ] INIT File
[ error ] [8]未定义数组索引: tokencode[D:\workLP\20180502\judeng\wwwroot\application\home\controller\Member.php:616]
[ sql ] [ DB ] CONNECT:[ UseTime:0.087453s ] mysql:host=39.105.19.169;port=3306;dbname=judeng;charset=utf8
[ sql ] [ SQL ] SHOW COLUMNS FROM `jd_doctor` [ RunTime:0.060751s ]
[ sql ] [ SQL ] SELECT COUNT(*) AS tp_count FROM `jd_doctor` WHERE  `mobile` = '17316392477' LIMIT 1 [ RunTime:0.060137s ]
[ sql ] [ SQL ] SELECT COUNT(*) AS tp_count FROM `jd_doctor` WHERE  `only_token` = '2222222'  AND `is_status` = 0 LIMIT 1 [ RunTime:0.058906s ]
---------------------------------------------------------------
[ 2018-05-29T14:38:19+08:00 ] 0.0.0.0 POST /member/getsms
[ info ] localhost:7037/member/getsms [运行时间：0.601461s][吞吐率：1.66req/s] [内存消耗：4,912.38kb] [文件加载：78]
[ info ] [ LANG ] D:\workLP\20180502\judeng\wwwroot\thinkphp\lang\zh-cn.php
[ info ] [ BIND ] 'home'
[ info ] [ ROUTE ] array (
  'type' => 'module',
  'module' => 
  array (
    0 => 'home',
    1 => 'member',
    2 => 'getsms',
  ),
)
[ info ] [ HEADER ] array (
  'content-type' => 'multipart/form-data; boundary=----WebKitFormBoundaryEB2jML1hRoQrsXh2',
  'content-length' => '431',
  'x-original-url' => '/member/getsms',
  'postman-token' => 'ad6f7006-90e6-6fec-0c27-48d416dd48e0',
  'origin' => 'chrome-extension://fhbjgbiflinjbdggehcddcbncdddomop',
  'user-agent' => 'Mozilla/5.0 (Windows NT 10.0; Win64; x64) AppleWebKit/537.36 (KHTML, like Gecko) Chrome/66.0.3359.139 Safari/537.36',
  'host' => 'localhost:7037',
  'cookie' => 'PHPSESSID=a66391bceadc198a0be8c44528cf0646',
  'accept-language' => 'zh-CN,zh;q=0.9',
  'accept-encoding' => 'gzip, deflate, br',
  'accept' => '*/*',
  'connection' => 'keep-alive',
  'cache-control' => 'no-cache',
)
[ info ] [ PARAM ] array (
  'mobile' => '17316392477',
  'type' => '2',
  'only_token' => '2222222',
)
[ info ] [ RUN ] app\home\controller\Member->getsms[ D:\workLP\20180502\judeng\wwwroot\application\home\controller\Member.php ]
[ info ] [ DB ] INIT mysql
[ info ] [ LOG ] INIT File
[ error ] [8]未定义数组索引: tokencode[D:\workLP\20180502\judeng\wwwroot\application\home\controller\Member.php:616]
[ sql ] [ DB ] CONNECT:[ UseTime:0.086381s ] mysql:host=39.105.19.169;port=3306;dbname=judeng;charset=utf8
[ sql ] [ SQL ] SHOW COLUMNS FROM `jd_doctor` [ RunTime:0.059856s ]
[ sql ] [ SQL ] SELECT COUNT(*) AS tp_count FROM `jd_doctor` WHERE  `mobile` = '17316392477' LIMIT 1 [ RunTime:0.057165s ]
[ sql ] [ SQL ] SELECT COUNT(*) AS tp_count FROM `jd_doctor` WHERE  `only_token` = '2222222'  AND `is_status` = 0 LIMIT 1 [ RunTime:0.059122s ]
---------------------------------------------------------------
[ 2018-05-29T14:49:52+08:00 ] 0.0.0.0 POST /member/getsms
[ info ] localhost:7037/member/getsms [运行时间：0.408830s][吞吐率：2.45req/s] [内存消耗：3,645.12kb] [文件加载：68]
[ info ] [ LANG ] D:\workLP\20180502\judeng\wwwroot\thinkphp\lang\zh-cn.php
[ info ] [ BIND ] 'home'
[ info ] [ ROUTE ] array (
  'type' => 'module',
  'module' => 
  array (
    0 => 'home',
    1 => 'member',
    2 => 'getsms',
  ),
)
[ info ] [ HEADER ] array (
  'content-type' => 'multipart/form-data; boundary=----WebKitFormBoundaryQVAJENA2jD5dOp8Q',
  'content-length' => '431',
  'x-original-url' => '/member/getsms',
  'postman-token' => '7ee78b68-00a9-e511-2809-4d87bae35c2e',
  'origin' => 'chrome-extension://fhbjgbiflinjbdggehcddcbncdddomop',
  'user-agent' => 'Mozilla/5.0 (Windows NT 10.0; Win64; x64) AppleWebKit/537.36 (KHTML, like Gecko) Chrome/66.0.3359.139 Safari/537.36',
  'host' => 'localhost:7037',
  'cookie' => 'PHPSESSID=a66391bceadc198a0be8c44528cf0646',
  'accept-language' => 'zh-CN,zh;q=0.9',
  'accept-encoding' => 'gzip, deflate, br',
  'accept' => '*/*',
  'connection' => 'keep-alive',
  'cache-control' => 'no-cache',
)
[ info ] [ PARAM ] array (
  'mobile' => '17316392477',
  'type' => '2',
  'only_token' => '2222222',
)
[ info ] [ RUN ] app\home\controller\Member->getsms[ D:\workLP\20180502\judeng\wwwroot\application\home\controller\Member.php ]
[ info ] [ LOG ] INIT File
---------------------------------------------------------------
[ 2018-05-29T14:50:14+08:00 ] 0.0.0.0 POST /member/getsms
[ info ] localhost:7037/member/getsms [运行时间：0.316665s][吞吐率：3.16req/s] [内存消耗：3,648.34kb] [文件加载：68]
[ info ] [ LANG ] D:\workLP\20180502\judeng\wwwroot\thinkphp\lang\zh-cn.php
[ info ] [ BIND ] 'home'
[ info ] [ ROUTE ] array (
  'type' => 'module',
  'module' => 
  array (
    0 => 'home',
    1 => 'member',
    2 => 'getsms',
  ),
)
[ info ] [ HEADER ] array (
  'content-type' => 'multipart/form-data; boundary=----WebKitFormBoundaryM5YW5a9oXeQDP2jK',
  'content-length' => '431',
  'x-original-url' => '/member/getsms',
  'postman-token' => 'fd2c7caf-ed1b-2ff6-8df5-970aff31bd10',
  'origin' => 'chrome-extension://fhbjgbiflinjbdggehcddcbncdddomop',
  'user-agent' => 'Mozilla/5.0 (Windows NT 10.0; Win64; x64) AppleWebKit/537.36 (KHTML, like Gecko) Chrome/66.0.3359.139 Safari/537.36',
  'host' => 'localhost:7037',
  'cookie' => 'PHPSESSID=a66391bceadc198a0be8c44528cf0646',
  'accept-language' => 'zh-CN,zh;q=0.9',
  'accept-encoding' => 'gzip, deflate, br',
  'accept' => '*/*',
  'connection' => 'keep-alive',
  'cache-control' => 'no-cache',
)
[ info ] [ PARAM ] array (
  'mobile' => '17316392477',
  'type' => '2',
  'only_token' => '2222222',
)
[ info ] [ RUN ] app\home\controller\Member->getsms[ D:\workLP\20180502\judeng\wwwroot\application\home\controller\Member.php ]
[ info ] [ LOG ] INIT File
---------------------------------------------------------------
[ 2018-05-29T14:51:43+08:00 ] 0.0.0.0 POST /member/getsms
[ info ] localhost:7037/member/getsms [运行时间：0.248665s][吞吐率：4.02req/s] [内存消耗：3,648.56kb] [文件加载：68]
[ info ] [ LANG ] D:\workLP\20180502\judeng\wwwroot\thinkphp\lang\zh-cn.php
[ info ] [ BIND ] 'home'
[ info ] [ ROUTE ] array (
  'type' => 'module',
  'module' => 
  array (
    0 => 'home',
    1 => 'member',
    2 => 'getsms',
  ),
)
[ info ] [ HEADER ] array (
  'content-type' => 'multipart/form-data; boundary=----WebKitFormBoundaryk9g3Gy29DzBd1aXp',
  'content-length' => '431',
  'x-original-url' => '/member/getsms',
  'postman-token' => '37a624a6-1325-32e6-96f8-59fb85d2a433',
  'origin' => 'chrome-extension://fhbjgbiflinjbdggehcddcbncdddomop',
  'user-agent' => 'Mozilla/5.0 (Windows NT 10.0; Win64; x64) AppleWebKit/537.36 (KHTML, like Gecko) Chrome/66.0.3359.139 Safari/537.36',
  'host' => 'localhost:7037',
  'cookie' => 'PHPSESSID=a66391bceadc198a0be8c44528cf0646',
  'accept-language' => 'zh-CN,zh;q=0.9',
  'accept-encoding' => 'gzip, deflate, br',
  'accept' => '*/*',
  'connection' => 'keep-alive',
  'cache-control' => 'no-cache',
)
[ info ] [ PARAM ] array (
  'mobile' => '17316392477',
  'type' => '2',
  'only_token' => '2222222',
)
[ info ] [ RUN ] app\home\controller\Member->getsms[ D:\workLP\20180502\judeng\wwwroot\application\home\controller\Member.php ]
[ info ] [ LOG ] INIT File
---------------------------------------------------------------
[ 2018-05-29T14:54:52+08:00 ] 0.0.0.0 POST /member/getsms
[ info ] localhost:7037/member/getsms [运行时间：0.205420s][吞吐率：4.87req/s] [内存消耗：3,514.52kb] [文件加载：59]
[ info ] [ LANG ] D:\workLP\20180502\judeng\wwwroot\thinkphp\lang\zh-cn.php
[ info ] [ BIND ] 'home'
[ info ] [ ROUTE ] array (
  'type' => 'module',
  'module' => 
  array (
    0 => 'home',
    1 => 'member',
    2 => 'getsms',
  ),
)
[ info ] [ HEADER ] array (
  'content-type' => 'multipart/form-data; boundary=----WebKitFormBoundary9hSVKMztU38eERx5',
  'content-length' => '431',
  'x-original-url' => '/member/getsms',
  'postman-token' => 'f67f9eb0-d2e5-c76c-8fbf-63903cc96f00',
  'origin' => 'chrome-extension://fhbjgbiflinjbdggehcddcbncdddomop',
  'user-agent' => 'Mozilla/5.0 (Windows NT 10.0; Win64; x64) AppleWebKit/537.36 (KHTML, like Gecko) Chrome/66.0.3359.139 Safari/537.36',
  'host' => 'localhost:7037',
  'cookie' => 'PHPSESSID=a66391bceadc198a0be8c44528cf0646',
  'accept-language' => 'zh-CN,zh;q=0.9',
  'accept-encoding' => 'gzip, deflate, br',
  'accept' => '*/*',
  'connection' => 'keep-alive',
  'cache-control' => 'no-cache',
)
[ info ] [ PARAM ] array (
  'mobile' => '17316392477',
  'type' => '2',
  'only_token' => '2222222',
)
[ info ] [ RUN ] app\home\controller\Member->getsms[ D:\workLP\20180502\judeng\wwwroot\application\home\controller\Member.php ]
[ info ] [ LOG ] INIT File
---------------------------------------------------------------
[ 2018-05-29T14:55:09+08:00 ] 0.0.0.0 POST /member/getsms
[ info ] localhost:7037/member/getsms [运行时间：0.444340s][吞吐率：2.25req/s] [内存消耗：3,649.57kb] [文件加载：68]
[ info ] [ LANG ] D:\workLP\20180502\judeng\wwwroot\thinkphp\lang\zh-cn.php
[ info ] [ BIND ] 'home'
[ info ] [ ROUTE ] array (
  'type' => 'module',
  'module' => 
  array (
    0 => 'home',
    1 => 'member',
    2 => 'getsms',
  ),
)
[ info ] [ HEADER ] array (
  'content-type' => 'multipart/form-data; boundary=----WebKitFormBoundaryvTrF24Mzp1D40Hr8',
  'content-length' => '431',
  'x-original-url' => '/member/getsms',
  'postman-token' => '4db1cfdd-3815-3c8c-a88f-520a20eaace4',
  'origin' => 'chrome-extension://fhbjgbiflinjbdggehcddcbncdddomop',
  'user-agent' => 'Mozilla/5.0 (Windows NT 10.0; Win64; x64) AppleWebKit/537.36 (KHTML, like Gecko) Chrome/66.0.3359.139 Safari/537.36',
  'host' => 'localhost:7037',
  'cookie' => 'PHPSESSID=a66391bceadc198a0be8c44528cf0646',
  'accept-language' => 'zh-CN,zh;q=0.9',
  'accept-encoding' => 'gzip, deflate, br',
  'accept' => '*/*',
  'connection' => 'keep-alive',
  'cache-control' => 'no-cache',
)
[ info ] [ PARAM ] array (
  'mobile' => '17316392477',
  'type' => '2',
  'only_token' => '2222222',
)
[ info ] [ RUN ] app\home\controller\Member->getsms[ D:\workLP\20180502\judeng\wwwroot\application\home\controller\Member.php ]
[ info ] [ LOG ] INIT File
---------------------------------------------------------------
[ 2018-05-29T20:35:43+08:00 ] 0.0.0.0 POST /sale/selfGoodsList
[ info ] localhost:7037/sale/selfGoodsList [运行时间：0.304773s][吞吐率：3.28req/s] [内存消耗：3,659.81kb] [文件加载：54]
[ info ] [ LANG ] D:\workLP\20180502\judeng\wwwroot\thinkphp\lang\zh-cn.php
[ info ] [ BIND ] 'home'
[ info ] [ ROUTE ] array (
  'type' => 'module',
  'module' => 
  array (
    0 => 'home',
    1 => 'sale',
    2 => 'selfGoodsList',
  ),
)
[ info ] [ HEADER ] array (
  'content-type' => 'multipart/form-data; boundary=----WebKitFormBoundarycwLymLWaculBLKLA',
  'content-length' => '141',
  'x-original-url' => '/sale/selfGoodsList',
  'postman-token' => '4fc65437-9828-e0f6-3d8b-bf073c6b5649',
  'origin' => 'chrome-extension://fhbjgbiflinjbdggehcddcbncdddomop',
  'user-agent' => 'Mozilla/5.0 (Windows NT 10.0; Win64; x64) AppleWebKit/537.36 (KHTML, like Gecko) Chrome/66.0.3359.139 Safari/537.36',
  'host' => 'localhost:7037',
  'cookie' => 'PHPSESSID=a66391bceadc198a0be8c44528cf0646',
  'accept-language' => 'zh-CN,zh;q=0.9',
  'accept-encoding' => 'gzip, deflate, br',
  'accept' => '*/*',
  'connection' => 'keep-alive',
  'cache-control' => 'no-cache',
)
[ info ] [ PARAM ] array (
  'member_id' => '2',
)
[ info ] [ RUN ] app\home\controller\Sale->selfGoodsList[ D:\workLP\20180502\judeng\wwwroot\application\home\controller\Sale.php ]
[ info ] [ DB ] INIT mysql
[ info ] [ LOG ] INIT File
[ sql ] [ DB ] CONNECT:[ UseTime:0.090216s ] mysql:host=39.105.19.169;port=3306;dbname=judeng;charset=utf8
[ sql ] [ SQL ] SHOW COLUMNS FROM `jd_order` [ RunTime:0.058625s ]
[ sql ] [ SQL ] SELECT `o`.`order_date`,`o`.`order_id`,`o`.`pay_amount`,`op`.`commission`,`op`.`base_commission`,`op`.`product_name`,`d`.`true_name`,`d`.`portrait` FROM `jd_order` `o` INNER JOIN `jd_order_product` `op` ON `op`.`order_id`=`o`.`order_id` INNER JOIN `jd_doctor` `d` ON `o`.`doctor_id`=`d`.`member_id` WHERE  (  o.`doctor_id` = 2 AND o.pay_status = 2 AND o.order_type = 4 ) ORDER BY o.order_date DESC [ RunTime:0.059568s ]
[ error ] [8]未定义数组索引: only_token[D:\workLP\20180502\judeng\wwwroot\application\common.php:82]
