---------------------------------------------------------------
[ 2018-07-01T00:12:19+08:00 ] 0.0.0.0 POST /umeng/sendDoctor
[ info ] localhost:8020/umeng/sendDoctor [运行时间：0.542298s][吞吐率：1.84req/s] [内存消耗：3,519.41kb] [文件加载：56]
[ info ] [ LANG ] D:\works\201805\judeng\thinkphp\lang\zh-cn.php
[ info ] [ BIND ] 'home'
[ info ] [ ROUTE ] array (
  'type' => 'module',
  'module' => 
  array (
    0 => 'home',
    1 => 'umeng',
    2 => 'sendDoctor',
  ),
)
[ info ] [ HEADER ] array (
  'content-type' => 'multipart/form-data; boundary=--------------------------684123932088222492332099',
  'content-length' => '713',
  'x-original-url' => '/umeng/sendDoctor',
  'postman-token' => '5ce6cdc8-e246-43a9-8fd9-d509ec10d942',
  'user-agent' => 'PostmanRuntime/3.0.11-hotfix.2',
  'host' => 'localhost:8020',
  'accept-encoding' => 'gzip, deflate',
  'accept' => '*/*',
  'connection' => 'keep-alive',
  'cache-control' => 'no-cache',
)
[ info ] [ PARAM ] array (
  'doctor_id' => '70',
  'member_id' => '89',
  'comment' => 'aa',
  'type' => '3',
  'inherit_id' => '44',
  'self_goods_id' => '36',
)
[ info ] [ RUN ] app\home\controller\Umeng->sendDoctor[ D:\works\201805\judeng\application\home\controller\Umeng.php ]
[ info ] [ DB ] INIT mysql
[ info ] [ LOG ] INIT File
[ sql ] [ DB ] CONNECT:[ UseTime:0.096103s ] mysql:host=39.105.19.169;port=3306;dbname=judeng;charset=utf8
[ sql ] [ SQL ] SHOW COLUMNS FROM `jd_doctor` [ RunTime:0.065382s ]
[ sql ] [ SQL ] SELECT * FROM `jd_doctor` WHERE  (  member_id=70 ) LIMIT 1 [ RunTime:0.071089s ]
[ sql ] [ SQL ] SHOW COLUMNS FROM `jd_member` [ RunTime:0.070585s ]
[ sql ] [ SQL ] SELECT * FROM `jd_member` WHERE  (  member_id=89 ) LIMIT 1 [ RunTime:0.067337s ]
[ error ] [8]未定义数组索引: only_token[D:\works\201805\judeng\application\common.php:108]
